[0.123s] Invoking command in '/home/student/ros2_ws/build/tuos_interfaces': CMAKE_PREFIX_PATH=${CMAKE_PREFIX_PATH}:/opt/ros/humble /usr/bin/cmake --build /home/student/ros2_ws/build/tuos_interfaces -- -j16 -l16
[0.420s] [  2%] Built target tuos_interfaces__cpp
[0.533s] [  2%] Built target ament_cmake_python_copy_tuos_interfaces
[0.649s] [ 12%] Built target tuos_interfaces__rosidl_typesupport_introspection_cpp
[1.528s] running egg_info
[1.530s] writing tuos_interfaces.egg-info/PKG-INFO
[1.531s] writing dependency_links to tuos_interfaces.egg-info/dependency_links.txt
[1.531s] writing top-level names to tuos_interfaces.egg-info/top_level.txt
[1.560s] reading manifest file 'tuos_interfaces.egg-info/SOURCES.txt'
[1.560s] writing manifest file 'tuos_interfaces.egg-info/SOURCES.txt'
[1.684s] [ 12%] Built target ament_cmake_python_build_tuos_interfaces_egg
[1.778s] [ 23%] Built target tuos_interfaces__rosidl_typesupport_fastrtps_cpp
[1.843s] [ 34%] Built target tuos_interfaces__rosidl_typesupport_cpp
[1.933s] [ 44%] Built target tuos_interfaces__rosidl_generator_c
[2.058s] [ 55%] Built target tuos_interfaces__rosidl_typesupport_fastrtps_c
[2.184s] [ 65%] Built target tuos_interfaces__rosidl_typesupport_c
[2.275s] [ 76%] Built target tuos_interfaces__rosidl_typesupport_introspection_c
[2.364s] [ 76%] Built target tuos_interfaces
[2.423s] [ 78%] Built target tuos_interfaces__py
[2.530s] [ 87%] Built target tuos_interfaces__rosidl_generator_py
[2.622s] [ 91%] Built target tuos_interfaces__rosidl_typesupport_fastrtps_c__pyext
[2.717s] [ 95%] Built target tuos_interfaces__rosidl_typesupport_c__pyext
[2.782s] [100%] Built target tuos_interfaces__rosidl_typesupport_introspection_c__pyext
[2.828s] Invoked command in '/home/student/ros2_ws/build/tuos_interfaces' returned '0': CMAKE_PREFIX_PATH=${CMAKE_PREFIX_PATH}:/opt/ros/humble /usr/bin/cmake --build /home/student/ros2_ws/build/tuos_interfaces -- -j16 -l16
[2.829s] Invoking command in '/home/student/ros2_ws/build/tuos_interfaces': CMAKE_PREFIX_PATH=${CMAKE_PREFIX_PATH}:/opt/ros/humble /usr/bin/cmake --install /home/student/ros2_ws/build/tuos_interfaces
[2.856s] -- Install configuration: ""
[2.856s] -- Up-to-date: /home/student/ros2_ws/install/tuos_interfaces/share/ament_index/resource_index/rosidl_interfaces/tuos_interfaces
[2.856s] -- Up-to-date: /home/student/ros2_ws/install/tuos_interfaces/include/tuos_interfaces/tuos_interfaces
[2.857s] -- Up-to-date: /home/student/ros2_ws/install/tuos_interfaces/include/tuos_interfaces/tuos_interfaces/srv
[2.857s] -- Up-to-date: /home/student/ros2_ws/install/tuos_interfaces/include/tuos_interfaces/tuos_interfaces/srv/detail
[2.858s] -- Up-to-date: /home/student/ros2_ws/install/tuos_interfaces/include/tuos_interfaces/tuos_interfaces/srv/detail/number_game__functions.c
[2.858s] -- Up-to-date: /home/student/ros2_ws/install/tuos_interfaces/include/tuos_interfaces/tuos_interfaces/srv/detail/number_game__type_support.h
[2.858s] -- Up-to-date: /home/student/ros2_ws/install/tuos_interfaces/include/tuos_interfaces/tuos_interfaces/srv/detail/number_game__struct.h
[2.859s] -- Up-to-date: /home/student/ros2_ws/install/tuos_interfaces/include/tuos_interfaces/tuos_interfaces/srv/detail/number_game__functions.h
[2.860s] -- Up-to-date: /home/student/ros2_ws/install/tuos_interfaces/include/tuos_interfaces/tuos_interfaces/srv/number_game.h
[2.860s] -- Up-to-date: /home/student/ros2_ws/install/tuos_interfaces/include/tuos_interfaces/tuos_interfaces/action
[2.860s] -- Up-to-date: /home/student/ros2_ws/install/tuos_interfaces/include/tuos_interfaces/tuos_interfaces/action/detail
[2.860s] -- Up-to-date: /home/student/ros2_ws/install/tuos_interfaces/include/tuos_interfaces/tuos_interfaces/action/detail/camera_sweep__type_support.h
[2.860s] -- Up-to-date: /home/student/ros2_ws/install/tuos_interfaces/include/tuos_interfaces/tuos_interfaces/action/detail/camera_sweep__functions.h
[2.860s] -- Up-to-date: /home/student/ros2_ws/install/tuos_interfaces/include/tuos_interfaces/tuos_interfaces/action/detail/camera_sweep__struct.h
[2.861s] -- Up-to-date: /home/student/ros2_ws/install/tuos_interfaces/include/tuos_interfaces/tuos_interfaces/action/detail/camera_sweep__functions.c
[2.861s] -- Up-to-date: /home/student/ros2_ws/install/tuos_interfaces/include/tuos_interfaces/tuos_interfaces/action/camera_sweep.h
[2.861s] -- Up-to-date: /home/student/ros2_ws/install/tuos_interfaces/include/tuos_interfaces/tuos_interfaces/msg
[2.861s] -- Up-to-date: /home/student/ros2_ws/install/tuos_interfaces/include/tuos_interfaces/tuos_interfaces/msg/detail
[2.861s] -- Up-to-date: /home/student/ros2_ws/install/tuos_interfaces/include/tuos_interfaces/tuos_interfaces/msg/detail/num__type_support.h
[2.862s] -- Up-to-date: /home/student/ros2_ws/install/tuos_interfaces/include/tuos_interfaces/tuos_interfaces/msg/detail/num__functions.h
[2.862s] -- Up-to-date: /home/student/ros2_ws/install/tuos_interfaces/include/tuos_interfaces/tuos_interfaces/msg/detail/num__struct.h
[2.862s] -- Up-to-date: /home/student/ros2_ws/install/tuos_interfaces/include/tuos_interfaces/tuos_interfaces/msg/detail/num__functions.c
[2.862s] -- Up-to-date: /home/student/ros2_ws/install/tuos_interfaces/include/tuos_interfaces/tuos_interfaces/msg/num.h
[2.862s] -- Up-to-date: /home/student/ros2_ws/install/tuos_interfaces/include/tuos_interfaces/tuos_interfaces/msg/rosidl_generator_c__visibility_control.h
[2.862s] -- Up-to-date: /home/student/ros2_ws/install/tuos_interfaces/share/tuos_interfaces/environment/library_path.sh
[2.863s] -- Up-to-date: /home/student/ros2_ws/install/tuos_interfaces/share/tuos_interfaces/environment/library_path.dsv
[2.863s] -- Up-to-date: /home/student/ros2_ws/install/tuos_interfaces/lib/libtuos_interfaces__rosidl_generator_c.so
[2.863s] -- Up-to-date: /home/student/ros2_ws/install/tuos_interfaces/include/tuos_interfaces/tuos_interfaces
[2.863s] -- Up-to-date: /home/student/ros2_ws/install/tuos_interfaces/include/tuos_interfaces/tuos_interfaces/srv
[2.864s] -- Up-to-date: /home/student/ros2_ws/install/tuos_interfaces/include/tuos_interfaces/tuos_interfaces/srv/detail
[2.865s] -- Up-to-date: /home/student/ros2_ws/install/tuos_interfaces/include/tuos_interfaces/tuos_interfaces/srv/detail/number_game__rosidl_typesupport_fastrtps_c.h
[2.865s] -- Up-to-date: /home/student/ros2_ws/install/tuos_interfaces/include/tuos_interfaces/tuos_interfaces/action
[2.866s] -- Up-to-date: /home/student/ros2_ws/install/tuos_interfaces/include/tuos_interfaces/tuos_interfaces/action/detail
[2.867s] -- Up-to-date: /home/student/ros2_ws/install/tuos_interfaces/include/tuos_interfaces/tuos_interfaces/action/detail/camera_sweep__rosidl_typesupport_fastrtps_c.h
[2.867s] -- Up-to-date: /home/student/ros2_ws/install/tuos_interfaces/include/tuos_interfaces/tuos_interfaces/msg
[2.867s] -- Up-to-date: /home/student/ros2_ws/install/tuos_interfaces/include/tuos_interfaces/tuos_interfaces/msg/rosidl_typesupport_fastrtps_c__visibility_control.h
[2.867s] -- Up-to-date: /home/student/ros2_ws/install/tuos_interfaces/include/tuos_interfaces/tuos_interfaces/msg/detail
[2.868s] -- Up-to-date: /home/student/ros2_ws/install/tuos_interfaces/include/tuos_interfaces/tuos_interfaces/msg/detail/num__rosidl_typesupport_fastrtps_c.h
[2.868s] -- Up-to-date: /home/student/ros2_ws/install/tuos_interfaces/lib/libtuos_interfaces__rosidl_typesupport_fastrtps_c.so
[2.869s] -- Up-to-date: /home/student/ros2_ws/install/tuos_interfaces/include/tuos_interfaces/tuos_interfaces
[2.872s] -- Up-to-date: /home/student/ros2_ws/install/tuos_interfaces/include/tuos_interfaces/tuos_interfaces/srv
[2.873s] -- Up-to-date: /home/student/ros2_ws/install/tuos_interfaces/include/tuos_interfaces/tuos_interfaces/srv/detail
[2.873s] -- Up-to-date: /home/student/ros2_ws/install/tuos_interfaces/include/tuos_interfaces/tuos_interfaces/srv/detail/number_game__traits.hpp
[2.873s] -- Up-to-date: /home/student/ros2_ws/install/tuos_interfaces/include/tuos_interfaces/tuos_interfaces/srv/detail/number_game__builder.hpp
[2.877s] -- Up-to-date: /home/student/ros2_ws/install/tuos_interfaces/include/tuos_interfaces/tuos_interfaces/srv/detail/number_game__struct.hpp
[2.877s] -- Up-to-date: /home/student/ros2_ws/install/tuos_interfaces/include/tuos_interfaces/tuos_interfaces/srv/detail/number_game__type_support.hpp
[2.878s] -- Up-to-date: /home/student/ros2_ws/install/tuos_interfaces/include/tuos_interfaces/tuos_interfaces/srv/number_game.hpp
[2.878s] -- Up-to-date: /home/student/ros2_ws/install/tuos_interfaces/include/tuos_interfaces/tuos_interfaces/action
[2.879s] -- Up-to-date: /home/student/ros2_ws/install/tuos_interfaces/include/tuos_interfaces/tuos_interfaces/action/detail
[2.879s] -- Up-to-date: /home/student/ros2_ws/install/tuos_interfaces/include/tuos_interfaces/tuos_interfaces/action/detail/camera_sweep__builder.hpp
[2.880s] -- Up-to-date: /home/student/ros2_ws/install/tuos_interfaces/include/tuos_interfaces/tuos_interfaces/action/detail/camera_sweep__traits.hpp
[2.880s] -- Up-to-date: /home/student/ros2_ws/install/tuos_interfaces/include/tuos_interfaces/tuos_interfaces/action/detail/camera_sweep__type_support.hpp
[2.880s] -- Up-to-date: /home/student/ros2_ws/install/tuos_interfaces/include/tuos_interfaces/tuos_interfaces/action/detail/camera_sweep__struct.hpp
[2.881s] -- Up-to-date: /home/student/ros2_ws/install/tuos_interfaces/include/tuos_interfaces/tuos_interfaces/action/camera_sweep.hpp
[2.883s] -- Up-to-date: /home/student/ros2_ws/install/tuos_interfaces/include/tuos_interfaces/tuos_interfaces/msg
[2.884s] -- Up-to-date: /home/student/ros2_ws/install/tuos_interfaces/include/tuos_interfaces/tuos_interfaces/msg/detail
[2.884s] -- Up-to-date: /home/student/ros2_ws/install/tuos_interfaces/include/tuos_interfaces/tuos_interfaces/msg/detail/num__struct.hpp
[2.885s] -- Up-to-date: /home/student/ros2_ws/install/tuos_interfaces/include/tuos_interfaces/tuos_interfaces/msg/detail/num__type_support.hpp
[2.886s] -- Up-to-date: /home/student/ros2_ws/install/tuos_interfaces/include/tuos_interfaces/tuos_interfaces/msg/detail/num__builder.hpp
[2.886s] -- Up-to-date: /home/student/ros2_ws/install/tuos_interfaces/include/tuos_interfaces/tuos_interfaces/msg/detail/num__traits.hpp
[2.886s] -- Up-to-date: /home/student/ros2_ws/install/tuos_interfaces/include/tuos_interfaces/tuos_interfaces/msg/rosidl_generator_cpp__visibility_control.hpp
[2.886s] -- Up-to-date: /home/student/ros2_ws/install/tuos_interfaces/include/tuos_interfaces/tuos_interfaces/msg/num.hpp
[2.887s] -- Up-to-date: /home/student/ros2_ws/install/tuos_interfaces/include/tuos_interfaces/tuos_interfaces
[2.887s] -- Up-to-date: /home/student/ros2_ws/install/tuos_interfaces/include/tuos_interfaces/tuos_interfaces/srv
[2.888s] -- Up-to-date: /home/student/ros2_ws/install/tuos_interfaces/include/tuos_interfaces/tuos_interfaces/srv/detail
[2.888s] -- Up-to-date: /home/student/ros2_ws/install/tuos_interfaces/include/tuos_interfaces/tuos_interfaces/srv/detail/dds_fastrtps
[2.888s] -- Up-to-date: /home/student/ros2_ws/install/tuos_interfaces/include/tuos_interfaces/tuos_interfaces/srv/detail/number_game__rosidl_typesupport_fastrtps_cpp.hpp
[2.888s] -- Up-to-date: /home/student/ros2_ws/install/tuos_interfaces/include/tuos_interfaces/tuos_interfaces/action
[2.888s] -- Up-to-date: /home/student/ros2_ws/install/tuos_interfaces/include/tuos_interfaces/tuos_interfaces/action/detail
[2.889s] -- Up-to-date: /home/student/ros2_ws/install/tuos_interfaces/include/tuos_interfaces/tuos_interfaces/action/detail/dds_fastrtps
[2.896s] -- Up-to-date: /home/student/ros2_ws/install/tuos_interfaces/include/tuos_interfaces/tuos_interfaces/action/detail/camera_sweep__rosidl_typesupport_fastrtps_cpp.hpp
[2.897s] -- Up-to-date: /home/student/ros2_ws/install/tuos_interfaces/include/tuos_interfaces/tuos_interfaces/msg
[2.897s] -- Up-to-date: /home/student/ros2_ws/install/tuos_interfaces/include/tuos_interfaces/tuos_interfaces/msg/detail
[2.904s] -- Up-to-date: /home/student/ros2_ws/install/tuos_interfaces/include/tuos_interfaces/tuos_interfaces/msg/detail/dds_fastrtps
[2.904s] -- Up-to-date: /home/student/ros2_ws/install/tuos_interfaces/include/tuos_interfaces/tuos_interfaces/msg/detail/num__rosidl_typesupport_fastrtps_cpp.hpp
[2.904s] -- Up-to-date: /home/student/ros2_ws/install/tuos_interfaces/include/tuos_interfaces/tuos_interfaces/msg/rosidl_typesupport_fastrtps_cpp__visibility_control.h
[2.904s] -- Up-to-date: /home/student/ros2_ws/install/tuos_interfaces/lib/libtuos_interfaces__rosidl_typesupport_fastrtps_cpp.so
[2.905s] -- Up-to-date: /home/student/ros2_ws/install/tuos_interfaces/include/tuos_interfaces/tuos_interfaces
[2.905s] -- Up-to-date: /home/student/ros2_ws/install/tuos_interfaces/include/tuos_interfaces/tuos_interfaces/srv
[2.905s] -- Up-to-date: /home/student/ros2_ws/install/tuos_interfaces/include/tuos_interfaces/tuos_interfaces/srv/detail
[2.905s] -- Up-to-date: /home/student/ros2_ws/install/tuos_interfaces/include/tuos_interfaces/tuos_interfaces/srv/detail/number_game__type_support.c
[2.905s] -- Up-to-date: /home/student/ros2_ws/install/tuos_interfaces/include/tuos_interfaces/tuos_interfaces/srv/detail/number_game__rosidl_typesupport_introspection_c.h
[2.905s] -- Up-to-date: /home/student/ros2_ws/install/tuos_interfaces/include/tuos_interfaces/tuos_interfaces/action
[2.906s] -- Up-to-date: /home/student/ros2_ws/install/tuos_interfaces/include/tuos_interfaces/tuos_interfaces/action/detail
[2.906s] -- Up-to-date: /home/student/ros2_ws/install/tuos_interfaces/include/tuos_interfaces/tuos_interfaces/action/detail/camera_sweep__type_support.c
[2.906s] -- Up-to-date: /home/student/ros2_ws/install/tuos_interfaces/include/tuos_interfaces/tuos_interfaces/action/detail/camera_sweep__rosidl_typesupport_introspection_c.h
[2.906s] -- Up-to-date: /home/student/ros2_ws/install/tuos_interfaces/include/tuos_interfaces/tuos_interfaces/msg
[2.906s] -- Up-to-date: /home/student/ros2_ws/install/tuos_interfaces/include/tuos_interfaces/tuos_interfaces/msg/detail
[2.906s] -- Up-to-date: /home/student/ros2_ws/install/tuos_interfaces/include/tuos_interfaces/tuos_interfaces/msg/detail/num__type_support.c
[2.907s] -- Up-to-date: /home/student/ros2_ws/install/tuos_interfaces/include/tuos_interfaces/tuos_interfaces/msg/detail/num__rosidl_typesupport_introspection_c.h
[2.907s] -- Up-to-date: /home/student/ros2_ws/install/tuos_interfaces/include/tuos_interfaces/tuos_interfaces/msg/rosidl_typesupport_introspection_c__visibility_control.h
[2.907s] -- Up-to-date: /home/student/ros2_ws/install/tuos_interfaces/lib/libtuos_interfaces__rosidl_typesupport_introspection_c.so
[2.907s] -- Up-to-date: /home/student/ros2_ws/install/tuos_interfaces/lib/libtuos_interfaces__rosidl_typesupport_c.so
[2.908s] -- Up-to-date: /home/student/ros2_ws/install/tuos_interfaces/include/tuos_interfaces/tuos_interfaces
[2.908s] -- Up-to-date: /home/student/ros2_ws/install/tuos_interfaces/include/tuos_interfaces/tuos_interfaces/srv
[2.908s] -- Up-to-date: /home/student/ros2_ws/install/tuos_interfaces/include/tuos_interfaces/tuos_interfaces/srv/detail
[2.908s] -- Up-to-date: /home/student/ros2_ws/install/tuos_interfaces/include/tuos_interfaces/tuos_interfaces/srv/detail/number_game__type_support.cpp
[2.908s] -- Up-to-date: /home/student/ros2_ws/install/tuos_interfaces/include/tuos_interfaces/tuos_interfaces/srv/detail/number_game__rosidl_typesupport_introspection_cpp.hpp
[2.908s] -- Up-to-date: /home/student/ros2_ws/install/tuos_interfaces/include/tuos_interfaces/tuos_interfaces/action
[2.909s] -- Up-to-date: /home/student/ros2_ws/install/tuos_interfaces/include/tuos_interfaces/tuos_interfaces/action/detail
[2.909s] -- Up-to-date: /home/student/ros2_ws/install/tuos_interfaces/include/tuos_interfaces/tuos_interfaces/action/detail/camera_sweep__rosidl_typesupport_introspection_cpp.hpp
[2.909s] -- Up-to-date: /home/student/ros2_ws/install/tuos_interfaces/include/tuos_interfaces/tuos_interfaces/action/detail/camera_sweep__type_support.cpp
[2.910s] -- Up-to-date: /home/student/ros2_ws/install/tuos_interfaces/include/tuos_interfaces/tuos_interfaces/msg
[2.910s] -- Up-to-date: /home/student/ros2_ws/install/tuos_interfaces/include/tuos_interfaces/tuos_interfaces/msg/detail
[2.914s] -- Up-to-date: /home/student/ros2_ws/install/tuos_interfaces/include/tuos_interfaces/tuos_interfaces/msg/detail/num__type_support.cpp
[2.915s] -- Up-to-date: /home/student/ros2_ws/install/tuos_interfaces/include/tuos_interfaces/tuos_interfaces/msg/detail/num__rosidl_typesupport_introspection_cpp.hpp
[2.915s] -- Up-to-date: /home/student/ros2_ws/install/tuos_interfaces/lib/libtuos_interfaces__rosidl_typesupport_introspection_cpp.so
[2.917s] -- Up-to-date: /home/student/ros2_ws/install/tuos_interfaces/lib/libtuos_interfaces__rosidl_typesupport_cpp.so
[2.918s] -- Up-to-date: /home/student/ros2_ws/install/tuos_interfaces/share/tuos_interfaces/environment/pythonpath.sh
[2.918s] -- Up-to-date: /home/student/ros2_ws/install/tuos_interfaces/share/tuos_interfaces/environment/pythonpath.dsv
[2.919s] -- Up-to-date: /home/student/ros2_ws/install/tuos_interfaces/local/lib/python3.10/dist-packages/tuos_interfaces-0.0.0-py3.10.egg-info
[2.920s] -- Installing: /home/student/ros2_ws/install/tuos_interfaces/local/lib/python3.10/dist-packages/tuos_interfaces-0.0.0-py3.10.egg-info/SOURCES.txt
[2.920s] -- Installing: /home/student/ros2_ws/install/tuos_interfaces/local/lib/python3.10/dist-packages/tuos_interfaces-0.0.0-py3.10.egg-info/PKG-INFO
[2.921s] -- Installing: /home/student/ros2_ws/install/tuos_interfaces/local/lib/python3.10/dist-packages/tuos_interfaces-0.0.0-py3.10.egg-info/dependency_links.txt
[2.921s] -- Installing: /home/student/ros2_ws/install/tuos_interfaces/local/lib/python3.10/dist-packages/tuos_interfaces-0.0.0-py3.10.egg-info/top_level.txt
[2.921s] -- Up-to-date: /home/student/ros2_ws/install/tuos_interfaces/local/lib/python3.10/dist-packages/tuos_interfaces
[2.921s] -- Up-to-date: /home/student/ros2_ws/install/tuos_interfaces/local/lib/python3.10/dist-packages/tuos_interfaces/_tuos_interfaces_s.ep.rosidl_typesupport_fastrtps_c.c
[2.922s] -- Up-to-date: /home/student/ros2_ws/install/tuos_interfaces/local/lib/python3.10/dist-packages/tuos_interfaces/_tuos_interfaces_s.ep.rosidl_typesupport_c.c
[2.922s] -- Up-to-date: /home/student/ros2_ws/install/tuos_interfaces/local/lib/python3.10/dist-packages/tuos_interfaces/tuos_interfaces_s__rosidl_typesupport_introspection_c.cpython-310-x86_64-linux-gnu.so
[2.922s] -- Up-to-date: /home/student/ros2_ws/install/tuos_interfaces/local/lib/python3.10/dist-packages/tuos_interfaces/tuos_interfaces_s__rosidl_typesupport_c.cpython-310-x86_64-linux-gnu.so
[2.922s] -- Up-to-date: /home/student/ros2_ws/install/tuos_interfaces/local/lib/python3.10/dist-packages/tuos_interfaces/srv
[2.922s] -- Up-to-date: /home/student/ros2_ws/install/tuos_interfaces/local/lib/python3.10/dist-packages/tuos_interfaces/srv/_number_game_s.c
[2.922s] -- Up-to-date: /home/student/ros2_ws/install/tuos_interfaces/local/lib/python3.10/dist-packages/tuos_interfaces/srv/_number_game.py
[2.922s] -- Up-to-date: /home/student/ros2_ws/install/tuos_interfaces/local/lib/python3.10/dist-packages/tuos_interfaces/srv/__init__.py
[2.922s] -- Up-to-date: /home/student/ros2_ws/install/tuos_interfaces/local/lib/python3.10/dist-packages/tuos_interfaces/action
[2.922s] -- Up-to-date: /home/student/ros2_ws/install/tuos_interfaces/local/lib/python3.10/dist-packages/tuos_interfaces/action/_camera_sweep.py
[2.922s] -- Up-to-date: /home/student/ros2_ws/install/tuos_interfaces/local/lib/python3.10/dist-packages/tuos_interfaces/action/_camera_sweep_s.c
[2.923s] -- Up-to-date: /home/student/ros2_ws/install/tuos_interfaces/local/lib/python3.10/dist-packages/tuos_interfaces/action/__init__.py
[2.923s] -- Up-to-date: /home/student/ros2_ws/install/tuos_interfaces/local/lib/python3.10/dist-packages/tuos_interfaces/libtuos_interfaces__rosidl_generator_py.so
[2.923s] -- Up-to-date: /home/student/ros2_ws/install/tuos_interfaces/local/lib/python3.10/dist-packages/tuos_interfaces/_tuos_interfaces_s.ep.rosidl_typesupport_introspection_c.c
[2.923s] -- Up-to-date: /home/student/ros2_ws/install/tuos_interfaces/local/lib/python3.10/dist-packages/tuos_interfaces/msg
[2.923s] -- Up-to-date: /home/student/ros2_ws/install/tuos_interfaces/local/lib/python3.10/dist-packages/tuos_interfaces/msg/_num_s.c
[2.923s] -- Up-to-date: /home/student/ros2_ws/install/tuos_interfaces/local/lib/python3.10/dist-packages/tuos_interfaces/msg/__init__.py
[2.923s] -- Up-to-date: /home/student/ros2_ws/install/tuos_interfaces/local/lib/python3.10/dist-packages/tuos_interfaces/msg/_num.py
[2.923s] -- Up-to-date: /home/student/ros2_ws/install/tuos_interfaces/local/lib/python3.10/dist-packages/tuos_interfaces/__init__.py
[2.924s] -- Up-to-date: /home/student/ros2_ws/install/tuos_interfaces/local/lib/python3.10/dist-packages/tuos_interfaces/tuos_interfaces_s__rosidl_typesupport_fastrtps_c.cpython-310-x86_64-linux-gnu.so
[2.998s] Listing '/home/student/ros2_ws/install/tuos_interfaces/local/lib/python3.10/dist-packages/tuos_interfaces'...
[2.998s] Listing '/home/student/ros2_ws/install/tuos_interfaces/local/lib/python3.10/dist-packages/tuos_interfaces/action'...
[2.998s] Listing '/home/student/ros2_ws/install/tuos_interfaces/local/lib/python3.10/dist-packages/tuos_interfaces/msg'...
[2.998s] Listing '/home/student/ros2_ws/install/tuos_interfaces/local/lib/python3.10/dist-packages/tuos_interfaces/srv'...
[3.016s] -- Up-to-date: /home/student/ros2_ws/install/tuos_interfaces/local/lib/python3.10/dist-packages/tuos_interfaces/tuos_interfaces_s__rosidl_typesupport_fastrtps_c.cpython-310-x86_64-linux-gnu.so
[3.017s] -- Up-to-date: /home/student/ros2_ws/install/tuos_interfaces/local/lib/python3.10/dist-packages/tuos_interfaces/tuos_interfaces_s__rosidl_typesupport_introspection_c.cpython-310-x86_64-linux-gnu.so
[3.018s] -- Up-to-date: /home/student/ros2_ws/install/tuos_interfaces/local/lib/python3.10/dist-packages/tuos_interfaces/tuos_interfaces_s__rosidl_typesupport_c.cpython-310-x86_64-linux-gnu.so
[3.018s] -- Up-to-date: /home/student/ros2_ws/install/tuos_interfaces/lib/libtuos_interfaces__rosidl_generator_py.so
[3.019s] -- Up-to-date: /home/student/ros2_ws/install/tuos_interfaces/share/tuos_interfaces/msg/Num.idl
[3.019s] -- Up-to-date: /home/student/ros2_ws/install/tuos_interfaces/share/tuos_interfaces/action/CameraSweep.idl
[3.022s] -- Up-to-date: /home/student/ros2_ws/install/tuos_interfaces/share/tuos_interfaces/srv/NumberGame.idl
[3.022s] -- Up-to-date: /home/student/ros2_ws/install/tuos_interfaces/share/tuos_interfaces/msg/Num.msg
[3.023s] -- Up-to-date: /home/student/ros2_ws/install/tuos_interfaces/share/tuos_interfaces/action/CameraSweep.action
[3.031s] -- Up-to-date: /home/student/ros2_ws/install/tuos_interfaces/share/tuos_interfaces/srv/NumberGame.srv
[3.032s] -- Up-to-date: /home/student/ros2_ws/install/tuos_interfaces/share/tuos_interfaces/srv/NumberGame_Request.msg
[3.032s] -- Up-to-date: /home/student/ros2_ws/install/tuos_interfaces/share/tuos_interfaces/srv/NumberGame_Response.msg
[3.035s] -- Up-to-date: /home/student/ros2_ws/install/tuos_interfaces/share/ament_index/resource_index/package_run_dependencies/tuos_interfaces
[3.035s] -- Up-to-date: /home/student/ros2_ws/install/tuos_interfaces/share/ament_index/resource_index/parent_prefix_path/tuos_interfaces
[3.035s] -- Up-to-date: /home/student/ros2_ws/install/tuos_interfaces/share/tuos_interfaces/environment/ament_prefix_path.sh
[3.035s] -- Up-to-date: /home/student/ros2_ws/install/tuos_interfaces/share/tuos_interfaces/environment/ament_prefix_path.dsv
[3.035s] -- Up-to-date: /home/student/ros2_ws/install/tuos_interfaces/share/tuos_interfaces/environment/path.sh
[3.036s] -- Up-to-date: /home/student/ros2_ws/install/tuos_interfaces/share/tuos_interfaces/environment/path.dsv
[3.036s] -- Up-to-date: /home/student/ros2_ws/install/tuos_interfaces/share/tuos_interfaces/local_setup.bash
[3.036s] -- Up-to-date: /home/student/ros2_ws/install/tuos_interfaces/share/tuos_interfaces/local_setup.sh
[3.037s] -- Up-to-date: /home/student/ros2_ws/install/tuos_interfaces/share/tuos_interfaces/local_setup.zsh
[3.037s] -- Up-to-date: /home/student/ros2_ws/install/tuos_interfaces/share/tuos_interfaces/local_setup.dsv
[3.037s] -- Installing: /home/student/ros2_ws/install/tuos_interfaces/share/tuos_interfaces/package.dsv
[3.037s] -- Up-to-date: /home/student/ros2_ws/install/tuos_interfaces/share/ament_index/resource_index/packages/tuos_interfaces
[3.038s] -- Up-to-date: /home/student/ros2_ws/install/tuos_interfaces/share/tuos_interfaces/cmake/export_tuos_interfaces__rosidl_generator_cExport.cmake
[3.038s] -- Up-to-date: /home/student/ros2_ws/install/tuos_interfaces/share/tuos_interfaces/cmake/export_tuos_interfaces__rosidl_generator_cExport-noconfig.cmake
[3.038s] -- Up-to-date: /home/student/ros2_ws/install/tuos_interfaces/share/tuos_interfaces/cmake/export_tuos_interfaces__rosidl_typesupport_fastrtps_cExport.cmake
[3.038s] -- Up-to-date: /home/student/ros2_ws/install/tuos_interfaces/share/tuos_interfaces/cmake/export_tuos_interfaces__rosidl_typesupport_fastrtps_cExport-noconfig.cmake
[3.039s] -- Up-to-date: /home/student/ros2_ws/install/tuos_interfaces/share/tuos_interfaces/cmake/export_tuos_interfaces__rosidl_generator_cppExport.cmake
[3.039s] -- Up-to-date: /home/student/ros2_ws/install/tuos_interfaces/share/tuos_interfaces/cmake/export_tuos_interfaces__rosidl_typesupport_fastrtps_cppExport.cmake
[3.043s] -- Up-to-date: /home/student/ros2_ws/install/tuos_interfaces/share/tuos_interfaces/cmake/export_tuos_interfaces__rosidl_typesupport_fastrtps_cppExport-noconfig.cmake
[3.068s] -- Up-to-date: /home/student/ros2_ws/install/tuos_interfaces/share/tuos_interfaces/cmake/tuos_interfaces__rosidl_typesupport_introspection_cExport.cmake
[3.069s] -- Up-to-date: /home/student/ros2_ws/install/tuos_interfaces/share/tuos_interfaces/cmake/tuos_interfaces__rosidl_typesupport_introspection_cExport-noconfig.cmake
[3.069s] -- Up-to-date: /home/student/ros2_ws/install/tuos_interfaces/share/tuos_interfaces/cmake/tuos_interfaces__rosidl_typesupport_cExport.cmake
[3.069s] -- Up-to-date: /home/student/ros2_ws/install/tuos_interfaces/share/tuos_interfaces/cmake/tuos_interfaces__rosidl_typesupport_cExport-noconfig.cmake
[3.069s] -- Up-to-date: /home/student/ros2_ws/install/tuos_interfaces/share/tuos_interfaces/cmake/tuos_interfaces__rosidl_typesupport_introspection_cppExport.cmake
[3.070s] -- Up-to-date: /home/student/ros2_ws/install/tuos_interfaces/share/tuos_interfaces/cmake/tuos_interfaces__rosidl_typesupport_introspection_cppExport-noconfig.cmake
[3.070s] -- Up-to-date: /home/student/ros2_ws/install/tuos_interfaces/share/tuos_interfaces/cmake/tuos_interfaces__rosidl_typesupport_cppExport.cmake
[3.071s] -- Up-to-date: /home/student/ros2_ws/install/tuos_interfaces/share/tuos_interfaces/cmake/tuos_interfaces__rosidl_typesupport_cppExport-noconfig.cmake
[3.071s] -- Up-to-date: /home/student/ros2_ws/install/tuos_interfaces/share/tuos_interfaces/cmake/export_tuos_interfaces__rosidl_generator_pyExport.cmake
[3.072s] -- Up-to-date: /home/student/ros2_ws/install/tuos_interfaces/share/tuos_interfaces/cmake/export_tuos_interfaces__rosidl_generator_pyExport-noconfig.cmake
[3.072s] -- Up-to-date: /home/student/ros2_ws/install/tuos_interfaces/share/tuos_interfaces/cmake/rosidl_cmake-extras.cmake
[3.072s] -- Up-to-date: /home/student/ros2_ws/install/tuos_interfaces/share/tuos_interfaces/cmake/ament_cmake_export_dependencies-extras.cmake
[3.072s] -- Up-to-date: /home/student/ros2_ws/install/tuos_interfaces/share/tuos_interfaces/cmake/ament_cmake_export_include_directories-extras.cmake
[3.072s] -- Up-to-date: /home/student/ros2_ws/install/tuos_interfaces/share/tuos_interfaces/cmake/ament_cmake_export_libraries-extras.cmake
[3.073s] -- Up-to-date: /home/student/ros2_ws/install/tuos_interfaces/share/tuos_interfaces/cmake/ament_cmake_export_targets-extras.cmake
[3.073s] -- Up-to-date: /home/student/ros2_ws/install/tuos_interfaces/share/tuos_interfaces/cmake/rosidl_cmake_export_typesupport_targets-extras.cmake
[3.073s] -- Up-to-date: /home/student/ros2_ws/install/tuos_interfaces/share/tuos_interfaces/cmake/rosidl_cmake_export_typesupport_libraries-extras.cmake
[3.073s] -- Up-to-date: /home/student/ros2_ws/install/tuos_interfaces/share/tuos_interfaces/cmake/tuos_interfacesConfig.cmake
[3.073s] -- Up-to-date: /home/student/ros2_ws/install/tuos_interfaces/share/tuos_interfaces/cmake/tuos_interfacesConfig-version.cmake
[3.073s] -- Up-to-date: /home/student/ros2_ws/install/tuos_interfaces/share/tuos_interfaces/package.xml
[3.074s] Invoked command in '/home/student/ros2_ws/build/tuos_interfaces' returned '0': CMAKE_PREFIX_PATH=${CMAKE_PREFIX_PATH}:/opt/ros/humble /usr/bin/cmake --install /home/student/ros2_ws/build/tuos_interfaces
