[0.649s] Invoking command in '/home/student/ros2_ws/build/com2009_simulations': CMAKE_PREFIX_PATH=/home/student/ros2_ws/install/tuos_simulations:/home/student/ros2_ws/install/tuos_ros:/home/student/ros2_ws/install/tuos_tb3_tools:/home/student/ros2_ws/install/com2009_simulations:/home/student/ros2_ws/install/tuos_interfaces:/home/student/ros2_ws/install/tuos_examples:/home/student/ros2_ws/install/part2_navigation:/home/student/ros2_ws/install/part1_pubsub:/opt/ros/humble /usr/bin/cmake --build /home/student/ros2_ws/build/com2009_simulations -- -j16 -l16
[0.922s] Invoked command in '/home/student/ros2_ws/build/com2009_simulations' returned '0': CMAKE_PREFIX_PATH=/home/student/ros2_ws/install/tuos_simulations:/home/student/ros2_ws/install/tuos_ros:/home/student/ros2_ws/install/tuos_tb3_tools:/home/student/ros2_ws/install/com2009_simulations:/home/student/ros2_ws/install/tuos_interfaces:/home/student/ros2_ws/install/tuos_examples:/home/student/ros2_ws/install/part2_navigation:/home/student/ros2_ws/install/part1_pubsub:/opt/ros/humble /usr/bin/cmake --build /home/student/ros2_ws/build/com2009_simulations -- -j16 -l16
[0.947s] Invoking command in '/home/student/ros2_ws/build/com2009_simulations': CMAKE_PREFIX_PATH=/home/student/ros2_ws/install/tuos_simulations:/home/student/ros2_ws/install/tuos_ros:/home/student/ros2_ws/install/tuos_tb3_tools:/home/student/ros2_ws/install/com2009_simulations:/home/student/ros2_ws/install/tuos_interfaces:/home/student/ros2_ws/install/tuos_examples:/home/student/ros2_ws/install/part2_navigation:/home/student/ros2_ws/install/part1_pubsub:/opt/ros/humble /usr/bin/cmake --install /home/student/ros2_ws/build/com2009_simulations
[0.994s] -- Install configuration: ""
[0.999s] -- Up-to-date: /home/student/ros2_ws/install/com2009_simulations/share/com2009_simulations/launch
[1.001s] -- Up-to-date: /home/student/ros2_ws/install/com2009_simulations/share/com2009_simulations/launch/task1.launch.py
[1.002s] -- Up-to-date: /home/student/ros2_ws/install/com2009_simulations/share/com2009_simulations/launch/task2.launch.py
[1.002s] -- Up-to-date: /home/student/ros2_ws/install/com2009_simulations/share/com2009_simulations/models
[1.003s] -- Up-to-date: /home/student/ros2_ws/install/com2009_simulations/share/com2009_simulations/models/task1
[1.003s] -- Up-to-date: /home/student/ros2_ws/install/com2009_simulations/share/com2009_simulations/models/task1/model.config
[1.003s] -- Up-to-date: /home/student/ros2_ws/install/com2009_simulations/share/com2009_simulations/models/task1/materials
[1.004s] -- Up-to-date: /home/student/ros2_ws/install/com2009_simulations/share/com2009_simulations/models/task1/materials/scripts
[1.005s] -- Up-to-date: /home/student/ros2_ws/install/com2009_simulations/share/com2009_simulations/models/task1/materials/scripts/floor.material
[1.006s] -- Up-to-date: /home/student/ros2_ws/install/com2009_simulations/share/com2009_simulations/models/task1/materials/textures
[1.010s] -- Up-to-date: /home/student/ros2_ws/install/com2009_simulations/share/com2009_simulations/models/task1/materials/textures/task1_floor.svg
[1.011s] -- Up-to-date: /home/student/ros2_ws/install/com2009_simulations/share/com2009_simulations/models/task1/materials/textures/task1_floor.png
[1.011s] -- Up-to-date: /home/student/ros2_ws/install/com2009_simulations/share/com2009_simulations/models/task1/model.sdf
[1.011s] -- Up-to-date: /home/student/ros2_ws/install/com2009_simulations/share/com2009_simulations/models/task2
[1.023s] -- Up-to-date: /home/student/ros2_ws/install/com2009_simulations/share/com2009_simulations/models/task2/model.config
[1.026s] -- Up-to-date: /home/student/ros2_ws/install/com2009_simulations/share/com2009_simulations/models/task2/materials
[1.029s] -- Up-to-date: /home/student/ros2_ws/install/com2009_simulations/share/com2009_simulations/models/task2/materials/scripts
[1.041s] -- Up-to-date: /home/student/ros2_ws/install/com2009_simulations/share/com2009_simulations/models/task2/materials/scripts/floor.material
[1.042s] -- Up-to-date: /home/student/ros2_ws/install/com2009_simulations/share/com2009_simulations/models/task2/materials/textures
[1.044s] -- Up-to-date: /home/student/ros2_ws/install/com2009_simulations/share/com2009_simulations/models/task2/materials/textures/task2_floor.png
[1.044s] -- Up-to-date: /home/student/ros2_ws/install/com2009_simulations/share/com2009_simulations/models/task2/materials/textures/task2_floor.svg
[1.046s] -- Up-to-date: /home/student/ros2_ws/install/com2009_simulations/share/com2009_simulations/models/task2/model.sdf
[1.049s] -- Up-to-date: /home/student/ros2_ws/install/com2009_simulations/share/com2009_simulations/models/cr5_arena_walls
[1.050s] -- Up-to-date: /home/student/ros2_ws/install/com2009_simulations/share/com2009_simulations/models/cr5_arena_walls/model.config
[1.050s] -- Up-to-date: /home/student/ros2_ws/install/com2009_simulations/share/com2009_simulations/models/cr5_arena_walls/model.sdf
[1.060s] -- Up-to-date: /home/student/ros2_ws/install/com2009_simulations/share/com2009_simulations/worlds
[1.061s] -- Up-to-date: /home/student/ros2_ws/install/com2009_simulations/share/com2009_simulations/worlds/task2.world
[1.061s] -- Up-to-date: /home/student/ros2_ws/install/com2009_simulations/share/com2009_simulations/worlds/task1.world
[1.061s] -- Up-to-date: /home/student/ros2_ws/install/com2009_simulations/share/ament_index/resource_index/package_run_dependencies/com2009_simulations
[1.061s] -- Up-to-date: /home/student/ros2_ws/install/com2009_simulations/share/ament_index/resource_index/parent_prefix_path/com2009_simulations
[1.062s] -- Up-to-date: /home/student/ros2_ws/install/com2009_simulations/share/com2009_simulations/environment/ament_prefix_path.sh
[1.062s] -- Up-to-date: /home/student/ros2_ws/install/com2009_simulations/share/com2009_simulations/environment/ament_prefix_path.dsv
[1.063s] -- Up-to-date: /home/student/ros2_ws/install/com2009_simulations/share/com2009_simulations/environment/path.sh
[1.075s] -- Up-to-date: /home/student/ros2_ws/install/com2009_simulations/share/com2009_simulations/environment/path.dsv
[1.076s] -- Up-to-date: /home/student/ros2_ws/install/com2009_simulations/share/com2009_simulations/local_setup.bash
[1.077s] -- Up-to-date: /home/student/ros2_ws/install/com2009_simulations/share/com2009_simulations/local_setup.sh
[1.078s] -- Up-to-date: /home/student/ros2_ws/install/com2009_simulations/share/com2009_simulations/local_setup.zsh
[1.078s] -- Up-to-date: /home/student/ros2_ws/install/com2009_simulations/share/com2009_simulations/local_setup.dsv
[1.078s] -- Installing: /home/student/ros2_ws/install/com2009_simulations/share/com2009_simulations/package.dsv
[1.078s] -- Up-to-date: /home/student/ros2_ws/install/com2009_simulations/share/ament_index/resource_index/packages/com2009_simulations
[1.078s] -- Up-to-date: /home/student/ros2_ws/install/com2009_simulations/share/com2009_simulations/cmake/ament_cmake_export_dependencies-extras.cmake
[1.079s] -- Up-to-date: /home/student/ros2_ws/install/com2009_simulations/share/com2009_simulations/cmake/com2009_simulationsConfig.cmake
[1.079s] -- Up-to-date: /home/student/ros2_ws/install/com2009_simulations/share/com2009_simulations/cmake/com2009_simulationsConfig-version.cmake
[1.116s] -- Up-to-date: /home/student/ros2_ws/install/com2009_simulations/share/com2009_simulations/package.xml
[1.117s] Invoked command in '/home/student/ros2_ws/build/com2009_simulations' returned '0': CMAKE_PREFIX_PATH=/home/student/ros2_ws/install/tuos_simulations:/home/student/ros2_ws/install/tuos_ros:/home/student/ros2_ws/install/tuos_tb3_tools:/home/student/ros2_ws/install/com2009_simulations:/home/student/ros2_ws/install/tuos_interfaces:/home/student/ros2_ws/install/tuos_examples:/home/student/ros2_ws/install/part2_navigation:/home/student/ros2_ws/install/part1_pubsub:/opt/ros/humble /usr/bin/cmake --install /home/student/ros2_ws/build/com2009_simulations
