[0.528s] DEBUG:colcon:Command line arguments: ['/usr/bin/colcon', 'build', '--packages-up-to', 'tuos_ros']
[0.528s] DEBUG:colcon:Parsed command line arguments: Namespace(log_base=None, log_level=None, verb_name='build', build_base='build', install_base='install', merge_install=False, symlink_install=False, test_result_base=None, continue_on_error=False, executor='parallel', parallel_workers=16, event_handlers=None, ignore_user_meta=False, metas=['./colcon.meta'], base_paths=['.'], packages_ignore=None, packages_ignore_regex=None, paths=None, packages_up_to=['tuos_ros'], packages_up_to_regex=None, packages_above=None, packages_above_and_dependencies=None, packages_above_depth=None, packages_select_by_dep=None, packages_skip_by_dep=None, packages_skip_up_to=None, packages_select_build_failed=False, packages_skip_build_finished=False, packages_select_test_failures=False, packages_skip_test_passed=False, packages_select=None, packages_skip=None, packages_select_regex=None, packages_skip_regex=None, packages_start=None, packages_end=None, cmake_args=None, cmake_target=None, cmake_target_skip_unavailable=False, cmake_clean_cache=False, cmake_clean_first=False, cmake_force_configure=False, ament_cmake_args=None, catkin_cmake_args=None, catkin_skip_building_tests=False, mixin_files=None, mixin=None, verb_parser=<colcon_mixin.mixin.mixin_argument.MixinArgumentDecorator object at 0x7f097dc79480>, verb_extension=<colcon_core.verb.build.BuildVerb object at 0x7f097dd7e3e0>, main=<bound method BuildVerb.main of <colcon_core.verb.build.BuildVerb object at 0x7f097dd7e3e0>>, mixin_verb=('build',))
[0.899s] Level 1:colcon.colcon_core.package_discovery:discover_packages(colcon_meta) check parameters
[0.899s] Level 1:colcon.colcon_core.package_discovery:discover_packages(recursive) check parameters
[0.899s] Level 1:colcon.colcon_core.package_discovery:discover_packages(ignore) check parameters
[0.899s] Level 1:colcon.colcon_core.package_discovery:discover_packages(path) check parameters
[0.899s] Level 1:colcon.colcon_core.package_discovery:discover_packages(colcon_meta) discover
[0.899s] Level 1:colcon.colcon_core.package_discovery:discover_packages(recursive) discover
[0.899s] INFO:colcon.colcon_core.package_discovery:Crawling recursively for packages in '/home/student/ros2_ws'
[0.899s] Level 1:colcon.colcon_core.package_identification:_identify(.) by extensions ['ignore', 'ignore_ament_install']
[0.899s] Level 1:colcon.colcon_core.package_identification:_identify(.) by extension 'ignore'
[0.899s] Level 1:colcon.colcon_core.package_identification:_identify(.) by extension 'ignore_ament_install'
[0.899s] Level 1:colcon.colcon_core.package_identification:_identify(.) by extensions ['colcon_pkg']
[0.899s] Level 1:colcon.colcon_core.package_identification:_identify(.) by extension 'colcon_pkg'
[0.899s] Level 1:colcon.colcon_core.package_identification:_identify(.) by extensions ['colcon_meta']
[0.899s] Level 1:colcon.colcon_core.package_identification:_identify(.) by extension 'colcon_meta'
[0.899s] Level 1:colcon.colcon_core.package_identification:_identify(.) by extensions ['ros']
[0.899s] Level 1:colcon.colcon_core.package_identification:_identify(.) by extension 'ros'
[0.920s] Level 1:colcon.colcon_core.package_identification:_identify(.) by extensions ['cmake', 'python']
[0.920s] Level 1:colcon.colcon_core.package_identification:_identify(.) by extension 'cmake'
[0.920s] Level 1:colcon.colcon_core.package_identification:_identify(.) by extension 'python'
[0.920s] Level 1:colcon.colcon_core.package_identification:_identify(.) by extensions ['python_setup_py']
[0.920s] Level 1:colcon.colcon_core.package_identification:_identify(.) by extension 'python_setup_py'
[0.920s] Level 1:colcon.colcon_core.package_identification:_identify(build) by extensions ['ignore', 'ignore_ament_install']
[0.921s] Level 1:colcon.colcon_core.package_identification:_identify(build) by extension 'ignore'
[0.921s] Level 1:colcon.colcon_core.package_identification:_identify(build) ignored
[0.921s] Level 1:colcon.colcon_core.package_identification:_identify(install) by extensions ['ignore', 'ignore_ament_install']
[0.921s] Level 1:colcon.colcon_core.package_identification:_identify(install) by extension 'ignore'
[0.921s] Level 1:colcon.colcon_core.package_identification:_identify(install) ignored
[0.921s] Level 1:colcon.colcon_core.package_identification:_identify(log) by extensions ['ignore', 'ignore_ament_install']
[0.921s] Level 1:colcon.colcon_core.package_identification:_identify(log) by extension 'ignore'
[0.921s] Level 1:colcon.colcon_core.package_identification:_identify(log) ignored
[0.921s] Level 1:colcon.colcon_core.package_identification:_identify(src) by extensions ['ignore', 'ignore_ament_install']
[0.921s] Level 1:colcon.colcon_core.package_identification:_identify(src) by extension 'ignore'
[0.921s] Level 1:colcon.colcon_core.package_identification:_identify(src) by extension 'ignore_ament_install'
[0.922s] Level 1:colcon.colcon_core.package_identification:_identify(src) by extensions ['colcon_pkg']
[0.922s] Level 1:colcon.colcon_core.package_identification:_identify(src) by extension 'colcon_pkg'
[0.922s] Level 1:colcon.colcon_core.package_identification:_identify(src) by extensions ['colcon_meta']
[0.922s] Level 1:colcon.colcon_core.package_identification:_identify(src) by extension 'colcon_meta'
[0.922s] Level 1:colcon.colcon_core.package_identification:_identify(src) by extensions ['ros']
[0.922s] Level 1:colcon.colcon_core.package_identification:_identify(src) by extension 'ros'
[0.922s] Level 1:colcon.colcon_core.package_identification:_identify(src) by extensions ['cmake', 'python']
[0.922s] Level 1:colcon.colcon_core.package_identification:_identify(src) by extension 'cmake'
[0.922s] Level 1:colcon.colcon_core.package_identification:_identify(src) by extension 'python'
[0.922s] Level 1:colcon.colcon_core.package_identification:_identify(src) by extensions ['python_setup_py']
[0.922s] Level 1:colcon.colcon_core.package_identification:_identify(src) by extension 'python_setup_py'
[0.922s] Level 1:colcon.colcon_core.package_identification:_identify(src/part1_pubsub) by extensions ['ignore', 'ignore_ament_install']
[0.922s] Level 1:colcon.colcon_core.package_identification:_identify(src/part1_pubsub) by extension 'ignore'
[0.922s] Level 1:colcon.colcon_core.package_identification:_identify(src/part1_pubsub) by extension 'ignore_ament_install'
[0.922s] Level 1:colcon.colcon_core.package_identification:_identify(src/part1_pubsub) by extensions ['colcon_pkg']
[0.922s] Level 1:colcon.colcon_core.package_identification:_identify(src/part1_pubsub) by extension 'colcon_pkg'
[0.922s] Level 1:colcon.colcon_core.package_identification:_identify(src/part1_pubsub) by extensions ['colcon_meta']
[0.922s] Level 1:colcon.colcon_core.package_identification:_identify(src/part1_pubsub) by extension 'colcon_meta'
[0.923s] Level 1:colcon.colcon_core.package_identification:_identify(src/part1_pubsub) by extensions ['ros']
[0.923s] Level 1:colcon.colcon_core.package_identification:_identify(src/part1_pubsub) by extension 'ros'
[0.927s] DEBUG:colcon.colcon_core.package_identification:Package 'src/part1_pubsub' with type 'ros.ament_cmake' and name 'part1_pubsub'
[0.927s] Level 1:colcon.colcon_core.package_identification:_identify(src/tuos_ros) by extensions ['ignore', 'ignore_ament_install']
[0.928s] Level 1:colcon.colcon_core.package_identification:_identify(src/tuos_ros) by extension 'ignore'
[0.928s] Level 1:colcon.colcon_core.package_identification:_identify(src/tuos_ros) by extension 'ignore_ament_install'
[0.928s] Level 1:colcon.colcon_core.package_identification:_identify(src/tuos_ros) by extensions ['colcon_pkg']
[0.928s] Level 1:colcon.colcon_core.package_identification:_identify(src/tuos_ros) by extension 'colcon_pkg'
[0.928s] Level 1:colcon.colcon_core.package_identification:_identify(src/tuos_ros) by extensions ['colcon_meta']
[0.928s] Level 1:colcon.colcon_core.package_identification:_identify(src/tuos_ros) by extension 'colcon_meta'
[0.928s] Level 1:colcon.colcon_core.package_identification:_identify(src/tuos_ros) by extensions ['ros']
[0.928s] Level 1:colcon.colcon_core.package_identification:_identify(src/tuos_ros) by extension 'ros'
[0.928s] Level 1:colcon.colcon_core.package_identification:_identify(src/tuos_ros) by extensions ['cmake', 'python']
[0.928s] Level 1:colcon.colcon_core.package_identification:_identify(src/tuos_ros) by extension 'cmake'
[0.928s] Level 1:colcon.colcon_core.package_identification:_identify(src/tuos_ros) by extension 'python'
[0.928s] Level 1:colcon.colcon_core.package_identification:_identify(src/tuos_ros) by extensions ['python_setup_py']
[0.928s] Level 1:colcon.colcon_core.package_identification:_identify(src/tuos_ros) by extension 'python_setup_py'
[0.928s] Level 1:colcon.colcon_core.package_identification:_identify(src/tuos_ros/com2009_simulations) by extensions ['ignore', 'ignore_ament_install']
[0.928s] Level 1:colcon.colcon_core.package_identification:_identify(src/tuos_ros/com2009_simulations) by extension 'ignore'
[0.928s] Level 1:colcon.colcon_core.package_identification:_identify(src/tuos_ros/com2009_simulations) by extension 'ignore_ament_install'
[0.929s] Level 1:colcon.colcon_core.package_identification:_identify(src/tuos_ros/com2009_simulations) by extensions ['colcon_pkg']
[0.929s] Level 1:colcon.colcon_core.package_identification:_identify(src/tuos_ros/com2009_simulations) by extension 'colcon_pkg'
[0.929s] Level 1:colcon.colcon_core.package_identification:_identify(src/tuos_ros/com2009_simulations) by extensions ['colcon_meta']
[0.929s] Level 1:colcon.colcon_core.package_identification:_identify(src/tuos_ros/com2009_simulations) by extension 'colcon_meta'
[0.929s] Level 1:colcon.colcon_core.package_identification:_identify(src/tuos_ros/com2009_simulations) by extensions ['ros']
[0.929s] Level 1:colcon.colcon_core.package_identification:_identify(src/tuos_ros/com2009_simulations) by extension 'ros'
[0.929s] DEBUG:colcon.colcon_core.package_identification:Package 'src/tuos_ros/com2009_simulations' with type 'ros.ament_cmake' and name 'com2009_simulations'
[0.929s] Level 1:colcon.colcon_core.package_identification:_identify(src/tuos_ros/tuos_examples) by extensions ['ignore', 'ignore_ament_install']
[0.930s] Level 1:colcon.colcon_core.package_identification:_identify(src/tuos_ros/tuos_examples) by extension 'ignore'
[0.930s] Level 1:colcon.colcon_core.package_identification:_identify(src/tuos_ros/tuos_examples) by extension 'ignore_ament_install'
[0.930s] Level 1:colcon.colcon_core.package_identification:_identify(src/tuos_ros/tuos_examples) by extensions ['colcon_pkg']
[0.930s] Level 1:colcon.colcon_core.package_identification:_identify(src/tuos_ros/tuos_examples) by extension 'colcon_pkg'
[0.930s] Level 1:colcon.colcon_core.package_identification:_identify(src/tuos_ros/tuos_examples) by extensions ['colcon_meta']
[0.930s] Level 1:colcon.colcon_core.package_identification:_identify(src/tuos_ros/tuos_examples) by extension 'colcon_meta'
[0.930s] Level 1:colcon.colcon_core.package_identification:_identify(src/tuos_ros/tuos_examples) by extensions ['ros']
[0.930s] Level 1:colcon.colcon_core.package_identification:_identify(src/tuos_ros/tuos_examples) by extension 'ros'
[0.930s] DEBUG:colcon.colcon_core.package_identification:Package 'src/tuos_ros/tuos_examples' with type 'ros.ament_cmake' and name 'tuos_examples'
[0.931s] Level 1:colcon.colcon_core.package_identification:_identify(src/tuos_ros/tuos_interfaces) by extensions ['ignore', 'ignore_ament_install']
[0.931s] Level 1:colcon.colcon_core.package_identification:_identify(src/tuos_ros/tuos_interfaces) by extension 'ignore'
[0.931s] Level 1:colcon.colcon_core.package_identification:_identify(src/tuos_ros/tuos_interfaces) by extension 'ignore_ament_install'
[0.931s] Level 1:colcon.colcon_core.package_identification:_identify(src/tuos_ros/tuos_interfaces) by extensions ['colcon_pkg']
[0.931s] Level 1:colcon.colcon_core.package_identification:_identify(src/tuos_ros/tuos_interfaces) by extension 'colcon_pkg'
[0.931s] Level 1:colcon.colcon_core.package_identification:_identify(src/tuos_ros/tuos_interfaces) by extensions ['colcon_meta']
[0.931s] Level 1:colcon.colcon_core.package_identification:_identify(src/tuos_ros/tuos_interfaces) by extension 'colcon_meta'
[0.931s] Level 1:colcon.colcon_core.package_identification:_identify(src/tuos_ros/tuos_interfaces) by extensions ['ros']
[0.931s] Level 1:colcon.colcon_core.package_identification:_identify(src/tuos_ros/tuos_interfaces) by extension 'ros'
[0.932s] DEBUG:colcon.colcon_core.package_identification:Package 'src/tuos_ros/tuos_interfaces' with type 'ros.ament_cmake' and name 'tuos_interfaces'
[0.932s] Level 1:colcon.colcon_core.package_identification:_identify(src/tuos_ros/tuos_ros) by extensions ['ignore', 'ignore_ament_install']
[0.932s] Level 1:colcon.colcon_core.package_identification:_identify(src/tuos_ros/tuos_ros) by extension 'ignore'
[0.932s] Level 1:colcon.colcon_core.package_identification:_identify(src/tuos_ros/tuos_ros) by extension 'ignore_ament_install'
[0.932s] Level 1:colcon.colcon_core.package_identification:_identify(src/tuos_ros/tuos_ros) by extensions ['colcon_pkg']
[0.932s] Level 1:colcon.colcon_core.package_identification:_identify(src/tuos_ros/tuos_ros) by extension 'colcon_pkg'
[0.932s] Level 1:colcon.colcon_core.package_identification:_identify(src/tuos_ros/tuos_ros) by extensions ['colcon_meta']
[0.932s] Level 1:colcon.colcon_core.package_identification:_identify(src/tuos_ros/tuos_ros) by extension 'colcon_meta'
[0.932s] Level 1:colcon.colcon_core.package_identification:_identify(src/tuos_ros/tuos_ros) by extensions ['ros']
[0.932s] Level 1:colcon.colcon_core.package_identification:_identify(src/tuos_ros/tuos_ros) by extension 'ros'
[0.933s] DEBUG:colcon.colcon_core.package_identification:Package 'src/tuos_ros/tuos_ros' with type 'ros.ament_cmake' and name 'tuos_ros'
[0.933s] Level 1:colcon.colcon_core.package_identification:_identify(src/tuos_ros/tuos_simulations) by extensions ['ignore', 'ignore_ament_install']
[0.933s] Level 1:colcon.colcon_core.package_identification:_identify(src/tuos_ros/tuos_simulations) by extension 'ignore'
[0.933s] Level 1:colcon.colcon_core.package_identification:_identify(src/tuos_ros/tuos_simulations) by extension 'ignore_ament_install'
[0.933s] Level 1:colcon.colcon_core.package_identification:_identify(src/tuos_ros/tuos_simulations) by extensions ['colcon_pkg']
[0.933s] Level 1:colcon.colcon_core.package_identification:_identify(src/tuos_ros/tuos_simulations) by extension 'colcon_pkg'
[0.934s] Level 1:colcon.colcon_core.package_identification:_identify(src/tuos_ros/tuos_simulations) by extensions ['colcon_meta']
[0.934s] Level 1:colcon.colcon_core.package_identification:_identify(src/tuos_ros/tuos_simulations) by extension 'colcon_meta'
[0.934s] Level 1:colcon.colcon_core.package_identification:_identify(src/tuos_ros/tuos_simulations) by extensions ['ros']
[0.934s] Level 1:colcon.colcon_core.package_identification:_identify(src/tuos_ros/tuos_simulations) by extension 'ros'
[0.934s] DEBUG:colcon.colcon_core.package_identification:Package 'src/tuos_ros/tuos_simulations' with type 'ros.ament_cmake' and name 'tuos_simulations'
[0.934s] Level 1:colcon.colcon_core.package_identification:_identify(src/tuos_ros/tuos_tb3_tools) by extensions ['ignore', 'ignore_ament_install']
[0.934s] Level 1:colcon.colcon_core.package_identification:_identify(src/tuos_ros/tuos_tb3_tools) by extension 'ignore'
[0.934s] Level 1:colcon.colcon_core.package_identification:_identify(src/tuos_ros/tuos_tb3_tools) by extension 'ignore_ament_install'
[0.935s] Level 1:colcon.colcon_core.package_identification:_identify(src/tuos_ros/tuos_tb3_tools) by extensions ['colcon_pkg']
[0.935s] Level 1:colcon.colcon_core.package_identification:_identify(src/tuos_ros/tuos_tb3_tools) by extension 'colcon_pkg'
[0.935s] Level 1:colcon.colcon_core.package_identification:_identify(src/tuos_ros/tuos_tb3_tools) by extensions ['colcon_meta']
[0.935s] Level 1:colcon.colcon_core.package_identification:_identify(src/tuos_ros/tuos_tb3_tools) by extension 'colcon_meta'
[0.935s] Level 1:colcon.colcon_core.package_identification:_identify(src/tuos_ros/tuos_tb3_tools) by extensions ['ros']
[0.935s] Level 1:colcon.colcon_core.package_identification:_identify(src/tuos_ros/tuos_tb3_tools) by extension 'ros'
[0.936s] DEBUG:colcon.colcon_core.package_identification:Package 'src/tuos_ros/tuos_tb3_tools' with type 'ros.ament_cmake' and name 'tuos_tb3_tools'
[0.936s] Level 1:colcon.colcon_core.package_discovery:discover_packages(recursive) using defaults
[0.936s] Level 1:colcon.colcon_core.package_discovery:discover_packages(ignore) discover
[0.936s] Level 1:colcon.colcon_core.package_discovery:discover_packages(ignore) using defaults
[0.936s] Level 1:colcon.colcon_core.package_discovery:discover_packages(path) discover
[0.936s] Level 1:colcon.colcon_core.package_discovery:discover_packages(path) using defaults
[0.989s] INFO:colcon.colcon_core.package_selection:Skipping package 'part1_pubsub' in 'src/part1_pubsub'
[0.991s] Level 5:colcon.colcon_core.verb:set package 'tuos_examples' build argument 'cmake_args' from command line to 'None'
[0.991s] Level 5:colcon.colcon_core.verb:set package 'tuos_examples' build argument 'cmake_target' from command line to 'None'
[0.991s] Level 5:colcon.colcon_core.verb:set package 'tuos_examples' build argument 'cmake_target_skip_unavailable' from command line to 'False'
[0.991s] Level 5:colcon.colcon_core.verb:set package 'tuos_examples' build argument 'cmake_clean_cache' from command line to 'False'
[0.991s] Level 5:colcon.colcon_core.verb:set package 'tuos_examples' build argument 'cmake_clean_first' from command line to 'False'
[0.991s] Level 5:colcon.colcon_core.verb:set package 'tuos_examples' build argument 'cmake_force_configure' from command line to 'False'
[0.991s] Level 5:colcon.colcon_core.verb:set package 'tuos_examples' build argument 'ament_cmake_args' from command line to 'None'
[0.991s] Level 5:colcon.colcon_core.verb:set package 'tuos_examples' build argument 'catkin_cmake_args' from command line to 'None'
[0.991s] Level 5:colcon.colcon_core.verb:set package 'tuos_examples' build argument 'catkin_skip_building_tests' from command line to 'False'
[0.991s] DEBUG:colcon.colcon_core.verb:Building package 'tuos_examples' with the following arguments: {'ament_cmake_args': None, 'build_base': '/home/student/ros2_ws/build/tuos_examples', 'catkin_cmake_args': None, 'catkin_skip_building_tests': False, 'cmake_args': None, 'cmake_clean_cache': False, 'cmake_clean_first': False, 'cmake_force_configure': False, 'cmake_target': None, 'cmake_target_skip_unavailable': False, 'install_base': '/home/student/ros2_ws/install/tuos_examples', 'merge_install': False, 'path': '/home/student/ros2_ws/src/tuos_ros/tuos_examples', 'symlink_install': False, 'test_result_base': None}
[0.992s] Level 5:colcon.colcon_core.verb:set package 'tuos_interfaces' build argument 'cmake_args' from command line to 'None'
[0.992s] Level 5:colcon.colcon_core.verb:set package 'tuos_interfaces' build argument 'cmake_target' from command line to 'None'
[0.992s] Level 5:colcon.colcon_core.verb:set package 'tuos_interfaces' build argument 'cmake_target_skip_unavailable' from command line to 'False'
[0.992s] Level 5:colcon.colcon_core.verb:set package 'tuos_interfaces' build argument 'cmake_clean_cache' from command line to 'False'
[0.992s] Level 5:colcon.colcon_core.verb:set package 'tuos_interfaces' build argument 'cmake_clean_first' from command line to 'False'
[0.992s] Level 5:colcon.colcon_core.verb:set package 'tuos_interfaces' build argument 'cmake_force_configure' from command line to 'False'
[0.992s] Level 5:colcon.colcon_core.verb:set package 'tuos_interfaces' build argument 'ament_cmake_args' from command line to 'None'
[0.992s] Level 5:colcon.colcon_core.verb:set package 'tuos_interfaces' build argument 'catkin_cmake_args' from command line to 'None'
[0.992s] Level 5:colcon.colcon_core.verb:set package 'tuos_interfaces' build argument 'catkin_skip_building_tests' from command line to 'False'
[0.992s] DEBUG:colcon.colcon_core.verb:Building package 'tuos_interfaces' with the following arguments: {'ament_cmake_args': None, 'build_base': '/home/student/ros2_ws/build/tuos_interfaces', 'catkin_cmake_args': None, 'catkin_skip_building_tests': False, 'cmake_args': None, 'cmake_clean_cache': False, 'cmake_clean_first': False, 'cmake_force_configure': False, 'cmake_target': None, 'cmake_target_skip_unavailable': False, 'install_base': '/home/student/ros2_ws/install/tuos_interfaces', 'merge_install': False, 'path': '/home/student/ros2_ws/src/tuos_ros/tuos_interfaces', 'symlink_install': False, 'test_result_base': None}
[0.992s] Level 5:colcon.colcon_core.verb:set package 'tuos_simulations' build argument 'cmake_args' from command line to 'None'
[0.992s] Level 5:colcon.colcon_core.verb:set package 'tuos_simulations' build argument 'cmake_target' from command line to 'None'
[0.992s] Level 5:colcon.colcon_core.verb:set package 'tuos_simulations' build argument 'cmake_target_skip_unavailable' from command line to 'False'
[0.992s] Level 5:colcon.colcon_core.verb:set package 'tuos_simulations' build argument 'cmake_clean_cache' from command line to 'False'
[0.992s] Level 5:colcon.colcon_core.verb:set package 'tuos_simulations' build argument 'cmake_clean_first' from command line to 'False'
[0.992s] Level 5:colcon.colcon_core.verb:set package 'tuos_simulations' build argument 'cmake_force_configure' from command line to 'False'
[0.992s] Level 5:colcon.colcon_core.verb:set package 'tuos_simulations' build argument 'ament_cmake_args' from command line to 'None'
[0.992s] Level 5:colcon.colcon_core.verb:set package 'tuos_simulations' build argument 'catkin_cmake_args' from command line to 'None'
[0.992s] Level 5:colcon.colcon_core.verb:set package 'tuos_simulations' build argument 'catkin_skip_building_tests' from command line to 'False'
[0.992s] DEBUG:colcon.colcon_core.verb:Building package 'tuos_simulations' with the following arguments: {'ament_cmake_args': None, 'build_base': '/home/student/ros2_ws/build/tuos_simulations', 'catkin_cmake_args': None, 'catkin_skip_building_tests': False, 'cmake_args': None, 'cmake_clean_cache': False, 'cmake_clean_first': False, 'cmake_force_configure': False, 'cmake_target': None, 'cmake_target_skip_unavailable': False, 'install_base': '/home/student/ros2_ws/install/tuos_simulations', 'merge_install': False, 'path': '/home/student/ros2_ws/src/tuos_ros/tuos_simulations', 'symlink_install': False, 'test_result_base': None}
[0.993s] Level 5:colcon.colcon_core.verb:set package 'tuos_tb3_tools' build argument 'cmake_args' from command line to 'None'
[0.993s] Level 5:colcon.colcon_core.verb:set package 'tuos_tb3_tools' build argument 'cmake_target' from command line to 'None'
[0.993s] Level 5:colcon.colcon_core.verb:set package 'tuos_tb3_tools' build argument 'cmake_target_skip_unavailable' from command line to 'False'
[0.993s] Level 5:colcon.colcon_core.verb:set package 'tuos_tb3_tools' build argument 'cmake_clean_cache' from command line to 'False'
[0.993s] Level 5:colcon.colcon_core.verb:set package 'tuos_tb3_tools' build argument 'cmake_clean_first' from command line to 'False'
[0.993s] Level 5:colcon.colcon_core.verb:set package 'tuos_tb3_tools' build argument 'cmake_force_configure' from command line to 'False'
[0.993s] Level 5:colcon.colcon_core.verb:set package 'tuos_tb3_tools' build argument 'ament_cmake_args' from command line to 'None'
[0.993s] Level 5:colcon.colcon_core.verb:set package 'tuos_tb3_tools' build argument 'catkin_cmake_args' from command line to 'None'
[0.993s] Level 5:colcon.colcon_core.verb:set package 'tuos_tb3_tools' build argument 'catkin_skip_building_tests' from command line to 'False'
[0.993s] DEBUG:colcon.colcon_core.verb:Building package 'tuos_tb3_tools' with the following arguments: {'ament_cmake_args': None, 'build_base': '/home/student/ros2_ws/build/tuos_tb3_tools', 'catkin_cmake_args': None, 'catkin_skip_building_tests': False, 'cmake_args': None, 'cmake_clean_cache': False, 'cmake_clean_first': False, 'cmake_force_configure': False, 'cmake_target': None, 'cmake_target_skip_unavailable': False, 'install_base': '/home/student/ros2_ws/install/tuos_tb3_tools', 'merge_install': False, 'path': '/home/student/ros2_ws/src/tuos_ros/tuos_tb3_tools', 'symlink_install': False, 'test_result_base': None}
[0.993s] Level 5:colcon.colcon_core.verb:set package 'com2009_simulations' build argument 'cmake_args' from command line to 'None'
[0.993s] Level 5:colcon.colcon_core.verb:set package 'com2009_simulations' build argument 'cmake_target' from command line to 'None'
[0.993s] Level 5:colcon.colcon_core.verb:set package 'com2009_simulations' build argument 'cmake_target_skip_unavailable' from command line to 'False'
[0.993s] Level 5:colcon.colcon_core.verb:set package 'com2009_simulations' build argument 'cmake_clean_cache' from command line to 'False'
[0.993s] Level 5:colcon.colcon_core.verb:set package 'com2009_simulations' build argument 'cmake_clean_first' from command line to 'False'
[0.993s] Level 5:colcon.colcon_core.verb:set package 'com2009_simulations' build argument 'cmake_force_configure' from command line to 'False'
[0.993s] Level 5:colcon.colcon_core.verb:set package 'com2009_simulations' build argument 'ament_cmake_args' from command line to 'None'
[0.994s] Level 5:colcon.colcon_core.verb:set package 'com2009_simulations' build argument 'catkin_cmake_args' from command line to 'None'
[0.994s] Level 5:colcon.colcon_core.verb:set package 'com2009_simulations' build argument 'catkin_skip_building_tests' from command line to 'False'
[0.994s] DEBUG:colcon.colcon_core.verb:Building package 'com2009_simulations' with the following arguments: {'ament_cmake_args': None, 'build_base': '/home/student/ros2_ws/build/com2009_simulations', 'catkin_cmake_args': None, 'catkin_skip_building_tests': False, 'cmake_args': None, 'cmake_clean_cache': False, 'cmake_clean_first': False, 'cmake_force_configure': False, 'cmake_target': None, 'cmake_target_skip_unavailable': False, 'install_base': '/home/student/ros2_ws/install/com2009_simulations', 'merge_install': False, 'path': '/home/student/ros2_ws/src/tuos_ros/com2009_simulations', 'symlink_install': False, 'test_result_base': None}
[0.994s] Level 5:colcon.colcon_core.verb:set package 'tuos_ros' build argument 'cmake_args' from command line to 'None'
[0.994s] Level 5:colcon.colcon_core.verb:set package 'tuos_ros' build argument 'cmake_target' from command line to 'None'
[0.994s] Level 5:colcon.colcon_core.verb:set package 'tuos_ros' build argument 'cmake_target_skip_unavailable' from command line to 'False'
[0.994s] Level 5:colcon.colcon_core.verb:set package 'tuos_ros' build argument 'cmake_clean_cache' from command line to 'False'
[0.994s] Level 5:colcon.colcon_core.verb:set package 'tuos_ros' build argument 'cmake_clean_first' from command line to 'False'
[0.994s] Level 5:colcon.colcon_core.verb:set package 'tuos_ros' build argument 'cmake_force_configure' from command line to 'False'
[0.994s] Level 5:colcon.colcon_core.verb:set package 'tuos_ros' build argument 'ament_cmake_args' from command line to 'None'
[0.994s] Level 5:colcon.colcon_core.verb:set package 'tuos_ros' build argument 'catkin_cmake_args' from command line to 'None'
[0.994s] Level 5:colcon.colcon_core.verb:set package 'tuos_ros' build argument 'catkin_skip_building_tests' from command line to 'False'
[0.994s] DEBUG:colcon.colcon_core.verb:Building package 'tuos_ros' with the following arguments: {'ament_cmake_args': None, 'build_base': '/home/student/ros2_ws/build/tuos_ros', 'catkin_cmake_args': None, 'catkin_skip_building_tests': False, 'cmake_args': None, 'cmake_clean_cache': False, 'cmake_clean_first': False, 'cmake_force_configure': False, 'cmake_target': None, 'cmake_target_skip_unavailable': False, 'install_base': '/home/student/ros2_ws/install/tuos_ros', 'merge_install': False, 'path': '/home/student/ros2_ws/src/tuos_ros/tuos_ros', 'symlink_install': False, 'test_result_base': None}
[0.994s] INFO:colcon.colcon_core.executor:Executing jobs using 'parallel' executor
[0.996s] DEBUG:colcon.colcon_parallel_executor.executor.parallel:run_until_complete
[0.996s] INFO:colcon.colcon_ros.task.ament_cmake.build:Building ROS package in '/home/student/ros2_ws/src/tuos_ros/tuos_simulations' with build type 'ament_cmake'
[0.997s] INFO:colcon.colcon_cmake.task.cmake.build:Building CMake package in '/home/student/ros2_ws/src/tuos_ros/tuos_simulations'
[1.005s] INFO:colcon.colcon_core.plugin_system:Skipping extension 'colcon_core.shell.bat': Not used on non-Windows systems
[1.005s] INFO:colcon.colcon_core.shell:Skip shell extension 'powershell' for command environment: Not usable outside of PowerShell
[1.005s] DEBUG:colcon.colcon_core.shell:Skip shell extension 'dsv' for command environment
[1.016s] INFO:colcon.colcon_ros.task.ament_cmake.build:Building ROS package in '/home/student/ros2_ws/src/tuos_ros/tuos_examples' with build type 'ament_cmake'
[1.016s] INFO:colcon.colcon_cmake.task.cmake.build:Building CMake package in '/home/student/ros2_ws/src/tuos_ros/tuos_examples'
[1.016s] INFO:colcon.colcon_core.shell:Skip shell extension 'powershell' for command environment: Not usable outside of PowerShell
[1.016s] DEBUG:colcon.colcon_core.shell:Skip shell extension 'dsv' for command environment
[1.022s] INFO:colcon.colcon_ros.task.ament_cmake.build:Building ROS package in '/home/student/ros2_ws/src/tuos_ros/tuos_interfaces' with build type 'ament_cmake'
[1.022s] INFO:colcon.colcon_cmake.task.cmake.build:Building CMake package in '/home/student/ros2_ws/src/tuos_ros/tuos_interfaces'
[1.023s] INFO:colcon.colcon_core.shell:Skip shell extension 'powershell' for command environment: Not usable outside of PowerShell
[1.023s] DEBUG:colcon.colcon_core.shell:Skip shell extension 'dsv' for command environment
[1.030s] INFO:colcon.colcon_ros.task.ament_cmake.build:Building ROS package in '/home/student/ros2_ws/src/tuos_ros/tuos_tb3_tools' with build type 'ament_cmake'
[1.030s] INFO:colcon.colcon_cmake.task.cmake.build:Building CMake package in '/home/student/ros2_ws/src/tuos_ros/tuos_tb3_tools'
[1.031s] INFO:colcon.colcon_core.shell:Skip shell extension 'powershell' for command environment: Not usable outside of PowerShell
[1.031s] DEBUG:colcon.colcon_core.shell:Skip shell extension 'dsv' for command environment
[1.044s] DEBUG:colcon.colcon_core.event_handler.log_command:Invoking command in '/home/student/ros2_ws/build/tuos_simulations': CMAKE_PREFIX_PATH=${CMAKE_PREFIX_PATH}:/opt/ros/humble /usr/bin/cmake --build /home/student/ros2_ws/build/tuos_simulations -- -j16 -l16
[1.054s] DEBUG:colcon.colcon_core.event_handler.log_command:Invoking command in '/home/student/ros2_ws/build/tuos_examples': CMAKE_PREFIX_PATH=${CMAKE_PREFIX_PATH}:/opt/ros/humble /usr/bin/cmake --build /home/student/ros2_ws/build/tuos_examples -- -j16 -l16
[1.068s] DEBUG:colcon.colcon_core.event_handler.log_command:Invoking command in '/home/student/ros2_ws/build/tuos_interfaces': CMAKE_PREFIX_PATH=${CMAKE_PREFIX_PATH}:/opt/ros/humble /usr/bin/cmake --build /home/student/ros2_ws/build/tuos_interfaces -- -j16 -l16
[1.079s] DEBUG:colcon.colcon_core.event_handler.log_command:Invoking command in '/home/student/ros2_ws/build/tuos_tb3_tools': CMAKE_PREFIX_PATH=${CMAKE_PREFIX_PATH}:/opt/ros/humble /usr/bin/cmake --build /home/student/ros2_ws/build/tuos_tb3_tools -- -j16 -l16
[1.198s] DEBUG:colcon.colcon_core.event_handler.log_command:Invoked command in '/home/student/ros2_ws/build/tuos_simulations' returned '0': CMAKE_PREFIX_PATH=${CMAKE_PREFIX_PATH}:/opt/ros/humble /usr/bin/cmake --build /home/student/ros2_ws/build/tuos_simulations -- -j16 -l16
[1.219s] DEBUG:colcon.colcon_core.event_handler.log_command:Invoking command in '/home/student/ros2_ws/build/tuos_simulations': CMAKE_PREFIX_PATH=${CMAKE_PREFIX_PATH}:/opt/ros/humble /usr/bin/cmake --install /home/student/ros2_ws/build/tuos_simulations
[1.255s] Level 1:colcon.colcon_core.environment:create_environment_scripts_only(tuos_simulations)
[1.259s] DEBUG:colcon.colcon_core.event_handler.log_command:Invoked command in '/home/student/ros2_ws/build/tuos_simulations' returned '0': CMAKE_PREFIX_PATH=${CMAKE_PREFIX_PATH}:/opt/ros/humble /usr/bin/cmake --install /home/student/ros2_ws/build/tuos_simulations
[1.279s] Level 1:colcon.colcon_core.environment:checking '/home/student/ros2_ws/install/tuos_simulations' for CMake module files
[1.281s] Level 1:colcon.colcon_core.environment:checking '/home/student/ros2_ws/install/tuos_simulations' for CMake config files
[1.282s] Level 1:colcon.colcon_core.shell:create_environment_hook('tuos_simulations', 'cmake_prefix_path')
[1.283s] INFO:colcon.colcon_core.shell:Creating environment hook '/home/student/ros2_ws/install/tuos_simulations/share/tuos_simulations/hook/cmake_prefix_path.ps1'
[1.286s] INFO:colcon.colcon_core.shell:Creating environment descriptor '/home/student/ros2_ws/install/tuos_simulations/share/tuos_simulations/hook/cmake_prefix_path.dsv'
[1.287s] INFO:colcon.colcon_core.shell:Creating environment hook '/home/student/ros2_ws/install/tuos_simulations/share/tuos_simulations/hook/cmake_prefix_path.sh'
[1.288s] Level 1:colcon.colcon_core.environment:checking '/home/student/ros2_ws/install/tuos_simulations/bin'
[1.288s] Level 1:colcon.colcon_core.environment:checking '/home/student/ros2_ws/install/tuos_simulations/lib/pkgconfig/tuos_simulations.pc'
[1.292s] Level 1:colcon.colcon_core.environment:checking '/home/student/ros2_ws/install/tuos_simulations/lib/python3.10/site-packages'
[1.293s] Level 1:colcon.colcon_core.environment:checking '/home/student/ros2_ws/install/tuos_simulations/bin'
[1.293s] INFO:colcon.colcon_core.shell:Creating package script '/home/student/ros2_ws/install/tuos_simulations/share/tuos_simulations/package.ps1'
[1.295s] INFO:colcon.colcon_core.shell:Creating package descriptor '/home/student/ros2_ws/install/tuos_simulations/share/tuos_simulations/package.dsv'
[1.297s] INFO:colcon.colcon_core.shell:Creating package script '/home/student/ros2_ws/install/tuos_simulations/share/tuos_simulations/package.sh'
[1.298s] INFO:colcon.colcon_core.shell:Creating package script '/home/student/ros2_ws/install/tuos_simulations/share/tuos_simulations/package.bash'
[1.300s] INFO:colcon.colcon_core.shell:Creating package script '/home/student/ros2_ws/install/tuos_simulations/share/tuos_simulations/package.zsh'
[1.302s] Level 1:colcon.colcon_core.environment:create_file_with_runtime_dependencies(/home/student/ros2_ws/install/tuos_simulations/share/colcon-core/packages/tuos_simulations)
[1.303s] Level 1:colcon.colcon_core.environment:create_environment_scripts_only(tuos_simulations)
[1.303s] Level 1:colcon.colcon_core.environment:checking '/home/student/ros2_ws/install/tuos_simulations' for CMake module files
[1.304s] Level 1:colcon.colcon_core.environment:checking '/home/student/ros2_ws/install/tuos_simulations' for CMake config files
[1.304s] Level 1:colcon.colcon_core.shell:create_environment_hook('tuos_simulations', 'cmake_prefix_path')
[1.305s] INFO:colcon.colcon_core.shell:Creating environment hook '/home/student/ros2_ws/install/tuos_simulations/share/tuos_simulations/hook/cmake_prefix_path.ps1'
[1.305s] INFO:colcon.colcon_core.shell:Creating environment descriptor '/home/student/ros2_ws/install/tuos_simulations/share/tuos_simulations/hook/cmake_prefix_path.dsv'
[1.306s] INFO:colcon.colcon_core.shell:Creating environment hook '/home/student/ros2_ws/install/tuos_simulations/share/tuos_simulations/hook/cmake_prefix_path.sh'
[1.307s] Level 1:colcon.colcon_core.environment:checking '/home/student/ros2_ws/install/tuos_simulations/bin'
[1.307s] Level 1:colcon.colcon_core.environment:checking '/home/student/ros2_ws/install/tuos_simulations/lib/pkgconfig/tuos_simulations.pc'
[1.307s] Level 1:colcon.colcon_core.environment:checking '/home/student/ros2_ws/install/tuos_simulations/lib/python3.10/site-packages'
[1.307s] Level 1:colcon.colcon_core.environment:checking '/home/student/ros2_ws/install/tuos_simulations/bin'
[1.308s] INFO:colcon.colcon_core.shell:Creating package script '/home/student/ros2_ws/install/tuos_simulations/share/tuos_simulations/package.ps1'
[1.309s] INFO:colcon.colcon_core.shell:Creating package descriptor '/home/student/ros2_ws/install/tuos_simulations/share/tuos_simulations/package.dsv'
[1.309s] INFO:colcon.colcon_core.shell:Creating package script '/home/student/ros2_ws/install/tuos_simulations/share/tuos_simulations/package.sh'
[1.310s] INFO:colcon.colcon_core.shell:Creating package script '/home/student/ros2_ws/install/tuos_simulations/share/tuos_simulations/package.bash'
[1.311s] INFO:colcon.colcon_core.shell:Creating package script '/home/student/ros2_ws/install/tuos_simulations/share/tuos_simulations/package.zsh'
[1.312s] Level 1:colcon.colcon_core.environment:create_file_with_runtime_dependencies(/home/student/ros2_ws/install/tuos_simulations/share/colcon-core/packages/tuos_simulations)
[1.314s] INFO:colcon.colcon_ros.task.ament_cmake.build:Building ROS package in '/home/student/ros2_ws/src/tuos_ros/com2009_simulations' with build type 'ament_cmake'
[1.314s] INFO:colcon.colcon_cmake.task.cmake.build:Building CMake package in '/home/student/ros2_ws/src/tuos_ros/com2009_simulations'
[1.314s] INFO:colcon.colcon_core.shell:Skip shell extension 'powershell' for command environment: Not usable outside of PowerShell
[1.314s] DEBUG:colcon.colcon_core.shell:Skip shell extension 'dsv' for command environment
[1.326s] DEBUG:colcon.colcon_core.event_handler.log_command:Invoked command in '/home/student/ros2_ws/build/tuos_tb3_tools' returned '0': CMAKE_PREFIX_PATH=${CMAKE_PREFIX_PATH}:/opt/ros/humble /usr/bin/cmake --build /home/student/ros2_ws/build/tuos_tb3_tools -- -j16 -l16
[1.328s] DEBUG:colcon.colcon_core.event_handler.log_command:Invoking command in '/home/student/ros2_ws/build/tuos_tb3_tools': CMAKE_PREFIX_PATH=${CMAKE_PREFIX_PATH}:/opt/ros/humble /usr/bin/cmake --install /home/student/ros2_ws/build/tuos_tb3_tools
[1.352s] Level 1:colcon.colcon_core.environment:create_environment_scripts_only(tuos_tb3_tools)
[1.353s] Level 1:colcon.colcon_core.environment:checking '/home/student/ros2_ws/install/tuos_tb3_tools' for CMake module files
[1.354s] DEBUG:colcon.colcon_core.event_handler.log_command:Invoked command in '/home/student/ros2_ws/build/tuos_tb3_tools' returned '0': CMAKE_PREFIX_PATH=${CMAKE_PREFIX_PATH}:/opt/ros/humble /usr/bin/cmake --install /home/student/ros2_ws/build/tuos_tb3_tools
[1.354s] Level 1:colcon.colcon_core.environment:checking '/home/student/ros2_ws/install/tuos_tb3_tools' for CMake config files
[1.355s] Level 1:colcon.colcon_core.shell:create_environment_hook('tuos_tb3_tools', 'cmake_prefix_path')
[1.355s] INFO:colcon.colcon_core.shell:Creating environment hook '/home/student/ros2_ws/install/tuos_tb3_tools/share/tuos_tb3_tools/hook/cmake_prefix_path.ps1'
[1.357s] INFO:colcon.colcon_core.shell:Creating environment descriptor '/home/student/ros2_ws/install/tuos_tb3_tools/share/tuos_tb3_tools/hook/cmake_prefix_path.dsv'
[1.358s] INFO:colcon.colcon_core.shell:Creating environment hook '/home/student/ros2_ws/install/tuos_tb3_tools/share/tuos_tb3_tools/hook/cmake_prefix_path.sh'
[1.359s] Level 1:colcon.colcon_core.environment:checking '/home/student/ros2_ws/install/tuos_tb3_tools/lib'
[1.360s] Level 1:colcon.colcon_core.environment:checking '/home/student/ros2_ws/install/tuos_tb3_tools/bin'
[1.360s] Level 1:colcon.colcon_core.environment:checking '/home/student/ros2_ws/install/tuos_tb3_tools/lib/pkgconfig/tuos_tb3_tools.pc'
[1.361s] Level 1:colcon.colcon_core.environment:checking '/home/student/ros2_ws/install/tuos_tb3_tools/lib/python3.10/site-packages'
[1.361s] Level 1:colcon.colcon_core.environment:checking '/home/student/ros2_ws/install/tuos_tb3_tools/bin'
[1.362s] INFO:colcon.colcon_core.shell:Creating package script '/home/student/ros2_ws/install/tuos_tb3_tools/share/tuos_tb3_tools/package.ps1'
[1.363s] INFO:colcon.colcon_core.shell:Creating package descriptor '/home/student/ros2_ws/install/tuos_tb3_tools/share/tuos_tb3_tools/package.dsv'
[1.363s] INFO:colcon.colcon_core.shell:Creating package script '/home/student/ros2_ws/install/tuos_tb3_tools/share/tuos_tb3_tools/package.sh'
[1.364s] INFO:colcon.colcon_core.shell:Creating package script '/home/student/ros2_ws/install/tuos_tb3_tools/share/tuos_tb3_tools/package.bash'
[1.364s] INFO:colcon.colcon_core.shell:Creating package script '/home/student/ros2_ws/install/tuos_tb3_tools/share/tuos_tb3_tools/package.zsh'
[1.365s] Level 1:colcon.colcon_core.environment:create_file_with_runtime_dependencies(/home/student/ros2_ws/install/tuos_tb3_tools/share/colcon-core/packages/tuos_tb3_tools)
[1.365s] Level 1:colcon.colcon_core.environment:create_environment_scripts_only(tuos_tb3_tools)
[1.366s] Level 1:colcon.colcon_core.environment:checking '/home/student/ros2_ws/install/tuos_tb3_tools' for CMake module files
[1.366s] Level 1:colcon.colcon_core.environment:checking '/home/student/ros2_ws/install/tuos_tb3_tools' for CMake config files
[1.366s] Level 1:colcon.colcon_core.shell:create_environment_hook('tuos_tb3_tools', 'cmake_prefix_path')
[1.367s] INFO:colcon.colcon_core.shell:Creating environment hook '/home/student/ros2_ws/install/tuos_tb3_tools/share/tuos_tb3_tools/hook/cmake_prefix_path.ps1'
[1.367s] INFO:colcon.colcon_core.shell:Creating environment descriptor '/home/student/ros2_ws/install/tuos_tb3_tools/share/tuos_tb3_tools/hook/cmake_prefix_path.dsv'
[1.368s] INFO:colcon.colcon_core.shell:Creating environment hook '/home/student/ros2_ws/install/tuos_tb3_tools/share/tuos_tb3_tools/hook/cmake_prefix_path.sh'
[1.368s] Level 1:colcon.colcon_core.environment:checking '/home/student/ros2_ws/install/tuos_tb3_tools/lib'
[1.368s] Level 1:colcon.colcon_core.environment:checking '/home/student/ros2_ws/install/tuos_tb3_tools/bin'
[1.368s] Level 1:colcon.colcon_core.environment:checking '/home/student/ros2_ws/install/tuos_tb3_tools/lib/pkgconfig/tuos_tb3_tools.pc'
[1.369s] Level 1:colcon.colcon_core.environment:checking '/home/student/ros2_ws/install/tuos_tb3_tools/lib/python3.10/site-packages'
[1.369s] Level 1:colcon.colcon_core.environment:checking '/home/student/ros2_ws/install/tuos_tb3_tools/bin'
[1.369s] INFO:colcon.colcon_core.shell:Creating package script '/home/student/ros2_ws/install/tuos_tb3_tools/share/tuos_tb3_tools/package.ps1'
[1.370s] INFO:colcon.colcon_core.shell:Creating package descriptor '/home/student/ros2_ws/install/tuos_tb3_tools/share/tuos_tb3_tools/package.dsv'
[1.371s] INFO:colcon.colcon_core.shell:Creating package script '/home/student/ros2_ws/install/tuos_tb3_tools/share/tuos_tb3_tools/package.sh'
[1.371s] INFO:colcon.colcon_core.shell:Creating package script '/home/student/ros2_ws/install/tuos_tb3_tools/share/tuos_tb3_tools/package.bash'
[1.372s] INFO:colcon.colcon_core.shell:Creating package script '/home/student/ros2_ws/install/tuos_tb3_tools/share/tuos_tb3_tools/package.zsh'
[1.372s] Level 1:colcon.colcon_core.environment:create_file_with_runtime_dependencies(/home/student/ros2_ws/install/tuos_tb3_tools/share/colcon-core/packages/tuos_tb3_tools)
[1.411s] DEBUG:colcon.colcon_core.event_handler.log_command:Invoking command in '/home/student/ros2_ws/build/com2009_simulations': CMAKE_PREFIX_PATH=/home/student/ros2_ws/install/tuos_simulations:/home/student/ros2_ws/install/tuos_ros:/home/student/ros2_ws/install/tuos_tb3_tools:/home/student/ros2_ws/install/com2009_simulations:/home/student/ros2_ws/install/tuos_interfaces:/home/student/ros2_ws/install/tuos_examples:/home/student/ros2_ws/install/part1_pubsub:/opt/ros/humble /usr/bin/cmake --build /home/student/ros2_ws/build/com2009_simulations -- -j16 -l16
[1.466s] DEBUG:colcon.colcon_core.event_handler.log_command:Invoked command in '/home/student/ros2_ws/build/com2009_simulations' returned '0': CMAKE_PREFIX_PATH=/home/student/ros2_ws/install/tuos_simulations:/home/student/ros2_ws/install/tuos_ros:/home/student/ros2_ws/install/tuos_tb3_tools:/home/student/ros2_ws/install/com2009_simulations:/home/student/ros2_ws/install/tuos_interfaces:/home/student/ros2_ws/install/tuos_examples:/home/student/ros2_ws/install/part1_pubsub:/opt/ros/humble /usr/bin/cmake --build /home/student/ros2_ws/build/com2009_simulations -- -j16 -l16
[1.468s] DEBUG:colcon.colcon_core.event_handler.log_command:Invoking command in '/home/student/ros2_ws/build/com2009_simulations': CMAKE_PREFIX_PATH=/home/student/ros2_ws/install/tuos_simulations:/home/student/ros2_ws/install/tuos_ros:/home/student/ros2_ws/install/tuos_tb3_tools:/home/student/ros2_ws/install/com2009_simulations:/home/student/ros2_ws/install/tuos_interfaces:/home/student/ros2_ws/install/tuos_examples:/home/student/ros2_ws/install/part1_pubsub:/opt/ros/humble /usr/bin/cmake --install /home/student/ros2_ws/build/com2009_simulations
[1.489s] Level 1:colcon.colcon_core.environment:create_environment_scripts_only(com2009_simulations)
[1.489s] DEBUG:colcon.colcon_core.event_handler.log_command:Invoked command in '/home/student/ros2_ws/build/com2009_simulations' returned '0': CMAKE_PREFIX_PATH=/home/student/ros2_ws/install/tuos_simulations:/home/student/ros2_ws/install/tuos_ros:/home/student/ros2_ws/install/tuos_tb3_tools:/home/student/ros2_ws/install/com2009_simulations:/home/student/ros2_ws/install/tuos_interfaces:/home/student/ros2_ws/install/tuos_examples:/home/student/ros2_ws/install/part1_pubsub:/opt/ros/humble /usr/bin/cmake --install /home/student/ros2_ws/build/com2009_simulations
[1.489s] Level 1:colcon.colcon_core.environment:checking '/home/student/ros2_ws/install/com2009_simulations' for CMake module files
[1.491s] Level 1:colcon.colcon_core.environment:checking '/home/student/ros2_ws/install/com2009_simulations' for CMake config files
[1.491s] Level 1:colcon.colcon_core.shell:create_environment_hook('com2009_simulations', 'cmake_prefix_path')
[1.492s] INFO:colcon.colcon_core.shell:Creating environment hook '/home/student/ros2_ws/install/com2009_simulations/share/com2009_simulations/hook/cmake_prefix_path.ps1'
[1.493s] INFO:colcon.colcon_core.shell:Creating environment descriptor '/home/student/ros2_ws/install/com2009_simulations/share/com2009_simulations/hook/cmake_prefix_path.dsv'
[1.493s] INFO:colcon.colcon_core.shell:Creating environment hook '/home/student/ros2_ws/install/com2009_simulations/share/com2009_simulations/hook/cmake_prefix_path.sh'
[1.494s] Level 1:colcon.colcon_core.environment:checking '/home/student/ros2_ws/install/com2009_simulations/bin'
[1.494s] Level 1:colcon.colcon_core.environment:checking '/home/student/ros2_ws/install/com2009_simulations/lib/pkgconfig/com2009_simulations.pc'
[1.494s] Level 1:colcon.colcon_core.environment:checking '/home/student/ros2_ws/install/com2009_simulations/lib/python3.10/site-packages'
[1.494s] Level 1:colcon.colcon_core.environment:checking '/home/student/ros2_ws/install/com2009_simulations/bin'
[1.495s] INFO:colcon.colcon_core.shell:Creating package script '/home/student/ros2_ws/install/com2009_simulations/share/com2009_simulations/package.ps1'
[1.495s] INFO:colcon.colcon_core.shell:Creating package descriptor '/home/student/ros2_ws/install/com2009_simulations/share/com2009_simulations/package.dsv'
[1.496s] INFO:colcon.colcon_core.shell:Creating package script '/home/student/ros2_ws/install/com2009_simulations/share/com2009_simulations/package.sh'
[1.496s] INFO:colcon.colcon_core.shell:Creating package script '/home/student/ros2_ws/install/com2009_simulations/share/com2009_simulations/package.bash'
[1.496s] INFO:colcon.colcon_core.shell:Creating package script '/home/student/ros2_ws/install/com2009_simulations/share/com2009_simulations/package.zsh'
[1.497s] Level 1:colcon.colcon_core.environment:create_file_with_runtime_dependencies(/home/student/ros2_ws/install/com2009_simulations/share/colcon-core/packages/com2009_simulations)
[1.498s] Level 1:colcon.colcon_core.environment:create_environment_scripts_only(com2009_simulations)
[1.498s] Level 1:colcon.colcon_core.environment:checking '/home/student/ros2_ws/install/com2009_simulations' for CMake module files
[1.499s] Level 1:colcon.colcon_core.environment:checking '/home/student/ros2_ws/install/com2009_simulations' for CMake config files
[1.499s] Level 1:colcon.colcon_core.shell:create_environment_hook('com2009_simulations', 'cmake_prefix_path')
[1.499s] INFO:colcon.colcon_core.shell:Creating environment hook '/home/student/ros2_ws/install/com2009_simulations/share/com2009_simulations/hook/cmake_prefix_path.ps1'
[1.500s] INFO:colcon.colcon_core.shell:Creating environment descriptor '/home/student/ros2_ws/install/com2009_simulations/share/com2009_simulations/hook/cmake_prefix_path.dsv'
[1.500s] INFO:colcon.colcon_core.shell:Creating environment hook '/home/student/ros2_ws/install/com2009_simulations/share/com2009_simulations/hook/cmake_prefix_path.sh'
[1.501s] Level 1:colcon.colcon_core.environment:checking '/home/student/ros2_ws/install/com2009_simulations/bin'
[1.501s] Level 1:colcon.colcon_core.environment:checking '/home/student/ros2_ws/install/com2009_simulations/lib/pkgconfig/com2009_simulations.pc'
[1.501s] Level 1:colcon.colcon_core.environment:checking '/home/student/ros2_ws/install/com2009_simulations/lib/python3.10/site-packages'
[1.501s] Level 1:colcon.colcon_core.environment:checking '/home/student/ros2_ws/install/com2009_simulations/bin'
[1.502s] INFO:colcon.colcon_core.shell:Creating package script '/home/student/ros2_ws/install/com2009_simulations/share/com2009_simulations/package.ps1'
[1.502s] INFO:colcon.colcon_core.shell:Creating package descriptor '/home/student/ros2_ws/install/com2009_simulations/share/com2009_simulations/package.dsv'
[1.503s] INFO:colcon.colcon_core.shell:Creating package script '/home/student/ros2_ws/install/com2009_simulations/share/com2009_simulations/package.sh'
[1.504s] INFO:colcon.colcon_core.shell:Creating package script '/home/student/ros2_ws/install/com2009_simulations/share/com2009_simulations/package.bash'
[1.504s] INFO:colcon.colcon_core.shell:Creating package script '/home/student/ros2_ws/install/com2009_simulations/share/com2009_simulations/package.zsh'
[1.504s] Level 1:colcon.colcon_core.environment:create_file_with_runtime_dependencies(/home/student/ros2_ws/install/com2009_simulations/share/colcon-core/packages/com2009_simulations)
[1.657s] DEBUG:colcon.colcon_core.event_handler.log_command:Invoked command in '/home/student/ros2_ws/build/tuos_examples' returned '0': CMAKE_PREFIX_PATH=${CMAKE_PREFIX_PATH}:/opt/ros/humble /usr/bin/cmake --build /home/student/ros2_ws/build/tuos_examples -- -j16 -l16
[1.660s] DEBUG:colcon.colcon_core.event_handler.log_command:Invoking command in '/home/student/ros2_ws/build/tuos_examples': CMAKE_PREFIX_PATH=${CMAKE_PREFIX_PATH}:/opt/ros/humble /usr/bin/cmake --install /home/student/ros2_ws/build/tuos_examples
[1.669s] DEBUG:colcon.colcon_core.event_handler.log_command:Invoked command in '/home/student/ros2_ws/build/tuos_interfaces' returned '0': CMAKE_PREFIX_PATH=${CMAKE_PREFIX_PATH}:/opt/ros/humble /usr/bin/cmake --build /home/student/ros2_ws/build/tuos_interfaces -- -j16 -l16
[1.678s] DEBUG:colcon.colcon_core.event_handler.log_command:Invoking command in '/home/student/ros2_ws/build/tuos_interfaces': CMAKE_PREFIX_PATH=${CMAKE_PREFIX_PATH}:/opt/ros/humble /usr/bin/cmake --install /home/student/ros2_ws/build/tuos_interfaces
[1.726s] Level 1:colcon.colcon_core.environment:create_environment_scripts_only(tuos_examples)
[1.726s] Level 1:colcon.colcon_core.environment:checking '/home/student/ros2_ws/install/tuos_examples' for CMake module files
[1.727s] DEBUG:colcon.colcon_core.event_handler.log_command:Invoked command in '/home/student/ros2_ws/build/tuos_examples' returned '0': CMAKE_PREFIX_PATH=${CMAKE_PREFIX_PATH}:/opt/ros/humble /usr/bin/cmake --install /home/student/ros2_ws/build/tuos_examples
[1.728s] Level 1:colcon.colcon_core.environment:checking '/home/student/ros2_ws/install/tuos_examples' for CMake config files
[1.728s] Level 1:colcon.colcon_core.shell:create_environment_hook('tuos_examples', 'cmake_prefix_path')
[1.728s] INFO:colcon.colcon_core.shell:Creating environment hook '/home/student/ros2_ws/install/tuos_examples/share/tuos_examples/hook/cmake_prefix_path.ps1'
[1.729s] INFO:colcon.colcon_core.shell:Creating environment descriptor '/home/student/ros2_ws/install/tuos_examples/share/tuos_examples/hook/cmake_prefix_path.dsv'
[1.729s] INFO:colcon.colcon_core.shell:Creating environment hook '/home/student/ros2_ws/install/tuos_examples/share/tuos_examples/hook/cmake_prefix_path.sh'
[1.730s] Level 1:colcon.colcon_core.environment:checking '/home/student/ros2_ws/install/tuos_examples/lib'
[1.730s] Level 1:colcon.colcon_core.environment:checking '/home/student/ros2_ws/install/tuos_examples/bin'
[1.730s] Level 1:colcon.colcon_core.environment:checking '/home/student/ros2_ws/install/tuos_examples/lib/pkgconfig/tuos_examples.pc'
[1.730s] Level 1:colcon.colcon_core.environment:checking '/home/student/ros2_ws/install/tuos_examples/lib/python3.10/site-packages'
[1.730s] Level 1:colcon.colcon_core.environment:checking '/home/student/ros2_ws/install/tuos_examples/bin'
[1.731s] INFO:colcon.colcon_core.shell:Creating package script '/home/student/ros2_ws/install/tuos_examples/share/tuos_examples/package.ps1'
[1.731s] INFO:colcon.colcon_core.shell:Creating package descriptor '/home/student/ros2_ws/install/tuos_examples/share/tuos_examples/package.dsv'
[1.732s] INFO:colcon.colcon_core.shell:Creating package script '/home/student/ros2_ws/install/tuos_examples/share/tuos_examples/package.sh'
[1.732s] INFO:colcon.colcon_core.shell:Creating package script '/home/student/ros2_ws/install/tuos_examples/share/tuos_examples/package.bash'
[1.732s] INFO:colcon.colcon_core.shell:Creating package script '/home/student/ros2_ws/install/tuos_examples/share/tuos_examples/package.zsh'
[1.733s] Level 1:colcon.colcon_core.environment:create_file_with_runtime_dependencies(/home/student/ros2_ws/install/tuos_examples/share/colcon-core/packages/tuos_examples)
[1.733s] Level 1:colcon.colcon_core.environment:create_environment_scripts_only(tuos_examples)
[1.734s] Level 1:colcon.colcon_core.environment:checking '/home/student/ros2_ws/install/tuos_examples' for CMake module files
[1.734s] Level 1:colcon.colcon_core.environment:checking '/home/student/ros2_ws/install/tuos_examples' for CMake config files
[1.735s] Level 1:colcon.colcon_core.shell:create_environment_hook('tuos_examples', 'cmake_prefix_path')
[1.735s] INFO:colcon.colcon_core.shell:Creating environment hook '/home/student/ros2_ws/install/tuos_examples/share/tuos_examples/hook/cmake_prefix_path.ps1'
[1.735s] INFO:colcon.colcon_core.shell:Creating environment descriptor '/home/student/ros2_ws/install/tuos_examples/share/tuos_examples/hook/cmake_prefix_path.dsv'
[1.736s] INFO:colcon.colcon_core.shell:Creating environment hook '/home/student/ros2_ws/install/tuos_examples/share/tuos_examples/hook/cmake_prefix_path.sh'
[1.736s] Level 1:colcon.colcon_core.environment:checking '/home/student/ros2_ws/install/tuos_examples/lib'
[1.736s] Level 1:colcon.colcon_core.environment:checking '/home/student/ros2_ws/install/tuos_examples/bin'
[1.736s] Level 1:colcon.colcon_core.environment:checking '/home/student/ros2_ws/install/tuos_examples/lib/pkgconfig/tuos_examples.pc'
[1.737s] Level 1:colcon.colcon_core.environment:checking '/home/student/ros2_ws/install/tuos_examples/lib/python3.10/site-packages'
[1.737s] Level 1:colcon.colcon_core.environment:checking '/home/student/ros2_ws/install/tuos_examples/bin'
[1.737s] INFO:colcon.colcon_core.shell:Creating package script '/home/student/ros2_ws/install/tuos_examples/share/tuos_examples/package.ps1'
[1.738s] INFO:colcon.colcon_core.shell:Creating package descriptor '/home/student/ros2_ws/install/tuos_examples/share/tuos_examples/package.dsv'
[1.738s] INFO:colcon.colcon_core.shell:Creating package script '/home/student/ros2_ws/install/tuos_examples/share/tuos_examples/package.sh'
[1.739s] INFO:colcon.colcon_core.shell:Creating package script '/home/student/ros2_ws/install/tuos_examples/share/tuos_examples/package.bash'
[1.740s] INFO:colcon.colcon_core.shell:Creating package script '/home/student/ros2_ws/install/tuos_examples/share/tuos_examples/package.zsh'
[1.741s] Level 1:colcon.colcon_core.environment:create_file_with_runtime_dependencies(/home/student/ros2_ws/install/tuos_examples/share/colcon-core/packages/tuos_examples)
[1.764s] Level 1:colcon.colcon_core.environment:create_environment_scripts_only(tuos_interfaces)
[1.765s] Level 1:colcon.colcon_core.environment:checking '/home/student/ros2_ws/install/tuos_interfaces' for CMake module files
[1.766s] DEBUG:colcon.colcon_core.event_handler.log_command:Invoked command in '/home/student/ros2_ws/build/tuos_interfaces' returned '0': CMAKE_PREFIX_PATH=${CMAKE_PREFIX_PATH}:/opt/ros/humble /usr/bin/cmake --install /home/student/ros2_ws/build/tuos_interfaces
[1.766s] Level 1:colcon.colcon_core.environment:checking '/home/student/ros2_ws/install/tuos_interfaces' for CMake config files
[1.767s] Level 1:colcon.colcon_core.shell:create_environment_hook('tuos_interfaces', 'cmake_prefix_path')
[1.767s] INFO:colcon.colcon_core.shell:Creating environment hook '/home/student/ros2_ws/install/tuos_interfaces/share/tuos_interfaces/hook/cmake_prefix_path.ps1'
[1.768s] INFO:colcon.colcon_core.shell:Creating environment descriptor '/home/student/ros2_ws/install/tuos_interfaces/share/tuos_interfaces/hook/cmake_prefix_path.dsv'
[1.768s] INFO:colcon.colcon_core.shell:Creating environment hook '/home/student/ros2_ws/install/tuos_interfaces/share/tuos_interfaces/hook/cmake_prefix_path.sh'
[1.769s] Level 1:colcon.colcon_core.environment:checking '/home/student/ros2_ws/install/tuos_interfaces/lib'
[1.769s] Level 1:colcon.colcon_core.shell:create_environment_hook('tuos_interfaces', 'ld_library_path_lib')
[1.769s] INFO:colcon.colcon_core.shell:Creating environment hook '/home/student/ros2_ws/install/tuos_interfaces/share/tuos_interfaces/hook/ld_library_path_lib.ps1'
[1.769s] INFO:colcon.colcon_core.shell:Creating environment descriptor '/home/student/ros2_ws/install/tuos_interfaces/share/tuos_interfaces/hook/ld_library_path_lib.dsv'
[1.770s] INFO:colcon.colcon_core.shell:Creating environment hook '/home/student/ros2_ws/install/tuos_interfaces/share/tuos_interfaces/hook/ld_library_path_lib.sh'
[1.770s] Level 1:colcon.colcon_core.environment:checking '/home/student/ros2_ws/install/tuos_interfaces/bin'
[1.770s] Level 1:colcon.colcon_core.environment:checking '/home/student/ros2_ws/install/tuos_interfaces/lib/pkgconfig/tuos_interfaces.pc'
[1.771s] Level 1:colcon.colcon_core.environment:checking '/home/student/ros2_ws/install/tuos_interfaces/lib/python3.10/site-packages'
[1.771s] Level 1:colcon.colcon_core.environment:checking '/home/student/ros2_ws/install/tuos_interfaces/bin'
[1.771s] INFO:colcon.colcon_core.shell:Creating package script '/home/student/ros2_ws/install/tuos_interfaces/share/tuos_interfaces/package.ps1'
[1.772s] INFO:colcon.colcon_core.shell:Creating package descriptor '/home/student/ros2_ws/install/tuos_interfaces/share/tuos_interfaces/package.dsv'
[1.772s] INFO:colcon.colcon_core.shell:Creating package script '/home/student/ros2_ws/install/tuos_interfaces/share/tuos_interfaces/package.sh'
[1.773s] INFO:colcon.colcon_core.shell:Creating package script '/home/student/ros2_ws/install/tuos_interfaces/share/tuos_interfaces/package.bash'
[1.774s] INFO:colcon.colcon_core.shell:Creating package script '/home/student/ros2_ws/install/tuos_interfaces/share/tuos_interfaces/package.zsh'
[1.774s] Level 1:colcon.colcon_core.environment:create_file_with_runtime_dependencies(/home/student/ros2_ws/install/tuos_interfaces/share/colcon-core/packages/tuos_interfaces)
[1.775s] Level 1:colcon.colcon_core.environment:create_environment_scripts_only(tuos_interfaces)
[1.775s] Level 1:colcon.colcon_core.environment:checking '/home/student/ros2_ws/install/tuos_interfaces' for CMake module files
[1.776s] Level 1:colcon.colcon_core.environment:checking '/home/student/ros2_ws/install/tuos_interfaces' for CMake config files
[1.777s] Level 1:colcon.colcon_core.shell:create_environment_hook('tuos_interfaces', 'cmake_prefix_path')
[1.777s] INFO:colcon.colcon_core.shell:Creating environment hook '/home/student/ros2_ws/install/tuos_interfaces/share/tuos_interfaces/hook/cmake_prefix_path.ps1'
[1.777s] INFO:colcon.colcon_core.shell:Creating environment descriptor '/home/student/ros2_ws/install/tuos_interfaces/share/tuos_interfaces/hook/cmake_prefix_path.dsv'
[1.778s] INFO:colcon.colcon_core.shell:Creating environment hook '/home/student/ros2_ws/install/tuos_interfaces/share/tuos_interfaces/hook/cmake_prefix_path.sh'
[1.778s] Level 1:colcon.colcon_core.environment:checking '/home/student/ros2_ws/install/tuos_interfaces/lib'
[1.778s] Level 1:colcon.colcon_core.shell:create_environment_hook('tuos_interfaces', 'ld_library_path_lib')
[1.779s] INFO:colcon.colcon_core.shell:Creating environment hook '/home/student/ros2_ws/install/tuos_interfaces/share/tuos_interfaces/hook/ld_library_path_lib.ps1'
[1.779s] INFO:colcon.colcon_core.shell:Creating environment descriptor '/home/student/ros2_ws/install/tuos_interfaces/share/tuos_interfaces/hook/ld_library_path_lib.dsv'
[1.779s] INFO:colcon.colcon_core.shell:Creating environment hook '/home/student/ros2_ws/install/tuos_interfaces/share/tuos_interfaces/hook/ld_library_path_lib.sh'
[1.780s] Level 1:colcon.colcon_core.environment:checking '/home/student/ros2_ws/install/tuos_interfaces/bin'
[1.780s] Level 1:colcon.colcon_core.environment:checking '/home/student/ros2_ws/install/tuos_interfaces/lib/pkgconfig/tuos_interfaces.pc'
[1.780s] Level 1:colcon.colcon_core.environment:checking '/home/student/ros2_ws/install/tuos_interfaces/lib/python3.10/site-packages'
[1.780s] Level 1:colcon.colcon_core.environment:checking '/home/student/ros2_ws/install/tuos_interfaces/bin'
[1.781s] INFO:colcon.colcon_core.shell:Creating package script '/home/student/ros2_ws/install/tuos_interfaces/share/tuos_interfaces/package.ps1'
[1.782s] INFO:colcon.colcon_core.shell:Creating package descriptor '/home/student/ros2_ws/install/tuos_interfaces/share/tuos_interfaces/package.dsv'
[1.782s] INFO:colcon.colcon_core.shell:Creating package script '/home/student/ros2_ws/install/tuos_interfaces/share/tuos_interfaces/package.sh'
[1.783s] INFO:colcon.colcon_core.shell:Creating package script '/home/student/ros2_ws/install/tuos_interfaces/share/tuos_interfaces/package.bash'
[1.783s] INFO:colcon.colcon_core.shell:Creating package script '/home/student/ros2_ws/install/tuos_interfaces/share/tuos_interfaces/package.zsh'
[1.784s] Level 1:colcon.colcon_core.environment:create_file_with_runtime_dependencies(/home/student/ros2_ws/install/tuos_interfaces/share/colcon-core/packages/tuos_interfaces)
[1.784s] INFO:colcon.colcon_ros.task.ament_cmake.build:Building ROS package in '/home/student/ros2_ws/src/tuos_ros/tuos_ros' with build type 'ament_cmake'
[1.784s] INFO:colcon.colcon_cmake.task.cmake.build:Building CMake package in '/home/student/ros2_ws/src/tuos_ros/tuos_ros'
[1.785s] INFO:colcon.colcon_core.shell:Skip shell extension 'powershell' for command environment: Not usable outside of PowerShell
[1.785s] DEBUG:colcon.colcon_core.shell:Skip shell extension 'dsv' for command environment
[2.170s] DEBUG:colcon.colcon_core.event_handler.log_command:Invoking command in '/home/student/ros2_ws/build/tuos_ros': CMAKE_PREFIX_PATH=/home/student/ros2_ws/install/com2009_simulations:/home/student/ros2_ws/install/tuos_tb3_tools:/home/student/ros2_ws/install/tuos_simulations:/home/student/ros2_ws/install/tuos_interfaces:/home/student/ros2_ws/install/tuos_examples:/home/student/ros2_ws/install/tuos_ros:/home/student/ros2_ws/install/part1_pubsub:/opt/ros/humble LD_LIBRARY_PATH=/home/student/ros2_ws/install/tuos_interfaces/lib:/home/student/ros2_ws/install/part1_pubsub/lib:/usr/lib/x86_64-linux-gnu/gazebo-11/plugins:/opt/ros/humble/opt/rviz_ogre_vendor/lib:/opt/ros/humble/lib/x86_64-linux-gnu:/opt/ros/humble/lib:/usr/share/gazebo/../../lib/x86_64-linux-gnu/gazebo-11/plugins /usr/bin/cmake --build /home/student/ros2_ws/build/tuos_ros -- -j16 -l16
[2.213s] DEBUG:colcon.colcon_core.event_handler.log_command:Invoked command in '/home/student/ros2_ws/build/tuos_ros' returned '0': CMAKE_PREFIX_PATH=/home/student/ros2_ws/install/com2009_simulations:/home/student/ros2_ws/install/tuos_tb3_tools:/home/student/ros2_ws/install/tuos_simulations:/home/student/ros2_ws/install/tuos_interfaces:/home/student/ros2_ws/install/tuos_examples:/home/student/ros2_ws/install/tuos_ros:/home/student/ros2_ws/install/part1_pubsub:/opt/ros/humble LD_LIBRARY_PATH=/home/student/ros2_ws/install/tuos_interfaces/lib:/home/student/ros2_ws/install/part1_pubsub/lib:/usr/lib/x86_64-linux-gnu/gazebo-11/plugins:/opt/ros/humble/opt/rviz_ogre_vendor/lib:/opt/ros/humble/lib/x86_64-linux-gnu:/opt/ros/humble/lib:/usr/share/gazebo/../../lib/x86_64-linux-gnu/gazebo-11/plugins /usr/bin/cmake --build /home/student/ros2_ws/build/tuos_ros -- -j16 -l16
[2.216s] DEBUG:colcon.colcon_core.event_handler.log_command:Invoking command in '/home/student/ros2_ws/build/tuos_ros': CMAKE_PREFIX_PATH=/home/student/ros2_ws/install/com2009_simulations:/home/student/ros2_ws/install/tuos_tb3_tools:/home/student/ros2_ws/install/tuos_simulations:/home/student/ros2_ws/install/tuos_interfaces:/home/student/ros2_ws/install/tuos_examples:/home/student/ros2_ws/install/tuos_ros:/home/student/ros2_ws/install/part1_pubsub:/opt/ros/humble LD_LIBRARY_PATH=/home/student/ros2_ws/install/tuos_interfaces/lib:/home/student/ros2_ws/install/part1_pubsub/lib:/usr/lib/x86_64-linux-gnu/gazebo-11/plugins:/opt/ros/humble/opt/rviz_ogre_vendor/lib:/opt/ros/humble/lib/x86_64-linux-gnu:/opt/ros/humble/lib:/usr/share/gazebo/../../lib/x86_64-linux-gnu/gazebo-11/plugins /usr/bin/cmake --install /home/student/ros2_ws/build/tuos_ros
[2.229s] Level 1:colcon.colcon_core.environment:create_environment_scripts_only(tuos_ros)
[2.230s] Level 1:colcon.colcon_core.environment:checking '/home/student/ros2_ws/install/tuos_ros' for CMake module files
[2.231s] DEBUG:colcon.colcon_core.event_handler.log_command:Invoked command in '/home/student/ros2_ws/build/tuos_ros' returned '0': CMAKE_PREFIX_PATH=/home/student/ros2_ws/install/com2009_simulations:/home/student/ros2_ws/install/tuos_tb3_tools:/home/student/ros2_ws/install/tuos_simulations:/home/student/ros2_ws/install/tuos_interfaces:/home/student/ros2_ws/install/tuos_examples:/home/student/ros2_ws/install/tuos_ros:/home/student/ros2_ws/install/part1_pubsub:/opt/ros/humble LD_LIBRARY_PATH=/home/student/ros2_ws/install/tuos_interfaces/lib:/home/student/ros2_ws/install/part1_pubsub/lib:/usr/lib/x86_64-linux-gnu/gazebo-11/plugins:/opt/ros/humble/opt/rviz_ogre_vendor/lib:/opt/ros/humble/lib/x86_64-linux-gnu:/opt/ros/humble/lib:/usr/share/gazebo/../../lib/x86_64-linux-gnu/gazebo-11/plugins /usr/bin/cmake --install /home/student/ros2_ws/build/tuos_ros
[2.231s] Level 1:colcon.colcon_core.environment:checking '/home/student/ros2_ws/install/tuos_ros' for CMake config files
[2.232s] Level 1:colcon.colcon_core.shell:create_environment_hook('tuos_ros', 'cmake_prefix_path')
[2.232s] INFO:colcon.colcon_core.shell:Creating environment hook '/home/student/ros2_ws/install/tuos_ros/share/tuos_ros/hook/cmake_prefix_path.ps1'
[2.233s] INFO:colcon.colcon_core.shell:Creating environment descriptor '/home/student/ros2_ws/install/tuos_ros/share/tuos_ros/hook/cmake_prefix_path.dsv'
[2.233s] INFO:colcon.colcon_core.shell:Creating environment hook '/home/student/ros2_ws/install/tuos_ros/share/tuos_ros/hook/cmake_prefix_path.sh'
[2.234s] Level 1:colcon.colcon_core.environment:checking '/home/student/ros2_ws/install/tuos_ros/bin'
[2.234s] Level 1:colcon.colcon_core.environment:checking '/home/student/ros2_ws/install/tuos_ros/lib/pkgconfig/tuos_ros.pc'
[2.234s] Level 1:colcon.colcon_core.environment:checking '/home/student/ros2_ws/install/tuos_ros/lib/python3.10/site-packages'
[2.234s] Level 1:colcon.colcon_core.environment:checking '/home/student/ros2_ws/install/tuos_ros/bin'
[2.235s] INFO:colcon.colcon_core.shell:Creating package script '/home/student/ros2_ws/install/tuos_ros/share/tuos_ros/package.ps1'
[2.235s] INFO:colcon.colcon_core.shell:Creating package descriptor '/home/student/ros2_ws/install/tuos_ros/share/tuos_ros/package.dsv'
[2.236s] INFO:colcon.colcon_core.shell:Creating package script '/home/student/ros2_ws/install/tuos_ros/share/tuos_ros/package.sh'
[2.236s] INFO:colcon.colcon_core.shell:Creating package script '/home/student/ros2_ws/install/tuos_ros/share/tuos_ros/package.bash'
[2.236s] INFO:colcon.colcon_core.shell:Creating package script '/home/student/ros2_ws/install/tuos_ros/share/tuos_ros/package.zsh'
[2.237s] Level 1:colcon.colcon_core.environment:create_file_with_runtime_dependencies(/home/student/ros2_ws/install/tuos_ros/share/colcon-core/packages/tuos_ros)
[2.237s] Level 1:colcon.colcon_core.environment:create_environment_scripts_only(tuos_ros)
[2.237s] Level 1:colcon.colcon_core.environment:checking '/home/student/ros2_ws/install/tuos_ros' for CMake module files
[2.238s] Level 1:colcon.colcon_core.environment:checking '/home/student/ros2_ws/install/tuos_ros' for CMake config files
[2.238s] Level 1:colcon.colcon_core.shell:create_environment_hook('tuos_ros', 'cmake_prefix_path')
[2.238s] INFO:colcon.colcon_core.shell:Creating environment hook '/home/student/ros2_ws/install/tuos_ros/share/tuos_ros/hook/cmake_prefix_path.ps1'
[2.239s] INFO:colcon.colcon_core.shell:Creating environment descriptor '/home/student/ros2_ws/install/tuos_ros/share/tuos_ros/hook/cmake_prefix_path.dsv'
[2.239s] INFO:colcon.colcon_core.shell:Creating environment hook '/home/student/ros2_ws/install/tuos_ros/share/tuos_ros/hook/cmake_prefix_path.sh'
[2.240s] Level 1:colcon.colcon_core.environment:checking '/home/student/ros2_ws/install/tuos_ros/bin'
[2.241s] Level 1:colcon.colcon_core.environment:checking '/home/student/ros2_ws/install/tuos_ros/lib/pkgconfig/tuos_ros.pc'
[2.241s] Level 1:colcon.colcon_core.environment:checking '/home/student/ros2_ws/install/tuos_ros/lib/python3.10/site-packages'
[2.241s] Level 1:colcon.colcon_core.environment:checking '/home/student/ros2_ws/install/tuos_ros/bin'
[2.241s] INFO:colcon.colcon_core.shell:Creating package script '/home/student/ros2_ws/install/tuos_ros/share/tuos_ros/package.ps1'
[2.242s] INFO:colcon.colcon_core.shell:Creating package descriptor '/home/student/ros2_ws/install/tuos_ros/share/tuos_ros/package.dsv'
[2.242s] INFO:colcon.colcon_core.shell:Creating package script '/home/student/ros2_ws/install/tuos_ros/share/tuos_ros/package.sh'
[2.243s] INFO:colcon.colcon_core.shell:Creating package script '/home/student/ros2_ws/install/tuos_ros/share/tuos_ros/package.bash'
[2.243s] INFO:colcon.colcon_core.shell:Creating package script '/home/student/ros2_ws/install/tuos_ros/share/tuos_ros/package.zsh'
[2.244s] Level 1:colcon.colcon_core.environment:create_file_with_runtime_dependencies(/home/student/ros2_ws/install/tuos_ros/share/colcon-core/packages/tuos_ros)
[2.244s] DEBUG:colcon.colcon_parallel_executor.executor.parallel:closing loop
[2.245s] DEBUG:colcon.colcon_parallel_executor.executor.parallel:loop closed
[2.245s] DEBUG:colcon.colcon_parallel_executor.executor.parallel:run_until_complete finished with '0'
[2.245s] DEBUG:colcon.colcon_core.event_reactor:joining thread
[2.310s] INFO:colcon.colcon_core.plugin_system:Skipping extension 'colcon_notification.desktop_notification.notify_send': Could not find 'notify-send'
[2.310s] INFO:colcon.colcon_core.plugin_system:Skipping extension 'colcon_notification.desktop_notification.terminal_notifier': Not used on non-Darwin systems
[2.310s] INFO:colcon.colcon_core.plugin_system:Skipping extension 'colcon_notification.desktop_notification.win32': Not used on non-Windows systems
[2.310s] INFO:colcon.colcon_notification.desktop_notification:Sending desktop notification using 'notify2'
[2.381s] DEBUG:colcon.colcon_notification.desktop_notification.notify2:Failed to initialize notify2: org.freedesktop.DBus.Error.Spawn.ExecFailed: /usr/bin/dbus-launch terminated abnormally without any error message
[2.381s] DEBUG:colcon.colcon_core.event_reactor:joined thread
[2.382s] INFO:colcon.colcon_core.shell:Creating prefix script '/home/student/ros2_ws/install/local_setup.ps1'
[2.384s] INFO:colcon.colcon_core.shell:Creating prefix util module '/home/student/ros2_ws/install/_local_setup_util_ps1.py'
[2.386s] INFO:colcon.colcon_core.shell:Creating prefix chain script '/home/student/ros2_ws/install/setup.ps1'
[2.388s] INFO:colcon.colcon_core.shell:Creating prefix script '/home/student/ros2_ws/install/local_setup.sh'
[2.389s] INFO:colcon.colcon_core.shell:Creating prefix util module '/home/student/ros2_ws/install/_local_setup_util_sh.py'
[2.389s] INFO:colcon.colcon_core.shell:Creating prefix chain script '/home/student/ros2_ws/install/setup.sh'
[2.391s] INFO:colcon.colcon_core.shell:Creating prefix script '/home/student/ros2_ws/install/local_setup.bash'
[2.392s] INFO:colcon.colcon_core.shell:Creating prefix chain script '/home/student/ros2_ws/install/setup.bash'
[2.394s] INFO:colcon.colcon_core.shell:Creating prefix script '/home/student/ros2_ws/install/local_setup.zsh'
[2.395s] INFO:colcon.colcon_core.shell:Creating prefix chain script '/home/student/ros2_ws/install/setup.zsh'
