[0.043s] Invoking command in '/home/student/ros2_ws/build/part5_actions': CMAKE_PREFIX_PATH=${CMAKE_PREFIX_PATH}:/opt/ros/humble /usr/bin/cmake --build /home/student/ros2_ws/build/part5_actions -- -j16 -l16
[0.203s] [  3%] Built target part5_actions__cpp
[0.282s] [  3%] Built target ament_cmake_python_symlink_part5_actions_modules
[0.343s] [ 12%] Built target part5_actions__rosidl_typesupport_introspection_cpp
[1.018s] running egg_info
[1.019s] writing part5_actions_modules.egg-info/PKG-INFO
[1.020s] writing dependency_links to part5_actions_modules.egg-info/dependency_links.txt
[1.021s] writing top-level names to part5_actions_modules.egg-info/top_level.txt
[1.025s] reading manifest file 'part5_actions_modules.egg-info/SOURCES.txt'
[1.027s] writing manifest file 'part5_actions_modules.egg-info/SOURCES.txt'
[1.124s] [ 12%] Built target ament_cmake_python_build_part5_actions_modules_egg
[1.183s] [ 21%] Built target part5_actions__rosidl_typesupport_fastrtps_cpp
[1.253s] [ 30%] Built target part5_actions__rosidl_typesupport_cpp
[1.315s] [ 36%] Built target cpp_executable
[1.401s] [ 36%] Built target ament_cmake_python_symlink_part5_actions
[1.459s] [ 45%] Built target part5_actions__rosidl_generator_c
[2.115s] running egg_info
[2.116s] writing part5_actions.egg-info/PKG-INFO
[2.118s] writing dependency_links to part5_actions.egg-info/dependency_links.txt
[2.119s] writing top-level names to part5_actions.egg-info/top_level.txt
[2.126s] reading manifest file 'part5_actions.egg-info/SOURCES.txt'
[2.130s] writing manifest file 'part5_actions.egg-info/SOURCES.txt'
[2.212s] [ 45%] Built target ament_cmake_python_build_part5_actions_egg
[2.269s] [ 54%] Built target part5_actions__rosidl_typesupport_c
[2.323s] [ 63%] Built target part5_actions__rosidl_typesupport_introspection_c
[2.386s] [ 72%] Built target part5_actions__rosidl_typesupport_fastrtps_c
[2.448s] [ 72%] Built target part5_actions
[2.506s] [ 75%] Built target part5_actions__py
[2.567s] [ 81%] Built target part5_actions__rosidl_generator_py
[2.634s] [ 87%] Built target part5_actions__rosidl_typesupport_fastrtps_c__pyext
[2.703s] [ 93%] Built target part5_actions__rosidl_typesupport_c__pyext
[2.753s] [100%] Built target part5_actions__rosidl_typesupport_introspection_c__pyext
[2.784s] Invoked command in '/home/student/ros2_ws/build/part5_actions' returned '0': CMAKE_PREFIX_PATH=${CMAKE_PREFIX_PATH}:/opt/ros/humble /usr/bin/cmake --build /home/student/ros2_ws/build/part5_actions -- -j16 -l16
[2.806s] Invoking command in '/home/student/ros2_ws/build/part5_actions': CMAKE_PREFIX_PATH=${CMAKE_PREFIX_PATH}:/opt/ros/humble /usr/bin/cmake --install /home/student/ros2_ws/build/part5_actions
[2.825s] -- Install configuration: ""
[2.826s] -- Execute custom install script
[2.828s] -- Up-to-date symlink: /home/student/ros2_ws/install/part5_actions/share/ament_index/resource_index/rosidl_interfaces/part5_actions
[2.829s] -- Up-to-date symlink: /home/student/ros2_ws/install/part5_actions/include/part5_actions/part5_actions/action/detail/explore_forward__functions.h
[2.833s] -- Up-to-date symlink: /home/student/ros2_ws/install/part5_actions/include/part5_actions/part5_actions/action/detail/explore_forward__struct.h
[2.834s] -- Up-to-date symlink: /home/student/ros2_ws/install/part5_actions/include/part5_actions/part5_actions/action/detail/explore_forward__type_support.h
[2.836s] -- Up-to-date symlink: /home/student/ros2_ws/install/part5_actions/include/part5_actions/part5_actions/action/explore_forward.h
[2.837s] -- Up-to-date symlink: /home/student/ros2_ws/install/part5_actions/include/part5_actions/part5_actions/msg/rosidl_generator_c__visibility_control.h
[2.839s] -- Up-to-date symlink: /home/student/ros2_ws/install/part5_actions/share/part5_actions/environment/library_path.sh
[2.841s] -- Up-to-date symlink: /home/student/ros2_ws/install/part5_actions/share/part5_actions/environment/library_path.dsv
[2.844s] -- Up-to-date symlink: /home/student/ros2_ws/install/part5_actions/include/part5_actions/part5_actions/action/detail/explore_forward__rosidl_typesupport_fastrtps_c.h
[2.844s] -- Up-to-date symlink: /home/student/ros2_ws/install/part5_actions/include/part5_actions/part5_actions/msg/rosidl_typesupport_fastrtps_c__visibility_control.h
[2.845s] -- Up-to-date symlink: /home/student/ros2_ws/install/part5_actions/include/part5_actions/part5_actions/action/detail/explore_forward__builder.hpp
[2.845s] -- Up-to-date symlink: /home/student/ros2_ws/install/part5_actions/include/part5_actions/part5_actions/action/detail/explore_forward__struct.hpp
[2.845s] -- Up-to-date symlink: /home/student/ros2_ws/install/part5_actions/include/part5_actions/part5_actions/action/detail/explore_forward__traits.hpp
[2.846s] -- Up-to-date symlink: /home/student/ros2_ws/install/part5_actions/include/part5_actions/part5_actions/action/detail/explore_forward__type_support.hpp
[2.846s] -- Up-to-date symlink: /home/student/ros2_ws/install/part5_actions/include/part5_actions/part5_actions/action/explore_forward.hpp
[2.846s] -- Up-to-date symlink: /home/student/ros2_ws/install/part5_actions/include/part5_actions/part5_actions/msg/rosidl_generator_cpp__visibility_control.hpp
[2.848s] -- Up-to-date symlink: /home/student/ros2_ws/install/part5_actions/include/part5_actions/part5_actions/action/detail/explore_forward__rosidl_typesupport_fastrtps_cpp.hpp
[2.848s] -- Up-to-date symlink: /home/student/ros2_ws/install/part5_actions/include/part5_actions/part5_actions/msg/rosidl_typesupport_fastrtps_cpp__visibility_control.h
[2.849s] -- Up-to-date symlink: /home/student/ros2_ws/install/part5_actions/include/part5_actions/part5_actions/action/detail/explore_forward__rosidl_typesupport_introspection_c.h
[2.849s] -- Up-to-date symlink: /home/student/ros2_ws/install/part5_actions/include/part5_actions/part5_actions/msg/rosidl_typesupport_introspection_c__visibility_control.h
[2.849s] -- Up-to-date symlink: /home/student/ros2_ws/install/part5_actions/include/part5_actions/part5_actions/action/detail/explore_forward__rosidl_typesupport_introspection_cpp.hpp
[2.849s] -- Up-to-date symlink: /home/student/ros2_ws/install/part5_actions/share/part5_actions/environment/pythonpath.sh
[2.851s] -- Up-to-date symlink: /home/student/ros2_ws/install/part5_actions/share/part5_actions/environment/pythonpath.dsv
[2.851s] -- Up-to-date symlink: /home/student/ros2_ws/install/part5_actions/local/lib/python3.10/dist-packages/part5_actions-0.0.0-py3.10.egg-info/PKG-INFO
[2.852s] -- Up-to-date symlink: /home/student/ros2_ws/install/part5_actions/local/lib/python3.10/dist-packages/part5_actions-0.0.0-py3.10.egg-info/SOURCES.txt
[2.852s] -- Up-to-date symlink: /home/student/ros2_ws/install/part5_actions/local/lib/python3.10/dist-packages/part5_actions-0.0.0-py3.10.egg-info/dependency_links.txt
[2.852s] -- Up-to-date symlink: /home/student/ros2_ws/install/part5_actions/local/lib/python3.10/dist-packages/part5_actions-0.0.0-py3.10.egg-info/top_level.txt
[2.853s] -- Up-to-date symlink: /home/student/ros2_ws/install/part5_actions/local/lib/python3.10/dist-packages/part5_actions/__init__.py
[2.853s] -- Up-to-date symlink: /home/student/ros2_ws/install/part5_actions/local/lib/python3.10/dist-packages/part5_actions/_part5_actions_s.ep.rosidl_typesupport_c.c
[2.854s] -- Up-to-date symlink: /home/student/ros2_ws/install/part5_actions/local/lib/python3.10/dist-packages/part5_actions/_part5_actions_s.ep.rosidl_typesupport_fastrtps_c.c
[2.854s] -- Up-to-date symlink: /home/student/ros2_ws/install/part5_actions/local/lib/python3.10/dist-packages/part5_actions/_part5_actions_s.ep.rosidl_typesupport_introspection_c.c
[2.854s] -- Up-to-date symlink: /home/student/ros2_ws/install/part5_actions/local/lib/python3.10/dist-packages/part5_actions/action/__init__.py
[2.855s] -- Up-to-date symlink: /home/student/ros2_ws/install/part5_actions/local/lib/python3.10/dist-packages/part5_actions/action/_explore_forward.py
[2.855s] -- Up-to-date symlink: /home/student/ros2_ws/install/part5_actions/local/lib/python3.10/dist-packages/part5_actions/action/_explore_forward_s.c
[2.855s] -- Up-to-date symlink: /home/student/ros2_ws/install/part5_actions/local/lib/python3.10/dist-packages/part5_actions/libpart5_actions__rosidl_generator_py.so
[2.856s] -- Up-to-date symlink: /home/student/ros2_ws/install/part5_actions/local/lib/python3.10/dist-packages/part5_actions/part5_actions_s__rosidl_typesupport_c.cpython-310-x86_64-linux-gnu.so
[2.856s] -- Up-to-date symlink: /home/student/ros2_ws/install/part5_actions/local/lib/python3.10/dist-packages/part5_actions/part5_actions_s__rosidl_typesupport_fastrtps_c.cpython-310-x86_64-linux-gnu.so
[2.856s] -- Up-to-date symlink: /home/student/ros2_ws/install/part5_actions/local/lib/python3.10/dist-packages/part5_actions/part5_actions_s__rosidl_typesupport_introspection_c.cpython-310-x86_64-linux-gnu.so
[2.856s] -- Up-to-date symlink: /home/student/ros2_ws/install/part5_actions/local/lib/python3.10/dist-packages/part5_actions/part5_actions_s__rosidl_typesupport_fastrtps_c.cpython-310-x86_64-linux-gnu.so
[2.857s] -- Up-to-date symlink: /home/student/ros2_ws/install/part5_actions/local/lib/python3.10/dist-packages/part5_actions/part5_actions_s__rosidl_typesupport_introspection_c.cpython-310-x86_64-linux-gnu.so
[2.857s] -- Up-to-date symlink: /home/student/ros2_ws/install/part5_actions/local/lib/python3.10/dist-packages/part5_actions/part5_actions_s__rosidl_typesupport_c.cpython-310-x86_64-linux-gnu.so
[2.858s] -- Up-to-date symlink: /home/student/ros2_ws/install/part5_actions/share/part5_actions/action/ExploreForward.idl
[2.858s] -- Up-to-date symlink: /home/student/ros2_ws/install/part5_actions/share/part5_actions/action/ExploreForward.action
[2.858s] -- Up-to-date symlink: /home/student/ros2_ws/install/part5_actions/lib/part5_actions/cpp_executable
[2.859s] -- Up-to-date symlink: /home/student/ros2_ws/install/part5_actions/local/lib/python3.10/dist-packages/part5_actions_modules-0.0.0-py3.10.egg-info/PKG-INFO
[2.859s] -- Up-to-date symlink: /home/student/ros2_ws/install/part5_actions/local/lib/python3.10/dist-packages/part5_actions_modules-0.0.0-py3.10.egg-info/SOURCES.txt
[2.860s] -- Up-to-date symlink: /home/student/ros2_ws/install/part5_actions/local/lib/python3.10/dist-packages/part5_actions_modules-0.0.0-py3.10.egg-info/dependency_links.txt
[2.861s] -- Up-to-date symlink: /home/student/ros2_ws/install/part5_actions/local/lib/python3.10/dist-packages/part5_actions_modules-0.0.0-py3.10.egg-info/top_level.txt
[2.862s] -- Up-to-date symlink: /home/student/ros2_ws/install/part5_actions/local/lib/python3.10/dist-packages/part5_actions_modules/__init__.py
[2.862s] -- Up-to-date symlink: /home/student/ros2_ws/install/part5_actions/local/lib/python3.10/dist-packages/part5_actions_modules/tb3_tools.py
[2.862s] -- Up-to-date symlink: /home/student/ros2_ws/install/part5_actions/lib/part5_actions/camera_sweep_action_client.py
[2.863s] -- Up-to-date symlink: /home/student/ros2_ws/install/part5_actions/lib/part5_actions/camera_sweep_cancel_client.py
[2.863s] -- Up-to-date symlink: /home/student/ros2_ws/install/part5_actions/lib/part5_actions/camera_cancel_action.py
[2.863s] -- Up-to-date symlink: /home/student/ros2_ws/install/part5_actions/lib/part5_actions/explore_server.py
[2.863s] -- Up-to-date symlink: /home/student/ros2_ws/install/part5_actions/share/ament_index/resource_index/package_run_dependencies/part5_actions
[2.863s] -- Up-to-date symlink: /home/student/ros2_ws/install/part5_actions/share/ament_index/resource_index/parent_prefix_path/part5_actions
[2.864s] -- Up-to-date symlink: /home/student/ros2_ws/install/part5_actions/share/part5_actions/environment/ament_prefix_path.sh
[2.864s] -- Up-to-date symlink: /home/student/ros2_ws/install/part5_actions/share/part5_actions/environment/ament_prefix_path.dsv
[2.864s] -- Up-to-date symlink: /home/student/ros2_ws/install/part5_actions/share/part5_actions/environment/path.sh
[2.865s] -- Up-to-date symlink: /home/student/ros2_ws/install/part5_actions/share/part5_actions/environment/path.dsv
[2.865s] -- Up-to-date symlink: /home/student/ros2_ws/install/part5_actions/share/part5_actions/local_setup.bash
[2.865s] -- Up-to-date symlink: /home/student/ros2_ws/install/part5_actions/share/part5_actions/local_setup.sh
[2.866s] -- Up-to-date symlink: /home/student/ros2_ws/install/part5_actions/share/part5_actions/local_setup.zsh
[2.866s] -- Up-to-date symlink: /home/student/ros2_ws/install/part5_actions/share/part5_actions/local_setup.dsv
[2.866s] -- Symlinking: /home/student/ros2_ws/install/part5_actions/share/part5_actions/package.dsv
[2.892s] -- Up-to-date symlink: /home/student/ros2_ws/install/part5_actions/share/ament_index/resource_index/packages/part5_actions
[2.892s] -- Up-to-date symlink: /home/student/ros2_ws/install/part5_actions/share/part5_actions/cmake/rosidl_cmake-extras.cmake
[2.892s] -- Up-to-date symlink: /home/student/ros2_ws/install/part5_actions/share/part5_actions/cmake/ament_cmake_export_dependencies-extras.cmake
[2.892s] -- Up-to-date symlink: /home/student/ros2_ws/install/part5_actions/share/part5_actions/cmake/ament_cmake_export_include_directories-extras.cmake
[2.893s] -- Up-to-date symlink: /home/student/ros2_ws/install/part5_actions/share/part5_actions/cmake/ament_cmake_export_libraries-extras.cmake
[2.893s] -- Up-to-date symlink: /home/student/ros2_ws/install/part5_actions/share/part5_actions/cmake/ament_cmake_export_targets-extras.cmake
[2.894s] -- Up-to-date symlink: /home/student/ros2_ws/install/part5_actions/share/part5_actions/cmake/rosidl_cmake_export_typesupport_targets-extras.cmake
[2.894s] -- Up-to-date symlink: /home/student/ros2_ws/install/part5_actions/share/part5_actions/cmake/rosidl_cmake_export_typesupport_libraries-extras.cmake
[2.894s] -- Up-to-date symlink: /home/student/ros2_ws/install/part5_actions/share/part5_actions/cmake/part5_actionsConfig.cmake
[2.895s] -- Up-to-date symlink: /home/student/ros2_ws/install/part5_actions/share/part5_actions/cmake/part5_actionsConfig-version.cmake
[2.896s] -- Up-to-date symlink: /home/student/ros2_ws/install/part5_actions/share/part5_actions/package.xml
[2.896s] -- Up-to-date: /home/student/ros2_ws/install/part5_actions/lib/libpart5_actions__rosidl_generator_c.so
[2.896s] -- Up-to-date: /home/student/ros2_ws/install/part5_actions/lib/libpart5_actions__rosidl_typesupport_fastrtps_c.so
[2.897s] -- Up-to-date: /home/student/ros2_ws/install/part5_actions/lib/libpart5_actions__rosidl_typesupport_fastrtps_cpp.so
[2.898s] -- Up-to-date: /home/student/ros2_ws/install/part5_actions/lib/libpart5_actions__rosidl_typesupport_introspection_c.so
[2.898s] -- Up-to-date: /home/student/ros2_ws/install/part5_actions/lib/libpart5_actions__rosidl_typesupport_c.so
[2.898s] -- Up-to-date: /home/student/ros2_ws/install/part5_actions/lib/libpart5_actions__rosidl_typesupport_introspection_cpp.so
[2.899s] -- Up-to-date: /home/student/ros2_ws/install/part5_actions/lib/libpart5_actions__rosidl_typesupport_cpp.so
[2.986s] Listing '/home/student/ros2_ws/install/part5_actions/local/lib/python3.10/dist-packages/part5_actions'...
[2.986s] Listing '/home/student/ros2_ws/install/part5_actions/local/lib/python3.10/dist-packages/part5_actions/action'...
[3.006s] -- Up-to-date: /home/student/ros2_ws/install/part5_actions/lib/libpart5_actions__rosidl_generator_py.so
[3.089s] Listing '/home/student/ros2_ws/install/part5_actions/local/lib/python3.10/dist-packages/part5_actions_modules'...
[3.116s] -- Up-to-date: /home/student/ros2_ws/install/part5_actions/share/part5_actions/cmake/export_part5_actions__rosidl_generator_cExport.cmake
[3.117s] -- Up-to-date: /home/student/ros2_ws/install/part5_actions/share/part5_actions/cmake/export_part5_actions__rosidl_generator_cExport-noconfig.cmake
[3.117s] -- Up-to-date: /home/student/ros2_ws/install/part5_actions/share/part5_actions/cmake/export_part5_actions__rosidl_typesupport_fastrtps_cExport.cmake
[3.117s] -- Up-to-date: /home/student/ros2_ws/install/part5_actions/share/part5_actions/cmake/export_part5_actions__rosidl_typesupport_fastrtps_cExport-noconfig.cmake
[3.117s] -- Up-to-date: /home/student/ros2_ws/install/part5_actions/share/part5_actions/cmake/export_part5_actions__rosidl_generator_cppExport.cmake
[3.117s] -- Up-to-date: /home/student/ros2_ws/install/part5_actions/share/part5_actions/cmake/export_part5_actions__rosidl_typesupport_fastrtps_cppExport.cmake
[3.117s] -- Up-to-date: /home/student/ros2_ws/install/part5_actions/share/part5_actions/cmake/export_part5_actions__rosidl_typesupport_fastrtps_cppExport-noconfig.cmake
[3.117s] -- Up-to-date: /home/student/ros2_ws/install/part5_actions/share/part5_actions/cmake/part5_actions__rosidl_typesupport_introspection_cExport.cmake
[3.117s] -- Up-to-date: /home/student/ros2_ws/install/part5_actions/share/part5_actions/cmake/part5_actions__rosidl_typesupport_introspection_cExport-noconfig.cmake
[3.118s] -- Up-to-date: /home/student/ros2_ws/install/part5_actions/share/part5_actions/cmake/part5_actions__rosidl_typesupport_cExport.cmake
[3.118s] -- Up-to-date: /home/student/ros2_ws/install/part5_actions/share/part5_actions/cmake/part5_actions__rosidl_typesupport_cExport-noconfig.cmake
[3.118s] -- Up-to-date: /home/student/ros2_ws/install/part5_actions/share/part5_actions/cmake/part5_actions__rosidl_typesupport_introspection_cppExport.cmake
[3.118s] -- Up-to-date: /home/student/ros2_ws/install/part5_actions/share/part5_actions/cmake/part5_actions__rosidl_typesupport_introspection_cppExport-noconfig.cmake
[3.118s] -- Up-to-date: /home/student/ros2_ws/install/part5_actions/share/part5_actions/cmake/part5_actions__rosidl_typesupport_cppExport.cmake
[3.118s] -- Up-to-date: /home/student/ros2_ws/install/part5_actions/share/part5_actions/cmake/part5_actions__rosidl_typesupport_cppExport-noconfig.cmake
[3.119s] -- Up-to-date: /home/student/ros2_ws/install/part5_actions/share/part5_actions/cmake/export_part5_actions__rosidl_generator_pyExport.cmake
[3.119s] -- Up-to-date: /home/student/ros2_ws/install/part5_actions/share/part5_actions/cmake/export_part5_actions__rosidl_generator_pyExport-noconfig.cmake
[3.121s] Invoked command in '/home/student/ros2_ws/build/part5_actions' returned '0': CMAKE_PREFIX_PATH=${CMAKE_PREFIX_PATH}:/opt/ros/humble /usr/bin/cmake --install /home/student/ros2_ws/build/part5_actions
