[0.158s] Invoking command in '/home/student/ros2_ws/build/com2009_simulations': CMAKE_PREFIX_PATH=/home/student/ros2_ws/install/tuos_simulations:/home/student/ros2_ws/install/tuos_ros:/home/student/ros2_ws/install/tuos_tb3_tools:/home/student/ros2_ws/install/com2009_simulations:/home/student/ros2_ws/install/tuos_interfaces:/home/student/ros2_ws/install/tuos_examples:/home/student/ros2_ws/install/part2_navigation:/home/student/ros2_ws/install/part1_pubsub:/opt/ros/humble /usr/bin/cmake --build /home/student/ros2_ws/build/com2009_simulations -- -j16 -l16
[0.262s] Invoked command in '/home/student/ros2_ws/build/com2009_simulations' returned '0': CMAKE_PREFIX_PATH=/home/student/ros2_ws/install/tuos_simulations:/home/student/ros2_ws/install/tuos_ros:/home/student/ros2_ws/install/tuos_tb3_tools:/home/student/ros2_ws/install/com2009_simulations:/home/student/ros2_ws/install/tuos_interfaces:/home/student/ros2_ws/install/tuos_examples:/home/student/ros2_ws/install/part2_navigation:/home/student/ros2_ws/install/part1_pubsub:/opt/ros/humble /usr/bin/cmake --build /home/student/ros2_ws/build/com2009_simulations -- -j16 -l16
[0.263s] Invoking command in '/home/student/ros2_ws/build/com2009_simulations': CMAKE_PREFIX_PATH=/home/student/ros2_ws/install/tuos_simulations:/home/student/ros2_ws/install/tuos_ros:/home/student/ros2_ws/install/tuos_tb3_tools:/home/student/ros2_ws/install/com2009_simulations:/home/student/ros2_ws/install/tuos_interfaces:/home/student/ros2_ws/install/tuos_examples:/home/student/ros2_ws/install/part2_navigation:/home/student/ros2_ws/install/part1_pubsub:/opt/ros/humble /usr/bin/cmake --install /home/student/ros2_ws/build/com2009_simulations
[0.280s] -- Install configuration: ""
[0.281s] -- Up-to-date: /home/student/ros2_ws/install/com2009_simulations/share/com2009_simulations/launch
[0.283s] -- Up-to-date: /home/student/ros2_ws/install/com2009_simulations/share/com2009_simulations/launch/task1.launch.py
[0.284s] -- Up-to-date: /home/student/ros2_ws/install/com2009_simulations/share/com2009_simulations/launch/task2.launch.py
[0.287s] -- Up-to-date: /home/student/ros2_ws/install/com2009_simulations/share/com2009_simulations/models
[0.289s] -- Up-to-date: /home/student/ros2_ws/install/com2009_simulations/share/com2009_simulations/models/task1
[0.293s] -- Up-to-date: /home/student/ros2_ws/install/com2009_simulations/share/com2009_simulations/models/task1/model.config
[0.295s] -- Up-to-date: /home/student/ros2_ws/install/com2009_simulations/share/com2009_simulations/models/task1/materials
[0.298s] -- Up-to-date: /home/student/ros2_ws/install/com2009_simulations/share/com2009_simulations/models/task1/materials/scripts
[0.298s] -- Up-to-date: /home/student/ros2_ws/install/com2009_simulations/share/com2009_simulations/models/task1/materials/scripts/floor.material
[0.298s] -- Up-to-date: /home/student/ros2_ws/install/com2009_simulations/share/com2009_simulations/models/task1/materials/textures
[0.298s] -- Up-to-date: /home/student/ros2_ws/install/com2009_simulations/share/com2009_simulations/models/task1/materials/textures/task1_floor.svg
[0.298s] -- Up-to-date: /home/student/ros2_ws/install/com2009_simulations/share/com2009_simulations/models/task1/materials/textures/task1_floor.png
[0.298s] -- Up-to-date: /home/student/ros2_ws/install/com2009_simulations/share/com2009_simulations/models/task1/model.sdf
[0.298s] -- Up-to-date: /home/student/ros2_ws/install/com2009_simulations/share/com2009_simulations/models/task2
[0.299s] -- Up-to-date: /home/student/ros2_ws/install/com2009_simulations/share/com2009_simulations/models/task2/model.config
[0.299s] -- Up-to-date: /home/student/ros2_ws/install/com2009_simulations/share/com2009_simulations/models/task2/materials
[0.299s] -- Up-to-date: /home/student/ros2_ws/install/com2009_simulations/share/com2009_simulations/models/task2/materials/scripts
[0.299s] -- Up-to-date: /home/student/ros2_ws/install/com2009_simulations/share/com2009_simulations/models/task2/materials/scripts/floor.material
[0.299s] -- Up-to-date: /home/student/ros2_ws/install/com2009_simulations/share/com2009_simulations/models/task2/materials/textures
[0.300s] -- Up-to-date: /home/student/ros2_ws/install/com2009_simulations/share/com2009_simulations/models/task2/materials/textures/task2_floor.png
[0.300s] -- Up-to-date: /home/student/ros2_ws/install/com2009_simulations/share/com2009_simulations/models/task2/materials/textures/task2_floor.svg
[0.301s] -- Up-to-date: /home/student/ros2_ws/install/com2009_simulations/share/com2009_simulations/models/task2/model.sdf
[0.301s] -- Up-to-date: /home/student/ros2_ws/install/com2009_simulations/share/com2009_simulations/models/cr5_arena_walls
[0.301s] -- Up-to-date: /home/student/ros2_ws/install/com2009_simulations/share/com2009_simulations/models/cr5_arena_walls/model.config
[0.302s] -- Up-to-date: /home/student/ros2_ws/install/com2009_simulations/share/com2009_simulations/models/cr5_arena_walls/model.sdf
[0.303s] -- Up-to-date: /home/student/ros2_ws/install/com2009_simulations/share/com2009_simulations/worlds
[0.303s] -- Up-to-date: /home/student/ros2_ws/install/com2009_simulations/share/com2009_simulations/worlds/task2.world
[0.304s] -- Up-to-date: /home/student/ros2_ws/install/com2009_simulations/share/com2009_simulations/worlds/task1.world
[0.304s] -- Up-to-date: /home/student/ros2_ws/install/com2009_simulations/share/ament_index/resource_index/package_run_dependencies/com2009_simulations
[0.304s] -- Up-to-date: /home/student/ros2_ws/install/com2009_simulations/share/ament_index/resource_index/parent_prefix_path/com2009_simulations
[0.305s] -- Up-to-date: /home/student/ros2_ws/install/com2009_simulations/share/com2009_simulations/environment/ament_prefix_path.sh
[0.319s] -- Up-to-date: /home/student/ros2_ws/install/com2009_simulations/share/com2009_simulations/environment/ament_prefix_path.dsv
[0.319s] -- Up-to-date: /home/student/ros2_ws/install/com2009_simulations/share/com2009_simulations/environment/path.sh
[0.325s] -- Up-to-date: /home/student/ros2_ws/install/com2009_simulations/share/com2009_simulations/environment/path.dsv
[0.325s] -- Up-to-date: /home/student/ros2_ws/install/com2009_simulations/share/com2009_simulations/local_setup.bash
[0.326s] -- Up-to-date: /home/student/ros2_ws/install/com2009_simulations/share/com2009_simulations/local_setup.sh
[0.326s] -- Up-to-date: /home/student/ros2_ws/install/com2009_simulations/share/com2009_simulations/local_setup.zsh
[0.326s] -- Up-to-date: /home/student/ros2_ws/install/com2009_simulations/share/com2009_simulations/local_setup.dsv
[0.326s] -- Installing: /home/student/ros2_ws/install/com2009_simulations/share/com2009_simulations/package.dsv
[0.326s] -- Up-to-date: /home/student/ros2_ws/install/com2009_simulations/share/ament_index/resource_index/packages/com2009_simulations
[0.326s] -- Up-to-date: /home/student/ros2_ws/install/com2009_simulations/share/com2009_simulations/cmake/ament_cmake_export_dependencies-extras.cmake
[0.327s] -- Up-to-date: /home/student/ros2_ws/install/com2009_simulations/share/com2009_simulations/cmake/com2009_simulationsConfig.cmake
[0.328s] -- Up-to-date: /home/student/ros2_ws/install/com2009_simulations/share/com2009_simulations/cmake/com2009_simulationsConfig-version.cmake
[0.328s] -- Up-to-date: /home/student/ros2_ws/install/com2009_simulations/share/com2009_simulations/package.xml
[0.328s] Invoked command in '/home/student/ros2_ws/build/com2009_simulations' returned '0': CMAKE_PREFIX_PATH=/home/student/ros2_ws/install/tuos_simulations:/home/student/ros2_ws/install/tuos_ros:/home/student/ros2_ws/install/tuos_tb3_tools:/home/student/ros2_ws/install/com2009_simulations:/home/student/ros2_ws/install/tuos_interfaces:/home/student/ros2_ws/install/tuos_examples:/home/student/ros2_ws/install/part2_navigation:/home/student/ros2_ws/install/part1_pubsub:/opt/ros/humble /usr/bin/cmake --install /home/student/ros2_ws/build/com2009_simulations
