[0.672s] DEBUG:colcon:Command line arguments: ['/usr/bin/colcon', 'build', '--packages-select', 'part5_actions', '--symlink-install']
[0.672s] DEBUG:colcon:Parsed command line arguments: Namespace(log_base=None, log_level=None, verb_name='build', build_base='build', install_base='install', merge_install=False, symlink_install=True, test_result_base=None, continue_on_error=False, executor='parallel', parallel_workers=16, event_handlers=None, ignore_user_meta=False, metas=['./colcon.meta'], base_paths=['.'], packages_ignore=None, packages_ignore_regex=None, paths=None, packages_up_to=None, packages_up_to_regex=None, packages_above=None, packages_above_and_dependencies=None, packages_above_depth=None, packages_select_by_dep=None, packages_skip_by_dep=None, packages_skip_up_to=None, packages_select_build_failed=False, packages_skip_build_finished=False, packages_select_test_failures=False, packages_skip_test_passed=False, packages_select=['part5_actions'], packages_skip=None, packages_select_regex=None, packages_skip_regex=None, packages_start=None, packages_end=None, cmake_args=None, cmake_target=None, cmake_target_skip_unavailable=False, cmake_clean_cache=False, cmake_clean_first=False, cmake_force_configure=False, ament_cmake_args=None, catkin_cmake_args=None, catkin_skip_building_tests=False, mixin_files=None, mixin=None, verb_parser=<colcon_mixin.mixin.mixin_argument.MixinArgumentDecorator object at 0x7f696cc824a0>, verb_extension=<colcon_core.verb.build.BuildVerb object at 0x7f696cd97400>, main=<bound method BuildVerb.main of <colcon_core.verb.build.BuildVerb object at 0x7f696cd97400>>, mixin_verb=('build',))
[1.201s] Level 1:colcon.colcon_core.package_discovery:discover_packages(colcon_meta) check parameters
[1.202s] Level 1:colcon.colcon_core.package_discovery:discover_packages(recursive) check parameters
[1.202s] Level 1:colcon.colcon_core.package_discovery:discover_packages(ignore) check parameters
[1.202s] Level 1:colcon.colcon_core.package_discovery:discover_packages(path) check parameters
[1.203s] Level 1:colcon.colcon_core.package_discovery:discover_packages(colcon_meta) discover
[1.203s] Level 1:colcon.colcon_core.package_discovery:discover_packages(recursive) discover
[1.203s] INFO:colcon.colcon_core.package_discovery:Crawling recursively for packages in '/home/student/ros2_ws'
[1.203s] Level 1:colcon.colcon_core.package_identification:_identify(.) by extensions ['ignore', 'ignore_ament_install']
[1.204s] Level 1:colcon.colcon_core.package_identification:_identify(.) by extension 'ignore'
[1.204s] Level 1:colcon.colcon_core.package_identification:_identify(.) by extension 'ignore_ament_install'
[1.204s] Level 1:colcon.colcon_core.package_identification:_identify(.) by extensions ['colcon_pkg']
[1.205s] Level 1:colcon.colcon_core.package_identification:_identify(.) by extension 'colcon_pkg'
[1.205s] Level 1:colcon.colcon_core.package_identification:_identify(.) by extensions ['colcon_meta']
[1.206s] Level 1:colcon.colcon_core.package_identification:_identify(.) by extension 'colcon_meta'
[1.206s] Level 1:colcon.colcon_core.package_identification:_identify(.) by extensions ['ros']
[1.206s] Level 1:colcon.colcon_core.package_identification:_identify(.) by extension 'ros'
[1.236s] Level 1:colcon.colcon_core.package_identification:_identify(.) by extensions ['cmake', 'python']
[1.237s] Level 1:colcon.colcon_core.package_identification:_identify(.) by extension 'cmake'
[1.237s] Level 1:colcon.colcon_core.package_identification:_identify(.) by extension 'python'
[1.238s] Level 1:colcon.colcon_core.package_identification:_identify(.) by extensions ['python_setup_py']
[1.238s] Level 1:colcon.colcon_core.package_identification:_identify(.) by extension 'python_setup_py'
[1.238s] Level 1:colcon.colcon_core.package_identification:_identify(build) by extensions ['ignore', 'ignore_ament_install']
[1.239s] Level 1:colcon.colcon_core.package_identification:_identify(build) by extension 'ignore'
[1.239s] Level 1:colcon.colcon_core.package_identification:_identify(build) ignored
[1.239s] Level 1:colcon.colcon_core.package_identification:_identify(install) by extensions ['ignore', 'ignore_ament_install']
[1.240s] Level 1:colcon.colcon_core.package_identification:_identify(install) by extension 'ignore'
[1.240s] Level 1:colcon.colcon_core.package_identification:_identify(install) ignored
[1.241s] Level 1:colcon.colcon_core.package_identification:_identify(log) by extensions ['ignore', 'ignore_ament_install']
[1.241s] Level 1:colcon.colcon_core.package_identification:_identify(log) by extension 'ignore'
[1.241s] Level 1:colcon.colcon_core.package_identification:_identify(log) ignored
[1.241s] Level 1:colcon.colcon_core.package_identification:_identify(src) by extensions ['ignore', 'ignore_ament_install']
[1.242s] Level 1:colcon.colcon_core.package_identification:_identify(src) by extension 'ignore'
[1.242s] Level 1:colcon.colcon_core.package_identification:_identify(src) by extension 'ignore_ament_install'
[1.242s] Level 1:colcon.colcon_core.package_identification:_identify(src) by extensions ['colcon_pkg']
[1.242s] Level 1:colcon.colcon_core.package_identification:_identify(src) by extension 'colcon_pkg'
[1.242s] Level 1:colcon.colcon_core.package_identification:_identify(src) by extensions ['colcon_meta']
[1.242s] Level 1:colcon.colcon_core.package_identification:_identify(src) by extension 'colcon_meta'
[1.242s] Level 1:colcon.colcon_core.package_identification:_identify(src) by extensions ['ros']
[1.242s] Level 1:colcon.colcon_core.package_identification:_identify(src) by extension 'ros'
[1.243s] Level 1:colcon.colcon_core.package_identification:_identify(src) by extensions ['cmake', 'python']
[1.243s] Level 1:colcon.colcon_core.package_identification:_identify(src) by extension 'cmake'
[1.243s] Level 1:colcon.colcon_core.package_identification:_identify(src) by extension 'python'
[1.243s] Level 1:colcon.colcon_core.package_identification:_identify(src) by extensions ['python_setup_py']
[1.243s] Level 1:colcon.colcon_core.package_identification:_identify(src) by extension 'python_setup_py'
[1.243s] Level 1:colcon.colcon_core.package_identification:_identify(src/acs6121_team16_2025) by extensions ['ignore', 'ignore_ament_install']
[1.244s] Level 1:colcon.colcon_core.package_identification:_identify(src/acs6121_team16_2025) by extension 'ignore'
[1.244s] Level 1:colcon.colcon_core.package_identification:_identify(src/acs6121_team16_2025) by extension 'ignore_ament_install'
[1.244s] Level 1:colcon.colcon_core.package_identification:_identify(src/acs6121_team16_2025) by extensions ['colcon_pkg']
[1.244s] Level 1:colcon.colcon_core.package_identification:_identify(src/acs6121_team16_2025) by extension 'colcon_pkg'
[1.244s] Level 1:colcon.colcon_core.package_identification:_identify(src/acs6121_team16_2025) by extensions ['colcon_meta']
[1.244s] Level 1:colcon.colcon_core.package_identification:_identify(src/acs6121_team16_2025) by extension 'colcon_meta'
[1.244s] Level 1:colcon.colcon_core.package_identification:_identify(src/acs6121_team16_2025) by extensions ['ros']
[1.245s] Level 1:colcon.colcon_core.package_identification:_identify(src/acs6121_team16_2025) by extension 'ros'
[1.276s] DEBUG:colcon.colcon_core.package_identification:Package 'src/acs6121_team16_2025' with type 'ros.ament_cmake' and name 'acs6121_team16_2025'
[1.277s] Level 1:colcon.colcon_core.package_identification:_identify(src/part1_pubsub) by extensions ['ignore', 'ignore_ament_install']
[1.278s] Level 1:colcon.colcon_core.package_identification:_identify(src/part1_pubsub) by extension 'ignore'
[1.278s] Level 1:colcon.colcon_core.package_identification:_identify(src/part1_pubsub) by extension 'ignore_ament_install'
[1.278s] Level 1:colcon.colcon_core.package_identification:_identify(src/part1_pubsub) by extensions ['colcon_pkg']
[1.279s] Level 1:colcon.colcon_core.package_identification:_identify(src/part1_pubsub) by extension 'colcon_pkg'
[1.279s] Level 1:colcon.colcon_core.package_identification:_identify(src/part1_pubsub) by extensions ['colcon_meta']
[1.279s] Level 1:colcon.colcon_core.package_identification:_identify(src/part1_pubsub) by extension 'colcon_meta'
[1.279s] Level 1:colcon.colcon_core.package_identification:_identify(src/part1_pubsub) by extensions ['ros']
[1.279s] Level 1:colcon.colcon_core.package_identification:_identify(src/part1_pubsub) by extension 'ros'
[1.281s] DEBUG:colcon.colcon_core.package_identification:Package 'src/part1_pubsub' with type 'ros.ament_cmake' and name 'part1_pubsub'
[1.281s] Level 1:colcon.colcon_core.package_identification:_identify(src/part2_navigation) by extensions ['ignore', 'ignore_ament_install']
[1.281s] Level 1:colcon.colcon_core.package_identification:_identify(src/part2_navigation) by extension 'ignore'
[1.282s] Level 1:colcon.colcon_core.package_identification:_identify(src/part2_navigation) by extension 'ignore_ament_install'
[1.282s] Level 1:colcon.colcon_core.package_identification:_identify(src/part2_navigation) by extensions ['colcon_pkg']
[1.282s] Level 1:colcon.colcon_core.package_identification:_identify(src/part2_navigation) by extension 'colcon_pkg'
[1.282s] Level 1:colcon.colcon_core.package_identification:_identify(src/part2_navigation) by extensions ['colcon_meta']
[1.282s] Level 1:colcon.colcon_core.package_identification:_identify(src/part2_navigation) by extension 'colcon_meta'
[1.282s] Level 1:colcon.colcon_core.package_identification:_identify(src/part2_navigation) by extensions ['ros']
[1.282s] Level 1:colcon.colcon_core.package_identification:_identify(src/part2_navigation) by extension 'ros'
[1.290s] DEBUG:colcon.colcon_core.package_identification:Package 'src/part2_navigation' with type 'ros.ament_cmake' and name 'part2_navigation'
[1.290s] Level 1:colcon.colcon_core.package_identification:_identify(src/part3_beyond_basics) by extensions ['ignore', 'ignore_ament_install']
[1.291s] Level 1:colcon.colcon_core.package_identification:_identify(src/part3_beyond_basics) by extension 'ignore'
[1.291s] Level 1:colcon.colcon_core.package_identification:_identify(src/part3_beyond_basics) by extension 'ignore_ament_install'
[1.291s] Level 1:colcon.colcon_core.package_identification:_identify(src/part3_beyond_basics) by extensions ['colcon_pkg']
[1.291s] Level 1:colcon.colcon_core.package_identification:_identify(src/part3_beyond_basics) by extension 'colcon_pkg'
[1.291s] Level 1:colcon.colcon_core.package_identification:_identify(src/part3_beyond_basics) by extensions ['colcon_meta']
[1.291s] Level 1:colcon.colcon_core.package_identification:_identify(src/part3_beyond_basics) by extension 'colcon_meta'
[1.292s] Level 1:colcon.colcon_core.package_identification:_identify(src/part3_beyond_basics) by extensions ['ros']
[1.292s] Level 1:colcon.colcon_core.package_identification:_identify(src/part3_beyond_basics) by extension 'ros'
[1.293s] DEBUG:colcon.colcon_core.package_identification:Package 'src/part3_beyond_basics' with type 'ros.ament_cmake' and name 'part3_beyond_basics'
[1.294s] Level 1:colcon.colcon_core.package_identification:_identify(src/part4_services) by extensions ['ignore', 'ignore_ament_install']
[1.294s] Level 1:colcon.colcon_core.package_identification:_identify(src/part4_services) by extension 'ignore'
[1.294s] Level 1:colcon.colcon_core.package_identification:_identify(src/part4_services) by extension 'ignore_ament_install'
[1.294s] Level 1:colcon.colcon_core.package_identification:_identify(src/part4_services) by extensions ['colcon_pkg']
[1.295s] Level 1:colcon.colcon_core.package_identification:_identify(src/part4_services) by extension 'colcon_pkg'
[1.295s] Level 1:colcon.colcon_core.package_identification:_identify(src/part4_services) by extensions ['colcon_meta']
[1.295s] Level 1:colcon.colcon_core.package_identification:_identify(src/part4_services) by extension 'colcon_meta'
[1.295s] Level 1:colcon.colcon_core.package_identification:_identify(src/part4_services) by extensions ['ros']
[1.295s] Level 1:colcon.colcon_core.package_identification:_identify(src/part4_services) by extension 'ros'
[1.296s] DEBUG:colcon.colcon_core.package_identification:Package 'src/part4_services' with type 'ros.ament_cmake' and name 'part4_services'
[1.297s] Level 1:colcon.colcon_core.package_identification:_identify(src/part5_actions) by extensions ['ignore', 'ignore_ament_install']
[1.297s] Level 1:colcon.colcon_core.package_identification:_identify(src/part5_actions) by extension 'ignore'
[1.297s] Level 1:colcon.colcon_core.package_identification:_identify(src/part5_actions) by extension 'ignore_ament_install'
[1.298s] Level 1:colcon.colcon_core.package_identification:_identify(src/part5_actions) by extensions ['colcon_pkg']
[1.298s] Level 1:colcon.colcon_core.package_identification:_identify(src/part5_actions) by extension 'colcon_pkg'
[1.298s] Level 1:colcon.colcon_core.package_identification:_identify(src/part5_actions) by extensions ['colcon_meta']
[1.298s] Level 1:colcon.colcon_core.package_identification:_identify(src/part5_actions) by extension 'colcon_meta'
[1.298s] Level 1:colcon.colcon_core.package_identification:_identify(src/part5_actions) by extensions ['ros']
[1.298s] Level 1:colcon.colcon_core.package_identification:_identify(src/part5_actions) by extension 'ros'
[1.300s] DEBUG:colcon.colcon_core.package_identification:Package 'src/part5_actions' with type 'ros.ament_cmake' and name 'part5_actions'
[1.301s] Level 1:colcon.colcon_core.package_identification:_identify(src/tuos_ros) by extensions ['ignore', 'ignore_ament_install']
[1.301s] Level 1:colcon.colcon_core.package_identification:_identify(src/tuos_ros) by extension 'ignore'
[1.301s] Level 1:colcon.colcon_core.package_identification:_identify(src/tuos_ros) by extension 'ignore_ament_install'
[1.302s] Level 1:colcon.colcon_core.package_identification:_identify(src/tuos_ros) by extensions ['colcon_pkg']
[1.302s] Level 1:colcon.colcon_core.package_identification:_identify(src/tuos_ros) by extension 'colcon_pkg'
[1.302s] Level 1:colcon.colcon_core.package_identification:_identify(src/tuos_ros) by extensions ['colcon_meta']
[1.302s] Level 1:colcon.colcon_core.package_identification:_identify(src/tuos_ros) by extension 'colcon_meta'
[1.302s] Level 1:colcon.colcon_core.package_identification:_identify(src/tuos_ros) by extensions ['ros']
[1.302s] Level 1:colcon.colcon_core.package_identification:_identify(src/tuos_ros) by extension 'ros'
[1.302s] Level 1:colcon.colcon_core.package_identification:_identify(src/tuos_ros) by extensions ['cmake', 'python']
[1.302s] Level 1:colcon.colcon_core.package_identification:_identify(src/tuos_ros) by extension 'cmake'
[1.302s] Level 1:colcon.colcon_core.package_identification:_identify(src/tuos_ros) by extension 'python'
[1.302s] Level 1:colcon.colcon_core.package_identification:_identify(src/tuos_ros) by extensions ['python_setup_py']
[1.302s] Level 1:colcon.colcon_core.package_identification:_identify(src/tuos_ros) by extension 'python_setup_py'
[1.302s] Level 1:colcon.colcon_core.package_identification:_identify(src/tuos_ros/com2009_simulations) by extensions ['ignore', 'ignore_ament_install']
[1.303s] Level 1:colcon.colcon_core.package_identification:_identify(src/tuos_ros/com2009_simulations) by extension 'ignore'
[1.303s] Level 1:colcon.colcon_core.package_identification:_identify(src/tuos_ros/com2009_simulations) by extension 'ignore_ament_install'
[1.303s] Level 1:colcon.colcon_core.package_identification:_identify(src/tuos_ros/com2009_simulations) by extensions ['colcon_pkg']
[1.303s] Level 1:colcon.colcon_core.package_identification:_identify(src/tuos_ros/com2009_simulations) by extension 'colcon_pkg'
[1.303s] Level 1:colcon.colcon_core.package_identification:_identify(src/tuos_ros/com2009_simulations) by extensions ['colcon_meta']
[1.303s] Level 1:colcon.colcon_core.package_identification:_identify(src/tuos_ros/com2009_simulations) by extension 'colcon_meta'
[1.303s] Level 1:colcon.colcon_core.package_identification:_identify(src/tuos_ros/com2009_simulations) by extensions ['ros']
[1.303s] Level 1:colcon.colcon_core.package_identification:_identify(src/tuos_ros/com2009_simulations) by extension 'ros'
[1.305s] DEBUG:colcon.colcon_core.package_identification:Package 'src/tuos_ros/com2009_simulations' with type 'ros.ament_cmake' and name 'com2009_simulations'
[1.306s] Level 1:colcon.colcon_core.package_identification:_identify(src/tuos_ros/tuos_examples) by extensions ['ignore', 'ignore_ament_install']
[1.307s] Level 1:colcon.colcon_core.package_identification:_identify(src/tuos_ros/tuos_examples) by extension 'ignore'
[1.308s] Level 1:colcon.colcon_core.package_identification:_identify(src/tuos_ros/tuos_examples) by extension 'ignore_ament_install'
[1.308s] Level 1:colcon.colcon_core.package_identification:_identify(src/tuos_ros/tuos_examples) by extensions ['colcon_pkg']
[1.308s] Level 1:colcon.colcon_core.package_identification:_identify(src/tuos_ros/tuos_examples) by extension 'colcon_pkg'
[1.308s] Level 1:colcon.colcon_core.package_identification:_identify(src/tuos_ros/tuos_examples) by extensions ['colcon_meta']
[1.308s] Level 1:colcon.colcon_core.package_identification:_identify(src/tuos_ros/tuos_examples) by extension 'colcon_meta'
[1.308s] Level 1:colcon.colcon_core.package_identification:_identify(src/tuos_ros/tuos_examples) by extensions ['ros']
[1.309s] Level 1:colcon.colcon_core.package_identification:_identify(src/tuos_ros/tuos_examples) by extension 'ros'
[1.310s] DEBUG:colcon.colcon_core.package_identification:Package 'src/tuos_ros/tuos_examples' with type 'ros.ament_cmake' and name 'tuos_examples'
[1.311s] Level 1:colcon.colcon_core.package_identification:_identify(src/tuos_ros/tuos_interfaces) by extensions ['ignore', 'ignore_ament_install']
[1.311s] Level 1:colcon.colcon_core.package_identification:_identify(src/tuos_ros/tuos_interfaces) by extension 'ignore'
[1.311s] Level 1:colcon.colcon_core.package_identification:_identify(src/tuos_ros/tuos_interfaces) by extension 'ignore_ament_install'
[1.311s] Level 1:colcon.colcon_core.package_identification:_identify(src/tuos_ros/tuos_interfaces) by extensions ['colcon_pkg']
[1.311s] Level 1:colcon.colcon_core.package_identification:_identify(src/tuos_ros/tuos_interfaces) by extension 'colcon_pkg'
[1.312s] Level 1:colcon.colcon_core.package_identification:_identify(src/tuos_ros/tuos_interfaces) by extensions ['colcon_meta']
[1.312s] Level 1:colcon.colcon_core.package_identification:_identify(src/tuos_ros/tuos_interfaces) by extension 'colcon_meta'
[1.312s] Level 1:colcon.colcon_core.package_identification:_identify(src/tuos_ros/tuos_interfaces) by extensions ['ros']
[1.312s] Level 1:colcon.colcon_core.package_identification:_identify(src/tuos_ros/tuos_interfaces) by extension 'ros'
[1.313s] DEBUG:colcon.colcon_core.package_identification:Package 'src/tuos_ros/tuos_interfaces' with type 'ros.ament_cmake' and name 'tuos_interfaces'
[1.314s] Level 1:colcon.colcon_core.package_identification:_identify(src/tuos_ros/tuos_ros) by extensions ['ignore', 'ignore_ament_install']
[1.314s] Level 1:colcon.colcon_core.package_identification:_identify(src/tuos_ros/tuos_ros) by extension 'ignore'
[1.314s] Level 1:colcon.colcon_core.package_identification:_identify(src/tuos_ros/tuos_ros) by extension 'ignore_ament_install'
[1.314s] Level 1:colcon.colcon_core.package_identification:_identify(src/tuos_ros/tuos_ros) by extensions ['colcon_pkg']
[1.314s] Level 1:colcon.colcon_core.package_identification:_identify(src/tuos_ros/tuos_ros) by extension 'colcon_pkg'
[1.314s] Level 1:colcon.colcon_core.package_identification:_identify(src/tuos_ros/tuos_ros) by extensions ['colcon_meta']
[1.314s] Level 1:colcon.colcon_core.package_identification:_identify(src/tuos_ros/tuos_ros) by extension 'colcon_meta'
[1.315s] Level 1:colcon.colcon_core.package_identification:_identify(src/tuos_ros/tuos_ros) by extensions ['ros']
[1.315s] Level 1:colcon.colcon_core.package_identification:_identify(src/tuos_ros/tuos_ros) by extension 'ros'
[1.316s] DEBUG:colcon.colcon_core.package_identification:Package 'src/tuos_ros/tuos_ros' with type 'ros.ament_cmake' and name 'tuos_ros'
[1.316s] Level 1:colcon.colcon_core.package_identification:_identify(src/tuos_ros/tuos_simulations) by extensions ['ignore', 'ignore_ament_install']
[1.317s] Level 1:colcon.colcon_core.package_identification:_identify(src/tuos_ros/tuos_simulations) by extension 'ignore'
[1.317s] Level 1:colcon.colcon_core.package_identification:_identify(src/tuos_ros/tuos_simulations) by extension 'ignore_ament_install'
[1.317s] Level 1:colcon.colcon_core.package_identification:_identify(src/tuos_ros/tuos_simulations) by extensions ['colcon_pkg']
[1.317s] Level 1:colcon.colcon_core.package_identification:_identify(src/tuos_ros/tuos_simulations) by extension 'colcon_pkg'
[1.317s] Level 1:colcon.colcon_core.package_identification:_identify(src/tuos_ros/tuos_simulations) by extensions ['colcon_meta']
[1.317s] Level 1:colcon.colcon_core.package_identification:_identify(src/tuos_ros/tuos_simulations) by extension 'colcon_meta'
[1.318s] Level 1:colcon.colcon_core.package_identification:_identify(src/tuos_ros/tuos_simulations) by extensions ['ros']
[1.318s] Level 1:colcon.colcon_core.package_identification:_identify(src/tuos_ros/tuos_simulations) by extension 'ros'
[1.319s] DEBUG:colcon.colcon_core.package_identification:Package 'src/tuos_ros/tuos_simulations' with type 'ros.ament_cmake' and name 'tuos_simulations'
[1.320s] Level 1:colcon.colcon_core.package_identification:_identify(src/tuos_ros/tuos_tb3_tools) by extensions ['ignore', 'ignore_ament_install']
[1.320s] Level 1:colcon.colcon_core.package_identification:_identify(src/tuos_ros/tuos_tb3_tools) by extension 'ignore'
[1.320s] Level 1:colcon.colcon_core.package_identification:_identify(src/tuos_ros/tuos_tb3_tools) by extension 'ignore_ament_install'
[1.320s] Level 1:colcon.colcon_core.package_identification:_identify(src/tuos_ros/tuos_tb3_tools) by extensions ['colcon_pkg']
[1.320s] Level 1:colcon.colcon_core.package_identification:_identify(src/tuos_ros/tuos_tb3_tools) by extension 'colcon_pkg'
[1.320s] Level 1:colcon.colcon_core.package_identification:_identify(src/tuos_ros/tuos_tb3_tools) by extensions ['colcon_meta']
[1.320s] Level 1:colcon.colcon_core.package_identification:_identify(src/tuos_ros/tuos_tb3_tools) by extension 'colcon_meta'
[1.321s] Level 1:colcon.colcon_core.package_identification:_identify(src/tuos_ros/tuos_tb3_tools) by extensions ['ros']
[1.321s] Level 1:colcon.colcon_core.package_identification:_identify(src/tuos_ros/tuos_tb3_tools) by extension 'ros'
[1.322s] DEBUG:colcon.colcon_core.package_identification:Package 'src/tuos_ros/tuos_tb3_tools' with type 'ros.ament_cmake' and name 'tuos_tb3_tools'
[1.323s] Level 1:colcon.colcon_core.package_identification:_identify(src/tuos_ros/ur_app_youtube) by extensions ['ignore', 'ignore_ament_install']
[1.323s] Level 1:colcon.colcon_core.package_identification:_identify(src/tuos_ros/ur_app_youtube) by extension 'ignore'
[1.323s] Level 1:colcon.colcon_core.package_identification:_identify(src/tuos_ros/ur_app_youtube) by extension 'ignore_ament_install'
[1.323s] Level 1:colcon.colcon_core.package_identification:_identify(src/tuos_ros/ur_app_youtube) by extensions ['colcon_pkg']
[1.323s] Level 1:colcon.colcon_core.package_identification:_identify(src/tuos_ros/ur_app_youtube) by extension 'colcon_pkg'
[1.323s] Level 1:colcon.colcon_core.package_identification:_identify(src/tuos_ros/ur_app_youtube) by extensions ['colcon_meta']
[1.323s] Level 1:colcon.colcon_core.package_identification:_identify(src/tuos_ros/ur_app_youtube) by extension 'colcon_meta'
[1.323s] Level 1:colcon.colcon_core.package_identification:_identify(src/tuos_ros/ur_app_youtube) by extensions ['ros']
[1.323s] Level 1:colcon.colcon_core.package_identification:_identify(src/tuos_ros/ur_app_youtube) by extension 'ros'
[1.325s] DEBUG:colcon.colcon_core.package_identification:Package 'src/tuos_ros/ur_app_youtube' with type 'ros.catkin' and name 'ur_app_youtube'
[1.327s] Level 1:colcon.colcon_core.package_identification:_identify(src/ur_app_youtube) by extensions ['ignore', 'ignore_ament_install']
[1.327s] Level 1:colcon.colcon_core.package_identification:_identify(src/ur_app_youtube) by extension 'ignore'
[1.328s] Level 1:colcon.colcon_core.package_identification:_identify(src/ur_app_youtube) by extension 'ignore_ament_install'
[1.328s] Level 1:colcon.colcon_core.package_identification:_identify(src/ur_app_youtube) by extensions ['colcon_pkg']
[1.329s] Level 1:colcon.colcon_core.package_identification:_identify(src/ur_app_youtube) by extension 'colcon_pkg'
[1.329s] Level 1:colcon.colcon_core.package_identification:_identify(src/ur_app_youtube) by extensions ['colcon_meta']
[1.329s] Level 1:colcon.colcon_core.package_identification:_identify(src/ur_app_youtube) by extension 'colcon_meta'
[1.330s] Level 1:colcon.colcon_core.package_identification:_identify(src/ur_app_youtube) by extensions ['ros']
[1.330s] Level 1:colcon.colcon_core.package_identification:_identify(src/ur_app_youtube) by extension 'ros'
[1.332s] DEBUG:colcon.colcon_core.package_identification:Package 'src/ur_app_youtube' with type 'ros.ament_cmake' and name 'ur_app_youtube'
[1.332s] Level 1:colcon.colcon_core.package_discovery:discover_packages(recursive) using defaults
[1.332s] Level 1:colcon.colcon_core.package_discovery:discover_packages(ignore) discover
[1.332s] Level 1:colcon.colcon_core.package_discovery:discover_packages(ignore) using defaults
[1.332s] Level 1:colcon.colcon_core.package_discovery:discover_packages(path) discover
[1.332s] Level 1:colcon.colcon_core.package_discovery:discover_packages(path) using defaults
[1.389s] INFO:colcon.colcon_core.package_selection:Skipping not selected package 'acs6121_team16_2025' in 'src/acs6121_team16_2025'
[1.389s] INFO:colcon.colcon_core.package_selection:Skipping not selected package 'part1_pubsub' in 'src/part1_pubsub'
[1.389s] INFO:colcon.colcon_core.package_selection:Skipping not selected package 'part2_navigation' in 'src/part2_navigation'
[1.389s] INFO:colcon.colcon_core.package_selection:Skipping not selected package 'part3_beyond_basics' in 'src/part3_beyond_basics'
[1.389s] INFO:colcon.colcon_core.package_selection:Skipping not selected package 'part4_services' in 'src/part4_services'
[1.389s] INFO:colcon.colcon_core.package_selection:Skipping not selected package 'tuos_examples' in 'src/tuos_ros/tuos_examples'
[1.390s] INFO:colcon.colcon_core.package_selection:Skipping not selected package 'tuos_interfaces' in 'src/tuos_ros/tuos_interfaces'
[1.390s] INFO:colcon.colcon_core.package_selection:Skipping not selected package 'tuos_simulations' in 'src/tuos_ros/tuos_simulations'
[1.390s] INFO:colcon.colcon_core.package_selection:Skipping not selected package 'tuos_tb3_tools' in 'src/tuos_ros/tuos_tb3_tools'
[1.390s] INFO:colcon.colcon_core.package_selection:Skipping not selected package 'ur_app_youtube' in 'src/tuos_ros/ur_app_youtube'
[1.390s] INFO:colcon.colcon_core.package_selection:Skipping not selected package 'ur_app_youtube' in 'src/ur_app_youtube'
[1.390s] INFO:colcon.colcon_core.package_selection:Skipping not selected package 'com2009_simulations' in 'src/tuos_ros/com2009_simulations'
[1.390s] INFO:colcon.colcon_core.package_selection:Skipping not selected package 'tuos_ros' in 'src/tuos_ros/tuos_ros'
[1.390s] Level 5:colcon.colcon_core.verb:set package 'part5_actions' build argument 'cmake_args' from command line to 'None'
[1.391s] Level 5:colcon.colcon_core.verb:set package 'part5_actions' build argument 'cmake_target' from command line to 'None'
[1.391s] Level 5:colcon.colcon_core.verb:set package 'part5_actions' build argument 'cmake_target_skip_unavailable' from command line to 'False'
[1.391s] Level 5:colcon.colcon_core.verb:set package 'part5_actions' build argument 'cmake_clean_cache' from command line to 'False'
[1.391s] Level 5:colcon.colcon_core.verb:set package 'part5_actions' build argument 'cmake_clean_first' from command line to 'False'
[1.391s] Level 5:colcon.colcon_core.verb:set package 'part5_actions' build argument 'cmake_force_configure' from command line to 'False'
[1.391s] Level 5:colcon.colcon_core.verb:set package 'part5_actions' build argument 'ament_cmake_args' from command line to 'None'
[1.391s] Level 5:colcon.colcon_core.verb:set package 'part5_actions' build argument 'catkin_cmake_args' from command line to 'None'
[1.391s] Level 5:colcon.colcon_core.verb:set package 'part5_actions' build argument 'catkin_skip_building_tests' from command line to 'False'
[1.391s] DEBUG:colcon.colcon_core.verb:Building package 'part5_actions' with the following arguments: {'ament_cmake_args': None, 'build_base': '/home/student/ros2_ws/build/part5_actions', 'catkin_cmake_args': None, 'catkin_skip_building_tests': False, 'cmake_args': None, 'cmake_clean_cache': False, 'cmake_clean_first': False, 'cmake_force_configure': False, 'cmake_target': None, 'cmake_target_skip_unavailable': False, 'install_base': '/home/student/ros2_ws/install/part5_actions', 'merge_install': False, 'path': '/home/student/ros2_ws/src/part5_actions', 'symlink_install': True, 'test_result_base': None}
[1.391s] INFO:colcon.colcon_core.executor:Executing jobs using 'parallel' executor
[1.394s] DEBUG:colcon.colcon_parallel_executor.executor.parallel:run_until_complete
[1.395s] INFO:colcon.colcon_ros.task.ament_cmake.build:Building ROS package in '/home/student/ros2_ws/src/part5_actions' with build type 'ament_cmake'
[1.395s] INFO:colcon.colcon_cmake.task.cmake.build:Building CMake package in '/home/student/ros2_ws/src/part5_actions'
[1.402s] INFO:colcon.colcon_core.plugin_system:Skipping extension 'colcon_core.shell.bat': Not used on non-Windows systems
[1.402s] INFO:colcon.colcon_core.shell:Skip shell extension 'powershell' for command environment: Not usable outside of PowerShell
[1.402s] DEBUG:colcon.colcon_core.shell:Skip shell extension 'dsv' for command environment
[1.447s] DEBUG:colcon.colcon_core.event_handler.log_command:Invoking command in '/home/student/ros2_ws/build/part5_actions': CMAKE_PREFIX_PATH=${CMAKE_PREFIX_PATH}:/opt/ros/humble /usr/bin/cmake --build /home/student/ros2_ws/build/part5_actions -- -j16 -l16
[4.063s] DEBUG:colcon.colcon_core.event_handler.log_command:Invoked command in '/home/student/ros2_ws/build/part5_actions' returned '0': CMAKE_PREFIX_PATH=${CMAKE_PREFIX_PATH}:/opt/ros/humble /usr/bin/cmake --build /home/student/ros2_ws/build/part5_actions -- -j16 -l16
[4.083s] DEBUG:colcon.colcon_core.event_handler.log_command:Invoking command in '/home/student/ros2_ws/build/part5_actions': CMAKE_PREFIX_PATH=${CMAKE_PREFIX_PATH}:/opt/ros/humble /usr/bin/cmake --install /home/student/ros2_ws/build/part5_actions
[4.374s] Level 1:colcon.colcon_core.environment:create_environment_scripts_only(part5_actions)
[4.379s] Level 1:colcon.colcon_core.environment:checking '/home/student/ros2_ws/install/part5_actions' for CMake module files
[4.381s] Level 1:colcon.colcon_core.environment:checking '/home/student/ros2_ws/install/part5_actions' for CMake config files
[4.381s] Level 1:colcon.colcon_core.shell:create_environment_hook('part5_actions', 'cmake_prefix_path')
[4.382s] INFO:colcon.colcon_core.shell:Creating environment hook '/home/student/ros2_ws/install/part5_actions/share/part5_actions/hook/cmake_prefix_path.ps1'
[4.387s] INFO:colcon.colcon_core.shell:Creating environment descriptor '/home/student/ros2_ws/install/part5_actions/share/part5_actions/hook/cmake_prefix_path.dsv'
[4.389s] DEBUG:colcon.colcon_core.event_handler.log_command:Invoked command in '/home/student/ros2_ws/build/part5_actions' returned '0': CMAKE_PREFIX_PATH=${CMAKE_PREFIX_PATH}:/opt/ros/humble /usr/bin/cmake --install /home/student/ros2_ws/build/part5_actions
[4.389s] INFO:colcon.colcon_core.shell:Creating environment hook '/home/student/ros2_ws/install/part5_actions/share/part5_actions/hook/cmake_prefix_path.sh'
[4.391s] Level 1:colcon.colcon_core.environment:checking '/home/student/ros2_ws/install/part5_actions/lib'
[4.392s] Level 1:colcon.colcon_core.shell:create_environment_hook('part5_actions', 'ld_library_path_lib')
[4.393s] INFO:colcon.colcon_core.shell:Creating environment hook '/home/student/ros2_ws/install/part5_actions/share/part5_actions/hook/ld_library_path_lib.ps1'
[4.394s] INFO:colcon.colcon_core.shell:Creating environment descriptor '/home/student/ros2_ws/install/part5_actions/share/part5_actions/hook/ld_library_path_lib.dsv'
[4.395s] INFO:colcon.colcon_core.shell:Creating environment hook '/home/student/ros2_ws/install/part5_actions/share/part5_actions/hook/ld_library_path_lib.sh'
[4.395s] Level 1:colcon.colcon_core.environment:checking '/home/student/ros2_ws/install/part5_actions/bin'
[4.395s] Level 1:colcon.colcon_core.environment:checking '/home/student/ros2_ws/install/part5_actions/lib/pkgconfig/part5_actions.pc'
[4.398s] Level 1:colcon.colcon_core.environment:checking '/home/student/ros2_ws/install/part5_actions/lib/python3.10/site-packages'
[4.399s] Level 1:colcon.colcon_core.environment:checking '/home/student/ros2_ws/install/part5_actions/bin'
[4.400s] INFO:colcon.colcon_core.shell:Creating package script '/home/student/ros2_ws/install/part5_actions/share/part5_actions/package.ps1'
[4.402s] INFO:colcon.colcon_core.shell:Creating package descriptor '/home/student/ros2_ws/install/part5_actions/share/part5_actions/package.dsv'
[4.403s] INFO:colcon.colcon_core.shell:Creating package script '/home/student/ros2_ws/install/part5_actions/share/part5_actions/package.sh'
[4.407s] INFO:colcon.colcon_core.shell:Creating package script '/home/student/ros2_ws/install/part5_actions/share/part5_actions/package.bash'
[4.409s] INFO:colcon.colcon_core.shell:Creating package script '/home/student/ros2_ws/install/part5_actions/share/part5_actions/package.zsh'
[4.411s] Level 1:colcon.colcon_core.environment:create_file_with_runtime_dependencies(/home/student/ros2_ws/install/part5_actions/share/colcon-core/packages/part5_actions)
[4.413s] Level 1:colcon.colcon_core.environment:create_environment_scripts_only(part5_actions)
[4.414s] Level 1:colcon.colcon_core.environment:checking '/home/student/ros2_ws/install/part5_actions' for CMake module files
[4.415s] Level 1:colcon.colcon_core.environment:checking '/home/student/ros2_ws/install/part5_actions' for CMake config files
[4.417s] Level 1:colcon.colcon_core.shell:create_environment_hook('part5_actions', 'cmake_prefix_path')
[4.419s] INFO:colcon.colcon_core.shell:Creating environment hook '/home/student/ros2_ws/install/part5_actions/share/part5_actions/hook/cmake_prefix_path.ps1'
[4.422s] INFO:colcon.colcon_core.shell:Creating environment descriptor '/home/student/ros2_ws/install/part5_actions/share/part5_actions/hook/cmake_prefix_path.dsv'
[4.423s] INFO:colcon.colcon_core.shell:Creating environment hook '/home/student/ros2_ws/install/part5_actions/share/part5_actions/hook/cmake_prefix_path.sh'
[4.425s] Level 1:colcon.colcon_core.environment:checking '/home/student/ros2_ws/install/part5_actions/lib'
[4.425s] Level 1:colcon.colcon_core.shell:create_environment_hook('part5_actions', 'ld_library_path_lib')
[4.431s] INFO:colcon.colcon_core.shell:Creating environment hook '/home/student/ros2_ws/install/part5_actions/share/part5_actions/hook/ld_library_path_lib.ps1'
[4.433s] INFO:colcon.colcon_core.shell:Creating environment descriptor '/home/student/ros2_ws/install/part5_actions/share/part5_actions/hook/ld_library_path_lib.dsv'
[4.435s] INFO:colcon.colcon_core.shell:Creating environment hook '/home/student/ros2_ws/install/part5_actions/share/part5_actions/hook/ld_library_path_lib.sh'
[4.437s] Level 1:colcon.colcon_core.environment:checking '/home/student/ros2_ws/install/part5_actions/bin'
[4.437s] Level 1:colcon.colcon_core.environment:checking '/home/student/ros2_ws/install/part5_actions/lib/pkgconfig/part5_actions.pc'
[4.438s] Level 1:colcon.colcon_core.environment:checking '/home/student/ros2_ws/install/part5_actions/lib/python3.10/site-packages'
[4.438s] Level 1:colcon.colcon_core.environment:checking '/home/student/ros2_ws/install/part5_actions/bin'
[4.439s] INFO:colcon.colcon_core.shell:Creating package script '/home/student/ros2_ws/install/part5_actions/share/part5_actions/package.ps1'
[4.441s] INFO:colcon.colcon_core.shell:Creating package descriptor '/home/student/ros2_ws/install/part5_actions/share/part5_actions/package.dsv'
[4.442s] INFO:colcon.colcon_core.shell:Creating package script '/home/student/ros2_ws/install/part5_actions/share/part5_actions/package.sh'
[4.443s] INFO:colcon.colcon_core.shell:Creating package script '/home/student/ros2_ws/install/part5_actions/share/part5_actions/package.bash'
[4.444s] INFO:colcon.colcon_core.shell:Creating package script '/home/student/ros2_ws/install/part5_actions/share/part5_actions/package.zsh'
[4.446s] Level 1:colcon.colcon_core.environment:create_file_with_runtime_dependencies(/home/student/ros2_ws/install/part5_actions/share/colcon-core/packages/part5_actions)
[4.448s] DEBUG:colcon.colcon_parallel_executor.executor.parallel:closing loop
[4.449s] DEBUG:colcon.colcon_parallel_executor.executor.parallel:loop closed
[4.451s] DEBUG:colcon.colcon_parallel_executor.executor.parallel:run_until_complete finished with '0'
[4.451s] DEBUG:colcon.colcon_core.event_reactor:joining thread
[4.620s] INFO:colcon.colcon_core.plugin_system:Skipping extension 'colcon_notification.desktop_notification.notify_send': Could not find 'notify-send'
[4.624s] INFO:colcon.colcon_core.plugin_system:Skipping extension 'colcon_notification.desktop_notification.terminal_notifier': Not used on non-Darwin systems
[4.627s] INFO:colcon.colcon_core.plugin_system:Skipping extension 'colcon_notification.desktop_notification.win32': Not used on non-Windows systems
[4.627s] INFO:colcon.colcon_notification.desktop_notification:Sending desktop notification using 'notify2'
[4.835s] DEBUG:colcon.colcon_notification.desktop_notification.notify2:Failed to initialize notify2: org.freedesktop.DBus.Error.Spawn.ExecFailed: /usr/bin/dbus-launch terminated abnormally without any error message
[4.838s] DEBUG:colcon.colcon_core.event_reactor:joined thread
[4.841s] INFO:colcon.colcon_core.shell:Creating prefix script '/home/student/ros2_ws/install/local_setup.ps1'
[4.843s] INFO:colcon.colcon_core.shell:Creating prefix util module '/home/student/ros2_ws/install/_local_setup_util_ps1.py'
[4.847s] INFO:colcon.colcon_core.shell:Creating prefix chain script '/home/student/ros2_ws/install/setup.ps1'
[4.857s] INFO:colcon.colcon_core.shell:Creating prefix script '/home/student/ros2_ws/install/local_setup.sh'
[4.860s] INFO:colcon.colcon_core.shell:Creating prefix util module '/home/student/ros2_ws/install/_local_setup_util_sh.py'
[4.865s] INFO:colcon.colcon_core.shell:Creating prefix chain script '/home/student/ros2_ws/install/setup.sh'
[4.880s] INFO:colcon.colcon_core.shell:Creating prefix script '/home/student/ros2_ws/install/local_setup.bash'
[4.884s] INFO:colcon.colcon_core.shell:Creating prefix chain script '/home/student/ros2_ws/install/setup.bash'
[4.888s] INFO:colcon.colcon_core.shell:Creating prefix script '/home/student/ros2_ws/install/local_setup.zsh'
[4.890s] INFO:colcon.colcon_core.shell:Creating prefix chain script '/home/student/ros2_ws/install/setup.zsh'
