[0.041s] Invoking command in '/home/student/ros2_ws/build/tuos_tb3_tools': CMAKE_PREFIX_PATH=/opt/ros/humble /usr/bin/cmake /home/student/ros2_ws/src/tuos_ros/tuos_tb3_tools -DCMAKE_INSTALL_PREFIX=/home/student/ros2_ws/install/tuos_tb3_tools
[0.351s] -- The C compiler identification is GNU 11.4.0
[1.211s] -- The CXX compiler identification is GNU 11.4.0
[1.774s] -- Detecting C compiler ABI info
[2.027s] -- Detecting C compiler ABI info - done
[2.037s] -- Check for working C compiler: /usr/bin/cc - skipped
[2.037s] -- Detecting C compile features
[2.038s] -- Detecting C compile features - done
[2.043s] -- Detecting CXX compiler ABI info
[2.310s] -- Detecting CXX compiler ABI info - done
[2.324s] -- Check for working CXX compiler: /usr/bin/c++ - skipped
[2.324s] -- Detecting CXX compile features
[2.325s] -- Detecting CXX compile features - done
[2.329s] -- Found ament_cmake: 1.3.11 (/opt/ros/humble/share/ament_cmake/cmake)
[2.556s] -- Found Python3: /usr/bin/python3 (found version "3.10.12") found components: Interpreter 
[2.693s] -- Found rclcpp: 16.0.11 (/opt/ros/humble/share/rclcpp/cmake)
[2.969s] -- Found rosidl_generator_c: 3.1.6 (/opt/ros/humble/share/rosidl_generator_c/cmake)
[2.978s] -- Found rosidl_adapter: 3.1.6 (/opt/ros/humble/share/rosidl_adapter/cmake)
[2.990s] -- Found rosidl_generator_cpp: 3.1.6 (/opt/ros/humble/share/rosidl_generator_cpp/cmake)
[3.009s] -- Using all available rosidl_typesupport_c: rosidl_typesupport_fastrtps_c;rosidl_typesupport_introspection_c
[3.033s] -- Using all available rosidl_typesupport_cpp: rosidl_typesupport_fastrtps_cpp;rosidl_typesupport_introspection_cpp
[3.110s] -- Found rmw_implementation_cmake: 6.1.2 (/opt/ros/humble/share/rmw_implementation_cmake/cmake)
[3.115s] -- Found rmw_fastrtps_cpp: 6.2.7 (/opt/ros/humble/share/rmw_fastrtps_cpp/cmake)
[3.937s] -- Found OpenSSL: /usr/lib/x86_64-linux-gnu/libcrypto.so (found version "3.0.2")  
[4.894s] -- Found FastRTPS: /opt/ros/humble/include  
[8.216s] -- Using RMW implementation 'rmw_fastrtps_cpp' as default
[8.241s] -- Looking for pthread.h
[8.449s] -- Looking for pthread.h - found
[8.449s] -- Performing Test CMAKE_HAVE_LIBC_PTHREAD
[8.667s] -- Performing Test CMAKE_HAVE_LIBC_PTHREAD - Success
[8.669s] -- Found Threads: TRUE  
[8.772s] -- Found rclpy: 3.3.15 (/opt/ros/humble/share/rclpy/cmake)
[8.873s] -- Configuring done
[8.892s] -- Generating done
[8.898s] -- Build files have been written to: /home/student/ros2_ws/build/tuos_tb3_tools
[8.917s] Invoked command in '/home/student/ros2_ws/build/tuos_tb3_tools' returned '0': CMAKE_PREFIX_PATH=/opt/ros/humble /usr/bin/cmake /home/student/ros2_ws/src/tuos_ros/tuos_tb3_tools -DCMAKE_INSTALL_PREFIX=/home/student/ros2_ws/install/tuos_tb3_tools
[8.920s] Invoking command in '/home/student/ros2_ws/build/tuos_tb3_tools': CMAKE_PREFIX_PATH=/opt/ros/humble /usr/bin/cmake --build /home/student/ros2_ws/build/tuos_tb3_tools -- -j16 -l16
[9.004s] [ 50%] [32mBuilding CXX object CMakeFiles/cpp_executable.dir/src/minimal_node.cpp.o[0m
[13.438s] [100%] [32m[1mLinking CXX executable cpp_executable[0m
[13.756s] [100%] Built target cpp_executable
[13.778s] Invoked command in '/home/student/ros2_ws/build/tuos_tb3_tools' returned '0': CMAKE_PREFIX_PATH=/opt/ros/humble /usr/bin/cmake --build /home/student/ros2_ws/build/tuos_tb3_tools -- -j16 -l16
[13.781s] Invoking command in '/home/student/ros2_ws/build/tuos_tb3_tools': CMAKE_PREFIX_PATH=/opt/ros/humble /usr/bin/cmake --install /home/student/ros2_ws/build/tuos_tb3_tools
[13.792s] -- Install configuration: ""
[13.792s] -- Installing: /home/student/ros2_ws/install/tuos_tb3_tools/lib/tuos_tb3_tools/cpp_executable
[13.793s] -- Set runtime path of "/home/student/ros2_ws/install/tuos_tb3_tools/lib/tuos_tb3_tools/cpp_executable" to ""
[13.794s] -- Installing: /home/student/ros2_ws/install/tuos_tb3_tools/lib/tuos_tb3_tools/tb3_status.py
[13.794s] -- Installing: /home/student/ros2_ws/install/tuos_tb3_tools/share/tuos_tb3_tools/launch
[13.795s] -- Installing: /home/student/ros2_ws/install/tuos_tb3_tools/share/tuos_tb3_tools/launch/ros.launch.py
[13.795s] -- Installing: /home/student/ros2_ws/install/tuos_tb3_tools/share/tuos_tb3_tools/launch/rviz.launch.py
[13.795s] -- Installing: /home/student/ros2_ws/install/tuos_tb3_tools/share/tuos_tb3_tools/launch/slam.launch.py
[13.795s] -- Installing: /home/student/ros2_ws/install/tuos_tb3_tools/share/tuos_tb3_tools/rviz
[13.796s] -- Installing: /home/student/ros2_ws/install/tuos_tb3_tools/share/tuos_tb3_tools/rviz/waffle.rviz
[13.796s] -- Installing: /home/student/ros2_ws/install/tuos_tb3_tools/share/tuos_tb3_tools/rviz/waffle_slam.rviz
[13.797s] -- Installing: /home/student/ros2_ws/install/tuos_tb3_tools/share/ament_index/resource_index/package_run_dependencies/tuos_tb3_tools
[13.798s] -- Installing: /home/student/ros2_ws/install/tuos_tb3_tools/share/ament_index/resource_index/parent_prefix_path/tuos_tb3_tools
[13.798s] -- Installing: /home/student/ros2_ws/install/tuos_tb3_tools/share/tuos_tb3_tools/environment/ament_prefix_path.sh
[13.799s] -- Installing: /home/student/ros2_ws/install/tuos_tb3_tools/share/tuos_tb3_tools/environment/ament_prefix_path.dsv
[13.799s] -- Installing: /home/student/ros2_ws/install/tuos_tb3_tools/share/tuos_tb3_tools/environment/path.sh
[13.799s] -- Installing: /home/student/ros2_ws/install/tuos_tb3_tools/share/tuos_tb3_tools/environment/path.dsv
[13.799s] -- Installing: /home/student/ros2_ws/install/tuos_tb3_tools/share/tuos_tb3_tools/local_setup.bash
[13.800s] -- Installing: /home/student/ros2_ws/install/tuos_tb3_tools/share/tuos_tb3_tools/local_setup.sh
[13.800s] -- Installing: /home/student/ros2_ws/install/tuos_tb3_tools/share/tuos_tb3_tools/local_setup.zsh
[13.800s] -- Installing: /home/student/ros2_ws/install/tuos_tb3_tools/share/tuos_tb3_tools/local_setup.dsv
[13.800s] -- Installing: /home/student/ros2_ws/install/tuos_tb3_tools/share/tuos_tb3_tools/package.dsv
[13.801s] -- Installing: /home/student/ros2_ws/install/tuos_tb3_tools/share/ament_index/resource_index/packages/tuos_tb3_tools
[13.801s] -- Installing: /home/student/ros2_ws/install/tuos_tb3_tools/share/tuos_tb3_tools/cmake/tuos_tb3_toolsConfig.cmake
[13.802s] -- Installing: /home/student/ros2_ws/install/tuos_tb3_tools/share/tuos_tb3_tools/cmake/tuos_tb3_toolsConfig-version.cmake
[13.802s] -- Installing: /home/student/ros2_ws/install/tuos_tb3_tools/share/tuos_tb3_tools/package.xml
[13.806s] Invoked command in '/home/student/ros2_ws/build/tuos_tb3_tools' returned '0': CMAKE_PREFIX_PATH=/opt/ros/humble /usr/bin/cmake --install /home/student/ros2_ws/build/tuos_tb3_tools
