[0.037s] Invoking command in '/home/student/ros2_ws/build/part4_services': CMAKE_PREFIX_PATH=${CMAKE_PREFIX_PATH}:/opt/ros/humble /usr/bin/cmake --build /home/student/ros2_ws/build/part4_services -- -j16 -l16
[0.219s] [  6%] Built target cpp_executable
[0.332s] [  6%] Built target ament_cmake_python_symlink_part4_services
[0.403s] [ 15%] Built target part4_services__rosidl_generator_c
[1.122s] running egg_info
[1.123s] writing part4_services.egg-info/PKG-INFO
[1.125s] writing dependency_links to part4_services.egg-info/dependency_links.txt
[1.134s] writing top-level names to part4_services.egg-info/top_level.txt
[1.141s] reading manifest file 'part4_services.egg-info/SOURCES.txt'
[1.143s] writing manifest file 'part4_services.egg-info/SOURCES.txt'
[1.269s] [ 15%] Built target ament_cmake_python_build_part4_services_egg
[1.335s] [ 24%] Built target part4_services__rosidl_typesupport_c
[1.390s] [ 33%] Built target part4_services__rosidl_typesupport_introspection_c
[1.457s] [ 42%] Built target part4_services__rosidl_typesupport_fastrtps_c
[1.513s] [ 45%] Built target part4_services__cpp
[1.588s] [ 45%] Built target ament_cmake_python_symlink_part4_services_modules
[1.658s] [ 54%] Built target part4_services__rosidl_typesupport_introspection_cpp
[2.426s] running egg_info
[2.428s] writing part4_services_modules.egg-info/PKG-INFO
[2.428s] writing dependency_links to part4_services_modules.egg-info/dependency_links.txt
[2.429s] writing top-level names to part4_services_modules.egg-info/top_level.txt
[2.446s] reading manifest file 'part4_services_modules.egg-info/SOURCES.txt'
[2.446s] writing manifest file 'part4_services_modules.egg-info/SOURCES.txt'
[2.569s] [ 54%] Built target ament_cmake_python_build_part4_services_modules_egg
[2.642s] [ 63%] Built target part4_services__rosidl_typesupport_fastrtps_cpp
[2.713s] [ 72%] Built target part4_services__rosidl_typesupport_cpp
[2.778s] [ 72%] Built target part4_services
[2.842s] [ 75%] Built target part4_services__py
[2.913s] [ 81%] Built target part4_services__rosidl_generator_py
[2.987s] [ 87%] Built target part4_services__rosidl_typesupport_fastrtps_c__pyext
[3.062s] [ 93%] Built target part4_services__rosidl_typesupport_c__pyext
[3.125s] [100%] Built target part4_services__rosidl_typesupport_introspection_c__pyext
[3.172s] Invoked command in '/home/student/ros2_ws/build/part4_services' returned '0': CMAKE_PREFIX_PATH=${CMAKE_PREFIX_PATH}:/opt/ros/humble /usr/bin/cmake --build /home/student/ros2_ws/build/part4_services -- -j16 -l16
[3.204s] Invoking command in '/home/student/ros2_ws/build/part4_services': CMAKE_PREFIX_PATH=${CMAKE_PREFIX_PATH}:/opt/ros/humble /usr/bin/cmake --install /home/student/ros2_ws/build/part4_services
[3.224s] -- Install configuration: ""
[3.225s] -- Execute custom install script
[3.228s] -- Up-to-date symlink: /home/student/ros2_ws/install/part4_services/lib/part4_services/cpp_executable
[3.228s] -- Up-to-date symlink: /home/student/ros2_ws/install/part4_services/share/part4_services/environment/pythonpath.sh
[3.228s] -- Up-to-date symlink: /home/student/ros2_ws/install/part4_services/share/part4_services/environment/pythonpath.dsv
[3.229s] -- Up-to-date symlink: /home/student/ros2_ws/install/part4_services/local/lib/python3.10/dist-packages/part4_services_modules-0.0.0-py3.10.egg-info/PKG-INFO
[3.230s] -- Up-to-date symlink: /home/student/ros2_ws/install/part4_services/local/lib/python3.10/dist-packages/part4_services_modules-0.0.0-py3.10.egg-info/SOURCES.txt
[3.230s] -- Up-to-date symlink: /home/student/ros2_ws/install/part4_services/local/lib/python3.10/dist-packages/part4_services_modules-0.0.0-py3.10.egg-info/dependency_links.txt
[3.231s] -- Up-to-date symlink: /home/student/ros2_ws/install/part4_services/local/lib/python3.10/dist-packages/part4_services_modules-0.0.0-py3.10.egg-info/top_level.txt
[3.234s] -- Up-to-date symlink: /home/student/ros2_ws/install/part4_services/local/lib/python3.10/dist-packages/part4_services_modules/__init__.py
[3.238s] -- Up-to-date symlink: /home/student/ros2_ws/install/part4_services/local/lib/python3.10/dist-packages/part4_services_modules/tb3_tools.py
[3.240s] -- Up-to-date symlink: /home/student/ros2_ws/install/part4_services/lib/part4_services/my_number_game.py
[3.241s] -- Up-to-date symlink: /home/student/ros2_ws/install/part4_services/lib/part4_services/number_game_client.py
[3.242s] -- Up-to-date symlink: /home/student/ros2_ws/install/part4_services/lib/part4_services/map_saver_client.py
[3.243s] -- Up-to-date symlink: /home/student/ros2_ws/install/part4_services/share/ament_index/resource_index/rosidl_interfaces/part4_services
[3.244s] -- Up-to-date symlink: /home/student/ros2_ws/install/part4_services/include/part4_services/part4_services/msg/rosidl_generator_c__visibility_control.h
[3.244s] -- Up-to-date symlink: /home/student/ros2_ws/install/part4_services/include/part4_services/part4_services/srv/detail/my_number_game__functions.h
[3.245s] -- Up-to-date symlink: /home/student/ros2_ws/install/part4_services/include/part4_services/part4_services/srv/detail/my_number_game__struct.h
[3.245s] -- Up-to-date symlink: /home/student/ros2_ws/install/part4_services/include/part4_services/part4_services/srv/detail/my_number_game__type_support.h
[3.246s] -- Up-to-date symlink: /home/student/ros2_ws/install/part4_services/include/part4_services/part4_services/srv/my_number_game.h
[3.247s] -- Up-to-date symlink: /home/student/ros2_ws/install/part4_services/share/part4_services/environment/library_path.sh
[3.247s] -- Up-to-date symlink: /home/student/ros2_ws/install/part4_services/share/part4_services/environment/library_path.dsv
[3.248s] -- Up-to-date symlink: /home/student/ros2_ws/install/part4_services/include/part4_services/part4_services/msg/rosidl_typesupport_fastrtps_c__visibility_control.h
[3.249s] -- Up-to-date symlink: /home/student/ros2_ws/install/part4_services/include/part4_services/part4_services/srv/detail/my_number_game__rosidl_typesupport_fastrtps_c.h
[3.249s] -- Up-to-date symlink: /home/student/ros2_ws/install/part4_services/include/part4_services/part4_services/msg/rosidl_generator_cpp__visibility_control.hpp
[3.250s] -- Up-to-date symlink: /home/student/ros2_ws/install/part4_services/include/part4_services/part4_services/srv/detail/my_number_game__builder.hpp
[3.250s] -- Up-to-date symlink: /home/student/ros2_ws/install/part4_services/include/part4_services/part4_services/srv/detail/my_number_game__struct.hpp
[3.250s] -- Up-to-date symlink: /home/student/ros2_ws/install/part4_services/include/part4_services/part4_services/srv/detail/my_number_game__traits.hpp
[3.250s] -- Up-to-date symlink: /home/student/ros2_ws/install/part4_services/include/part4_services/part4_services/srv/detail/my_number_game__type_support.hpp
[3.250s] -- Up-to-date symlink: /home/student/ros2_ws/install/part4_services/include/part4_services/part4_services/srv/my_number_game.hpp
[3.252s] -- Up-to-date symlink: /home/student/ros2_ws/install/part4_services/include/part4_services/part4_services/msg/rosidl_typesupport_fastrtps_cpp__visibility_control.h
[3.252s] -- Up-to-date symlink: /home/student/ros2_ws/install/part4_services/include/part4_services/part4_services/srv/detail/my_number_game__rosidl_typesupport_fastrtps_cpp.hpp
[3.253s] -- Up-to-date symlink: /home/student/ros2_ws/install/part4_services/include/part4_services/part4_services/msg/rosidl_typesupport_introspection_c__visibility_control.h
[3.254s] -- Up-to-date symlink: /home/student/ros2_ws/install/part4_services/include/part4_services/part4_services/srv/detail/my_number_game__rosidl_typesupport_introspection_c.h
[3.255s] -- Up-to-date symlink: /home/student/ros2_ws/install/part4_services/include/part4_services/part4_services/srv/detail/my_number_game__rosidl_typesupport_introspection_cpp.hpp
[3.256s] -- Up-to-date symlink: /home/student/ros2_ws/install/part4_services/local/lib/python3.10/dist-packages/part4_services-0.0.0-py3.10.egg-info/PKG-INFO
[3.256s] -- Up-to-date symlink: /home/student/ros2_ws/install/part4_services/local/lib/python3.10/dist-packages/part4_services-0.0.0-py3.10.egg-info/SOURCES.txt
[3.256s] -- Up-to-date symlink: /home/student/ros2_ws/install/part4_services/local/lib/python3.10/dist-packages/part4_services-0.0.0-py3.10.egg-info/dependency_links.txt
[3.256s] -- Up-to-date symlink: /home/student/ros2_ws/install/part4_services/local/lib/python3.10/dist-packages/part4_services-0.0.0-py3.10.egg-info/top_level.txt
[3.257s] -- Up-to-date symlink: /home/student/ros2_ws/install/part4_services/local/lib/python3.10/dist-packages/part4_services/__init__.py
[3.257s] -- Up-to-date symlink: /home/student/ros2_ws/install/part4_services/local/lib/python3.10/dist-packages/part4_services/_part4_services_s.ep.rosidl_typesupport_c.c
[3.258s] -- Up-to-date symlink: /home/student/ros2_ws/install/part4_services/local/lib/python3.10/dist-packages/part4_services/_part4_services_s.ep.rosidl_typesupport_fastrtps_c.c
[3.258s] -- Up-to-date symlink: /home/student/ros2_ws/install/part4_services/local/lib/python3.10/dist-packages/part4_services/_part4_services_s.ep.rosidl_typesupport_introspection_c.c
[3.258s] -- Up-to-date symlink: /home/student/ros2_ws/install/part4_services/local/lib/python3.10/dist-packages/part4_services/libpart4_services__rosidl_generator_py.so
[3.259s] -- Up-to-date symlink: /home/student/ros2_ws/install/part4_services/local/lib/python3.10/dist-packages/part4_services/part4_services_s__rosidl_typesupport_c.cpython-310-x86_64-linux-gnu.so
[3.270s] -- Up-to-date symlink: /home/student/ros2_ws/install/part4_services/local/lib/python3.10/dist-packages/part4_services/part4_services_s__rosidl_typesupport_fastrtps_c.cpython-310-x86_64-linux-gnu.so
[3.270s] -- Up-to-date symlink: /home/student/ros2_ws/install/part4_services/local/lib/python3.10/dist-packages/part4_services/part4_services_s__rosidl_typesupport_introspection_c.cpython-310-x86_64-linux-gnu.so
[3.270s] -- Up-to-date symlink: /home/student/ros2_ws/install/part4_services/local/lib/python3.10/dist-packages/part4_services/srv/__init__.py
[3.270s] -- Up-to-date symlink: /home/student/ros2_ws/install/part4_services/local/lib/python3.10/dist-packages/part4_services/srv/_my_number_game.py
[3.270s] -- Up-to-date symlink: /home/student/ros2_ws/install/part4_services/local/lib/python3.10/dist-packages/part4_services/srv/_my_number_game_s.c
[3.270s] -- Up-to-date symlink: /home/student/ros2_ws/install/part4_services/local/lib/python3.10/dist-packages/part4_services/part4_services_s__rosidl_typesupport_fastrtps_c.cpython-310-x86_64-linux-gnu.so
[3.271s] -- Up-to-date symlink: /home/student/ros2_ws/install/part4_services/local/lib/python3.10/dist-packages/part4_services/part4_services_s__rosidl_typesupport_introspection_c.cpython-310-x86_64-linux-gnu.so
[3.271s] -- Up-to-date symlink: /home/student/ros2_ws/install/part4_services/local/lib/python3.10/dist-packages/part4_services/part4_services_s__rosidl_typesupport_c.cpython-310-x86_64-linux-gnu.so
[3.271s] -- Up-to-date symlink: /home/student/ros2_ws/install/part4_services/share/part4_services/srv/MyNumberGame.idl
[3.271s] -- Up-to-date symlink: /home/student/ros2_ws/install/part4_services/share/part4_services/srv/MyNumberGame.srv
[3.271s] -- Up-to-date symlink: /home/student/ros2_ws/install/part4_services/share/part4_services/srv/MyNumberGame_Request.msg
[3.271s] -- Up-to-date symlink: /home/student/ros2_ws/install/part4_services/share/part4_services/srv/MyNumberGame_Response.msg
[3.271s] -- Up-to-date symlink: /home/student/ros2_ws/install/part4_services/share/ament_index/resource_index/package_run_dependencies/part4_services
[3.272s] -- Up-to-date symlink: /home/student/ros2_ws/install/part4_services/share/ament_index/resource_index/parent_prefix_path/part4_services
[3.272s] -- Up-to-date symlink: /home/student/ros2_ws/install/part4_services/share/part4_services/environment/ament_prefix_path.sh
[3.272s] -- Up-to-date symlink: /home/student/ros2_ws/install/part4_services/share/part4_services/environment/ament_prefix_path.dsv
[3.272s] -- Up-to-date symlink: /home/student/ros2_ws/install/part4_services/share/part4_services/environment/path.sh
[3.272s] -- Up-to-date symlink: /home/student/ros2_ws/install/part4_services/share/part4_services/environment/path.dsv
[3.272s] -- Up-to-date symlink: /home/student/ros2_ws/install/part4_services/share/part4_services/local_setup.bash
[3.272s] -- Up-to-date symlink: /home/student/ros2_ws/install/part4_services/share/part4_services/local_setup.sh
[3.273s] -- Up-to-date symlink: /home/student/ros2_ws/install/part4_services/share/part4_services/local_setup.zsh
[3.273s] -- Up-to-date symlink: /home/student/ros2_ws/install/part4_services/share/part4_services/local_setup.dsv
[3.273s] -- Symlinking: /home/student/ros2_ws/install/part4_services/share/part4_services/package.dsv
[3.295s] -- Up-to-date symlink: /home/student/ros2_ws/install/part4_services/share/ament_index/resource_index/packages/part4_services
[3.296s] -- Up-to-date symlink: /home/student/ros2_ws/install/part4_services/share/part4_services/cmake/rosidl_cmake-extras.cmake
[3.296s] -- Up-to-date symlink: /home/student/ros2_ws/install/part4_services/share/part4_services/cmake/ament_cmake_export_include_directories-extras.cmake
[3.297s] -- Up-to-date symlink: /home/student/ros2_ws/install/part4_services/share/part4_services/cmake/ament_cmake_export_libraries-extras.cmake
[3.297s] -- Up-to-date symlink: /home/student/ros2_ws/install/part4_services/share/part4_services/cmake/ament_cmake_export_targets-extras.cmake
[3.301s] -- Up-to-date symlink: /home/student/ros2_ws/install/part4_services/share/part4_services/cmake/rosidl_cmake_export_typesupport_targets-extras.cmake
[3.301s] -- Up-to-date symlink: /home/student/ros2_ws/install/part4_services/share/part4_services/cmake/ament_cmake_export_dependencies-extras.cmake
[3.301s] -- Up-to-date symlink: /home/student/ros2_ws/install/part4_services/share/part4_services/cmake/rosidl_cmake_export_typesupport_libraries-extras.cmake
[3.301s] -- Up-to-date symlink: /home/student/ros2_ws/install/part4_services/share/part4_services/cmake/part4_servicesConfig.cmake
[3.301s] -- Up-to-date symlink: /home/student/ros2_ws/install/part4_services/share/part4_services/cmake/part4_servicesConfig-version.cmake
[3.302s] -- Up-to-date symlink: /home/student/ros2_ws/install/part4_services/share/part4_services/package.xml
[3.388s] Listing '/home/student/ros2_ws/install/part4_services/local/lib/python3.10/dist-packages/part4_services_modules'...
[3.415s] -- Up-to-date: /home/student/ros2_ws/install/part4_services/lib/libpart4_services__rosidl_generator_c.so
[3.415s] -- Up-to-date: /home/student/ros2_ws/install/part4_services/lib/libpart4_services__rosidl_typesupport_fastrtps_c.so
[3.415s] -- Up-to-date: /home/student/ros2_ws/install/part4_services/lib/libpart4_services__rosidl_typesupport_fastrtps_cpp.so
[3.415s] -- Up-to-date: /home/student/ros2_ws/install/part4_services/lib/libpart4_services__rosidl_typesupport_introspection_c.so
[3.415s] -- Up-to-date: /home/student/ros2_ws/install/part4_services/lib/libpart4_services__rosidl_typesupport_c.so
[3.416s] -- Up-to-date: /home/student/ros2_ws/install/part4_services/lib/libpart4_services__rosidl_typesupport_introspection_cpp.so
[3.416s] -- Up-to-date: /home/student/ros2_ws/install/part4_services/lib/libpart4_services__rosidl_typesupport_cpp.so
[3.527s] Listing '/home/student/ros2_ws/install/part4_services/local/lib/python3.10/dist-packages/part4_services'...
[3.527s] Listing '/home/student/ros2_ws/install/part4_services/local/lib/python3.10/dist-packages/part4_services/srv'...
[3.554s] -- Up-to-date: /home/student/ros2_ws/install/part4_services/lib/libpart4_services__rosidl_generator_py.so
[3.554s] -- Up-to-date: /home/student/ros2_ws/install/part4_services/share/part4_services/cmake/export_part4_services__rosidl_generator_cExport.cmake
[3.554s] -- Up-to-date: /home/student/ros2_ws/install/part4_services/share/part4_services/cmake/export_part4_services__rosidl_generator_cExport-noconfig.cmake
[3.554s] -- Up-to-date: /home/student/ros2_ws/install/part4_services/share/part4_services/cmake/export_part4_services__rosidl_typesupport_fastrtps_cExport.cmake
[3.555s] -- Up-to-date: /home/student/ros2_ws/install/part4_services/share/part4_services/cmake/export_part4_services__rosidl_typesupport_fastrtps_cExport-noconfig.cmake
[3.555s] -- Up-to-date: /home/student/ros2_ws/install/part4_services/share/part4_services/cmake/export_part4_services__rosidl_generator_cppExport.cmake
[3.555s] -- Up-to-date: /home/student/ros2_ws/install/part4_services/share/part4_services/cmake/export_part4_services__rosidl_typesupport_fastrtps_cppExport.cmake
[3.555s] -- Up-to-date: /home/student/ros2_ws/install/part4_services/share/part4_services/cmake/export_part4_services__rosidl_typesupport_fastrtps_cppExport-noconfig.cmake
[3.555s] -- Up-to-date: /home/student/ros2_ws/install/part4_services/share/part4_services/cmake/part4_services__rosidl_typesupport_introspection_cExport.cmake
[3.555s] -- Up-to-date: /home/student/ros2_ws/install/part4_services/share/part4_services/cmake/part4_services__rosidl_typesupport_introspection_cExport-noconfig.cmake
[3.555s] -- Up-to-date: /home/student/ros2_ws/install/part4_services/share/part4_services/cmake/part4_services__rosidl_typesupport_cExport.cmake
[3.556s] -- Up-to-date: /home/student/ros2_ws/install/part4_services/share/part4_services/cmake/part4_services__rosidl_typesupport_cExport-noconfig.cmake
[3.556s] -- Up-to-date: /home/student/ros2_ws/install/part4_services/share/part4_services/cmake/part4_services__rosidl_typesupport_introspection_cppExport.cmake
[3.556s] -- Up-to-date: /home/student/ros2_ws/install/part4_services/share/part4_services/cmake/part4_services__rosidl_typesupport_introspection_cppExport-noconfig.cmake
[3.556s] -- Up-to-date: /home/student/ros2_ws/install/part4_services/share/part4_services/cmake/part4_services__rosidl_typesupport_cppExport.cmake
[3.556s] -- Up-to-date: /home/student/ros2_ws/install/part4_services/share/part4_services/cmake/part4_services__rosidl_typesupport_cppExport-noconfig.cmake
[3.556s] -- Up-to-date: /home/student/ros2_ws/install/part4_services/share/part4_services/cmake/export_part4_services__rosidl_generator_pyExport.cmake
[3.556s] -- Up-to-date: /home/student/ros2_ws/install/part4_services/share/part4_services/cmake/export_part4_services__rosidl_generator_pyExport-noconfig.cmake
[3.560s] Invoked command in '/home/student/ros2_ws/build/part4_services' returned '0': CMAKE_PREFIX_PATH=${CMAKE_PREFIX_PATH}:/opt/ros/humble /usr/bin/cmake --install /home/student/ros2_ws/build/part4_services
