[0.089s] Invoking command in '/home/student/ros2_ws/build/tuos_tb3_tools': CMAKE_PREFIX_PATH=${CMAKE_PREFIX_PATH}:/opt/ros/humble /usr/bin/cmake --build /home/student/ros2_ws/build/tuos_tb3_tools -- -j16 -l16
[0.193s] [100%] Built target cpp_executable
[0.254s] Invoked command in '/home/student/ros2_ws/build/tuos_tb3_tools' returned '0': CMAKE_PREFIX_PATH=${CMAKE_PREFIX_PATH}:/opt/ros/humble /usr/bin/cmake --build /home/student/ros2_ws/build/tuos_tb3_tools -- -j16 -l16
[0.264s] Invoking command in '/home/student/ros2_ws/build/tuos_tb3_tools': CMAKE_PREFIX_PATH=${CMAKE_PREFIX_PATH}:/opt/ros/humble /usr/bin/cmake --install /home/student/ros2_ws/build/tuos_tb3_tools
[0.274s] -- Install configuration: ""
[0.275s] -- Up-to-date: /home/student/ros2_ws/install/tuos_tb3_tools/lib/tuos_tb3_tools/cpp_executable
[0.275s] -- Up-to-date: /home/student/ros2_ws/install/tuos_tb3_tools/lib/tuos_tb3_tools/tb3_status.py
[0.275s] -- Up-to-date: /home/student/ros2_ws/install/tuos_tb3_tools/share/tuos_tb3_tools/launch
[0.276s] -- Up-to-date: /home/student/ros2_ws/install/tuos_tb3_tools/share/tuos_tb3_tools/launch/ros.launch.py
[0.276s] -- Up-to-date: /home/student/ros2_ws/install/tuos_tb3_tools/share/tuos_tb3_tools/launch/rviz.launch.py
[0.276s] -- Up-to-date: /home/student/ros2_ws/install/tuos_tb3_tools/share/tuos_tb3_tools/launch/slam.launch.py
[0.276s] -- Up-to-date: /home/student/ros2_ws/install/tuos_tb3_tools/share/tuos_tb3_tools/rviz
[0.276s] -- Up-to-date: /home/student/ros2_ws/install/tuos_tb3_tools/share/tuos_tb3_tools/rviz/waffle.rviz
[0.276s] -- Up-to-date: /home/student/ros2_ws/install/tuos_tb3_tools/share/tuos_tb3_tools/rviz/waffle_slam.rviz
[0.276s] -- Up-to-date: /home/student/ros2_ws/install/tuos_tb3_tools/share/ament_index/resource_index/package_run_dependencies/tuos_tb3_tools
[0.276s] -- Up-to-date: /home/student/ros2_ws/install/tuos_tb3_tools/share/ament_index/resource_index/parent_prefix_path/tuos_tb3_tools
[0.277s] -- Up-to-date: /home/student/ros2_ws/install/tuos_tb3_tools/share/tuos_tb3_tools/environment/ament_prefix_path.sh
[0.277s] -- Up-to-date: /home/student/ros2_ws/install/tuos_tb3_tools/share/tuos_tb3_tools/environment/ament_prefix_path.dsv
[0.277s] -- Up-to-date: /home/student/ros2_ws/install/tuos_tb3_tools/share/tuos_tb3_tools/environment/path.sh
[0.277s] -- Up-to-date: /home/student/ros2_ws/install/tuos_tb3_tools/share/tuos_tb3_tools/environment/path.dsv
[0.277s] -- Up-to-date: /home/student/ros2_ws/install/tuos_tb3_tools/share/tuos_tb3_tools/local_setup.bash
[0.277s] -- Up-to-date: /home/student/ros2_ws/install/tuos_tb3_tools/share/tuos_tb3_tools/local_setup.sh
[0.277s] -- Up-to-date: /home/student/ros2_ws/install/tuos_tb3_tools/share/tuos_tb3_tools/local_setup.zsh
[0.277s] -- Up-to-date: /home/student/ros2_ws/install/tuos_tb3_tools/share/tuos_tb3_tools/local_setup.dsv
[0.277s] -- Installing: /home/student/ros2_ws/install/tuos_tb3_tools/share/tuos_tb3_tools/package.dsv
[0.278s] -- Up-to-date: /home/student/ros2_ws/install/tuos_tb3_tools/share/ament_index/resource_index/packages/tuos_tb3_tools
[0.278s] -- Up-to-date: /home/student/ros2_ws/install/tuos_tb3_tools/share/tuos_tb3_tools/cmake/tuos_tb3_toolsConfig.cmake
[0.278s] -- Up-to-date: /home/student/ros2_ws/install/tuos_tb3_tools/share/tuos_tb3_tools/cmake/tuos_tb3_toolsConfig-version.cmake
[0.278s] -- Up-to-date: /home/student/ros2_ws/install/tuos_tb3_tools/share/tuos_tb3_tools/package.xml
[0.285s] Invoked command in '/home/student/ros2_ws/build/tuos_tb3_tools' returned '0': CMAKE_PREFIX_PATH=${CMAKE_PREFIX_PATH}:/opt/ros/humble /usr/bin/cmake --install /home/student/ros2_ws/build/tuos_tb3_tools
