[0.322s] Invoking command in '/home/student/ros2_ws/build/tuos_simulations': CMAKE_PREFIX_PATH=${CMAKE_PREFIX_PATH}:/opt/ros/humble /usr/bin/cmake --build /home/student/ros2_ws/build/tuos_simulations -- -j16 -l16
[0.817s] Invoked command in '/home/student/ros2_ws/build/tuos_simulations' returned '0': CMAKE_PREFIX_PATH=${CMAKE_PREFIX_PATH}:/opt/ros/humble /usr/bin/cmake --build /home/student/ros2_ws/build/tuos_simulations -- -j16 -l16
[0.880s] Invoking command in '/home/student/ros2_ws/build/tuos_simulations': CMAKE_PREFIX_PATH=${CMAKE_PREFIX_PATH}:/opt/ros/humble /usr/bin/cmake --install /home/student/ros2_ws/build/tuos_simulations
[0.917s] -- Install configuration: ""
[0.920s] -- Up-to-date: /home/student/ros2_ws/install/tuos_simulations/share/tuos_simulations/launch
[0.923s] -- Up-to-date: /home/student/ros2_ws/install/tuos_simulations/share/tuos_simulations/launch/rviz.launch.py
[0.923s] -- Up-to-date: /home/student/ros2_ws/install/tuos_simulations/share/tuos_simulations/launch/mystery_world.launch.py
[0.924s] -- Up-to-date: /home/student/ros2_ws/install/tuos_simulations/share/tuos_simulations/launch/line_following.launch.py
[0.924s] -- Up-to-date: /home/student/ros2_ws/install/tuos_simulations/share/tuos_simulations/launch/spawn_tb3.launch.py
[0.925s] -- Up-to-date: /home/student/ros2_ws/install/tuos_simulations/share/tuos_simulations/launch/waffle.launch.py
[0.926s] -- Up-to-date: /home/student/ros2_ws/install/tuos_simulations/share/tuos_simulations/launch/coloured_pillars.launch.py
[0.927s] -- Up-to-date: /home/student/ros2_ws/install/tuos_simulations/share/tuos_simulations/launch/nav_world.launch.py
[0.930s] -- Up-to-date: /home/student/ros2_ws/install/tuos_simulations/share/tuos_simulations/launch/cartographer.launch.py
[0.933s] -- Up-to-date: /home/student/ros2_ws/install/tuos_simulations/share/tuos_simulations/launch/line_following_setup.launch.py
[0.933s] -- Up-to-date: /home/student/ros2_ws/install/tuos_simulations/share/tuos_simulations/models
[0.933s] -- Up-to-date: /home/student/ros2_ws/install/tuos_simulations/share/tuos_simulations/models/navigation
[0.933s] -- Up-to-date: /home/student/ros2_ws/install/tuos_simulations/share/tuos_simulations/models/navigation/model.config
[0.934s] -- Up-to-date: /home/student/ros2_ws/install/tuos_simulations/share/tuos_simulations/models/navigation/materials
[0.934s] -- Up-to-date: /home/student/ros2_ws/install/tuos_simulations/share/tuos_simulations/models/navigation/materials/scripts
[0.934s] -- Up-to-date: /home/student/ros2_ws/install/tuos_simulations/share/tuos_simulations/models/navigation/materials/scripts/floor.material
[0.935s] -- Up-to-date: /home/student/ros2_ws/install/tuos_simulations/share/tuos_simulations/models/navigation/materials/textures
[0.935s] -- Up-to-date: /home/student/ros2_ws/install/tuos_simulations/share/tuos_simulations/models/navigation/materials/textures/navigation_floor.svg
[0.935s] -- Up-to-date: /home/student/ros2_ws/install/tuos_simulations/share/tuos_simulations/models/navigation/materials/textures/navigation_floor.png
[0.936s] -- Up-to-date: /home/student/ros2_ws/install/tuos_simulations/share/tuos_simulations/models/navigation/model.sdf
[0.936s] -- Up-to-date: /home/student/ros2_ws/install/tuos_simulations/share/tuos_simulations/models/arena_walls
[0.936s] -- Up-to-date: /home/student/ros2_ws/install/tuos_simulations/share/tuos_simulations/models/arena_walls/model.config
[0.936s] -- Up-to-date: /home/student/ros2_ws/install/tuos_simulations/share/tuos_simulations/models/arena_walls/model.sdf
[0.936s] -- Up-to-date: /home/student/ros2_ws/install/tuos_simulations/share/tuos_simulations/models/line_following_track
[0.936s] -- Up-to-date: /home/student/ros2_ws/install/tuos_simulations/share/tuos_simulations/models/line_following_track/model.config
[0.937s] -- Up-to-date: /home/student/ros2_ws/install/tuos_simulations/share/tuos_simulations/models/line_following_track/materials
[0.937s] -- Up-to-date: /home/student/ros2_ws/install/tuos_simulations/share/tuos_simulations/models/line_following_track/materials/scripts
[0.937s] -- Up-to-date: /home/student/ros2_ws/install/tuos_simulations/share/tuos_simulations/models/line_following_track/materials/scripts/line_following_track.material
[0.937s] -- Up-to-date: /home/student/ros2_ws/install/tuos_simulations/share/tuos_simulations/models/line_following_track/materials/textures
[0.937s] -- Up-to-date: /home/student/ros2_ws/install/tuos_simulations/share/tuos_simulations/models/line_following_track/materials/textures/line_following_track.png
[0.938s] -- Up-to-date: /home/student/ros2_ws/install/tuos_simulations/share/tuos_simulations/models/line_following_track/materials/textures/line_following_track.svg
[0.938s] -- Up-to-date: /home/student/ros2_ws/install/tuos_simulations/share/tuos_simulations/models/line_following_track/model.sdf
[0.938s] -- Up-to-date: /home/student/ros2_ws/install/tuos_simulations/share/tuos_simulations/models/wooden_walls
[0.939s] -- Up-to-date: /home/student/ros2_ws/install/tuos_simulations/share/tuos_simulations/models/wooden_walls/model.config
[0.939s] -- Up-to-date: /home/student/ros2_ws/install/tuos_simulations/share/tuos_simulations/models/wooden_walls/model.sdf
[0.939s] -- Up-to-date: /home/student/ros2_ws/install/tuos_simulations/share/tuos_simulations/models/coloured_pillars
[0.940s] -- Up-to-date: /home/student/ros2_ws/install/tuos_simulations/share/tuos_simulations/models/coloured_pillars/model.config
[0.940s] -- Up-to-date: /home/student/ros2_ws/install/tuos_simulations/share/tuos_simulations/models/coloured_pillars/model.sdf
[0.940s] -- Up-to-date: /home/student/ros2_ws/install/tuos_simulations/share/tuos_simulations/models/line_following_setup
[0.940s] -- Up-to-date: /home/student/ros2_ws/install/tuos_simulations/share/tuos_simulations/models/line_following_setup/model.config
[0.941s] -- Up-to-date: /home/student/ros2_ws/install/tuos_simulations/share/tuos_simulations/models/line_following_setup/materials
[0.941s] -- Up-to-date: /home/student/ros2_ws/install/tuos_simulations/share/tuos_simulations/models/line_following_setup/materials/scripts
[0.941s] -- Up-to-date: /home/student/ros2_ws/install/tuos_simulations/share/tuos_simulations/models/line_following_setup/materials/scripts/line_following_setup.material
[0.942s] -- Up-to-date: /home/student/ros2_ws/install/tuos_simulations/share/tuos_simulations/models/line_following_setup/materials/textures
[0.942s] -- Up-to-date: /home/student/ros2_ws/install/tuos_simulations/share/tuos_simulations/models/line_following_setup/materials/textures/line_following_setup.svg
[0.951s] -- Up-to-date: /home/student/ros2_ws/install/tuos_simulations/share/tuos_simulations/models/line_following_setup/materials/textures/line_following_setup.png
[0.951s] -- Up-to-date: /home/student/ros2_ws/install/tuos_simulations/share/tuos_simulations/models/line_following_setup/model.sdf
[0.952s] -- Up-to-date: /home/student/ros2_ws/install/tuos_simulations/share/tuos_simulations/worlds
[0.953s] -- Up-to-date: /home/student/ros2_ws/install/tuos_simulations/share/tuos_simulations/worlds/nav.world
[0.953s] -- Up-to-date: /home/student/ros2_ws/install/tuos_simulations/share/tuos_simulations/worlds/line_following.world
[0.953s] -- Up-to-date: /home/student/ros2_ws/install/tuos_simulations/share/tuos_simulations/worlds/empty.world
[0.954s] -- Up-to-date: /home/student/ros2_ws/install/tuos_simulations/share/tuos_simulations/worlds/line_following_setup.world
[0.954s] -- Up-to-date: /home/student/ros2_ws/install/tuos_simulations/share/tuos_simulations/worlds/coloured_pillars.world
[0.955s] -- Up-to-date: /home/student/ros2_ws/install/tuos_simulations/share/tuos_simulations/rviz
[0.955s] -- Up-to-date: /home/student/ros2_ws/install/tuos_simulations/share/tuos_simulations/rviz/waffle.rviz
[0.956s] -- Up-to-date: /home/student/ros2_ws/install/tuos_simulations/share/tuos_simulations/rviz/waffle_cartographer.rviz
[0.957s] -- Up-to-date: /home/student/ros2_ws/install/tuos_simulations/share/ament_index/resource_index/package_run_dependencies/tuos_simulations
[0.958s] -- Up-to-date: /home/student/ros2_ws/install/tuos_simulations/share/ament_index/resource_index/parent_prefix_path/tuos_simulations
[0.959s] -- Up-to-date: /home/student/ros2_ws/install/tuos_simulations/share/tuos_simulations/environment/ament_prefix_path.sh
[0.959s] -- Up-to-date: /home/student/ros2_ws/install/tuos_simulations/share/tuos_simulations/environment/ament_prefix_path.dsv
[0.960s] -- Up-to-date: /home/student/ros2_ws/install/tuos_simulations/share/tuos_simulations/environment/path.sh
[0.960s] -- Up-to-date: /home/student/ros2_ws/install/tuos_simulations/share/tuos_simulations/environment/path.dsv
[0.960s] -- Up-to-date: /home/student/ros2_ws/install/tuos_simulations/share/tuos_simulations/local_setup.bash
[0.960s] -- Up-to-date: /home/student/ros2_ws/install/tuos_simulations/share/tuos_simulations/local_setup.sh
[0.961s] -- Up-to-date: /home/student/ros2_ws/install/tuos_simulations/share/tuos_simulations/local_setup.zsh
[0.961s] -- Up-to-date: /home/student/ros2_ws/install/tuos_simulations/share/tuos_simulations/local_setup.dsv
[0.961s] -- Installing: /home/student/ros2_ws/install/tuos_simulations/share/tuos_simulations/package.dsv
[0.966s] -- Up-to-date: /home/student/ros2_ws/install/tuos_simulations/share/ament_index/resource_index/packages/tuos_simulations
[0.994s] -- Up-to-date: /home/student/ros2_ws/install/tuos_simulations/share/tuos_simulations/cmake/ament_cmake_export_dependencies-extras.cmake
[0.995s] -- Up-to-date: /home/student/ros2_ws/install/tuos_simulations/share/tuos_simulations/cmake/tuos_simulationsConfig.cmake
[0.995s] -- Up-to-date: /home/student/ros2_ws/install/tuos_simulations/share/tuos_simulations/cmake/tuos_simulationsConfig-version.cmake
[0.997s] -- Up-to-date: /home/student/ros2_ws/install/tuos_simulations/share/tuos_simulations/package.xml
[1.009s] Invoked command in '/home/student/ros2_ws/build/tuos_simulations' returned '0': CMAKE_PREFIX_PATH=${CMAKE_PREFIX_PATH}:/opt/ros/humble /usr/bin/cmake --install /home/student/ros2_ws/build/tuos_simulations
