[0.036s] Invoking command in '/home/student/ros2_ws/build/part4_services': CMAKE_PREFIX_PATH=${CMAKE_PREFIX_PATH}:/opt/ros/humble /usr/bin/cmake --build /home/student/ros2_ws/build/part4_services -- -j16 -l16
[0.227s] [  6%] Built target cpp_executable
[0.320s] [  6%] Built target ament_cmake_python_symlink_part4_services
[0.389s] [ 15%] Built target part4_services__rosidl_generator_c
[1.120s] running egg_info
[1.121s] writing part4_services.egg-info/PKG-INFO
[1.122s] writing dependency_links to part4_services.egg-info/dependency_links.txt
[1.123s] writing top-level names to part4_services.egg-info/top_level.txt
[1.132s] reading manifest file 'part4_services.egg-info/SOURCES.txt'
[1.134s] writing manifest file 'part4_services.egg-info/SOURCES.txt'
[1.253s] [ 15%] Built target ament_cmake_python_build_part4_services_egg
[1.329s] [ 24%] Built target part4_services__rosidl_typesupport_c
[1.394s] [ 33%] Built target part4_services__rosidl_typesupport_introspection_c
[1.466s] [ 42%] Built target part4_services__rosidl_typesupport_fastrtps_c
[1.544s] [ 45%] Built target part4_services__cpp
[1.638s] [ 45%] Built target ament_cmake_python_symlink_part4_services_modules
[1.715s] [ 54%] Built target part4_services__rosidl_typesupport_introspection_cpp
[2.440s] running egg_info
[2.443s] writing part4_services_modules.egg-info/PKG-INFO
[2.446s] writing dependency_links to part4_services_modules.egg-info/dependency_links.txt
[2.446s] writing top-level names to part4_services_modules.egg-info/top_level.txt
[2.463s] reading manifest file 'part4_services_modules.egg-info/SOURCES.txt'
[2.465s] writing manifest file 'part4_services_modules.egg-info/SOURCES.txt'
[2.606s] [ 54%] Built target ament_cmake_python_build_part4_services_modules_egg
[2.678s] [ 63%] Built target part4_services__rosidl_typesupport_fastrtps_cpp
[2.741s] [ 72%] Built target part4_services__rosidl_typesupport_cpp
[2.797s] [ 72%] Built target part4_services
[2.876s] [ 75%] Built target part4_services__py
[2.950s] [ 81%] Built target part4_services__rosidl_generator_py
[3.013s] [ 87%] Built target part4_services__rosidl_typesupport_fastrtps_c__pyext
[3.092s] [ 93%] Built target part4_services__rosidl_typesupport_c__pyext
[3.205s] [100%] Built target part4_services__rosidl_typesupport_introspection_c__pyext
[3.244s] Invoked command in '/home/student/ros2_ws/build/part4_services' returned '0': CMAKE_PREFIX_PATH=${CMAKE_PREFIX_PATH}:/opt/ros/humble /usr/bin/cmake --build /home/student/ros2_ws/build/part4_services -- -j16 -l16
[3.268s] Invoking command in '/home/student/ros2_ws/build/part4_services': CMAKE_PREFIX_PATH=${CMAKE_PREFIX_PATH}:/opt/ros/humble /usr/bin/cmake --install /home/student/ros2_ws/build/part4_services
[3.297s] -- Install configuration: ""
[3.299s] -- Execute custom install script
[3.299s] -- Up-to-date symlink: /home/student/ros2_ws/install/part4_services/lib/part4_services/cpp_executable
[3.300s] -- Up-to-date symlink: /home/student/ros2_ws/install/part4_services/share/part4_services/environment/pythonpath.sh
[3.301s] -- Up-to-date symlink: /home/student/ros2_ws/install/part4_services/share/part4_services/environment/pythonpath.dsv
[3.301s] -- Up-to-date symlink: /home/student/ros2_ws/install/part4_services/local/lib/python3.10/dist-packages/part4_services_modules-0.0.0-py3.10.egg-info/PKG-INFO
[3.301s] -- Up-to-date symlink: /home/student/ros2_ws/install/part4_services/local/lib/python3.10/dist-packages/part4_services_modules-0.0.0-py3.10.egg-info/SOURCES.txt
[3.302s] -- Up-to-date symlink: /home/student/ros2_ws/install/part4_services/local/lib/python3.10/dist-packages/part4_services_modules-0.0.0-py3.10.egg-info/dependency_links.txt
[3.303s] -- Up-to-date symlink: /home/student/ros2_ws/install/part4_services/local/lib/python3.10/dist-packages/part4_services_modules-0.0.0-py3.10.egg-info/top_level.txt
[3.304s] -- Up-to-date symlink: /home/student/ros2_ws/install/part4_services/local/lib/python3.10/dist-packages/part4_services_modules/__init__.py
[3.305s] -- Up-to-date symlink: /home/student/ros2_ws/install/part4_services/local/lib/python3.10/dist-packages/part4_services_modules/tb3_tools.py
[3.306s] -- Up-to-date symlink: /home/student/ros2_ws/install/part4_services/lib/part4_services/my_number_game.py
[3.306s] -- Up-to-date symlink: /home/student/ros2_ws/install/part4_services/lib/part4_services/number_game_client.py
[3.307s] -- Up-to-date symlink: /home/student/ros2_ws/install/part4_services/lib/part4_services/map_saver_client.py
[3.307s] -- Up-to-date symlink: /home/student/ros2_ws/install/part4_services/share/ament_index/resource_index/rosidl_interfaces/part4_services
[3.312s] -- Up-to-date symlink: /home/student/ros2_ws/install/part4_services/include/part4_services/part4_services/msg/rosidl_generator_c__visibility_control.h
[3.313s] -- Up-to-date symlink: /home/student/ros2_ws/install/part4_services/include/part4_services/part4_services/srv/detail/my_number_game__functions.h
[3.314s] -- Up-to-date symlink: /home/student/ros2_ws/install/part4_services/include/part4_services/part4_services/srv/detail/my_number_game__struct.h
[3.314s] -- Up-to-date symlink: /home/student/ros2_ws/install/part4_services/include/part4_services/part4_services/srv/detail/my_number_game__type_support.h
[3.314s] -- Up-to-date symlink: /home/student/ros2_ws/install/part4_services/include/part4_services/part4_services/srv/my_number_game.h
[3.315s] -- Up-to-date symlink: /home/student/ros2_ws/install/part4_services/share/part4_services/environment/library_path.sh
[3.315s] -- Up-to-date symlink: /home/student/ros2_ws/install/part4_services/share/part4_services/environment/library_path.dsv
[3.315s] -- Up-to-date symlink: /home/student/ros2_ws/install/part4_services/include/part4_services/part4_services/msg/rosidl_typesupport_fastrtps_c__visibility_control.h
[3.316s] -- Up-to-date symlink: /home/student/ros2_ws/install/part4_services/include/part4_services/part4_services/srv/detail/my_number_game__rosidl_typesupport_fastrtps_c.h
[3.316s] -- Up-to-date symlink: /home/student/ros2_ws/install/part4_services/include/part4_services/part4_services/msg/rosidl_generator_cpp__visibility_control.hpp
[3.317s] -- Up-to-date symlink: /home/student/ros2_ws/install/part4_services/include/part4_services/part4_services/srv/detail/my_number_game__builder.hpp
[3.317s] -- Up-to-date symlink: /home/student/ros2_ws/install/part4_services/include/part4_services/part4_services/srv/detail/my_number_game__struct.hpp
[3.317s] -- Up-to-date symlink: /home/student/ros2_ws/install/part4_services/include/part4_services/part4_services/srv/detail/my_number_game__traits.hpp
[3.317s] -- Up-to-date symlink: /home/student/ros2_ws/install/part4_services/include/part4_services/part4_services/srv/detail/my_number_game__type_support.hpp
[3.318s] -- Up-to-date symlink: /home/student/ros2_ws/install/part4_services/include/part4_services/part4_services/srv/my_number_game.hpp
[3.318s] -- Up-to-date symlink: /home/student/ros2_ws/install/part4_services/include/part4_services/part4_services/msg/rosidl_typesupport_fastrtps_cpp__visibility_control.h
[3.319s] -- Up-to-date symlink: /home/student/ros2_ws/install/part4_services/include/part4_services/part4_services/srv/detail/my_number_game__rosidl_typesupport_fastrtps_cpp.hpp
[3.319s] -- Up-to-date symlink: /home/student/ros2_ws/install/part4_services/include/part4_services/part4_services/msg/rosidl_typesupport_introspection_c__visibility_control.h
[3.319s] -- Up-to-date symlink: /home/student/ros2_ws/install/part4_services/include/part4_services/part4_services/srv/detail/my_number_game__rosidl_typesupport_introspection_c.h
[3.320s] -- Up-to-date symlink: /home/student/ros2_ws/install/part4_services/include/part4_services/part4_services/srv/detail/my_number_game__rosidl_typesupport_introspection_cpp.hpp
[3.322s] -- Up-to-date symlink: /home/student/ros2_ws/install/part4_services/local/lib/python3.10/dist-packages/part4_services-0.0.0-py3.10.egg-info/PKG-INFO
[3.322s] -- Up-to-date symlink: /home/student/ros2_ws/install/part4_services/local/lib/python3.10/dist-packages/part4_services-0.0.0-py3.10.egg-info/SOURCES.txt
[3.322s] -- Up-to-date symlink: /home/student/ros2_ws/install/part4_services/local/lib/python3.10/dist-packages/part4_services-0.0.0-py3.10.egg-info/dependency_links.txt
[3.323s] -- Up-to-date symlink: /home/student/ros2_ws/install/part4_services/local/lib/python3.10/dist-packages/part4_services-0.0.0-py3.10.egg-info/top_level.txt
[3.326s] -- Up-to-date symlink: /home/student/ros2_ws/install/part4_services/local/lib/python3.10/dist-packages/part4_services/__init__.py
[3.327s] -- Up-to-date symlink: /home/student/ros2_ws/install/part4_services/local/lib/python3.10/dist-packages/part4_services/_part4_services_s.ep.rosidl_typesupport_c.c
[3.327s] -- Up-to-date symlink: /home/student/ros2_ws/install/part4_services/local/lib/python3.10/dist-packages/part4_services/_part4_services_s.ep.rosidl_typesupport_fastrtps_c.c
[3.329s] -- Up-to-date symlink: /home/student/ros2_ws/install/part4_services/local/lib/python3.10/dist-packages/part4_services/_part4_services_s.ep.rosidl_typesupport_introspection_c.c
[3.330s] -- Up-to-date symlink: /home/student/ros2_ws/install/part4_services/local/lib/python3.10/dist-packages/part4_services/libpart4_services__rosidl_generator_py.so
[3.330s] -- Up-to-date symlink: /home/student/ros2_ws/install/part4_services/local/lib/python3.10/dist-packages/part4_services/part4_services_s__rosidl_typesupport_c.cpython-310-x86_64-linux-gnu.so
[3.330s] -- Up-to-date symlink: /home/student/ros2_ws/install/part4_services/local/lib/python3.10/dist-packages/part4_services/part4_services_s__rosidl_typesupport_fastrtps_c.cpython-310-x86_64-linux-gnu.so
[3.330s] -- Up-to-date symlink: /home/student/ros2_ws/install/part4_services/local/lib/python3.10/dist-packages/part4_services/part4_services_s__rosidl_typesupport_introspection_c.cpython-310-x86_64-linux-gnu.so
[3.335s] -- Up-to-date symlink: /home/student/ros2_ws/install/part4_services/local/lib/python3.10/dist-packages/part4_services/srv/__init__.py
[3.335s] -- Up-to-date symlink: /home/student/ros2_ws/install/part4_services/local/lib/python3.10/dist-packages/part4_services/srv/_my_number_game.py
[3.342s] -- Up-to-date symlink: /home/student/ros2_ws/install/part4_services/local/lib/python3.10/dist-packages/part4_services/srv/_my_number_game_s.c
[3.343s] -- Up-to-date symlink: /home/student/ros2_ws/install/part4_services/local/lib/python3.10/dist-packages/part4_services/part4_services_s__rosidl_typesupport_fastrtps_c.cpython-310-x86_64-linux-gnu.so
[3.343s] -- Up-to-date symlink: /home/student/ros2_ws/install/part4_services/local/lib/python3.10/dist-packages/part4_services/part4_services_s__rosidl_typesupport_introspection_c.cpython-310-x86_64-linux-gnu.so
[3.343s] -- Up-to-date symlink: /home/student/ros2_ws/install/part4_services/local/lib/python3.10/dist-packages/part4_services/part4_services_s__rosidl_typesupport_c.cpython-310-x86_64-linux-gnu.so
[3.343s] -- Up-to-date symlink: /home/student/ros2_ws/install/part4_services/share/part4_services/srv/MyNumberGame.idl
[3.343s] -- Up-to-date symlink: /home/student/ros2_ws/install/part4_services/share/part4_services/srv/MyNumberGame.srv
[3.344s] -- Up-to-date symlink: /home/student/ros2_ws/install/part4_services/share/part4_services/srv/MyNumberGame_Request.msg
[3.344s] -- Up-to-date symlink: /home/student/ros2_ws/install/part4_services/share/part4_services/srv/MyNumberGame_Response.msg
[3.344s] -- Up-to-date symlink: /home/student/ros2_ws/install/part4_services/share/ament_index/resource_index/package_run_dependencies/part4_services
[3.344s] -- Up-to-date symlink: /home/student/ros2_ws/install/part4_services/share/ament_index/resource_index/parent_prefix_path/part4_services
[3.346s] -- Up-to-date symlink: /home/student/ros2_ws/install/part4_services/share/part4_services/environment/ament_prefix_path.sh
[3.346s] -- Up-to-date symlink: /home/student/ros2_ws/install/part4_services/share/part4_services/environment/ament_prefix_path.dsv
[3.346s] -- Up-to-date symlink: /home/student/ros2_ws/install/part4_services/share/part4_services/environment/path.sh
[3.348s] -- Up-to-date symlink: /home/student/ros2_ws/install/part4_services/share/part4_services/environment/path.dsv
[3.349s] -- Up-to-date symlink: /home/student/ros2_ws/install/part4_services/share/part4_services/local_setup.bash
[3.349s] -- Up-to-date symlink: /home/student/ros2_ws/install/part4_services/share/part4_services/local_setup.sh
[3.350s] -- Up-to-date symlink: /home/student/ros2_ws/install/part4_services/share/part4_services/local_setup.zsh
[3.350s] -- Up-to-date symlink: /home/student/ros2_ws/install/part4_services/share/part4_services/local_setup.dsv
[3.351s] -- Symlinking: /home/student/ros2_ws/install/part4_services/share/part4_services/package.dsv
[3.382s] -- Up-to-date symlink: /home/student/ros2_ws/install/part4_services/share/ament_index/resource_index/packages/part4_services
[3.382s] -- Up-to-date symlink: /home/student/ros2_ws/install/part4_services/share/part4_services/cmake/rosidl_cmake-extras.cmake
[3.382s] -- Up-to-date symlink: /home/student/ros2_ws/install/part4_services/share/part4_services/cmake/ament_cmake_export_include_directories-extras.cmake
[3.382s] -- Up-to-date symlink: /home/student/ros2_ws/install/part4_services/share/part4_services/cmake/ament_cmake_export_libraries-extras.cmake
[3.382s] -- Up-to-date symlink: /home/student/ros2_ws/install/part4_services/share/part4_services/cmake/ament_cmake_export_targets-extras.cmake
[3.383s] -- Up-to-date symlink: /home/student/ros2_ws/install/part4_services/share/part4_services/cmake/rosidl_cmake_export_typesupport_targets-extras.cmake
[3.383s] -- Up-to-date symlink: /home/student/ros2_ws/install/part4_services/share/part4_services/cmake/ament_cmake_export_dependencies-extras.cmake
[3.383s] -- Up-to-date symlink: /home/student/ros2_ws/install/part4_services/share/part4_services/cmake/rosidl_cmake_export_typesupport_libraries-extras.cmake
[3.384s] -- Up-to-date symlink: /home/student/ros2_ws/install/part4_services/share/part4_services/cmake/part4_servicesConfig.cmake
[3.384s] -- Up-to-date symlink: /home/student/ros2_ws/install/part4_services/share/part4_services/cmake/part4_servicesConfig-version.cmake
[3.385s] -- Up-to-date symlink: /home/student/ros2_ws/install/part4_services/share/part4_services/package.xml
[3.477s] Listing '/home/student/ros2_ws/install/part4_services/local/lib/python3.10/dist-packages/part4_services_modules'...
[3.492s] -- Up-to-date: /home/student/ros2_ws/install/part4_services/lib/libpart4_services__rosidl_generator_c.so
[3.493s] -- Up-to-date: /home/student/ros2_ws/install/part4_services/lib/libpart4_services__rosidl_typesupport_fastrtps_c.so
[3.494s] -- Up-to-date: /home/student/ros2_ws/install/part4_services/lib/libpart4_services__rosidl_typesupport_fastrtps_cpp.so
[3.498s] -- Up-to-date: /home/student/ros2_ws/install/part4_services/lib/libpart4_services__rosidl_typesupport_introspection_c.so
[3.498s] -- Up-to-date: /home/student/ros2_ws/install/part4_services/lib/libpart4_services__rosidl_typesupport_c.so
[3.498s] -- Up-to-date: /home/student/ros2_ws/install/part4_services/lib/libpart4_services__rosidl_typesupport_introspection_cpp.so
[3.498s] -- Up-to-date: /home/student/ros2_ws/install/part4_services/lib/libpart4_services__rosidl_typesupport_cpp.so
[3.614s] Listing '/home/student/ros2_ws/install/part4_services/local/lib/python3.10/dist-packages/part4_services'...
[3.614s] Listing '/home/student/ros2_ws/install/part4_services/local/lib/python3.10/dist-packages/part4_services/srv'...
[3.645s] -- Up-to-date: /home/student/ros2_ws/install/part4_services/lib/libpart4_services__rosidl_generator_py.so
[3.645s] -- Up-to-date: /home/student/ros2_ws/install/part4_services/share/part4_services/cmake/export_part4_services__rosidl_generator_cExport.cmake
[3.645s] -- Up-to-date: /home/student/ros2_ws/install/part4_services/share/part4_services/cmake/export_part4_services__rosidl_generator_cExport-noconfig.cmake
[3.645s] -- Up-to-date: /home/student/ros2_ws/install/part4_services/share/part4_services/cmake/export_part4_services__rosidl_typesupport_fastrtps_cExport.cmake
[3.646s] -- Up-to-date: /home/student/ros2_ws/install/part4_services/share/part4_services/cmake/export_part4_services__rosidl_typesupport_fastrtps_cExport-noconfig.cmake
[3.646s] -- Up-to-date: /home/student/ros2_ws/install/part4_services/share/part4_services/cmake/export_part4_services__rosidl_generator_cppExport.cmake
[3.646s] -- Up-to-date: /home/student/ros2_ws/install/part4_services/share/part4_services/cmake/export_part4_services__rosidl_typesupport_fastrtps_cppExport.cmake
[3.647s] -- Up-to-date: /home/student/ros2_ws/install/part4_services/share/part4_services/cmake/export_part4_services__rosidl_typesupport_fastrtps_cppExport-noconfig.cmake
[3.648s] -- Up-to-date: /home/student/ros2_ws/install/part4_services/share/part4_services/cmake/part4_services__rosidl_typesupport_introspection_cExport.cmake
[3.648s] -- Up-to-date: /home/student/ros2_ws/install/part4_services/share/part4_services/cmake/part4_services__rosidl_typesupport_introspection_cExport-noconfig.cmake
[3.648s] -- Up-to-date: /home/student/ros2_ws/install/part4_services/share/part4_services/cmake/part4_services__rosidl_typesupport_cExport.cmake
[3.648s] -- Up-to-date: /home/student/ros2_ws/install/part4_services/share/part4_services/cmake/part4_services__rosidl_typesupport_cExport-noconfig.cmake
[3.648s] -- Up-to-date: /home/student/ros2_ws/install/part4_services/share/part4_services/cmake/part4_services__rosidl_typesupport_introspection_cppExport.cmake
[3.649s] -- Up-to-date: /home/student/ros2_ws/install/part4_services/share/part4_services/cmake/part4_services__rosidl_typesupport_introspection_cppExport-noconfig.cmake
[3.649s] -- Up-to-date: /home/student/ros2_ws/install/part4_services/share/part4_services/cmake/part4_services__rosidl_typesupport_cppExport.cmake
[3.649s] -- Up-to-date: /home/student/ros2_ws/install/part4_services/share/part4_services/cmake/part4_services__rosidl_typesupport_cppExport-noconfig.cmake
[3.649s] -- Up-to-date: /home/student/ros2_ws/install/part4_services/share/part4_services/cmake/export_part4_services__rosidl_generator_pyExport.cmake
[3.649s] -- Up-to-date: /home/student/ros2_ws/install/part4_services/share/part4_services/cmake/export_part4_services__rosidl_generator_pyExport-noconfig.cmake
[3.654s] Invoked command in '/home/student/ros2_ws/build/part4_services' returned '0': CMAKE_PREFIX_PATH=${CMAKE_PREFIX_PATH}:/opt/ros/humble /usr/bin/cmake --install /home/student/ros2_ws/build/part4_services
