[0.045s] Invoking command in '/home/student/ros2_ws/build/part1_pubsub': CMAKE_PREFIX_PATH=${CMAKE_PREFIX_PATH}:/opt/ros/humble /usr/bin/cmake --build /home/student/ros2_ws/build/part1_pubsub -- -j16 -l16
[0.166s] -- Found ament_cmake: 1.3.11 (/opt/ros/humble/share/ament_cmake/cmake)
[0.378s] -- Override CMake install command with custom implementation using symlinks instead of copying resources
[0.417s] -- Found rclcpp: 16.0.11 (/opt/ros/humble/share/rclcpp/cmake)
[0.701s] -- Found rosidl_generator_c: 3.1.6 (/opt/ros/humble/share/rosidl_generator_c/cmake)
[0.708s] -- Found rosidl_adapter: 3.1.6 (/opt/ros/humble/share/rosidl_adapter/cmake)
[0.723s] -- Found rosidl_generator_cpp: 3.1.6 (/opt/ros/humble/share/rosidl_generator_cpp/cmake)
[0.746s] -- Using all available rosidl_typesupport_c: rosidl_typesupport_fastrtps_c;rosidl_typesupport_introspection_c
[0.773s] -- Using all available rosidl_typesupport_cpp: rosidl_typesupport_fastrtps_cpp;rosidl_typesupport_introspection_cpp
[0.847s] -- Found rmw_implementation_cmake: 6.1.2 (/opt/ros/humble/share/rmw_implementation_cmake/cmake)
[0.852s] -- Found rmw_fastrtps_cpp: 6.2.7 (/opt/ros/humble/share/rmw_fastrtps_cpp/cmake)
[8.491s] -- Using RMW implementation 'rmw_fastrtps_cpp' as default
[8.594s] -- Found rclpy: 3.3.15 (/opt/ros/humble/share/rclpy/cmake)
[8.824s] -- Configuring done
[8.856s] -- Generating done
[8.863s] -- Build files have been written to: /home/student/ros2_ws/build/part1_pubsub
[8.906s] [35m[1mConsolidate compiler generated dependencies of target cpp_executable[0m
[8.931s] [  0%] Built target ament_cmake_python_symlink_part1_pubsub_modules
[8.938s] [100%] Built target cpp_executable
[9.262s] running egg_info
[9.263s] writing part1_pubsub_modules.egg-info/PKG-INFO
[9.263s] writing dependency_links to part1_pubsub_modules.egg-info/dependency_links.txt
[9.264s] writing top-level names to part1_pubsub_modules.egg-info/top_level.txt
[9.267s] reading manifest file 'part1_pubsub_modules.egg-info/SOURCES.txt'
[9.269s] writing manifest file 'part1_pubsub_modules.egg-info/SOURCES.txt'
[9.301s] [100%] Built target ament_cmake_python_build_part1_pubsub_modules_egg
[9.317s] Invoked command in '/home/student/ros2_ws/build/part1_pubsub' returned '0': CMAKE_PREFIX_PATH=${CMAKE_PREFIX_PATH}:/opt/ros/humble /usr/bin/cmake --build /home/student/ros2_ws/build/part1_pubsub -- -j16 -l16
[9.340s] Invoking command in '/home/student/ros2_ws/build/part1_pubsub': CMAKE_PREFIX_PATH=${CMAKE_PREFIX_PATH}:/opt/ros/humble /usr/bin/cmake --install /home/student/ros2_ws/build/part1_pubsub
[9.348s] -- Install configuration: ""
[9.349s] -- Execute custom install script
[9.349s] -- Up-to-date symlink: /home/student/ros2_ws/install/part1_pubsub/lib/part1_pubsub/cpp_executable
[9.350s] -- Up-to-date symlink: /home/student/ros2_ws/install/part1_pubsub/share/part1_pubsub/environment/pythonpath.sh
[9.350s] -- Up-to-date symlink: /home/student/ros2_ws/install/part1_pubsub/share/part1_pubsub/environment/pythonpath.dsv
[9.351s] -- Up-to-date symlink: /home/student/ros2_ws/install/part1_pubsub/local/lib/python3.10/dist-packages/part1_pubsub_modules-0.0.0-py3.10.egg-info/PKG-INFO
[9.351s] -- Up-to-date symlink: /home/student/ros2_ws/install/part1_pubsub/local/lib/python3.10/dist-packages/part1_pubsub_modules-0.0.0-py3.10.egg-info/SOURCES.txt
[9.353s] -- Up-to-date symlink: /home/student/ros2_ws/install/part1_pubsub/local/lib/python3.10/dist-packages/part1_pubsub_modules-0.0.0-py3.10.egg-info/dependency_links.txt
[9.354s] -- Up-to-date symlink: /home/student/ros2_ws/install/part1_pubsub/local/lib/python3.10/dist-packages/part1_pubsub_modules-0.0.0-py3.10.egg-info/top_level.txt
[9.355s] -- Up-to-date symlink: /home/student/ros2_ws/install/part1_pubsub/local/lib/python3.10/dist-packages/part1_pubsub_modules/__init__.py
[9.355s] -- Up-to-date symlink: /home/student/ros2_ws/install/part1_pubsub/local/lib/python3.10/dist-packages/part1_pubsub_modules/tb3_tools.py
[9.355s] -- Up-to-date symlink: /home/student/ros2_ws/install/part1_pubsub/lib/part1_pubsub/publisher.py
[9.356s] -- Symlinking: /home/student/ros2_ws/install/part1_pubsub/lib/part1_pubsub/subscriber.py
[9.368s] -- Up-to-date symlink: /home/student/ros2_ws/install/part1_pubsub/share/ament_index/resource_index/package_run_dependencies/part1_pubsub
[9.369s] -- Up-to-date symlink: /home/student/ros2_ws/install/part1_pubsub/share/ament_index/resource_index/parent_prefix_path/part1_pubsub
[9.369s] -- Up-to-date symlink: /home/student/ros2_ws/install/part1_pubsub/share/part1_pubsub/environment/ament_prefix_path.sh
[9.370s] -- Up-to-date symlink: /home/student/ros2_ws/install/part1_pubsub/share/part1_pubsub/environment/ament_prefix_path.dsv
[9.370s] -- Up-to-date symlink: /home/student/ros2_ws/install/part1_pubsub/share/part1_pubsub/environment/path.sh
[9.371s] -- Up-to-date symlink: /home/student/ros2_ws/install/part1_pubsub/share/part1_pubsub/environment/path.dsv
[9.372s] -- Up-to-date symlink: /home/student/ros2_ws/install/part1_pubsub/share/part1_pubsub/local_setup.bash
[9.372s] -- Up-to-date symlink: /home/student/ros2_ws/install/part1_pubsub/share/part1_pubsub/local_setup.sh
[9.373s] -- Up-to-date symlink: /home/student/ros2_ws/install/part1_pubsub/share/part1_pubsub/local_setup.zsh
[9.373s] -- Up-to-date symlink: /home/student/ros2_ws/install/part1_pubsub/share/part1_pubsub/local_setup.dsv
[9.374s] -- Symlinking: /home/student/ros2_ws/install/part1_pubsub/share/part1_pubsub/package.dsv
[9.386s] -- Up-to-date symlink: /home/student/ros2_ws/install/part1_pubsub/share/ament_index/resource_index/packages/part1_pubsub
[9.387s] -- Up-to-date symlink: /home/student/ros2_ws/install/part1_pubsub/share/part1_pubsub/cmake/part1_pubsubConfig.cmake
[9.387s] -- Up-to-date symlink: /home/student/ros2_ws/install/part1_pubsub/share/part1_pubsub/cmake/part1_pubsubConfig-version.cmake
[9.388s] -- Up-to-date symlink: /home/student/ros2_ws/install/part1_pubsub/share/part1_pubsub/package.xml
[9.430s] Listing '/home/student/ros2_ws/install/part1_pubsub/local/lib/python3.10/dist-packages/part1_pubsub_modules'...
[9.439s] Invoked command in '/home/student/ros2_ws/build/part1_pubsub' returned '0': CMAKE_PREFIX_PATH=${CMAKE_PREFIX_PATH}:/opt/ros/humble /usr/bin/cmake --install /home/student/ros2_ws/build/part1_pubsub
