[0.059s] Invoking command in '/home/student/ros2_ws/build/tuos_interfaces': CMAKE_PREFIX_PATH=${CMAKE_PREFIX_PATH}:/opt/ros/humble /usr/bin/cmake --build /home/student/ros2_ws/build/tuos_interfaces -- -j16 -l16
[0.191s] [  2%] Built target tuos_interfaces__cpp
[0.247s] [  2%] Built target ament_cmake_python_copy_tuos_interfaces
[0.304s] [ 12%] Built target tuos_interfaces__rosidl_typesupport_introspection_cpp
[0.758s] running egg_info
[0.761s] writing tuos_interfaces.egg-info/PKG-INFO
[0.764s] writing dependency_links to tuos_interfaces.egg-info/dependency_links.txt
[0.767s] writing top-level names to tuos_interfaces.egg-info/top_level.txt
[0.771s] reading manifest file 'tuos_interfaces.egg-info/SOURCES.txt'
[0.772s] writing manifest file 'tuos_interfaces.egg-info/SOURCES.txt'
[0.890s] [ 12%] Built target ament_cmake_python_build_tuos_interfaces_egg
[0.931s] [ 23%] Built target tuos_interfaces__rosidl_typesupport_fastrtps_cpp
[0.987s] [ 34%] Built target tuos_interfaces__rosidl_typesupport_cpp
[1.026s] [ 44%] Built target tuos_interfaces__rosidl_generator_c
[1.069s] [ 55%] Built target tuos_interfaces__rosidl_typesupport_fastrtps_c
[1.113s] [ 65%] Built target tuos_interfaces__rosidl_typesupport_c
[1.157s] [ 76%] Built target tuos_interfaces__rosidl_typesupport_introspection_c
[1.200s] [ 76%] Built target tuos_interfaces
[1.249s] [ 78%] Built target tuos_interfaces__py
[1.297s] [ 87%] Built target tuos_interfaces__rosidl_generator_py
[1.342s] [ 91%] Built target tuos_interfaces__rosidl_typesupport_fastrtps_c__pyext
[1.391s] [ 95%] Built target tuos_interfaces__rosidl_typesupport_c__pyext
[1.444s] [100%] Built target tuos_interfaces__rosidl_typesupport_introspection_c__pyext
[1.468s] Invoked command in '/home/student/ros2_ws/build/tuos_interfaces' returned '0': CMAKE_PREFIX_PATH=${CMAKE_PREFIX_PATH}:/opt/ros/humble /usr/bin/cmake --build /home/student/ros2_ws/build/tuos_interfaces -- -j16 -l16
[1.470s] Invoking command in '/home/student/ros2_ws/build/tuos_interfaces': CMAKE_PREFIX_PATH=${CMAKE_PREFIX_PATH}:/opt/ros/humble /usr/bin/cmake --install /home/student/ros2_ws/build/tuos_interfaces
[1.496s] -- Install configuration: ""
[1.496s] -- Up-to-date: /home/student/ros2_ws/install/tuos_interfaces/share/ament_index/resource_index/rosidl_interfaces/tuos_interfaces
[1.496s] -- Up-to-date: /home/student/ros2_ws/install/tuos_interfaces/include/tuos_interfaces/tuos_interfaces
[1.496s] -- Up-to-date: /home/student/ros2_ws/install/tuos_interfaces/include/tuos_interfaces/tuos_interfaces/srv
[1.496s] -- Up-to-date: /home/student/ros2_ws/install/tuos_interfaces/include/tuos_interfaces/tuos_interfaces/srv/detail
[1.496s] -- Up-to-date: /home/student/ros2_ws/install/tuos_interfaces/include/tuos_interfaces/tuos_interfaces/srv/detail/number_game__functions.c
[1.496s] -- Up-to-date: /home/student/ros2_ws/install/tuos_interfaces/include/tuos_interfaces/tuos_interfaces/srv/detail/number_game__type_support.h
[1.497s] -- Up-to-date: /home/student/ros2_ws/install/tuos_interfaces/include/tuos_interfaces/tuos_interfaces/srv/detail/number_game__struct.h
[1.497s] -- Up-to-date: /home/student/ros2_ws/install/tuos_interfaces/include/tuos_interfaces/tuos_interfaces/srv/detail/number_game__functions.h
[1.497s] -- Up-to-date: /home/student/ros2_ws/install/tuos_interfaces/include/tuos_interfaces/tuos_interfaces/srv/number_game.h
[1.497s] -- Up-to-date: /home/student/ros2_ws/install/tuos_interfaces/include/tuos_interfaces/tuos_interfaces/action
[1.497s] -- Up-to-date: /home/student/ros2_ws/install/tuos_interfaces/include/tuos_interfaces/tuos_interfaces/action/detail
[1.497s] -- Up-to-date: /home/student/ros2_ws/install/tuos_interfaces/include/tuos_interfaces/tuos_interfaces/action/detail/camera_sweep__type_support.h
[1.497s] -- Up-to-date: /home/student/ros2_ws/install/tuos_interfaces/include/tuos_interfaces/tuos_interfaces/action/detail/camera_sweep__functions.h
[1.497s] -- Up-to-date: /home/student/ros2_ws/install/tuos_interfaces/include/tuos_interfaces/tuos_interfaces/action/detail/camera_sweep__struct.h
[1.497s] -- Up-to-date: /home/student/ros2_ws/install/tuos_interfaces/include/tuos_interfaces/tuos_interfaces/action/detail/camera_sweep__functions.c
[1.497s] -- Up-to-date: /home/student/ros2_ws/install/tuos_interfaces/include/tuos_interfaces/tuos_interfaces/action/camera_sweep.h
[1.497s] -- Up-to-date: /home/student/ros2_ws/install/tuos_interfaces/include/tuos_interfaces/tuos_interfaces/msg
[1.497s] -- Up-to-date: /home/student/ros2_ws/install/tuos_interfaces/include/tuos_interfaces/tuos_interfaces/msg/detail
[1.497s] -- Up-to-date: /home/student/ros2_ws/install/tuos_interfaces/include/tuos_interfaces/tuos_interfaces/msg/detail/num__type_support.h
[1.497s] -- Up-to-date: /home/student/ros2_ws/install/tuos_interfaces/include/tuos_interfaces/tuos_interfaces/msg/detail/num__functions.h
[1.497s] -- Up-to-date: /home/student/ros2_ws/install/tuos_interfaces/include/tuos_interfaces/tuos_interfaces/msg/detail/num__struct.h
[1.497s] -- Up-to-date: /home/student/ros2_ws/install/tuos_interfaces/include/tuos_interfaces/tuos_interfaces/msg/detail/num__functions.c
[1.497s] -- Up-to-date: /home/student/ros2_ws/install/tuos_interfaces/include/tuos_interfaces/tuos_interfaces/msg/num.h
[1.497s] -- Up-to-date: /home/student/ros2_ws/install/tuos_interfaces/include/tuos_interfaces/tuos_interfaces/msg/rosidl_generator_c__visibility_control.h
[1.498s] -- Up-to-date: /home/student/ros2_ws/install/tuos_interfaces/share/tuos_interfaces/environment/library_path.sh
[1.498s] -- Up-to-date: /home/student/ros2_ws/install/tuos_interfaces/share/tuos_interfaces/environment/library_path.dsv
[1.498s] -- Up-to-date: /home/student/ros2_ws/install/tuos_interfaces/lib/libtuos_interfaces__rosidl_generator_c.so
[1.498s] -- Up-to-date: /home/student/ros2_ws/install/tuos_interfaces/include/tuos_interfaces/tuos_interfaces
[1.498s] -- Up-to-date: /home/student/ros2_ws/install/tuos_interfaces/include/tuos_interfaces/tuos_interfaces/srv
[1.498s] -- Up-to-date: /home/student/ros2_ws/install/tuos_interfaces/include/tuos_interfaces/tuos_interfaces/srv/detail
[1.498s] -- Up-to-date: /home/student/ros2_ws/install/tuos_interfaces/include/tuos_interfaces/tuos_interfaces/srv/detail/number_game__rosidl_typesupport_fastrtps_c.h
[1.499s] -- Up-to-date: /home/student/ros2_ws/install/tuos_interfaces/include/tuos_interfaces/tuos_interfaces/action
[1.500s] -- Up-to-date: /home/student/ros2_ws/install/tuos_interfaces/include/tuos_interfaces/tuos_interfaces/action/detail
[1.500s] -- Up-to-date: /home/student/ros2_ws/install/tuos_interfaces/include/tuos_interfaces/tuos_interfaces/action/detail/camera_sweep__rosidl_typesupport_fastrtps_c.h
[1.500s] -- Up-to-date: /home/student/ros2_ws/install/tuos_interfaces/include/tuos_interfaces/tuos_interfaces/msg
[1.500s] -- Up-to-date: /home/student/ros2_ws/install/tuos_interfaces/include/tuos_interfaces/tuos_interfaces/msg/rosidl_typesupport_fastrtps_c__visibility_control.h
[1.500s] -- Up-to-date: /home/student/ros2_ws/install/tuos_interfaces/include/tuos_interfaces/tuos_interfaces/msg/detail
[1.500s] -- Up-to-date: /home/student/ros2_ws/install/tuos_interfaces/include/tuos_interfaces/tuos_interfaces/msg/detail/num__rosidl_typesupport_fastrtps_c.h
[1.500s] -- Up-to-date: /home/student/ros2_ws/install/tuos_interfaces/lib/libtuos_interfaces__rosidl_typesupport_fastrtps_c.so
[1.500s] -- Up-to-date: /home/student/ros2_ws/install/tuos_interfaces/include/tuos_interfaces/tuos_interfaces
[1.501s] -- Up-to-date: /home/student/ros2_ws/install/tuos_interfaces/include/tuos_interfaces/tuos_interfaces/srv
[1.501s] -- Up-to-date: /home/student/ros2_ws/install/tuos_interfaces/include/tuos_interfaces/tuos_interfaces/srv/detail
[1.501s] -- Up-to-date: /home/student/ros2_ws/install/tuos_interfaces/include/tuos_interfaces/tuos_interfaces/srv/detail/number_game__traits.hpp
[1.501s] -- Up-to-date: /home/student/ros2_ws/install/tuos_interfaces/include/tuos_interfaces/tuos_interfaces/srv/detail/number_game__builder.hpp
[1.501s] -- Up-to-date: /home/student/ros2_ws/install/tuos_interfaces/include/tuos_interfaces/tuos_interfaces/srv/detail/number_game__struct.hpp
[1.501s] -- Up-to-date: /home/student/ros2_ws/install/tuos_interfaces/include/tuos_interfaces/tuos_interfaces/srv/detail/number_game__type_support.hpp
[1.501s] -- Up-to-date: /home/student/ros2_ws/install/tuos_interfaces/include/tuos_interfaces/tuos_interfaces/srv/number_game.hpp
[1.501s] -- Up-to-date: /home/student/ros2_ws/install/tuos_interfaces/include/tuos_interfaces/tuos_interfaces/action
[1.501s] -- Up-to-date: /home/student/ros2_ws/install/tuos_interfaces/include/tuos_interfaces/tuos_interfaces/action/detail
[1.501s] -- Up-to-date: /home/student/ros2_ws/install/tuos_interfaces/include/tuos_interfaces/tuos_interfaces/action/detail/camera_sweep__builder.hpp
[1.501s] -- Up-to-date: /home/student/ros2_ws/install/tuos_interfaces/include/tuos_interfaces/tuos_interfaces/action/detail/camera_sweep__traits.hpp
[1.501s] -- Up-to-date: /home/student/ros2_ws/install/tuos_interfaces/include/tuos_interfaces/tuos_interfaces/action/detail/camera_sweep__type_support.hpp
[1.501s] -- Up-to-date: /home/student/ros2_ws/install/tuos_interfaces/include/tuos_interfaces/tuos_interfaces/action/detail/camera_sweep__struct.hpp
[1.501s] -- Up-to-date: /home/student/ros2_ws/install/tuos_interfaces/include/tuos_interfaces/tuos_interfaces/action/camera_sweep.hpp
[1.501s] -- Up-to-date: /home/student/ros2_ws/install/tuos_interfaces/include/tuos_interfaces/tuos_interfaces/msg
[1.501s] -- Up-to-date: /home/student/ros2_ws/install/tuos_interfaces/include/tuos_interfaces/tuos_interfaces/msg/detail
[1.501s] -- Up-to-date: /home/student/ros2_ws/install/tuos_interfaces/include/tuos_interfaces/tuos_interfaces/msg/detail/num__struct.hpp
[1.501s] -- Up-to-date: /home/student/ros2_ws/install/tuos_interfaces/include/tuos_interfaces/tuos_interfaces/msg/detail/num__type_support.hpp
[1.501s] -- Up-to-date: /home/student/ros2_ws/install/tuos_interfaces/include/tuos_interfaces/tuos_interfaces/msg/detail/num__builder.hpp
[1.501s] -- Up-to-date: /home/student/ros2_ws/install/tuos_interfaces/include/tuos_interfaces/tuos_interfaces/msg/detail/num__traits.hpp
[1.502s] -- Up-to-date: /home/student/ros2_ws/install/tuos_interfaces/include/tuos_interfaces/tuos_interfaces/msg/rosidl_generator_cpp__visibility_control.hpp
[1.502s] -- Up-to-date: /home/student/ros2_ws/install/tuos_interfaces/include/tuos_interfaces/tuos_interfaces/msg/num.hpp
[1.502s] -- Up-to-date: /home/student/ros2_ws/install/tuos_interfaces/include/tuos_interfaces/tuos_interfaces
[1.502s] -- Up-to-date: /home/student/ros2_ws/install/tuos_interfaces/include/tuos_interfaces/tuos_interfaces/srv
[1.502s] -- Up-to-date: /home/student/ros2_ws/install/tuos_interfaces/include/tuos_interfaces/tuos_interfaces/srv/detail
[1.502s] -- Up-to-date: /home/student/ros2_ws/install/tuos_interfaces/include/tuos_interfaces/tuos_interfaces/srv/detail/dds_fastrtps
[1.502s] -- Up-to-date: /home/student/ros2_ws/install/tuos_interfaces/include/tuos_interfaces/tuos_interfaces/srv/detail/number_game__rosidl_typesupport_fastrtps_cpp.hpp
[1.502s] -- Up-to-date: /home/student/ros2_ws/install/tuos_interfaces/include/tuos_interfaces/tuos_interfaces/action
[1.502s] -- Up-to-date: /home/student/ros2_ws/install/tuos_interfaces/include/tuos_interfaces/tuos_interfaces/action/detail
[1.502s] -- Up-to-date: /home/student/ros2_ws/install/tuos_interfaces/include/tuos_interfaces/tuos_interfaces/action/detail/dds_fastrtps
[1.502s] -- Up-to-date: /home/student/ros2_ws/install/tuos_interfaces/include/tuos_interfaces/tuos_interfaces/action/detail/camera_sweep__rosidl_typesupport_fastrtps_cpp.hpp
[1.502s] -- Up-to-date: /home/student/ros2_ws/install/tuos_interfaces/include/tuos_interfaces/tuos_interfaces/msg
[1.502s] -- Up-to-date: /home/student/ros2_ws/install/tuos_interfaces/include/tuos_interfaces/tuos_interfaces/msg/detail
[1.502s] -- Up-to-date: /home/student/ros2_ws/install/tuos_interfaces/include/tuos_interfaces/tuos_interfaces/msg/detail/dds_fastrtps
[1.502s] -- Up-to-date: /home/student/ros2_ws/install/tuos_interfaces/include/tuos_interfaces/tuos_interfaces/msg/detail/num__rosidl_typesupport_fastrtps_cpp.hpp
[1.502s] -- Up-to-date: /home/student/ros2_ws/install/tuos_interfaces/include/tuos_interfaces/tuos_interfaces/msg/rosidl_typesupport_fastrtps_cpp__visibility_control.h
[1.502s] -- Up-to-date: /home/student/ros2_ws/install/tuos_interfaces/lib/libtuos_interfaces__rosidl_typesupport_fastrtps_cpp.so
[1.503s] -- Up-to-date: /home/student/ros2_ws/install/tuos_interfaces/include/tuos_interfaces/tuos_interfaces
[1.503s] -- Up-to-date: /home/student/ros2_ws/install/tuos_interfaces/include/tuos_interfaces/tuos_interfaces/srv
[1.503s] -- Up-to-date: /home/student/ros2_ws/install/tuos_interfaces/include/tuos_interfaces/tuos_interfaces/srv/detail
[1.503s] -- Up-to-date: /home/student/ros2_ws/install/tuos_interfaces/include/tuos_interfaces/tuos_interfaces/srv/detail/number_game__type_support.c
[1.503s] -- Up-to-date: /home/student/ros2_ws/install/tuos_interfaces/include/tuos_interfaces/tuos_interfaces/srv/detail/number_game__rosidl_typesupport_introspection_c.h
[1.504s] -- Up-to-date: /home/student/ros2_ws/install/tuos_interfaces/include/tuos_interfaces/tuos_interfaces/action
[1.504s] -- Up-to-date: /home/student/ros2_ws/install/tuos_interfaces/include/tuos_interfaces/tuos_interfaces/action/detail
[1.504s] -- Up-to-date: /home/student/ros2_ws/install/tuos_interfaces/include/tuos_interfaces/tuos_interfaces/action/detail/camera_sweep__type_support.c
[1.504s] -- Up-to-date: /home/student/ros2_ws/install/tuos_interfaces/include/tuos_interfaces/tuos_interfaces/action/detail/camera_sweep__rosidl_typesupport_introspection_c.h
[1.504s] -- Up-to-date: /home/student/ros2_ws/install/tuos_interfaces/include/tuos_interfaces/tuos_interfaces/msg
[1.504s] -- Up-to-date: /home/student/ros2_ws/install/tuos_interfaces/include/tuos_interfaces/tuos_interfaces/msg/detail
[1.504s] -- Up-to-date: /home/student/ros2_ws/install/tuos_interfaces/include/tuos_interfaces/tuos_interfaces/msg/detail/num__type_support.c
[1.504s] -- Up-to-date: /home/student/ros2_ws/install/tuos_interfaces/include/tuos_interfaces/tuos_interfaces/msg/detail/num__rosidl_typesupport_introspection_c.h
[1.504s] -- Up-to-date: /home/student/ros2_ws/install/tuos_interfaces/include/tuos_interfaces/tuos_interfaces/msg/rosidl_typesupport_introspection_c__visibility_control.h
[1.504s] -- Up-to-date: /home/student/ros2_ws/install/tuos_interfaces/lib/libtuos_interfaces__rosidl_typesupport_introspection_c.so
[1.504s] -- Up-to-date: /home/student/ros2_ws/install/tuos_interfaces/lib/libtuos_interfaces__rosidl_typesupport_c.so
[1.504s] -- Up-to-date: /home/student/ros2_ws/install/tuos_interfaces/include/tuos_interfaces/tuos_interfaces
[1.504s] -- Up-to-date: /home/student/ros2_ws/install/tuos_interfaces/include/tuos_interfaces/tuos_interfaces/srv
[1.505s] -- Up-to-date: /home/student/ros2_ws/install/tuos_interfaces/include/tuos_interfaces/tuos_interfaces/srv/detail
[1.505s] -- Up-to-date: /home/student/ros2_ws/install/tuos_interfaces/include/tuos_interfaces/tuos_interfaces/srv/detail/number_game__type_support.cpp
[1.505s] -- Up-to-date: /home/student/ros2_ws/install/tuos_interfaces/include/tuos_interfaces/tuos_interfaces/srv/detail/number_game__rosidl_typesupport_introspection_cpp.hpp
[1.505s] -- Up-to-date: /home/student/ros2_ws/install/tuos_interfaces/include/tuos_interfaces/tuos_interfaces/action
[1.505s] -- Up-to-date: /home/student/ros2_ws/install/tuos_interfaces/include/tuos_interfaces/tuos_interfaces/action/detail
[1.505s] -- Up-to-date: /home/student/ros2_ws/install/tuos_interfaces/include/tuos_interfaces/tuos_interfaces/action/detail/camera_sweep__rosidl_typesupport_introspection_cpp.hpp
[1.505s] -- Up-to-date: /home/student/ros2_ws/install/tuos_interfaces/include/tuos_interfaces/tuos_interfaces/action/detail/camera_sweep__type_support.cpp
[1.506s] -- Up-to-date: /home/student/ros2_ws/install/tuos_interfaces/include/tuos_interfaces/tuos_interfaces/msg
[1.506s] -- Up-to-date: /home/student/ros2_ws/install/tuos_interfaces/include/tuos_interfaces/tuos_interfaces/msg/detail
[1.506s] -- Up-to-date: /home/student/ros2_ws/install/tuos_interfaces/include/tuos_interfaces/tuos_interfaces/msg/detail/num__type_support.cpp
[1.506s] -- Up-to-date: /home/student/ros2_ws/install/tuos_interfaces/include/tuos_interfaces/tuos_interfaces/msg/detail/num__rosidl_typesupport_introspection_cpp.hpp
[1.506s] -- Up-to-date: /home/student/ros2_ws/install/tuos_interfaces/lib/libtuos_interfaces__rosidl_typesupport_introspection_cpp.so
[1.506s] -- Up-to-date: /home/student/ros2_ws/install/tuos_interfaces/lib/libtuos_interfaces__rosidl_typesupport_cpp.so
[1.506s] -- Up-to-date: /home/student/ros2_ws/install/tuos_interfaces/share/tuos_interfaces/environment/pythonpath.sh
[1.506s] -- Up-to-date: /home/student/ros2_ws/install/tuos_interfaces/share/tuos_interfaces/environment/pythonpath.dsv
[1.506s] -- Up-to-date: /home/student/ros2_ws/install/tuos_interfaces/local/lib/python3.10/dist-packages/tuos_interfaces-0.0.0-py3.10.egg-info
[1.506s] -- Installing: /home/student/ros2_ws/install/tuos_interfaces/local/lib/python3.10/dist-packages/tuos_interfaces-0.0.0-py3.10.egg-info/SOURCES.txt
[1.506s] -- Installing: /home/student/ros2_ws/install/tuos_interfaces/local/lib/python3.10/dist-packages/tuos_interfaces-0.0.0-py3.10.egg-info/PKG-INFO
[1.506s] -- Installing: /home/student/ros2_ws/install/tuos_interfaces/local/lib/python3.10/dist-packages/tuos_interfaces-0.0.0-py3.10.egg-info/dependency_links.txt
[1.506s] -- Installing: /home/student/ros2_ws/install/tuos_interfaces/local/lib/python3.10/dist-packages/tuos_interfaces-0.0.0-py3.10.egg-info/top_level.txt
[1.506s] -- Up-to-date: /home/student/ros2_ws/install/tuos_interfaces/local/lib/python3.10/dist-packages/tuos_interfaces
[1.506s] -- Up-to-date: /home/student/ros2_ws/install/tuos_interfaces/local/lib/python3.10/dist-packages/tuos_interfaces/_tuos_interfaces_s.ep.rosidl_typesupport_fastrtps_c.c
[1.506s] -- Up-to-date: /home/student/ros2_ws/install/tuos_interfaces/local/lib/python3.10/dist-packages/tuos_interfaces/_tuos_interfaces_s.ep.rosidl_typesupport_c.c
[1.506s] -- Up-to-date: /home/student/ros2_ws/install/tuos_interfaces/local/lib/python3.10/dist-packages/tuos_interfaces/tuos_interfaces_s__rosidl_typesupport_introspection_c.cpython-310-x86_64-linux-gnu.so
[1.506s] -- Up-to-date: /home/student/ros2_ws/install/tuos_interfaces/local/lib/python3.10/dist-packages/tuos_interfaces/tuos_interfaces_s__rosidl_typesupport_c.cpython-310-x86_64-linux-gnu.so
[1.506s] -- Up-to-date: /home/student/ros2_ws/install/tuos_interfaces/local/lib/python3.10/dist-packages/tuos_interfaces/srv
[1.506s] -- Up-to-date: /home/student/ros2_ws/install/tuos_interfaces/local/lib/python3.10/dist-packages/tuos_interfaces/srv/_number_game_s.c
[1.506s] -- Up-to-date: /home/student/ros2_ws/install/tuos_interfaces/local/lib/python3.10/dist-packages/tuos_interfaces/srv/_number_game.py
[1.507s] -- Up-to-date: /home/student/ros2_ws/install/tuos_interfaces/local/lib/python3.10/dist-packages/tuos_interfaces/srv/__init__.py
[1.507s] -- Up-to-date: /home/student/ros2_ws/install/tuos_interfaces/local/lib/python3.10/dist-packages/tuos_interfaces/action
[1.507s] -- Up-to-date: /home/student/ros2_ws/install/tuos_interfaces/local/lib/python3.10/dist-packages/tuos_interfaces/action/_camera_sweep.py
[1.507s] -- Up-to-date: /home/student/ros2_ws/install/tuos_interfaces/local/lib/python3.10/dist-packages/tuos_interfaces/action/_camera_sweep_s.c
[1.507s] -- Up-to-date: /home/student/ros2_ws/install/tuos_interfaces/local/lib/python3.10/dist-packages/tuos_interfaces/action/__init__.py
[1.507s] -- Up-to-date: /home/student/ros2_ws/install/tuos_interfaces/local/lib/python3.10/dist-packages/tuos_interfaces/libtuos_interfaces__rosidl_generator_py.so
[1.507s] -- Up-to-date: /home/student/ros2_ws/install/tuos_interfaces/local/lib/python3.10/dist-packages/tuos_interfaces/_tuos_interfaces_s.ep.rosidl_typesupport_introspection_c.c
[1.507s] -- Up-to-date: /home/student/ros2_ws/install/tuos_interfaces/local/lib/python3.10/dist-packages/tuos_interfaces/msg
[1.507s] -- Up-to-date: /home/student/ros2_ws/install/tuos_interfaces/local/lib/python3.10/dist-packages/tuos_interfaces/msg/_num_s.c
[1.507s] -- Up-to-date: /home/student/ros2_ws/install/tuos_interfaces/local/lib/python3.10/dist-packages/tuos_interfaces/msg/__init__.py
[1.507s] -- Up-to-date: /home/student/ros2_ws/install/tuos_interfaces/local/lib/python3.10/dist-packages/tuos_interfaces/msg/_num.py
[1.507s] -- Up-to-date: /home/student/ros2_ws/install/tuos_interfaces/local/lib/python3.10/dist-packages/tuos_interfaces/__init__.py
[1.507s] -- Up-to-date: /home/student/ros2_ws/install/tuos_interfaces/local/lib/python3.10/dist-packages/tuos_interfaces/tuos_interfaces_s__rosidl_typesupport_fastrtps_c.cpython-310-x86_64-linux-gnu.so
[1.554s] Listing '/home/student/ros2_ws/install/tuos_interfaces/local/lib/python3.10/dist-packages/tuos_interfaces'...
[1.555s] Listing '/home/student/ros2_ws/install/tuos_interfaces/local/lib/python3.10/dist-packages/tuos_interfaces/action'...
[1.555s] Listing '/home/student/ros2_ws/install/tuos_interfaces/local/lib/python3.10/dist-packages/tuos_interfaces/msg'...
[1.555s] Listing '/home/student/ros2_ws/install/tuos_interfaces/local/lib/python3.10/dist-packages/tuos_interfaces/srv'...
[1.579s] -- Up-to-date: /home/student/ros2_ws/install/tuos_interfaces/local/lib/python3.10/dist-packages/tuos_interfaces/tuos_interfaces_s__rosidl_typesupport_fastrtps_c.cpython-310-x86_64-linux-gnu.so
[1.579s] -- Up-to-date: /home/student/ros2_ws/install/tuos_interfaces/local/lib/python3.10/dist-packages/tuos_interfaces/tuos_interfaces_s__rosidl_typesupport_introspection_c.cpython-310-x86_64-linux-gnu.so
[1.579s] -- Up-to-date: /home/student/ros2_ws/install/tuos_interfaces/local/lib/python3.10/dist-packages/tuos_interfaces/tuos_interfaces_s__rosidl_typesupport_c.cpython-310-x86_64-linux-gnu.so
[1.579s] -- Up-to-date: /home/student/ros2_ws/install/tuos_interfaces/lib/libtuos_interfaces__rosidl_generator_py.so
[1.579s] -- Up-to-date: /home/student/ros2_ws/install/tuos_interfaces/share/tuos_interfaces/msg/Num.idl
[1.579s] -- Up-to-date: /home/student/ros2_ws/install/tuos_interfaces/share/tuos_interfaces/action/CameraSweep.idl
[1.580s] -- Up-to-date: /home/student/ros2_ws/install/tuos_interfaces/share/tuos_interfaces/srv/NumberGame.idl
[1.580s] -- Up-to-date: /home/student/ros2_ws/install/tuos_interfaces/share/tuos_interfaces/msg/Num.msg
[1.580s] -- Up-to-date: /home/student/ros2_ws/install/tuos_interfaces/share/tuos_interfaces/action/CameraSweep.action
[1.580s] -- Up-to-date: /home/student/ros2_ws/install/tuos_interfaces/share/tuos_interfaces/srv/NumberGame.srv
[1.580s] -- Up-to-date: /home/student/ros2_ws/install/tuos_interfaces/share/tuos_interfaces/srv/NumberGame_Request.msg
[1.580s] -- Up-to-date: /home/student/ros2_ws/install/tuos_interfaces/share/tuos_interfaces/srv/NumberGame_Response.msg
[1.580s] -- Up-to-date: /home/student/ros2_ws/install/tuos_interfaces/share/ament_index/resource_index/package_run_dependencies/tuos_interfaces
[1.580s] -- Up-to-date: /home/student/ros2_ws/install/tuos_interfaces/share/ament_index/resource_index/parent_prefix_path/tuos_interfaces
[1.580s] -- Up-to-date: /home/student/ros2_ws/install/tuos_interfaces/share/tuos_interfaces/environment/ament_prefix_path.sh
[1.580s] -- Up-to-date: /home/student/ros2_ws/install/tuos_interfaces/share/tuos_interfaces/environment/ament_prefix_path.dsv
[1.580s] -- Up-to-date: /home/student/ros2_ws/install/tuos_interfaces/share/tuos_interfaces/environment/path.sh
[1.580s] -- Up-to-date: /home/student/ros2_ws/install/tuos_interfaces/share/tuos_interfaces/environment/path.dsv
[1.581s] -- Up-to-date: /home/student/ros2_ws/install/tuos_interfaces/share/tuos_interfaces/local_setup.bash
[1.581s] -- Up-to-date: /home/student/ros2_ws/install/tuos_interfaces/share/tuos_interfaces/local_setup.sh
[1.581s] -- Up-to-date: /home/student/ros2_ws/install/tuos_interfaces/share/tuos_interfaces/local_setup.zsh
[1.581s] -- Up-to-date: /home/student/ros2_ws/install/tuos_interfaces/share/tuos_interfaces/local_setup.dsv
[1.581s] -- Installing: /home/student/ros2_ws/install/tuos_interfaces/share/tuos_interfaces/package.dsv
[1.581s] -- Up-to-date: /home/student/ros2_ws/install/tuos_interfaces/share/ament_index/resource_index/packages/tuos_interfaces
[1.581s] -- Up-to-date: /home/student/ros2_ws/install/tuos_interfaces/share/tuos_interfaces/cmake/export_tuos_interfaces__rosidl_generator_cExport.cmake
[1.581s] -- Up-to-date: /home/student/ros2_ws/install/tuos_interfaces/share/tuos_interfaces/cmake/export_tuos_interfaces__rosidl_generator_cExport-noconfig.cmake
[1.581s] -- Up-to-date: /home/student/ros2_ws/install/tuos_interfaces/share/tuos_interfaces/cmake/export_tuos_interfaces__rosidl_typesupport_fastrtps_cExport.cmake
[1.581s] -- Up-to-date: /home/student/ros2_ws/install/tuos_interfaces/share/tuos_interfaces/cmake/export_tuos_interfaces__rosidl_typesupport_fastrtps_cExport-noconfig.cmake
[1.582s] -- Up-to-date: /home/student/ros2_ws/install/tuos_interfaces/share/tuos_interfaces/cmake/export_tuos_interfaces__rosidl_generator_cppExport.cmake
[1.583s] -- Up-to-date: /home/student/ros2_ws/install/tuos_interfaces/share/tuos_interfaces/cmake/export_tuos_interfaces__rosidl_typesupport_fastrtps_cppExport.cmake
[1.583s] -- Up-to-date: /home/student/ros2_ws/install/tuos_interfaces/share/tuos_interfaces/cmake/export_tuos_interfaces__rosidl_typesupport_fastrtps_cppExport-noconfig.cmake
[1.583s] -- Up-to-date: /home/student/ros2_ws/install/tuos_interfaces/share/tuos_interfaces/cmake/tuos_interfaces__rosidl_typesupport_introspection_cExport.cmake
[1.583s] -- Up-to-date: /home/student/ros2_ws/install/tuos_interfaces/share/tuos_interfaces/cmake/tuos_interfaces__rosidl_typesupport_introspection_cExport-noconfig.cmake
[1.583s] -- Up-to-date: /home/student/ros2_ws/install/tuos_interfaces/share/tuos_interfaces/cmake/tuos_interfaces__rosidl_typesupport_cExport.cmake
[1.583s] -- Up-to-date: /home/student/ros2_ws/install/tuos_interfaces/share/tuos_interfaces/cmake/tuos_interfaces__rosidl_typesupport_cExport-noconfig.cmake
[1.583s] -- Up-to-date: /home/student/ros2_ws/install/tuos_interfaces/share/tuos_interfaces/cmake/tuos_interfaces__rosidl_typesupport_introspection_cppExport.cmake
[1.583s] -- Up-to-date: /home/student/ros2_ws/install/tuos_interfaces/share/tuos_interfaces/cmake/tuos_interfaces__rosidl_typesupport_introspection_cppExport-noconfig.cmake
[1.584s] -- Up-to-date: /home/student/ros2_ws/install/tuos_interfaces/share/tuos_interfaces/cmake/tuos_interfaces__rosidl_typesupport_cppExport.cmake
[1.584s] -- Up-to-date: /home/student/ros2_ws/install/tuos_interfaces/share/tuos_interfaces/cmake/tuos_interfaces__rosidl_typesupport_cppExport-noconfig.cmake
[1.584s] -- Up-to-date: /home/student/ros2_ws/install/tuos_interfaces/share/tuos_interfaces/cmake/export_tuos_interfaces__rosidl_generator_pyExport.cmake
[1.584s] -- Up-to-date: /home/student/ros2_ws/install/tuos_interfaces/share/tuos_interfaces/cmake/export_tuos_interfaces__rosidl_generator_pyExport-noconfig.cmake
[1.584s] -- Up-to-date: /home/student/ros2_ws/install/tuos_interfaces/share/tuos_interfaces/cmake/rosidl_cmake-extras.cmake
[1.584s] -- Up-to-date: /home/student/ros2_ws/install/tuos_interfaces/share/tuos_interfaces/cmake/ament_cmake_export_dependencies-extras.cmake
[1.584s] -- Up-to-date: /home/student/ros2_ws/install/tuos_interfaces/share/tuos_interfaces/cmake/ament_cmake_export_include_directories-extras.cmake
[1.584s] -- Up-to-date: /home/student/ros2_ws/install/tuos_interfaces/share/tuos_interfaces/cmake/ament_cmake_export_libraries-extras.cmake
[1.584s] -- Up-to-date: /home/student/ros2_ws/install/tuos_interfaces/share/tuos_interfaces/cmake/ament_cmake_export_targets-extras.cmake
[1.584s] -- Up-to-date: /home/student/ros2_ws/install/tuos_interfaces/share/tuos_interfaces/cmake/rosidl_cmake_export_typesupport_targets-extras.cmake
[1.584s] -- Up-to-date: /home/student/ros2_ws/install/tuos_interfaces/share/tuos_interfaces/cmake/rosidl_cmake_export_typesupport_libraries-extras.cmake
[1.584s] -- Up-to-date: /home/student/ros2_ws/install/tuos_interfaces/share/tuos_interfaces/cmake/tuos_interfacesConfig.cmake
[1.584s] -- Up-to-date: /home/student/ros2_ws/install/tuos_interfaces/share/tuos_interfaces/cmake/tuos_interfacesConfig-version.cmake
[1.584s] -- Up-to-date: /home/student/ros2_ws/install/tuos_interfaces/share/tuos_interfaces/package.xml
[1.590s] Invoked command in '/home/student/ros2_ws/build/tuos_interfaces' returned '0': CMAKE_PREFIX_PATH=${CMAKE_PREFIX_PATH}:/opt/ros/humble /usr/bin/cmake --install /home/student/ros2_ws/build/tuos_interfaces
