[2.951s] Invoking command in '/home/student/ros2_ws/build/tuos_ros': CMAKE_PREFIX_PATH=/home/student/ros2_ws/install/com2009_simulations:/home/student/ros2_ws/install/tuos_tb3_tools:/home/student/ros2_ws/install/tuos_simulations:/home/student/ros2_ws/install/tuos_interfaces:/home/student/ros2_ws/install/tuos_examples:/home/student/ros2_ws/install/tuos_ros:/home/student/ros2_ws/install/part2_navigation:/home/student/ros2_ws/install/part1_pubsub:/opt/ros/humble LD_LIBRARY_PATH=/home/student/ros2_ws/install/tuos_interfaces/lib:/home/student/ros2_ws/install/part1_pubsub/lib:/usr/lib/x86_64-linux-gnu/gazebo-11/plugins:/opt/ros/humble/opt/rviz_ogre_vendor/lib:/opt/ros/humble/lib/x86_64-linux-gnu:/opt/ros/humble/lib:/usr/share/gazebo/../../lib/x86_64-linux-gnu/gazebo-11/plugins /usr/bin/cmake --build /home/student/ros2_ws/build/tuos_ros -- -j16 -l16
[3.133s] Invoked command in '/home/student/ros2_ws/build/tuos_ros' returned '0': CMAKE_PREFIX_PATH=/home/student/ros2_ws/install/com2009_simulations:/home/student/ros2_ws/install/tuos_tb3_tools:/home/student/ros2_ws/install/tuos_simulations:/home/student/ros2_ws/install/tuos_interfaces:/home/student/ros2_ws/install/tuos_examples:/home/student/ros2_ws/install/tuos_ros:/home/student/ros2_ws/install/part2_navigation:/home/student/ros2_ws/install/part1_pubsub:/opt/ros/humble LD_LIBRARY_PATH=/home/student/ros2_ws/install/tuos_interfaces/lib:/home/student/ros2_ws/install/part1_pubsub/lib:/usr/lib/x86_64-linux-gnu/gazebo-11/plugins:/opt/ros/humble/opt/rviz_ogre_vendor/lib:/opt/ros/humble/lib/x86_64-linux-gnu:/opt/ros/humble/lib:/usr/share/gazebo/../../lib/x86_64-linux-gnu/gazebo-11/plugins /usr/bin/cmake --build /home/student/ros2_ws/build/tuos_ros -- -j16 -l16
[3.169s] Invoking command in '/home/student/ros2_ws/build/tuos_ros': CMAKE_PREFIX_PATH=/home/student/ros2_ws/install/com2009_simulations:/home/student/ros2_ws/install/tuos_tb3_tools:/home/student/ros2_ws/install/tuos_simulations:/home/student/ros2_ws/install/tuos_interfaces:/home/student/ros2_ws/install/tuos_examples:/home/student/ros2_ws/install/tuos_ros:/home/student/ros2_ws/install/part2_navigation:/home/student/ros2_ws/install/part1_pubsub:/opt/ros/humble LD_LIBRARY_PATH=/home/student/ros2_ws/install/tuos_interfaces/lib:/home/student/ros2_ws/install/part1_pubsub/lib:/usr/lib/x86_64-linux-gnu/gazebo-11/plugins:/opt/ros/humble/opt/rviz_ogre_vendor/lib:/opt/ros/humble/lib/x86_64-linux-gnu:/opt/ros/humble/lib:/usr/share/gazebo/../../lib/x86_64-linux-gnu/gazebo-11/plugins /usr/bin/cmake --install /home/student/ros2_ws/build/tuos_ros
[3.220s] -- Install configuration: ""
[3.222s] -- Up-to-date: /home/student/ros2_ws/install/tuos_ros/share/ament_index/resource_index/package_run_dependencies/tuos_ros
[3.224s] -- Up-to-date: /home/student/ros2_ws/install/tuos_ros/share/ament_index/resource_index/parent_prefix_path/tuos_ros
[3.224s] -- Up-to-date: /home/student/ros2_ws/install/tuos_ros/share/tuos_ros/environment/ament_prefix_path.sh
[3.225s] -- Up-to-date: /home/student/ros2_ws/install/tuos_ros/share/tuos_ros/environment/ament_prefix_path.dsv
[3.225s] -- Up-to-date: /home/student/ros2_ws/install/tuos_ros/share/tuos_ros/environment/path.sh
[3.226s] -- Up-to-date: /home/student/ros2_ws/install/tuos_ros/share/tuos_ros/environment/path.dsv
[3.227s] -- Up-to-date: /home/student/ros2_ws/install/tuos_ros/share/tuos_ros/local_setup.bash
[3.227s] -- Up-to-date: /home/student/ros2_ws/install/tuos_ros/share/tuos_ros/local_setup.sh
[3.227s] -- Up-to-date: /home/student/ros2_ws/install/tuos_ros/share/tuos_ros/local_setup.zsh
[3.227s] -- Up-to-date: /home/student/ros2_ws/install/tuos_ros/share/tuos_ros/local_setup.dsv
[3.228s] -- Installing: /home/student/ros2_ws/install/tuos_ros/share/tuos_ros/package.dsv
[3.237s] -- Up-to-date: /home/student/ros2_ws/install/tuos_ros/share/ament_index/resource_index/packages/tuos_ros
[3.243s] -- Up-to-date: /home/student/ros2_ws/install/tuos_ros/share/tuos_ros/cmake/tuos_rosConfig.cmake
[3.244s] -- Up-to-date: /home/student/ros2_ws/install/tuos_ros/share/tuos_ros/cmake/tuos_rosConfig-version.cmake
[3.244s] -- Up-to-date: /home/student/ros2_ws/install/tuos_ros/share/tuos_ros/package.xml
[3.262s] Invoked command in '/home/student/ros2_ws/build/tuos_ros' returned '0': CMAKE_PREFIX_PATH=/home/student/ros2_ws/install/com2009_simulations:/home/student/ros2_ws/install/tuos_tb3_tools:/home/student/ros2_ws/install/tuos_simulations:/home/student/ros2_ws/install/tuos_interfaces:/home/student/ros2_ws/install/tuos_examples:/home/student/ros2_ws/install/tuos_ros:/home/student/ros2_ws/install/part2_navigation:/home/student/ros2_ws/install/part1_pubsub:/opt/ros/humble LD_LIBRARY_PATH=/home/student/ros2_ws/install/tuos_interfaces/lib:/home/student/ros2_ws/install/part1_pubsub/lib:/usr/lib/x86_64-linux-gnu/gazebo-11/plugins:/opt/ros/humble/opt/rviz_ogre_vendor/lib:/opt/ros/humble/lib/x86_64-linux-gnu:/opt/ros/humble/lib:/usr/share/gazebo/../../lib/x86_64-linux-gnu/gazebo-11/plugins /usr/bin/cmake --install /home/student/ros2_ws/build/tuos_ros
