[0.048s] Invoking command in '/home/student/ros2_ws/build/tuos_examples': CMAKE_PREFIX_PATH=${CMAKE_PREFIX_PATH}:/opt/ros/humble /usr/bin/cmake --build /home/student/ros2_ws/build/tuos_examples -- -j16 -l16
[0.300s] [  0%] Built target ament_cmake_python_copy_tuos_examples
[0.370s] [100%] Built target cpp_executable
[0.681s] running egg_info
[0.683s] writing tuos_examples.egg-info/PKG-INFO
[0.684s] writing dependency_links to tuos_examples.egg-info/dependency_links.txt
[0.684s] writing top-level names to tuos_examples.egg-info/top_level.txt
[0.687s] reading manifest file 'tuos_examples.egg-info/SOURCES.txt'
[0.688s] writing manifest file 'tuos_examples.egg-info/SOURCES.txt'
[0.726s] [100%] Built target ament_cmake_python_build_tuos_examples_egg
[0.741s] Invoked command in '/home/student/ros2_ws/build/tuos_examples' returned '0': CMAKE_PREFIX_PATH=${CMAKE_PREFIX_PATH}:/opt/ros/humble /usr/bin/cmake --build /home/student/ros2_ws/build/tuos_examples -- -j16 -l16
[0.746s] Invoking command in '/home/student/ros2_ws/build/tuos_examples': CMAKE_PREFIX_PATH=${CMAKE_PREFIX_PATH}:/opt/ros/humble /usr/bin/cmake --install /home/student/ros2_ws/build/tuos_examples
[0.756s] -- Install configuration: ""
[0.757s] -- Up-to-date: /home/student/ros2_ws/install/tuos_examples/lib/tuos_examples/cpp_executable
[0.758s] -- Up-to-date: /home/student/ros2_ws/install/tuos_examples/share/tuos_examples/environment/pythonpath.sh
[0.758s] -- Up-to-date: /home/student/ros2_ws/install/tuos_examples/share/tuos_examples/environment/pythonpath.dsv
[0.758s] -- Up-to-date: /home/student/ros2_ws/install/tuos_examples/local/lib/python3.10/dist-packages/tuos_examples-0.0.0-py3.10.egg-info
[0.758s] -- Installing: /home/student/ros2_ws/install/tuos_examples/local/lib/python3.10/dist-packages/tuos_examples-0.0.0-py3.10.egg-info/SOURCES.txt
[0.759s] -- Installing: /home/student/ros2_ws/install/tuos_examples/local/lib/python3.10/dist-packages/tuos_examples-0.0.0-py3.10.egg-info/PKG-INFO
[0.759s] -- Installing: /home/student/ros2_ws/install/tuos_examples/local/lib/python3.10/dist-packages/tuos_examples-0.0.0-py3.10.egg-info/dependency_links.txt
[0.759s] -- Installing: /home/student/ros2_ws/install/tuos_examples/local/lib/python3.10/dist-packages/tuos_examples-0.0.0-py3.10.egg-info/top_level.txt
[0.760s] -- Up-to-date: /home/student/ros2_ws/install/tuos_examples/local/lib/python3.10/dist-packages/tuos_examples
[0.760s] -- Up-to-date: /home/student/ros2_ws/install/tuos_examples/local/lib/python3.10/dist-packages/tuos_examples/tb3_tools.py
[0.760s] -- Up-to-date: /home/student/ros2_ws/install/tuos_examples/local/lib/python3.10/dist-packages/tuos_examples/__init__.py
[0.804s] Listing '/home/student/ros2_ws/install/tuos_examples/local/lib/python3.10/dist-packages/tuos_examples'...
[0.809s] -- Up-to-date: /home/student/ros2_ws/install/tuos_examples/lib/tuos_examples/odom_subscriber_template.py
[0.810s] -- Up-to-date: /home/student/ros2_ws/install/tuos_examples/lib/tuos_examples/robot_pose.py
[0.810s] -- Up-to-date: /home/student/ros2_ws/install/tuos_examples/lib/tuos_examples/camera_sweep_action_server.py
[0.810s] -- Up-to-date: /home/student/ros2_ws/install/tuos_examples/lib/tuos_examples/waffle_yaw_action_server.py
[0.811s] -- Up-to-date: /home/student/ros2_ws/install/tuos_examples/lib/tuos_examples/image_colours.py
[0.811s] -- Up-to-date: /home/student/ros2_ws/install/tuos_examples/lib/tuos_examples/colour_search.py
[0.811s] -- Up-to-date: /home/student/ros2_ws/install/tuos_examples/lib/tuos_examples/number_game.py
[0.811s] -- Up-to-date: /home/student/ros2_ws/install/tuos_examples/share/ament_index/resource_index/package_run_dependencies/tuos_examples
[0.812s] -- Up-to-date: /home/student/ros2_ws/install/tuos_examples/share/ament_index/resource_index/parent_prefix_path/tuos_examples
[0.812s] -- Up-to-date: /home/student/ros2_ws/install/tuos_examples/share/tuos_examples/environment/ament_prefix_path.sh
[0.812s] -- Up-to-date: /home/student/ros2_ws/install/tuos_examples/share/tuos_examples/environment/ament_prefix_path.dsv
[0.812s] -- Up-to-date: /home/student/ros2_ws/install/tuos_examples/share/tuos_examples/environment/path.sh
[0.813s] -- Up-to-date: /home/student/ros2_ws/install/tuos_examples/share/tuos_examples/environment/path.dsv
[0.813s] -- Up-to-date: /home/student/ros2_ws/install/tuos_examples/share/tuos_examples/local_setup.bash
[0.814s] -- Up-to-date: /home/student/ros2_ws/install/tuos_examples/share/tuos_examples/local_setup.sh
[0.814s] -- Up-to-date: /home/student/ros2_ws/install/tuos_examples/share/tuos_examples/local_setup.zsh
[0.815s] -- Up-to-date: /home/student/ros2_ws/install/tuos_examples/share/tuos_examples/local_setup.dsv
[0.815s] -- Installing: /home/student/ros2_ws/install/tuos_examples/share/tuos_examples/package.dsv
[0.816s] -- Up-to-date: /home/student/ros2_ws/install/tuos_examples/share/ament_index/resource_index/packages/tuos_examples
[0.816s] -- Up-to-date: /home/student/ros2_ws/install/tuos_examples/share/tuos_examples/cmake/tuos_examplesConfig.cmake
[0.817s] -- Up-to-date: /home/student/ros2_ws/install/tuos_examples/share/tuos_examples/cmake/tuos_examplesConfig-version.cmake
[0.817s] -- Up-to-date: /home/student/ros2_ws/install/tuos_examples/share/tuos_examples/package.xml
[0.818s] Invoked command in '/home/student/ros2_ws/build/tuos_examples' returned '0': CMAKE_PREFIX_PATH=${CMAKE_PREFIX_PATH}:/opt/ros/humble /usr/bin/cmake --install /home/student/ros2_ws/build/tuos_examples
