[0.325s] Invoking command in '/home/student/ros2_ws/build/com2009_simulations': CMAKE_PREFIX_PATH=/home/student/ros2_ws/install/tuos_simulations:/home/student/ros2_ws/install/tuos_ros:/home/student/ros2_ws/install/tuos_tb3_tools:/home/student/ros2_ws/install/com2009_simulations:/home/student/ros2_ws/install/tuos_interfaces:/home/student/ros2_ws/install/tuos_examples:/home/student/ros2_ws/install/part2_navigation:/home/student/ros2_ws/install/part1_pubsub:/opt/ros/humble /usr/bin/cmake --build /home/student/ros2_ws/build/com2009_simulations -- -j16 -l16
[0.519s] Invoked command in '/home/student/ros2_ws/build/com2009_simulations' returned '0': CMAKE_PREFIX_PATH=/home/student/ros2_ws/install/tuos_simulations:/home/student/ros2_ws/install/tuos_ros:/home/student/ros2_ws/install/tuos_tb3_tools:/home/student/ros2_ws/install/com2009_simulations:/home/student/ros2_ws/install/tuos_interfaces:/home/student/ros2_ws/install/tuos_examples:/home/student/ros2_ws/install/part2_navigation:/home/student/ros2_ws/install/part1_pubsub:/opt/ros/humble /usr/bin/cmake --build /home/student/ros2_ws/build/com2009_simulations -- -j16 -l16
[0.521s] Invoking command in '/home/student/ros2_ws/build/com2009_simulations': CMAKE_PREFIX_PATH=/home/student/ros2_ws/install/tuos_simulations:/home/student/ros2_ws/install/tuos_ros:/home/student/ros2_ws/install/tuos_tb3_tools:/home/student/ros2_ws/install/com2009_simulations:/home/student/ros2_ws/install/tuos_interfaces:/home/student/ros2_ws/install/tuos_examples:/home/student/ros2_ws/install/part2_navigation:/home/student/ros2_ws/install/part1_pubsub:/opt/ros/humble /usr/bin/cmake --install /home/student/ros2_ws/build/com2009_simulations
[0.555s] -- Install configuration: ""
[0.556s] -- Up-to-date: /home/student/ros2_ws/install/com2009_simulations/share/com2009_simulations/launch
[0.557s] -- Up-to-date: /home/student/ros2_ws/install/com2009_simulations/share/com2009_simulations/launch/task1.launch.py
[0.557s] -- Up-to-date: /home/student/ros2_ws/install/com2009_simulations/share/com2009_simulations/launch/task2.launch.py
[0.557s] -- Up-to-date: /home/student/ros2_ws/install/com2009_simulations/share/com2009_simulations/models
[0.558s] -- Up-to-date: /home/student/ros2_ws/install/com2009_simulations/share/com2009_simulations/models/task1
[0.559s] -- Up-to-date: /home/student/ros2_ws/install/com2009_simulations/share/com2009_simulations/models/task1/model.config
[0.562s] -- Up-to-date: /home/student/ros2_ws/install/com2009_simulations/share/com2009_simulations/models/task1/materials
[0.563s] -- Up-to-date: /home/student/ros2_ws/install/com2009_simulations/share/com2009_simulations/models/task1/materials/scripts
[0.567s] -- Up-to-date: /home/student/ros2_ws/install/com2009_simulations/share/com2009_simulations/models/task1/materials/scripts/floor.material
[0.569s] -- Up-to-date: /home/student/ros2_ws/install/com2009_simulations/share/com2009_simulations/models/task1/materials/textures
[0.569s] -- Up-to-date: /home/student/ros2_ws/install/com2009_simulations/share/com2009_simulations/models/task1/materials/textures/task1_floor.svg
[0.570s] -- Up-to-date: /home/student/ros2_ws/install/com2009_simulations/share/com2009_simulations/models/task1/materials/textures/task1_floor.png
[0.570s] -- Up-to-date: /home/student/ros2_ws/install/com2009_simulations/share/com2009_simulations/models/task1/model.sdf
[0.570s] -- Up-to-date: /home/student/ros2_ws/install/com2009_simulations/share/com2009_simulations/models/task2
[0.570s] -- Up-to-date: /home/student/ros2_ws/install/com2009_simulations/share/com2009_simulations/models/task2/model.config
[0.571s] -- Up-to-date: /home/student/ros2_ws/install/com2009_simulations/share/com2009_simulations/models/task2/materials
[0.571s] -- Up-to-date: /home/student/ros2_ws/install/com2009_simulations/share/com2009_simulations/models/task2/materials/scripts
[0.571s] -- Up-to-date: /home/student/ros2_ws/install/com2009_simulations/share/com2009_simulations/models/task2/materials/scripts/floor.material
[0.571s] -- Up-to-date: /home/student/ros2_ws/install/com2009_simulations/share/com2009_simulations/models/task2/materials/textures
[0.571s] -- Up-to-date: /home/student/ros2_ws/install/com2009_simulations/share/com2009_simulations/models/task2/materials/textures/task2_floor.png
[0.571s] -- Up-to-date: /home/student/ros2_ws/install/com2009_simulations/share/com2009_simulations/models/task2/materials/textures/task2_floor.svg
[0.572s] -- Up-to-date: /home/student/ros2_ws/install/com2009_simulations/share/com2009_simulations/models/task2/model.sdf
[0.572s] -- Up-to-date: /home/student/ros2_ws/install/com2009_simulations/share/com2009_simulations/models/cr5_arena_walls
[0.572s] -- Up-to-date: /home/student/ros2_ws/install/com2009_simulations/share/com2009_simulations/models/cr5_arena_walls/model.config
[0.572s] -- Up-to-date: /home/student/ros2_ws/install/com2009_simulations/share/com2009_simulations/models/cr5_arena_walls/model.sdf
[0.572s] -- Up-to-date: /home/student/ros2_ws/install/com2009_simulations/share/com2009_simulations/worlds
[0.573s] -- Up-to-date: /home/student/ros2_ws/install/com2009_simulations/share/com2009_simulations/worlds/task2.world
[0.573s] -- Up-to-date: /home/student/ros2_ws/install/com2009_simulations/share/com2009_simulations/worlds/task1.world
[0.573s] -- Up-to-date: /home/student/ros2_ws/install/com2009_simulations/share/ament_index/resource_index/package_run_dependencies/com2009_simulations
[0.573s] -- Up-to-date: /home/student/ros2_ws/install/com2009_simulations/share/ament_index/resource_index/parent_prefix_path/com2009_simulations
[0.573s] -- Up-to-date: /home/student/ros2_ws/install/com2009_simulations/share/com2009_simulations/environment/ament_prefix_path.sh
[0.573s] -- Up-to-date: /home/student/ros2_ws/install/com2009_simulations/share/com2009_simulations/environment/ament_prefix_path.dsv
[0.574s] -- Up-to-date: /home/student/ros2_ws/install/com2009_simulations/share/com2009_simulations/environment/path.sh
[0.574s] -- Up-to-date: /home/student/ros2_ws/install/com2009_simulations/share/com2009_simulations/environment/path.dsv
[0.574s] -- Up-to-date: /home/student/ros2_ws/install/com2009_simulations/share/com2009_simulations/local_setup.bash
[0.574s] -- Up-to-date: /home/student/ros2_ws/install/com2009_simulations/share/com2009_simulations/local_setup.sh
[0.574s] -- Up-to-date: /home/student/ros2_ws/install/com2009_simulations/share/com2009_simulations/local_setup.zsh
[0.574s] -- Up-to-date: /home/student/ros2_ws/install/com2009_simulations/share/com2009_simulations/local_setup.dsv
[0.575s] -- Installing: /home/student/ros2_ws/install/com2009_simulations/share/com2009_simulations/package.dsv
[0.575s] -- Up-to-date: /home/student/ros2_ws/install/com2009_simulations/share/ament_index/resource_index/packages/com2009_simulations
[0.575s] -- Up-to-date: /home/student/ros2_ws/install/com2009_simulations/share/com2009_simulations/cmake/ament_cmake_export_dependencies-extras.cmake
[0.575s] -- Up-to-date: /home/student/ros2_ws/install/com2009_simulations/share/com2009_simulations/cmake/com2009_simulationsConfig.cmake
[0.576s] -- Up-to-date: /home/student/ros2_ws/install/com2009_simulations/share/com2009_simulations/cmake/com2009_simulationsConfig-version.cmake
[0.576s] -- Up-to-date: /home/student/ros2_ws/install/com2009_simulations/share/com2009_simulations/package.xml
[0.583s] Invoked command in '/home/student/ros2_ws/build/com2009_simulations' returned '0': CMAKE_PREFIX_PATH=/home/student/ros2_ws/install/tuos_simulations:/home/student/ros2_ws/install/tuos_ros:/home/student/ros2_ws/install/tuos_tb3_tools:/home/student/ros2_ws/install/com2009_simulations:/home/student/ros2_ws/install/tuos_interfaces:/home/student/ros2_ws/install/tuos_examples:/home/student/ros2_ws/install/part2_navigation:/home/student/ros2_ws/install/part1_pubsub:/opt/ros/humble /usr/bin/cmake --install /home/student/ros2_ws/build/com2009_simulations
