[0.101s] Invoking command in '/home/student/ros2_ws/build/part5_actions': CMAKE_PREFIX_PATH=${CMAKE_PREFIX_PATH}:/opt/ros/humble /usr/bin/cmake --build /home/student/ros2_ws/build/part5_actions -- -j16 -l16
[0.469s] [  3%] Built target part5_actions__cpp
[0.592s] [  3%] Built target ament_cmake_python_symlink_part5_actions_modules
[0.788s] [ 12%] Built target part5_actions__rosidl_typesupport_introspection_cpp
[1.723s] running egg_info
[1.724s] writing part5_actions_modules.egg-info/PKG-INFO
[1.724s] writing dependency_links to part5_actions_modules.egg-info/dependency_links.txt
[1.725s] writing top-level names to part5_actions_modules.egg-info/top_level.txt
[1.731s] reading manifest file 'part5_actions_modules.egg-info/SOURCES.txt'
[1.734s] writing manifest file 'part5_actions_modules.egg-info/SOURCES.txt'
[1.868s] [ 12%] Built target ament_cmake_python_build_part5_actions_modules_egg
[1.969s] [ 21%] Built target part5_actions__rosidl_typesupport_fastrtps_cpp
[2.055s] [ 30%] Built target part5_actions__rosidl_typesupport_cpp
[2.205s] [ 36%] Built target cpp_executable
[2.282s] [ 36%] Built target ament_cmake_python_symlink_part5_actions
[2.341s] [ 45%] Built target part5_actions__rosidl_generator_c
[3.089s] running egg_info
[3.091s] writing part5_actions.egg-info/PKG-INFO
[3.092s] writing dependency_links to part5_actions.egg-info/dependency_links.txt
[3.094s] writing top-level names to part5_actions.egg-info/top_level.txt
[3.099s] reading manifest file 'part5_actions.egg-info/SOURCES.txt'
[3.102s] writing manifest file 'part5_actions.egg-info/SOURCES.txt'
[3.208s] [ 45%] Built target ament_cmake_python_build_part5_actions_egg
[3.296s] [ 54%] Built target part5_actions__rosidl_typesupport_c
[3.366s] [ 63%] Built target part5_actions__rosidl_typesupport_introspection_c
[3.457s] [ 72%] Built target part5_actions__rosidl_typesupport_fastrtps_c
[3.518s] [ 72%] Built target part5_actions
[3.595s] [ 75%] Built target part5_actions__py
[3.701s] [ 81%] Built target part5_actions__rosidl_generator_py
[3.766s] [ 87%] Built target part5_actions__rosidl_typesupport_fastrtps_c__pyext
[3.830s] [ 93%] Built target part5_actions__rosidl_typesupport_c__pyext
[3.926s] [100%] Built target part5_actions__rosidl_typesupport_introspection_c__pyext
[3.970s] Invoked command in '/home/student/ros2_ws/build/part5_actions' returned '0': CMAKE_PREFIX_PATH=${CMAKE_PREFIX_PATH}:/opt/ros/humble /usr/bin/cmake --build /home/student/ros2_ws/build/part5_actions -- -j16 -l16
[4.021s] Invoking command in '/home/student/ros2_ws/build/part5_actions': CMAKE_PREFIX_PATH=${CMAKE_PREFIX_PATH}:/opt/ros/humble /usr/bin/cmake --install /home/student/ros2_ws/build/part5_actions
[4.046s] -- Install configuration: ""
[4.059s] -- Execute custom install script
[4.059s] -- Up-to-date symlink: /home/student/ros2_ws/install/part5_actions/share/ament_index/resource_index/rosidl_interfaces/part5_actions
[4.064s] -- Up-to-date symlink: /home/student/ros2_ws/install/part5_actions/include/part5_actions/part5_actions/action/detail/explore_forward__functions.h
[4.066s] -- Up-to-date symlink: /home/student/ros2_ws/install/part5_actions/include/part5_actions/part5_actions/action/detail/explore_forward__struct.h
[4.066s] -- Up-to-date symlink: /home/student/ros2_ws/install/part5_actions/include/part5_actions/part5_actions/action/detail/explore_forward__type_support.h
[4.069s] -- Up-to-date symlink: /home/student/ros2_ws/install/part5_actions/include/part5_actions/part5_actions/action/explore_forward.h
[4.069s] -- Up-to-date symlink: /home/student/ros2_ws/install/part5_actions/include/part5_actions/part5_actions/msg/rosidl_generator_c__visibility_control.h
[4.069s] -- Up-to-date symlink: /home/student/ros2_ws/install/part5_actions/share/part5_actions/environment/library_path.sh
[4.070s] -- Up-to-date symlink: /home/student/ros2_ws/install/part5_actions/share/part5_actions/environment/library_path.dsv
[4.073s] -- Up-to-date symlink: /home/student/ros2_ws/install/part5_actions/include/part5_actions/part5_actions/action/detail/explore_forward__rosidl_typesupport_fastrtps_c.h
[4.073s] -- Up-to-date symlink: /home/student/ros2_ws/install/part5_actions/include/part5_actions/part5_actions/msg/rosidl_typesupport_fastrtps_c__visibility_control.h
[4.079s] -- Up-to-date symlink: /home/student/ros2_ws/install/part5_actions/include/part5_actions/part5_actions/action/detail/explore_forward__builder.hpp
[4.079s] -- Up-to-date symlink: /home/student/ros2_ws/install/part5_actions/include/part5_actions/part5_actions/action/detail/explore_forward__struct.hpp
[4.080s] -- Up-to-date symlink: /home/student/ros2_ws/install/part5_actions/include/part5_actions/part5_actions/action/detail/explore_forward__traits.hpp
[4.081s] -- Up-to-date symlink: /home/student/ros2_ws/install/part5_actions/include/part5_actions/part5_actions/action/detail/explore_forward__type_support.hpp
[4.081s] -- Up-to-date symlink: /home/student/ros2_ws/install/part5_actions/include/part5_actions/part5_actions/action/explore_forward.hpp
[4.082s] -- Up-to-date symlink: /home/student/ros2_ws/install/part5_actions/include/part5_actions/part5_actions/msg/rosidl_generator_cpp__visibility_control.hpp
[4.086s] -- Up-to-date symlink: /home/student/ros2_ws/install/part5_actions/include/part5_actions/part5_actions/action/detail/explore_forward__rosidl_typesupport_fastrtps_cpp.hpp
[4.088s] -- Up-to-date symlink: /home/student/ros2_ws/install/part5_actions/include/part5_actions/part5_actions/msg/rosidl_typesupport_fastrtps_cpp__visibility_control.h
[4.095s] -- Up-to-date symlink: /home/student/ros2_ws/install/part5_actions/include/part5_actions/part5_actions/action/detail/explore_forward__rosidl_typesupport_introspection_c.h
[4.095s] -- Up-to-date symlink: /home/student/ros2_ws/install/part5_actions/include/part5_actions/part5_actions/msg/rosidl_typesupport_introspection_c__visibility_control.h
[4.097s] -- Up-to-date symlink: /home/student/ros2_ws/install/part5_actions/include/part5_actions/part5_actions/action/detail/explore_forward__rosidl_typesupport_introspection_cpp.hpp
[4.113s] -- Up-to-date symlink: /home/student/ros2_ws/install/part5_actions/share/part5_actions/environment/pythonpath.sh
[4.113s] -- Up-to-date symlink: /home/student/ros2_ws/install/part5_actions/share/part5_actions/environment/pythonpath.dsv
[4.113s] -- Up-to-date symlink: /home/student/ros2_ws/install/part5_actions/local/lib/python3.10/dist-packages/part5_actions-0.0.0-py3.10.egg-info/PKG-INFO
[4.114s] -- Up-to-date symlink: /home/student/ros2_ws/install/part5_actions/local/lib/python3.10/dist-packages/part5_actions-0.0.0-py3.10.egg-info/SOURCES.txt
[4.116s] -- Up-to-date symlink: /home/student/ros2_ws/install/part5_actions/local/lib/python3.10/dist-packages/part5_actions-0.0.0-py3.10.egg-info/dependency_links.txt
[4.117s] -- Up-to-date symlink: /home/student/ros2_ws/install/part5_actions/local/lib/python3.10/dist-packages/part5_actions-0.0.0-py3.10.egg-info/top_level.txt
[4.119s] -- Up-to-date symlink: /home/student/ros2_ws/install/part5_actions/local/lib/python3.10/dist-packages/part5_actions/__init__.py
[4.121s] -- Up-to-date symlink: /home/student/ros2_ws/install/part5_actions/local/lib/python3.10/dist-packages/part5_actions/_part5_actions_s.ep.rosidl_typesupport_c.c
[4.122s] -- Up-to-date symlink: /home/student/ros2_ws/install/part5_actions/local/lib/python3.10/dist-packages/part5_actions/_part5_actions_s.ep.rosidl_typesupport_fastrtps_c.c
[4.129s] -- Up-to-date symlink: /home/student/ros2_ws/install/part5_actions/local/lib/python3.10/dist-packages/part5_actions/_part5_actions_s.ep.rosidl_typesupport_introspection_c.c
[4.129s] -- Up-to-date symlink: /home/student/ros2_ws/install/part5_actions/local/lib/python3.10/dist-packages/part5_actions/action/__init__.py
[4.129s] -- Up-to-date symlink: /home/student/ros2_ws/install/part5_actions/local/lib/python3.10/dist-packages/part5_actions/action/_explore_forward.py
[4.129s] -- Up-to-date symlink: /home/student/ros2_ws/install/part5_actions/local/lib/python3.10/dist-packages/part5_actions/action/_explore_forward_s.c
[4.130s] -- Up-to-date symlink: /home/student/ros2_ws/install/part5_actions/local/lib/python3.10/dist-packages/part5_actions/libpart5_actions__rosidl_generator_py.so
[4.131s] -- Up-to-date symlink: /home/student/ros2_ws/install/part5_actions/local/lib/python3.10/dist-packages/part5_actions/part5_actions_s__rosidl_typesupport_c.cpython-310-x86_64-linux-gnu.so
[4.131s] -- Up-to-date symlink: /home/student/ros2_ws/install/part5_actions/local/lib/python3.10/dist-packages/part5_actions/part5_actions_s__rosidl_typesupport_fastrtps_c.cpython-310-x86_64-linux-gnu.so
[4.131s] -- Up-to-date symlink: /home/student/ros2_ws/install/part5_actions/local/lib/python3.10/dist-packages/part5_actions/part5_actions_s__rosidl_typesupport_introspection_c.cpython-310-x86_64-linux-gnu.so
[4.132s] -- Up-to-date symlink: /home/student/ros2_ws/install/part5_actions/local/lib/python3.10/dist-packages/part5_actions/part5_actions_s__rosidl_typesupport_fastrtps_c.cpython-310-x86_64-linux-gnu.so
[4.133s] -- Up-to-date symlink: /home/student/ros2_ws/install/part5_actions/local/lib/python3.10/dist-packages/part5_actions/part5_actions_s__rosidl_typesupport_introspection_c.cpython-310-x86_64-linux-gnu.so
[4.134s] -- Up-to-date symlink: /home/student/ros2_ws/install/part5_actions/local/lib/python3.10/dist-packages/part5_actions/part5_actions_s__rosidl_typesupport_c.cpython-310-x86_64-linux-gnu.so
[4.136s] -- Up-to-date symlink: /home/student/ros2_ws/install/part5_actions/share/part5_actions/action/ExploreForward.idl
[4.137s] -- Up-to-date symlink: /home/student/ros2_ws/install/part5_actions/share/part5_actions/action/ExploreForward.action
[4.138s] -- Up-to-date symlink: /home/student/ros2_ws/install/part5_actions/lib/part5_actions/cpp_executable
[4.139s] -- Up-to-date symlink: /home/student/ros2_ws/install/part5_actions/local/lib/python3.10/dist-packages/part5_actions_modules-0.0.0-py3.10.egg-info/PKG-INFO
[4.140s] -- Up-to-date symlink: /home/student/ros2_ws/install/part5_actions/local/lib/python3.10/dist-packages/part5_actions_modules-0.0.0-py3.10.egg-info/SOURCES.txt
[4.141s] -- Up-to-date symlink: /home/student/ros2_ws/install/part5_actions/local/lib/python3.10/dist-packages/part5_actions_modules-0.0.0-py3.10.egg-info/dependency_links.txt
[4.143s] -- Up-to-date symlink: /home/student/ros2_ws/install/part5_actions/local/lib/python3.10/dist-packages/part5_actions_modules-0.0.0-py3.10.egg-info/top_level.txt
[4.152s] -- Up-to-date symlink: /home/student/ros2_ws/install/part5_actions/local/lib/python3.10/dist-packages/part5_actions_modules/__init__.py
[4.152s] -- Up-to-date symlink: /home/student/ros2_ws/install/part5_actions/local/lib/python3.10/dist-packages/part5_actions_modules/tb3_tools.py
[4.152s] -- Up-to-date symlink: /home/student/ros2_ws/install/part5_actions/lib/part5_actions/camera_sweep_action_client.py
[4.152s] -- Up-to-date symlink: /home/student/ros2_ws/install/part5_actions/lib/part5_actions/camera_sweep_cancel_client.py
[4.153s] -- Up-to-date symlink: /home/student/ros2_ws/install/part5_actions/lib/part5_actions/camera_cancel_action.py
[4.153s] -- Up-to-date symlink: /home/student/ros2_ws/install/part5_actions/lib/part5_actions/explore_server.py
[4.154s] -- Up-to-date symlink: /home/student/ros2_ws/install/part5_actions/share/ament_index/resource_index/package_run_dependencies/part5_actions
[4.156s] -- Up-to-date symlink: /home/student/ros2_ws/install/part5_actions/share/ament_index/resource_index/parent_prefix_path/part5_actions
[4.158s] -- Up-to-date symlink: /home/student/ros2_ws/install/part5_actions/share/part5_actions/environment/ament_prefix_path.sh
[4.160s] -- Up-to-date symlink: /home/student/ros2_ws/install/part5_actions/share/part5_actions/environment/ament_prefix_path.dsv
[4.161s] -- Up-to-date symlink: /home/student/ros2_ws/install/part5_actions/share/part5_actions/environment/path.sh
[4.161s] -- Up-to-date symlink: /home/student/ros2_ws/install/part5_actions/share/part5_actions/environment/path.dsv
[4.161s] -- Up-to-date symlink: /home/student/ros2_ws/install/part5_actions/share/part5_actions/local_setup.bash
[4.161s] -- Up-to-date symlink: /home/student/ros2_ws/install/part5_actions/share/part5_actions/local_setup.sh
[4.162s] -- Up-to-date symlink: /home/student/ros2_ws/install/part5_actions/share/part5_actions/local_setup.zsh
[4.163s] -- Up-to-date symlink: /home/student/ros2_ws/install/part5_actions/share/part5_actions/local_setup.dsv
[4.163s] -- Symlinking: /home/student/ros2_ws/install/part5_actions/share/part5_actions/package.dsv
[4.184s] -- Up-to-date symlink: /home/student/ros2_ws/install/part5_actions/share/ament_index/resource_index/packages/part5_actions
[4.188s] -- Up-to-date symlink: /home/student/ros2_ws/install/part5_actions/share/part5_actions/cmake/rosidl_cmake-extras.cmake
[4.188s] -- Up-to-date symlink: /home/student/ros2_ws/install/part5_actions/share/part5_actions/cmake/ament_cmake_export_dependencies-extras.cmake
[4.188s] -- Up-to-date symlink: /home/student/ros2_ws/install/part5_actions/share/part5_actions/cmake/ament_cmake_export_include_directories-extras.cmake
[4.188s] -- Up-to-date symlink: /home/student/ros2_ws/install/part5_actions/share/part5_actions/cmake/ament_cmake_export_libraries-extras.cmake
[4.198s] -- Up-to-date symlink: /home/student/ros2_ws/install/part5_actions/share/part5_actions/cmake/ament_cmake_export_targets-extras.cmake
[4.199s] -- Up-to-date symlink: /home/student/ros2_ws/install/part5_actions/share/part5_actions/cmake/rosidl_cmake_export_typesupport_targets-extras.cmake
[4.210s] -- Up-to-date symlink: /home/student/ros2_ws/install/part5_actions/share/part5_actions/cmake/rosidl_cmake_export_typesupport_libraries-extras.cmake
[4.211s] -- Up-to-date symlink: /home/student/ros2_ws/install/part5_actions/share/part5_actions/cmake/part5_actionsConfig.cmake
[4.211s] -- Up-to-date symlink: /home/student/ros2_ws/install/part5_actions/share/part5_actions/cmake/part5_actionsConfig-version.cmake
[4.211s] -- Up-to-date symlink: /home/student/ros2_ws/install/part5_actions/share/part5_actions/package.xml
[4.211s] -- Up-to-date: /home/student/ros2_ws/install/part5_actions/lib/libpart5_actions__rosidl_generator_c.so
[4.212s] -- Up-to-date: /home/student/ros2_ws/install/part5_actions/lib/libpart5_actions__rosidl_typesupport_fastrtps_c.so
[4.214s] -- Up-to-date: /home/student/ros2_ws/install/part5_actions/lib/libpart5_actions__rosidl_typesupport_fastrtps_cpp.so
[4.214s] -- Up-to-date: /home/student/ros2_ws/install/part5_actions/lib/libpart5_actions__rosidl_typesupport_introspection_c.so
[4.215s] -- Up-to-date: /home/student/ros2_ws/install/part5_actions/lib/libpart5_actions__rosidl_typesupport_c.so
[4.217s] -- Up-to-date: /home/student/ros2_ws/install/part5_actions/lib/libpart5_actions__rosidl_typesupport_introspection_cpp.so
[4.219s] -- Up-to-date: /home/student/ros2_ws/install/part5_actions/lib/libpart5_actions__rosidl_typesupport_cpp.so
[4.320s] Listing '/home/student/ros2_ws/install/part5_actions/local/lib/python3.10/dist-packages/part5_actions'...
[4.320s] Listing '/home/student/ros2_ws/install/part5_actions/local/lib/python3.10/dist-packages/part5_actions/action'...
[4.345s] -- Up-to-date: /home/student/ros2_ws/install/part5_actions/lib/libpart5_actions__rosidl_generator_py.so
[4.441s] Listing '/home/student/ros2_ws/install/part5_actions/local/lib/python3.10/dist-packages/part5_actions_modules'...
[4.467s] -- Up-to-date: /home/student/ros2_ws/install/part5_actions/share/part5_actions/cmake/export_part5_actions__rosidl_generator_cExport.cmake
[4.468s] -- Up-to-date: /home/student/ros2_ws/install/part5_actions/share/part5_actions/cmake/export_part5_actions__rosidl_generator_cExport-noconfig.cmake
[4.470s] -- Up-to-date: /home/student/ros2_ws/install/part5_actions/share/part5_actions/cmake/export_part5_actions__rosidl_typesupport_fastrtps_cExport.cmake
[4.470s] -- Up-to-date: /home/student/ros2_ws/install/part5_actions/share/part5_actions/cmake/export_part5_actions__rosidl_typesupport_fastrtps_cExport-noconfig.cmake
[4.473s] -- Up-to-date: /home/student/ros2_ws/install/part5_actions/share/part5_actions/cmake/export_part5_actions__rosidl_generator_cppExport.cmake
[4.476s] -- Up-to-date: /home/student/ros2_ws/install/part5_actions/share/part5_actions/cmake/export_part5_actions__rosidl_typesupport_fastrtps_cppExport.cmake
[4.476s] -- Up-to-date: /home/student/ros2_ws/install/part5_actions/share/part5_actions/cmake/export_part5_actions__rosidl_typesupport_fastrtps_cppExport-noconfig.cmake
[4.486s] -- Up-to-date: /home/student/ros2_ws/install/part5_actions/share/part5_actions/cmake/part5_actions__rosidl_typesupport_introspection_cExport.cmake
[4.487s] -- Up-to-date: /home/student/ros2_ws/install/part5_actions/share/part5_actions/cmake/part5_actions__rosidl_typesupport_introspection_cExport-noconfig.cmake
[4.489s] -- Up-to-date: /home/student/ros2_ws/install/part5_actions/share/part5_actions/cmake/part5_actions__rosidl_typesupport_cExport.cmake
[4.489s] -- Up-to-date: /home/student/ros2_ws/install/part5_actions/share/part5_actions/cmake/part5_actions__rosidl_typesupport_cExport-noconfig.cmake
[4.490s] -- Up-to-date: /home/student/ros2_ws/install/part5_actions/share/part5_actions/cmake/part5_actions__rosidl_typesupport_introspection_cppExport.cmake
[4.491s] -- Up-to-date: /home/student/ros2_ws/install/part5_actions/share/part5_actions/cmake/part5_actions__rosidl_typesupport_introspection_cppExport-noconfig.cmake
[4.492s] -- Up-to-date: /home/student/ros2_ws/install/part5_actions/share/part5_actions/cmake/part5_actions__rosidl_typesupport_cppExport.cmake
[4.493s] -- Up-to-date: /home/student/ros2_ws/install/part5_actions/share/part5_actions/cmake/part5_actions__rosidl_typesupport_cppExport-noconfig.cmake
[4.495s] -- Up-to-date: /home/student/ros2_ws/install/part5_actions/share/part5_actions/cmake/export_part5_actions__rosidl_generator_pyExport.cmake
[4.495s] -- Up-to-date: /home/student/ros2_ws/install/part5_actions/share/part5_actions/cmake/export_part5_actions__rosidl_generator_pyExport-noconfig.cmake
[4.502s] Invoked command in '/home/student/ros2_ws/build/part5_actions' returned '0': CMAKE_PREFIX_PATH=${CMAKE_PREFIX_PATH}:/opt/ros/humble /usr/bin/cmake --install /home/student/ros2_ws/build/part5_actions
