[0.038s] Invoking command in '/home/student/ros2_ws/build/part1_pubsub': CMAKE_PREFIX_PATH=${CMAKE_PREFIX_PATH}:/opt/ros/humble /usr/bin/cmake --build /home/student/ros2_ws/build/part1_pubsub -- -j16 -l16
[0.131s] -- Found ament_cmake: 1.3.11 (/opt/ros/humble/share/ament_cmake/cmake)
[0.357s] -- Override CMake install command with custom implementation using symlinks instead of copying resources
[0.384s] -- Found rclcpp: 16.0.11 (/opt/ros/humble/share/rclcpp/cmake)
[0.618s] -- Found rosidl_generator_c: 3.1.6 (/opt/ros/humble/share/rosidl_generator_c/cmake)
[0.623s] -- Found rosidl_adapter: 3.1.6 (/opt/ros/humble/share/rosidl_adapter/cmake)
[0.638s] -- Found rosidl_generator_cpp: 3.1.6 (/opt/ros/humble/share/rosidl_generator_cpp/cmake)
[0.658s] -- Using all available rosidl_typesupport_c: rosidl_typesupport_fastrtps_c;rosidl_typesupport_introspection_c
[0.683s] -- Using all available rosidl_typesupport_cpp: rosidl_typesupport_fastrtps_cpp;rosidl_typesupport_introspection_cpp
[0.750s] -- Found rmw_implementation_cmake: 6.1.2 (/opt/ros/humble/share/rmw_implementation_cmake/cmake)
[0.754s] -- Found rmw_fastrtps_cpp: 6.2.7 (/opt/ros/humble/share/rmw_fastrtps_cpp/cmake)
[7.575s] -- Using RMW implementation 'rmw_fastrtps_cpp' as default
[7.676s] -- Found rclpy: 3.3.15 (/opt/ros/humble/share/rclpy/cmake)
[7.758s] -- Found rosidl_default_generators: 1.2.0 (/opt/ros/humble/share/rosidl_default_generators/cmake)
[8.085s] -- Found ament_cmake_ros: 0.10.0 (/opt/ros/humble/share/ament_cmake_ros/cmake)
[8.475s] -- Using all available rosidl_typesupport_c: rosidl_typesupport_fastrtps_c;rosidl_typesupport_introspection_c
[8.623s] -- Using all available rosidl_typesupport_cpp: rosidl_typesupport_fastrtps_cpp;rosidl_typesupport_introspection_cpp
[8.661s] -- Found python_cmake_module: 0.10.0 (/opt/ros/humble/share/python_cmake_module/cmake)
[8.699s] -- Using PYTHON_EXECUTABLE: /usr/bin/python3
[8.699s] -- Using PYTHON_INCLUDE_DIRS: /usr/include/python3.10
[8.700s] -- Using PYTHON_LIBRARIES: /usr/lib/x86_64-linux-gnu/libpython3.10.so
[8.746s] -- Configuring done
[8.837s] -- Generating done
[8.862s] -- Build files have been written to: /home/student/ros2_ws/build/part1_pubsub
[8.904s] [35m[1mConsolidate compiler generated dependencies of target cpp_executable[0m
[8.907s] [  3%] [34m[1mGenerating C code for ROS interfaces[0m
[8.922s] [  6%] [34m[1mGenerating C++ code for ROS interfaces[0m
[8.935s] [  6%] Built target ament_cmake_python_symlink_part1_pubsub_modules
[8.937s] [  6%] Built target ament_cmake_python_symlink_part1_pubsub
[8.938s] [ 12%] Built target cpp_executable
[9.252s] [ 12%] Built target part1_pubsub__cpp
[9.266s] [35m[1mConsolidate compiler generated dependencies of target part1_pubsub__rosidl_generator_c[0m
[9.266s] [ 15%] [34m[1mGenerating C++ type support for eProsima Fast-RTPS[0m
[9.267s] [ 18%] [34m[1mGenerating C++ type support dispatch for ROS interfaces[0m
[9.267s] [ 21%] [34m[1mGenerating C++ introspection for ROS interfaces[0m
[9.286s] [ 24%] [32mBuilding C object CMakeFiles/part1_pubsub__rosidl_generator_c.dir/rosidl_generator_c/part1_pubsub/msg/detail/example__functions.c.o[0m
[9.301s] running egg_info
[9.302s] running egg_info
[9.302s] writing part1_pubsub.egg-info/PKG-INFO
[9.303s] writing part1_pubsub_modules.egg-info/PKG-INFO
[9.304s] writing dependency_links to part1_pubsub.egg-info/dependency_links.txt
[9.304s] writing dependency_links to part1_pubsub_modules.egg-info/dependency_links.txt
[9.304s] writing top-level names to part1_pubsub.egg-info/top_level.txt
[9.304s] writing top-level names to part1_pubsub_modules.egg-info/top_level.txt
[9.307s] reading manifest file 'part1_pubsub_modules.egg-info/SOURCES.txt'
[9.308s] reading manifest file 'part1_pubsub.egg-info/SOURCES.txt'
[9.308s] writing manifest file 'part1_pubsub_modules.egg-info/SOURCES.txt'
[9.309s] writing manifest file 'part1_pubsub.egg-info/SOURCES.txt'
[9.351s] [ 24%] Built target ament_cmake_python_build_part1_pubsub_modules_egg
[9.357s] [ 24%] Built target ament_cmake_python_build_part1_pubsub_egg
[9.431s] [ 27%] [32m[1mLinking C shared library libpart1_pubsub__rosidl_generator_c.so[0m
[9.554s] [35m[1mConsolidate compiler generated dependencies of target part1_pubsub__rosidl_typesupport_cpp[0m
[9.569s] [35m[1mConsolidate compiler generated dependencies of target part1_pubsub__rosidl_typesupport_introspection_cpp[0m
[9.573s] [ 30%] [32mBuilding CXX object CMakeFiles/part1_pubsub__rosidl_typesupport_cpp.dir/rosidl_typesupport_cpp/part1_pubsub/msg/example__type_support.cpp.o[0m
[9.593s] [ 33%] [32mBuilding CXX object CMakeFiles/part1_pubsub__rosidl_typesupport_introspection_cpp.dir/rosidl_typesupport_introspection_cpp/part1_pubsub/msg/detail/example__type_support.cpp.o[0m
[9.606s] [35m[1mConsolidate compiler generated dependencies of target part1_pubsub__rosidl_typesupport_fastrtps_cpp[0m
[9.609s] [ 33%] Built target part1_pubsub__rosidl_generator_c
[9.628s] [ 39%] [34m[1mGenerating C introspection for ROS interfaces[0m
[9.628s] [ 39%] [34m[1mGenerating C type support for eProsima Fast-RTPS[0m
[9.629s] [ 42%] [34m[1mGenerating C type support dispatch for ROS interfaces[0m
[9.634s] [ 45%] [32mBuilding CXX object CMakeFiles/part1_pubsub__rosidl_typesupport_fastrtps_cpp.dir/rosidl_typesupport_fastrtps_cpp/part1_pubsub/msg/detail/dds_fastrtps/example__type_support.cpp.o[0m
[9.965s] [35m[1mConsolidate compiler generated dependencies of target part1_pubsub__rosidl_typesupport_introspection_c[0m
[9.979s] [35m[1mConsolidate compiler generated dependencies of target part1_pubsub__rosidl_typesupport_c[0m
[9.981s] [ 48%] [32mBuilding C object CMakeFiles/part1_pubsub__rosidl_typesupport_introspection_c.dir/rosidl_typesupport_introspection_c/part1_pubsub/msg/detail/example__type_support.c.o[0m
[9.995s] [ 51%] [32mBuilding CXX object CMakeFiles/part1_pubsub__rosidl_typesupport_c.dir/rosidl_typesupport_c/part1_pubsub/msg/example__type_support.cpp.o[0m
[10.011s] [35m[1mConsolidate compiler generated dependencies of target part1_pubsub__rosidl_typesupport_fastrtps_c[0m
[10.033s] [ 54%] [32m[1mLinking C shared library libpart1_pubsub__rosidl_typesupport_introspection_c.so[0m
[10.033s] [ 57%] [32mBuilding CXX object CMakeFiles/part1_pubsub__rosidl_typesupport_fastrtps_c.dir/rosidl_typesupport_fastrtps_c/part1_pubsub/msg/detail/example__type_support_c.cpp.o[0m
[10.044s] [ 60%] [32m[1mLinking CXX shared library libpart1_pubsub__rosidl_typesupport_c.so[0m
[10.116s] [ 63%] [32m[1mLinking CXX shared library libpart1_pubsub__rosidl_typesupport_cpp.so[0m
[10.213s] [ 63%] Built target part1_pubsub__rosidl_typesupport_introspection_c
[10.243s] [ 63%] Built target part1_pubsub__rosidl_typesupport_c
[10.295s] [ 66%] [32m[1mLinking CXX shared library libpart1_pubsub__rosidl_typesupport_fastrtps_cpp.so[0m
[10.304s] [ 69%] [32m[1mLinking CXX shared library libpart1_pubsub__rosidl_typesupport_introspection_cpp.so[0m
[10.311s] [ 69%] Built target part1_pubsub__rosidl_typesupport_cpp
[10.522s] [ 69%] Built target part1_pubsub__rosidl_typesupport_introspection_cpp
[10.522s] [ 69%] Built target part1_pubsub__rosidl_typesupport_fastrtps_cpp
[10.564s] [ 72%] [32m[1mLinking CXX shared library libpart1_pubsub__rosidl_typesupport_fastrtps_c.so[0m
[10.773s] [ 72%] Built target part1_pubsub__rosidl_typesupport_fastrtps_c
[10.799s] [ 72%] Built target part1_pubsub
[10.829s] [ 75%] [34m[1mGenerating Python code for ROS interfaces[0m
[11.190s] [ 75%] Built target part1_pubsub__py
[11.207s] [35m[1mConsolidate compiler generated dependencies of target part1_pubsub__rosidl_generator_py[0m
[11.229s] [ 78%] [32mBuilding C object CMakeFiles/part1_pubsub__rosidl_generator_py.dir/rosidl_generator_py/part1_pubsub/msg/_example_s.c.o[0m
[11.446s] [ 81%] [32m[1mLinking C shared library rosidl_generator_py/part1_pubsub/libpart1_pubsub__rosidl_generator_py.so[0m
[11.625s] [ 81%] Built target part1_pubsub__rosidl_generator_py
[11.641s] [35m[1mConsolidate compiler generated dependencies of target part1_pubsub__rosidl_typesupport_c__pyext[0m
[11.641s] [35m[1mConsolidate compiler generated dependencies of target part1_pubsub__rosidl_typesupport_fastrtps_c__pyext[0m
[11.643s] [35m[1mConsolidate compiler generated dependencies of target part1_pubsub__rosidl_typesupport_introspection_c__pyext[0m
[11.669s] [ 87%] [32mBuilding C object CMakeFiles/part1_pubsub__rosidl_typesupport_fastrtps_c__pyext.dir/rosidl_generator_py/part1_pubsub/_part1_pubsub_s.ep.rosidl_typesupport_fastrtps_c.c.o[0m
[11.669s] [ 87%] [32mBuilding C object CMakeFiles/part1_pubsub__rosidl_typesupport_c__pyext.dir/rosidl_generator_py/part1_pubsub/_part1_pubsub_s.ep.rosidl_typesupport_c.c.o[0m
[11.670s] [ 90%] [32mBuilding C object CMakeFiles/part1_pubsub__rosidl_typesupport_introspection_c__pyext.dir/rosidl_generator_py/part1_pubsub/_part1_pubsub_s.ep.rosidl_typesupport_introspection_c.c.o[0m
[11.810s] [ 93%] [32m[1mLinking C shared library rosidl_generator_py/part1_pubsub/part1_pubsub_s__rosidl_typesupport_c.cpython-310-x86_64-linux-gnu.so[0m
[11.813s] [ 96%] [32m[1mLinking C shared library rosidl_generator_py/part1_pubsub/part1_pubsub_s__rosidl_typesupport_introspection_c.cpython-310-x86_64-linux-gnu.so[0m
[11.813s] [100%] [32m[1mLinking C shared library rosidl_generator_py/part1_pubsub/part1_pubsub_s__rosidl_typesupport_fastrtps_c.cpython-310-x86_64-linux-gnu.so[0m
[11.948s] [100%] Built target part1_pubsub__rosidl_typesupport_fastrtps_c__pyext
[11.948s] [100%] Built target part1_pubsub__rosidl_typesupport_introspection_c__pyext
[11.949s] [100%] Built target part1_pubsub__rosidl_typesupport_c__pyext
[11.970s] Invoked command in '/home/student/ros2_ws/build/part1_pubsub' returned '0': CMAKE_PREFIX_PATH=${CMAKE_PREFIX_PATH}:/opt/ros/humble /usr/bin/cmake --build /home/student/ros2_ws/build/part1_pubsub -- -j16 -l16
[11.986s] Invoking command in '/home/student/ros2_ws/build/part1_pubsub': CMAKE_PREFIX_PATH=${CMAKE_PREFIX_PATH}:/opt/ros/humble /usr/bin/cmake --install /home/student/ros2_ws/build/part1_pubsub
[11.996s] -- Install configuration: ""
[11.997s] -- Execute custom install script
[11.997s] -- Up-to-date symlink: /home/student/ros2_ws/install/part1_pubsub/lib/part1_pubsub/cpp_executable
[11.997s] -- Up-to-date symlink: /home/student/ros2_ws/install/part1_pubsub/share/part1_pubsub/environment/pythonpath.sh
[11.998s] -- Up-to-date symlink: /home/student/ros2_ws/install/part1_pubsub/share/part1_pubsub/environment/pythonpath.dsv
[11.998s] -- Up-to-date symlink: /home/student/ros2_ws/install/part1_pubsub/local/lib/python3.10/dist-packages/part1_pubsub_modules-0.0.0-py3.10.egg-info/PKG-INFO
[11.999s] -- Up-to-date symlink: /home/student/ros2_ws/install/part1_pubsub/local/lib/python3.10/dist-packages/part1_pubsub_modules-0.0.0-py3.10.egg-info/SOURCES.txt
[12.000s] -- Up-to-date symlink: /home/student/ros2_ws/install/part1_pubsub/local/lib/python3.10/dist-packages/part1_pubsub_modules-0.0.0-py3.10.egg-info/dependency_links.txt
[12.000s] -- Up-to-date symlink: /home/student/ros2_ws/install/part1_pubsub/local/lib/python3.10/dist-packages/part1_pubsub_modules-0.0.0-py3.10.egg-info/top_level.txt
[12.001s] -- Up-to-date symlink: /home/student/ros2_ws/install/part1_pubsub/local/lib/python3.10/dist-packages/part1_pubsub_modules/__init__.py
[12.001s] -- Up-to-date symlink: /home/student/ros2_ws/install/part1_pubsub/local/lib/python3.10/dist-packages/part1_pubsub_modules/tb3_tools.py
[12.002s] -- Up-to-date symlink: /home/student/ros2_ws/install/part1_pubsub/lib/part1_pubsub/publisher.py
[12.002s] -- Up-to-date symlink: /home/student/ros2_ws/install/part1_pubsub/lib/part1_pubsub/subscriber.py
[12.003s] -- Up-to-date symlink: /home/student/ros2_ws/install/part1_pubsub/share/ament_index/resource_index/rosidl_interfaces/part1_pubsub
[12.004s] -- Up-to-date symlink: /home/student/ros2_ws/install/part1_pubsub/include/part1_pubsub/part1_pubsub/msg/detail/example__functions.h
[12.004s] -- Up-to-date symlink: /home/student/ros2_ws/install/part1_pubsub/include/part1_pubsub/part1_pubsub/msg/detail/example__struct.h
[12.005s] -- Up-to-date symlink: /home/student/ros2_ws/install/part1_pubsub/include/part1_pubsub/part1_pubsub/msg/detail/example__type_support.h
[12.005s] -- Up-to-date symlink: /home/student/ros2_ws/install/part1_pubsub/include/part1_pubsub/part1_pubsub/msg/example.h
[12.005s] -- Up-to-date symlink: /home/student/ros2_ws/install/part1_pubsub/include/part1_pubsub/part1_pubsub/msg/rosidl_generator_c__visibility_control.h
[12.006s] -- Up-to-date symlink: /home/student/ros2_ws/install/part1_pubsub/share/part1_pubsub/environment/library_path.sh
[12.006s] -- Up-to-date symlink: /home/student/ros2_ws/install/part1_pubsub/share/part1_pubsub/environment/library_path.dsv
[12.008s] -- Up-to-date symlink: /home/student/ros2_ws/install/part1_pubsub/include/part1_pubsub/part1_pubsub/msg/detail/example__rosidl_typesupport_fastrtps_c.h
[12.008s] -- Up-to-date symlink: /home/student/ros2_ws/install/part1_pubsub/include/part1_pubsub/part1_pubsub/msg/rosidl_typesupport_fastrtps_c__visibility_control.h
[12.009s] -- Up-to-date symlink: /home/student/ros2_ws/install/part1_pubsub/include/part1_pubsub/part1_pubsub/msg/detail/example__builder.hpp
[12.010s] -- Up-to-date symlink: /home/student/ros2_ws/install/part1_pubsub/include/part1_pubsub/part1_pubsub/msg/detail/example__struct.hpp
[12.011s] -- Up-to-date symlink: /home/student/ros2_ws/install/part1_pubsub/include/part1_pubsub/part1_pubsub/msg/detail/example__traits.hpp
[12.011s] -- Up-to-date symlink: /home/student/ros2_ws/install/part1_pubsub/include/part1_pubsub/part1_pubsub/msg/detail/example__type_support.hpp
[12.011s] -- Up-to-date symlink: /home/student/ros2_ws/install/part1_pubsub/include/part1_pubsub/part1_pubsub/msg/example.hpp
[12.012s] -- Up-to-date symlink: /home/student/ros2_ws/install/part1_pubsub/include/part1_pubsub/part1_pubsub/msg/rosidl_generator_cpp__visibility_control.hpp
[12.013s] -- Up-to-date symlink: /home/student/ros2_ws/install/part1_pubsub/include/part1_pubsub/part1_pubsub/msg/detail/example__rosidl_typesupport_fastrtps_cpp.hpp
[12.014s] -- Up-to-date symlink: /home/student/ros2_ws/install/part1_pubsub/include/part1_pubsub/part1_pubsub/msg/rosidl_typesupport_fastrtps_cpp__visibility_control.h
[12.015s] -- Up-to-date symlink: /home/student/ros2_ws/install/part1_pubsub/include/part1_pubsub/part1_pubsub/msg/detail/example__rosidl_typesupport_introspection_c.h
[12.015s] -- Up-to-date symlink: /home/student/ros2_ws/install/part1_pubsub/include/part1_pubsub/part1_pubsub/msg/rosidl_typesupport_introspection_c__visibility_control.h
[12.017s] -- Up-to-date symlink: /home/student/ros2_ws/install/part1_pubsub/include/part1_pubsub/part1_pubsub/msg/detail/example__rosidl_typesupport_introspection_cpp.hpp
[12.017s] -- Up-to-date symlink: /home/student/ros2_ws/install/part1_pubsub/local/lib/python3.10/dist-packages/part1_pubsub-0.0.0-py3.10.egg-info/PKG-INFO
[12.017s] -- Up-to-date symlink: /home/student/ros2_ws/install/part1_pubsub/local/lib/python3.10/dist-packages/part1_pubsub-0.0.0-py3.10.egg-info/SOURCES.txt
[12.018s] -- Up-to-date symlink: /home/student/ros2_ws/install/part1_pubsub/local/lib/python3.10/dist-packages/part1_pubsub-0.0.0-py3.10.egg-info/dependency_links.txt
[12.018s] -- Up-to-date symlink: /home/student/ros2_ws/install/part1_pubsub/local/lib/python3.10/dist-packages/part1_pubsub-0.0.0-py3.10.egg-info/top_level.txt
[12.019s] -- Up-to-date symlink: /home/student/ros2_ws/install/part1_pubsub/local/lib/python3.10/dist-packages/part1_pubsub/__init__.py
[12.020s] -- Up-to-date symlink: /home/student/ros2_ws/install/part1_pubsub/local/lib/python3.10/dist-packages/part1_pubsub/_part1_pubsub_s.ep.rosidl_typesupport_c.c
[12.021s] -- Up-to-date symlink: /home/student/ros2_ws/install/part1_pubsub/local/lib/python3.10/dist-packages/part1_pubsub/_part1_pubsub_s.ep.rosidl_typesupport_fastrtps_c.c
[12.021s] -- Up-to-date symlink: /home/student/ros2_ws/install/part1_pubsub/local/lib/python3.10/dist-packages/part1_pubsub/_part1_pubsub_s.ep.rosidl_typesupport_introspection_c.c
[12.021s] -- Up-to-date symlink: /home/student/ros2_ws/install/part1_pubsub/local/lib/python3.10/dist-packages/part1_pubsub/libpart1_pubsub__rosidl_generator_py.so
[12.022s] -- Up-to-date symlink: /home/student/ros2_ws/install/part1_pubsub/local/lib/python3.10/dist-packages/part1_pubsub/msg/__init__.py
[12.022s] -- Up-to-date symlink: /home/student/ros2_ws/install/part1_pubsub/local/lib/python3.10/dist-packages/part1_pubsub/msg/_example.py
[12.023s] -- Up-to-date symlink: /home/student/ros2_ws/install/part1_pubsub/local/lib/python3.10/dist-packages/part1_pubsub/msg/_example_s.c
[12.023s] -- Up-to-date symlink: /home/student/ros2_ws/install/part1_pubsub/local/lib/python3.10/dist-packages/part1_pubsub/part1_pubsub_s__rosidl_typesupport_c.cpython-310-x86_64-linux-gnu.so
[12.024s] -- Up-to-date symlink: /home/student/ros2_ws/install/part1_pubsub/local/lib/python3.10/dist-packages/part1_pubsub/part1_pubsub_s__rosidl_typesupport_fastrtps_c.cpython-310-x86_64-linux-gnu.so
[12.025s] -- Up-to-date symlink: /home/student/ros2_ws/install/part1_pubsub/local/lib/python3.10/dist-packages/part1_pubsub/part1_pubsub_s__rosidl_typesupport_introspection_c.cpython-310-x86_64-linux-gnu.so
[12.025s] -- Up-to-date symlink: /home/student/ros2_ws/install/part1_pubsub/local/lib/python3.10/dist-packages/part1_pubsub/part1_pubsub_s__rosidl_typesupport_fastrtps_c.cpython-310-x86_64-linux-gnu.so
[12.025s] -- Up-to-date symlink: /home/student/ros2_ws/install/part1_pubsub/local/lib/python3.10/dist-packages/part1_pubsub/part1_pubsub_s__rosidl_typesupport_introspection_c.cpython-310-x86_64-linux-gnu.so
[12.026s] -- Up-to-date symlink: /home/student/ros2_ws/install/part1_pubsub/local/lib/python3.10/dist-packages/part1_pubsub/part1_pubsub_s__rosidl_typesupport_c.cpython-310-x86_64-linux-gnu.so
[12.026s] -- Up-to-date symlink: /home/student/ros2_ws/install/part1_pubsub/share/part1_pubsub/msg/Example.idl
[12.027s] -- Up-to-date symlink: /home/student/ros2_ws/install/part1_pubsub/share/part1_pubsub/msg/Example.msg
[12.027s] -- Up-to-date symlink: /home/student/ros2_ws/install/part1_pubsub/share/ament_index/resource_index/package_run_dependencies/part1_pubsub
[12.028s] -- Up-to-date symlink: /home/student/ros2_ws/install/part1_pubsub/share/ament_index/resource_index/parent_prefix_path/part1_pubsub
[12.028s] -- Up-to-date symlink: /home/student/ros2_ws/install/part1_pubsub/share/part1_pubsub/environment/ament_prefix_path.sh
[12.029s] -- Up-to-date symlink: /home/student/ros2_ws/install/part1_pubsub/share/part1_pubsub/environment/ament_prefix_path.dsv
[12.030s] -- Up-to-date symlink: /home/student/ros2_ws/install/part1_pubsub/share/part1_pubsub/environment/path.sh
[12.031s] -- Up-to-date symlink: /home/student/ros2_ws/install/part1_pubsub/share/part1_pubsub/environment/path.dsv
[12.031s] -- Up-to-date symlink: /home/student/ros2_ws/install/part1_pubsub/share/part1_pubsub/local_setup.bash
[12.032s] -- Up-to-date symlink: /home/student/ros2_ws/install/part1_pubsub/share/part1_pubsub/local_setup.sh
[12.032s] -- Up-to-date symlink: /home/student/ros2_ws/install/part1_pubsub/share/part1_pubsub/local_setup.zsh
[12.033s] -- Up-to-date symlink: /home/student/ros2_ws/install/part1_pubsub/share/part1_pubsub/local_setup.dsv
[12.033s] -- Symlinking: /home/student/ros2_ws/install/part1_pubsub/share/part1_pubsub/package.dsv
[12.047s] -- Up-to-date symlink: /home/student/ros2_ws/install/part1_pubsub/share/ament_index/resource_index/packages/part1_pubsub
[12.048s] -- Up-to-date symlink: /home/student/ros2_ws/install/part1_pubsub/share/part1_pubsub/cmake/rosidl_cmake-extras.cmake
[12.049s] -- Up-to-date symlink: /home/student/ros2_ws/install/part1_pubsub/share/part1_pubsub/cmake/ament_cmake_export_include_directories-extras.cmake
[12.049s] -- Up-to-date symlink: /home/student/ros2_ws/install/part1_pubsub/share/part1_pubsub/cmake/ament_cmake_export_libraries-extras.cmake
[12.050s] -- Up-to-date symlink: /home/student/ros2_ws/install/part1_pubsub/share/part1_pubsub/cmake/ament_cmake_export_targets-extras.cmake
[12.050s] -- Up-to-date symlink: /home/student/ros2_ws/install/part1_pubsub/share/part1_pubsub/cmake/rosidl_cmake_export_typesupport_targets-extras.cmake
[12.051s] -- Up-to-date symlink: /home/student/ros2_ws/install/part1_pubsub/share/part1_pubsub/cmake/ament_cmake_export_dependencies-extras.cmake
[12.051s] -- Up-to-date symlink: /home/student/ros2_ws/install/part1_pubsub/share/part1_pubsub/cmake/rosidl_cmake_export_typesupport_libraries-extras.cmake
[12.052s] -- Up-to-date symlink: /home/student/ros2_ws/install/part1_pubsub/share/part1_pubsub/cmake/part1_pubsubConfig.cmake
[12.053s] -- Up-to-date symlink: /home/student/ros2_ws/install/part1_pubsub/share/part1_pubsub/cmake/part1_pubsubConfig-version.cmake
[12.054s] -- Up-to-date symlink: /home/student/ros2_ws/install/part1_pubsub/share/part1_pubsub/package.xml
[12.098s] Listing '/home/student/ros2_ws/install/part1_pubsub/local/lib/python3.10/dist-packages/part1_pubsub_modules'...
[12.106s] -- Installing: /home/student/ros2_ws/install/part1_pubsub/lib/libpart1_pubsub__rosidl_generator_c.so
[12.107s] -- Set runtime path of "/home/student/ros2_ws/install/part1_pubsub/lib/libpart1_pubsub__rosidl_generator_c.so" to ""
[12.108s] -- Installing: /home/student/ros2_ws/install/part1_pubsub/lib/libpart1_pubsub__rosidl_typesupport_fastrtps_c.so
[12.108s] -- Set runtime path of "/home/student/ros2_ws/install/part1_pubsub/lib/libpart1_pubsub__rosidl_typesupport_fastrtps_c.so" to ""
[12.109s] -- Installing: /home/student/ros2_ws/install/part1_pubsub/lib/libpart1_pubsub__rosidl_typesupport_fastrtps_cpp.so
[12.110s] -- Set runtime path of "/home/student/ros2_ws/install/part1_pubsub/lib/libpart1_pubsub__rosidl_typesupport_fastrtps_cpp.so" to ""
[12.110s] -- Installing: /home/student/ros2_ws/install/part1_pubsub/lib/libpart1_pubsub__rosidl_typesupport_introspection_c.so
[12.111s] -- Set runtime path of "/home/student/ros2_ws/install/part1_pubsub/lib/libpart1_pubsub__rosidl_typesupport_introspection_c.so" to ""
[12.112s] -- Installing: /home/student/ros2_ws/install/part1_pubsub/lib/libpart1_pubsub__rosidl_typesupport_c.so
[12.112s] -- Set runtime path of "/home/student/ros2_ws/install/part1_pubsub/lib/libpart1_pubsub__rosidl_typesupport_c.so" to ""
[12.113s] -- Installing: /home/student/ros2_ws/install/part1_pubsub/lib/libpart1_pubsub__rosidl_typesupport_introspection_cpp.so
[12.113s] -- Set runtime path of "/home/student/ros2_ws/install/part1_pubsub/lib/libpart1_pubsub__rosidl_typesupport_introspection_cpp.so" to ""
[12.114s] -- Installing: /home/student/ros2_ws/install/part1_pubsub/lib/libpart1_pubsub__rosidl_typesupport_cpp.so
[12.115s] -- Set runtime path of "/home/student/ros2_ws/install/part1_pubsub/lib/libpart1_pubsub__rosidl_typesupport_cpp.so" to ""
[12.166s] Listing '/home/student/ros2_ws/install/part1_pubsub/local/lib/python3.10/dist-packages/part1_pubsub'...
[12.166s] Compiling '/home/student/ros2_ws/install/part1_pubsub/local/lib/python3.10/dist-packages/part1_pubsub/__init__.py'...
[12.166s] Listing '/home/student/ros2_ws/install/part1_pubsub/local/lib/python3.10/dist-packages/part1_pubsub/msg'...
[12.167s] Compiling '/home/student/ros2_ws/install/part1_pubsub/local/lib/python3.10/dist-packages/part1_pubsub/msg/__init__.py'...
[12.167s] Compiling '/home/student/ros2_ws/install/part1_pubsub/local/lib/python3.10/dist-packages/part1_pubsub/msg/_example.py'...
[12.173s] -- Installing: /home/student/ros2_ws/install/part1_pubsub/lib/libpart1_pubsub__rosidl_generator_py.so
[12.174s] -- Set runtime path of "/home/student/ros2_ws/install/part1_pubsub/lib/libpart1_pubsub__rosidl_generator_py.so" to ""
[12.175s] -- Up-to-date: /home/student/ros2_ws/install/part1_pubsub/share/part1_pubsub/cmake/export_part1_pubsub__rosidl_generator_cExport.cmake
[12.175s] -- Up-to-date: /home/student/ros2_ws/install/part1_pubsub/share/part1_pubsub/cmake/export_part1_pubsub__rosidl_generator_cExport-noconfig.cmake
[12.175s] -- Up-to-date: /home/student/ros2_ws/install/part1_pubsub/share/part1_pubsub/cmake/export_part1_pubsub__rosidl_typesupport_fastrtps_cExport.cmake
[12.175s] -- Up-to-date: /home/student/ros2_ws/install/part1_pubsub/share/part1_pubsub/cmake/export_part1_pubsub__rosidl_typesupport_fastrtps_cExport-noconfig.cmake
[12.176s] -- Up-to-date: /home/student/ros2_ws/install/part1_pubsub/share/part1_pubsub/cmake/export_part1_pubsub__rosidl_generator_cppExport.cmake
[12.176s] -- Up-to-date: /home/student/ros2_ws/install/part1_pubsub/share/part1_pubsub/cmake/export_part1_pubsub__rosidl_typesupport_fastrtps_cppExport.cmake
[12.177s] -- Up-to-date: /home/student/ros2_ws/install/part1_pubsub/share/part1_pubsub/cmake/export_part1_pubsub__rosidl_typesupport_fastrtps_cppExport-noconfig.cmake
[12.177s] -- Up-to-date: /home/student/ros2_ws/install/part1_pubsub/share/part1_pubsub/cmake/part1_pubsub__rosidl_typesupport_introspection_cExport.cmake
[12.177s] -- Up-to-date: /home/student/ros2_ws/install/part1_pubsub/share/part1_pubsub/cmake/part1_pubsub__rosidl_typesupport_introspection_cExport-noconfig.cmake
[12.178s] -- Up-to-date: /home/student/ros2_ws/install/part1_pubsub/share/part1_pubsub/cmake/part1_pubsub__rosidl_typesupport_cExport.cmake
[12.178s] -- Up-to-date: /home/student/ros2_ws/install/part1_pubsub/share/part1_pubsub/cmake/part1_pubsub__rosidl_typesupport_cExport-noconfig.cmake
[12.178s] -- Up-to-date: /home/student/ros2_ws/install/part1_pubsub/share/part1_pubsub/cmake/part1_pubsub__rosidl_typesupport_introspection_cppExport.cmake
[12.178s] -- Up-to-date: /home/student/ros2_ws/install/part1_pubsub/share/part1_pubsub/cmake/part1_pubsub__rosidl_typesupport_introspection_cppExport-noconfig.cmake
[12.179s] -- Up-to-date: /home/student/ros2_ws/install/part1_pubsub/share/part1_pubsub/cmake/part1_pubsub__rosidl_typesupport_cppExport.cmake
[12.179s] -- Up-to-date: /home/student/ros2_ws/install/part1_pubsub/share/part1_pubsub/cmake/part1_pubsub__rosidl_typesupport_cppExport-noconfig.cmake
[12.179s] -- Up-to-date: /home/student/ros2_ws/install/part1_pubsub/share/part1_pubsub/cmake/export_part1_pubsub__rosidl_generator_pyExport.cmake
[12.179s] -- Up-to-date: /home/student/ros2_ws/install/part1_pubsub/share/part1_pubsub/cmake/export_part1_pubsub__rosidl_generator_pyExport-noconfig.cmake
[12.184s] Invoked command in '/home/student/ros2_ws/build/part1_pubsub' returned '0': CMAKE_PREFIX_PATH=${CMAKE_PREFIX_PATH}:/opt/ros/humble /usr/bin/cmake --install /home/student/ros2_ws/build/part1_pubsub
