-- Found ament_cmake: 1.3.11 (/opt/ros/humble/share/ament_cmake/cmake)
-- Override CMake install command with custom implementation using symlinks instead of copying resources
-- Found rclcpp: 16.0.11 (/opt/ros/humble/share/rclcpp/cmake)
-- Found rosidl_generator_c: 3.1.6 (/opt/ros/humble/share/rosidl_generator_c/cmake)
-- Found rosidl_adapter: 3.1.6 (/opt/ros/humble/share/rosidl_adapter/cmake)
-- Found rosidl_generator_cpp: 3.1.6 (/opt/ros/humble/share/rosidl_generator_cpp/cmake)
-- Using all available rosidl_typesupport_c: rosidl_typesupport_fastrtps_c;rosidl_typesupport_introspection_c
-- Using all available rosidl_typesupport_cpp: rosidl_typesupport_fastrtps_cpp;rosidl_typesupport_introspection_cpp
-- Found rmw_implementation_cmake: 6.1.2 (/opt/ros/humble/share/rmw_implementation_cmake/cmake)
-- Found rmw_fastrtps_cpp: 6.2.7 (/opt/ros/humble/share/rmw_fastrtps_cpp/cmake)
-- Using RMW implementation 'rmw_fastrtps_cpp' as default
-- Found rclpy: 3.3.15 (/opt/ros/humble/share/rclpy/cmake)
-- Found rosidl_default_generators: 1.2.0 (/opt/ros/humble/share/rosidl_default_generators/cmake)
-- Found ament_cmake_ros: 0.10.0 (/opt/ros/humble/share/ament_cmake_ros/cmake)
-- Using all available rosidl_typesupport_c: rosidl_typesupport_fastrtps_c;rosidl_typesupport_introspection_c
-- Using all available rosidl_typesupport_cpp: rosidl_typesupport_fastrtps_cpp;rosidl_typesupport_introspection_cpp
-- Found PythonInterp: /usr/bin/python3 (found suitable version "3.10.12", minimum required is "3.6") 
-- Found python_cmake_module: 0.10.0 (/opt/ros/humble/share/python_cmake_module/cmake)
-- Found PythonLibs: /usr/lib/x86_64-linux-gnu/libpython3.10.so (found suitable version "3.10.12", minimum required is "3.5") 
-- Using PYTHON_EXECUTABLE: /usr/bin/python3
-- Using PYTHON_INCLUDE_DIRS: /usr/include/python3.10
-- Using PYTHON_LIBRARIES: /usr/lib/x86_64-linux-gnu/libpython3.10.so
-- Found PythonExtra: .so  
-- Configuring done
-- Generating done
-- Build files have been written to: /home/student/ros2_ws/build/part5_actions
[  3%] [34m[1mGenerating C code for ROS interfaces[0m
[35m[1mConsolidate compiler generated dependencies of target cpp_executable[0m
[  6%] [34m[1mGenerating C++ code for ROS interfaces[0m
[  6%] Built target ament_cmake_python_symlink_part5_actions
[  6%] Built target ament_cmake_python_symlink_part5_actions_modules
[  9%] [32mBuilding CXX object CMakeFiles/cpp_executable.dir/src/minimal_node.cpp.o[0m
running egg_info
running egg_info
writing part5_actions_modules.egg-info/PKG-INFO
writing dependency_links to part5_actions_modules.egg-info/dependency_links.txt
creating part5_actions.egg-info
writing top-level names to part5_actions_modules.egg-info/top_level.txt
writing part5_actions.egg-info/PKG-INFO
writing dependency_links to part5_actions.egg-info/dependency_links.txt
writing top-level names to part5_actions.egg-info/top_level.txt
writing manifest file 'part5_actions.egg-info/SOURCES.txt'
reading manifest file 'part5_actions.egg-info/SOURCES.txt'
reading manifest file 'part5_actions_modules.egg-info/SOURCES.txt'
writing manifest file 'part5_actions.egg-info/SOURCES.txt'
writing manifest file 'part5_actions_modules.egg-info/SOURCES.txt'
[  9%] Built target ament_cmake_python_build_part5_actions_egg
[  9%] Built target ament_cmake_python_build_part5_actions_modules_egg
[  9%] Built target part5_actions__cpp
[ 12%] [32mBuilding C object CMakeFiles/part5_actions__rosidl_generator_c.dir/rosidl_generator_c/part5_actions/action/detail/explore_forward__functions.c.o[0m
[ 21%] [34m[1mGenerating C++ type support dispatch for ROS interfaces[0m
[ 21%] [34m[1mGenerating C++ introspection for ROS interfaces[0m
[ 21%] [34m[1mGenerating C++ type support for eProsima Fast-RTPS[0m
[ 24%] [32m[1mLinking C shared library libpart5_actions__rosidl_generator_c.so[0m
[ 24%] Built target part5_actions__rosidl_generator_c
[ 27%] [34m[1mGenerating C type support for eProsima Fast-RTPS[0m
[ 33%] [34m[1mGenerating C type support dispatch for ROS interfaces[0m
[ 33%] [34m[1mGenerating C introspection for ROS interfaces[0m
[ 36%] [32mBuilding CXX object CMakeFiles/part5_actions__rosidl_typesupport_cpp.dir/rosidl_typesupport_cpp/part5_actions/action/explore_forward__type_support.cpp.o[0m
[ 39%] [32mBuilding CXX object CMakeFiles/part5_actions__rosidl_typesupport_introspection_cpp.dir/rosidl_typesupport_introspection_cpp/part5_actions/action/detail/explore_forward__type_support.cpp.o[0m
[ 42%] [32mBuilding CXX object CMakeFiles/part5_actions__rosidl_typesupport_fastrtps_cpp.dir/rosidl_typesupport_fastrtps_cpp/part5_actions/action/detail/dds_fastrtps/explore_forward__type_support.cpp.o[0m
[ 45%] [32mBuilding CXX object CMakeFiles/part5_actions__rosidl_typesupport_c.dir/rosidl_typesupport_c/part5_actions/action/explore_forward__type_support.cpp.o[0m
[ 48%] [32mBuilding C object CMakeFiles/part5_actions__rosidl_typesupport_introspection_c.dir/rosidl_typesupport_introspection_c/part5_actions/action/detail/explore_forward__type_support.c.o[0m
[ 51%] [32m[1mLinking CXX shared library libpart5_actions__rosidl_typesupport_c.so[0m
[ 54%] [32mBuilding CXX object CMakeFiles/part5_actions__rosidl_typesupport_fastrtps_c.dir/rosidl_typesupport_fastrtps_c/part5_actions/action/detail/explore_forward__type_support_c.cpp.o[0m
[ 57%] [32m[1mLinking C shared library libpart5_actions__rosidl_typesupport_introspection_c.so[0m
[ 60%] [32m[1mLinking CXX shared library libpart5_actions__rosidl_typesupport_cpp.so[0m
[ 60%] Built target part5_actions__rosidl_typesupport_c
[ 60%] Built target part5_actions__rosidl_typesupport_introspection_c
[ 60%] Built target part5_actions__rosidl_typesupport_cpp
[ 63%] [32m[1mLinking CXX shared library libpart5_actions__rosidl_typesupport_introspection_cpp.so[0m
[ 66%] [32m[1mLinking CXX shared library libpart5_actions__rosidl_typesupport_fastrtps_cpp.so[0m
[ 69%] [32m[1mLinking CXX shared library libpart5_actions__rosidl_typesupport_fastrtps_c.so[0m
[ 69%] Built target part5_actions__rosidl_typesupport_introspection_cpp
[ 69%] Built target part5_actions__rosidl_typesupport_fastrtps_cpp
[ 69%] Built target part5_actions__rosidl_typesupport_fastrtps_c
[ 69%] Built target part5_actions
[ 72%] [34m[1mGenerating Python code for ROS interfaces[0m
[ 72%] Built target part5_actions__py
[ 75%] [32mBuilding C object CMakeFiles/part5_actions__rosidl_generator_py.dir/rosidl_generator_py/part5_actions/action/_explore_forward_s.c.o[0m
[ 78%] [32m[1mLinking C shared library rosidl_generator_py/part5_actions/libpart5_actions__rosidl_generator_py.so[0m
[ 78%] Built target part5_actions__rosidl_generator_py
[ 81%] [32mBuilding C object CMakeFiles/part5_actions__rosidl_typesupport_fastrtps_c__pyext.dir/rosidl_generator_py/part5_actions/_part5_actions_s.ep.rosidl_typesupport_fastrtps_c.c.o[0m
[ 84%] [32mBuilding C object CMakeFiles/part5_actions__rosidl_typesupport_introspection_c__pyext.dir/rosidl_generator_py/part5_actions/_part5_actions_s.ep.rosidl_typesupport_introspection_c.c.o[0m
[ 87%] [32mBuilding C object CMakeFiles/part5_actions__rosidl_typesupport_c__pyext.dir/rosidl_generator_py/part5_actions/_part5_actions_s.ep.rosidl_typesupport_c.c.o[0m
[ 90%] [32m[1mLinking CXX executable cpp_executable[0m
[ 93%] [32m[1mLinking C shared library rosidl_generator_py/part5_actions/part5_actions_s__rosidl_typesupport_c.cpython-310-x86_64-linux-gnu.so[0m
[ 96%] [32m[1mLinking C shared library rosidl_generator_py/part5_actions/part5_actions_s__rosidl_typesupport_introspection_c.cpython-310-x86_64-linux-gnu.so[0m
[100%] [32m[1mLinking C shared library rosidl_generator_py/part5_actions/part5_actions_s__rosidl_typesupport_fastrtps_c.cpython-310-x86_64-linux-gnu.so[0m
[100%] Built target part5_actions__rosidl_typesupport_c__pyext
[100%] Built target part5_actions__rosidl_typesupport_introspection_c__pyext
[100%] Built target part5_actions__rosidl_typesupport_fastrtps_c__pyext
[100%] Built target cpp_executable
-- Install configuration: ""
-- Execute custom install script
-- Symlinking: /home/student/ros2_ws/install/part5_actions/share/ament_index/resource_index/rosidl_interfaces/part5_actions
-- Symlinking: /home/student/ros2_ws/install/part5_actions/include/part5_actions/part5_actions/action/detail/explore_forward__functions.h
-- Symlinking: /home/student/ros2_ws/install/part5_actions/include/part5_actions/part5_actions/action/detail/explore_forward__struct.h
-- Symlinking: /home/student/ros2_ws/install/part5_actions/include/part5_actions/part5_actions/action/detail/explore_forward__type_support.h
-- Symlinking: /home/student/ros2_ws/install/part5_actions/include/part5_actions/part5_actions/action/explore_forward.h
-- Symlinking: /home/student/ros2_ws/install/part5_actions/include/part5_actions/part5_actions/msg/rosidl_generator_c__visibility_control.h
-- Symlinking: /home/student/ros2_ws/install/part5_actions/share/part5_actions/environment/library_path.sh
-- Symlinking: /home/student/ros2_ws/install/part5_actions/share/part5_actions/environment/library_path.dsv
-- Symlinking: /home/student/ros2_ws/install/part5_actions/include/part5_actions/part5_actions/action/detail/explore_forward__rosidl_typesupport_fastrtps_c.h
-- Symlinking: /home/student/ros2_ws/install/part5_actions/include/part5_actions/part5_actions/msg/rosidl_typesupport_fastrtps_c__visibility_control.h
-- Symlinking: /home/student/ros2_ws/install/part5_actions/include/part5_actions/part5_actions/action/detail/explore_forward__builder.hpp
-- Symlinking: /home/student/ros2_ws/install/part5_actions/include/part5_actions/part5_actions/action/detail/explore_forward__struct.hpp
-- Symlinking: /home/student/ros2_ws/install/part5_actions/include/part5_actions/part5_actions/action/detail/explore_forward__traits.hpp
-- Symlinking: /home/student/ros2_ws/install/part5_actions/include/part5_actions/part5_actions/action/detail/explore_forward__type_support.hpp
-- Symlinking: /home/student/ros2_ws/install/part5_actions/include/part5_actions/part5_actions/action/explore_forward.hpp
-- Symlinking: /home/student/ros2_ws/install/part5_actions/include/part5_actions/part5_actions/msg/rosidl_generator_cpp__visibility_control.hpp
-- Symlinking: /home/student/ros2_ws/install/part5_actions/include/part5_actions/part5_actions/action/detail/explore_forward__rosidl_typesupport_fastrtps_cpp.hpp
-- Symlinking: /home/student/ros2_ws/install/part5_actions/include/part5_actions/part5_actions/msg/rosidl_typesupport_fastrtps_cpp__visibility_control.h
-- Symlinking: /home/student/ros2_ws/install/part5_actions/include/part5_actions/part5_actions/action/detail/explore_forward__rosidl_typesupport_introspection_c.h
-- Symlinking: /home/student/ros2_ws/install/part5_actions/include/part5_actions/part5_actions/msg/rosidl_typesupport_introspection_c__visibility_control.h
-- Symlinking: /home/student/ros2_ws/install/part5_actions/include/part5_actions/part5_actions/action/detail/explore_forward__rosidl_typesupport_introspection_cpp.hpp
-- Up-to-date symlink: /home/student/ros2_ws/install/part5_actions/share/part5_actions/environment/pythonpath.sh
-- Up-to-date symlink: /home/student/ros2_ws/install/part5_actions/share/part5_actions/environment/pythonpath.dsv
-- Symlinking: /home/student/ros2_ws/install/part5_actions/local/lib/python3.10/dist-packages/part5_actions-0.0.0-py3.10.egg-info/PKG-INFO
-- Symlinking: /home/student/ros2_ws/install/part5_actions/local/lib/python3.10/dist-packages/part5_actions-0.0.0-py3.10.egg-info/SOURCES.txt
-- Symlinking: /home/student/ros2_ws/install/part5_actions/local/lib/python3.10/dist-packages/part5_actions-0.0.0-py3.10.egg-info/dependency_links.txt
-- Symlinking: /home/student/ros2_ws/install/part5_actions/local/lib/python3.10/dist-packages/part5_actions-0.0.0-py3.10.egg-info/top_level.txt
-- Symlinking: /home/student/ros2_ws/install/part5_actions/local/lib/python3.10/dist-packages/part5_actions/__init__.py
-- Symlinking: /home/student/ros2_ws/install/part5_actions/local/lib/python3.10/dist-packages/part5_actions/_part5_actions_s.ep.rosidl_typesupport_c.c
-- Symlinking: /home/student/ros2_ws/install/part5_actions/local/lib/python3.10/dist-packages/part5_actions/_part5_actions_s.ep.rosidl_typesupport_fastrtps_c.c
-- Symlinking: /home/student/ros2_ws/install/part5_actions/local/lib/python3.10/dist-packages/part5_actions/_part5_actions_s.ep.rosidl_typesupport_introspection_c.c
-- Symlinking: /home/student/ros2_ws/install/part5_actions/local/lib/python3.10/dist-packages/part5_actions/action/__init__.py
-- Symlinking: /home/student/ros2_ws/install/part5_actions/local/lib/python3.10/dist-packages/part5_actions/action/_explore_forward.py
-- Symlinking: /home/student/ros2_ws/install/part5_actions/local/lib/python3.10/dist-packages/part5_actions/action/_explore_forward_s.c
-- Symlinking: /home/student/ros2_ws/install/part5_actions/local/lib/python3.10/dist-packages/part5_actions/libpart5_actions__rosidl_generator_py.so
-- Symlinking: /home/student/ros2_ws/install/part5_actions/local/lib/python3.10/dist-packages/part5_actions/part5_actions_s__rosidl_typesupport_c.cpython-310-x86_64-linux-gnu.so
-- Symlinking: /home/student/ros2_ws/install/part5_actions/local/lib/python3.10/dist-packages/part5_actions/part5_actions_s__rosidl_typesupport_fastrtps_c.cpython-310-x86_64-linux-gnu.so
-- Symlinking: /home/student/ros2_ws/install/part5_actions/local/lib/python3.10/dist-packages/part5_actions/part5_actions_s__rosidl_typesupport_introspection_c.cpython-310-x86_64-linux-gnu.so
-- Up-to-date symlink: /home/student/ros2_ws/install/part5_actions/local/lib/python3.10/dist-packages/part5_actions/part5_actions_s__rosidl_typesupport_fastrtps_c.cpython-310-x86_64-linux-gnu.so
-- Up-to-date symlink: /home/student/ros2_ws/install/part5_actions/local/lib/python3.10/dist-packages/part5_actions/part5_actions_s__rosidl_typesupport_introspection_c.cpython-310-x86_64-linux-gnu.so
-- Up-to-date symlink: /home/student/ros2_ws/install/part5_actions/local/lib/python3.10/dist-packages/part5_actions/part5_actions_s__rosidl_typesupport_c.cpython-310-x86_64-linux-gnu.so
-- Symlinking: /home/student/ros2_ws/install/part5_actions/share/part5_actions/action/ExploreForward.idl
-- Symlinking: /home/student/ros2_ws/install/part5_actions/share/part5_actions/action/ExploreForward.action
-- Up-to-date symlink: /home/student/ros2_ws/install/part5_actions/lib/part5_actions/cpp_executable
-- Up-to-date symlink: /home/student/ros2_ws/install/part5_actions/local/lib/python3.10/dist-packages/part5_actions_modules-0.0.0-py3.10.egg-info/PKG-INFO
-- Up-to-date symlink: /home/student/ros2_ws/install/part5_actions/local/lib/python3.10/dist-packages/part5_actions_modules-0.0.0-py3.10.egg-info/SOURCES.txt
-- Up-to-date symlink: /home/student/ros2_ws/install/part5_actions/local/lib/python3.10/dist-packages/part5_actions_modules-0.0.0-py3.10.egg-info/dependency_links.txt
-- Up-to-date symlink: /home/student/ros2_ws/install/part5_actions/local/lib/python3.10/dist-packages/part5_actions_modules-0.0.0-py3.10.egg-info/top_level.txt
-- Up-to-date symlink: /home/student/ros2_ws/install/part5_actions/local/lib/python3.10/dist-packages/part5_actions_modules/__init__.py
-- Up-to-date symlink: /home/student/ros2_ws/install/part5_actions/local/lib/python3.10/dist-packages/part5_actions_modules/tb3_tools.py
-- Up-to-date symlink: /home/student/ros2_ws/install/part5_actions/lib/part5_actions/camera_sweep_action_client.py
-- Up-to-date symlink: /home/student/ros2_ws/install/part5_actions/lib/part5_actions/camera_sweep_cancel_client.py
-- Symlinking: /home/student/ros2_ws/install/part5_actions/lib/part5_actions/camera_cancel_action.py
-- Up-to-date symlink: /home/student/ros2_ws/install/part5_actions/share/ament_index/resource_index/package_run_dependencies/part5_actions
-- Up-to-date symlink: /home/student/ros2_ws/install/part5_actions/share/ament_index/resource_index/parent_prefix_path/part5_actions
-- Up-to-date symlink: /home/student/ros2_ws/install/part5_actions/share/part5_actions/environment/ament_prefix_path.sh
-- Up-to-date symlink: /home/student/ros2_ws/install/part5_actions/share/part5_actions/environment/ament_prefix_path.dsv
-- Up-to-date symlink: /home/student/ros2_ws/install/part5_actions/share/part5_actions/environment/path.sh
-- Up-to-date symlink: /home/student/ros2_ws/install/part5_actions/share/part5_actions/environment/path.dsv
-- Up-to-date symlink: /home/student/ros2_ws/install/part5_actions/share/part5_actions/local_setup.bash
-- Up-to-date symlink: /home/student/ros2_ws/install/part5_actions/share/part5_actions/local_setup.sh
-- Up-to-date symlink: /home/student/ros2_ws/install/part5_actions/share/part5_actions/local_setup.zsh
-- Up-to-date symlink: /home/student/ros2_ws/install/part5_actions/share/part5_actions/local_setup.dsv
-- Symlinking: /home/student/ros2_ws/install/part5_actions/share/part5_actions/package.dsv
-- Up-to-date symlink: /home/student/ros2_ws/install/part5_actions/share/ament_index/resource_index/packages/part5_actions
-- Symlinking: /home/student/ros2_ws/install/part5_actions/share/part5_actions/cmake/rosidl_cmake-extras.cmake
-- Symlinking: /home/student/ros2_ws/install/part5_actions/share/part5_actions/cmake/ament_cmake_export_dependencies-extras.cmake
-- Symlinking: /home/student/ros2_ws/install/part5_actions/share/part5_actions/cmake/ament_cmake_export_include_directories-extras.cmake
-- Symlinking: /home/student/ros2_ws/install/part5_actions/share/part5_actions/cmake/ament_cmake_export_libraries-extras.cmake
-- Symlinking: /home/student/ros2_ws/install/part5_actions/share/part5_actions/cmake/ament_cmake_export_targets-extras.cmake
-- Symlinking: /home/student/ros2_ws/install/part5_actions/share/part5_actions/cmake/rosidl_cmake_export_typesupport_targets-extras.cmake
-- Symlinking: /home/student/ros2_ws/install/part5_actions/share/part5_actions/cmake/rosidl_cmake_export_typesupport_libraries-extras.cmake
-- Up-to-date symlink: /home/student/ros2_ws/install/part5_actions/share/part5_actions/cmake/part5_actionsConfig.cmake
-- Up-to-date symlink: /home/student/ros2_ws/install/part5_actions/share/part5_actions/cmake/part5_actionsConfig-version.cmake
-- Up-to-date symlink: /home/student/ros2_ws/install/part5_actions/share/part5_actions/package.xml
-- Installing: /home/student/ros2_ws/install/part5_actions/lib/libpart5_actions__rosidl_generator_c.so
-- Set runtime path of "/home/student/ros2_ws/install/part5_actions/lib/libpart5_actions__rosidl_generator_c.so" to ""
-- Installing: /home/student/ros2_ws/install/part5_actions/lib/libpart5_actions__rosidl_typesupport_fastrtps_c.so
-- Set runtime path of "/home/student/ros2_ws/install/part5_actions/lib/libpart5_actions__rosidl_typesupport_fastrtps_c.so" to ""
-- Installing: /home/student/ros2_ws/install/part5_actions/lib/libpart5_actions__rosidl_typesupport_fastrtps_cpp.so
-- Set runtime path of "/home/student/ros2_ws/install/part5_actions/lib/libpart5_actions__rosidl_typesupport_fastrtps_cpp.so" to ""
-- Installing: /home/student/ros2_ws/install/part5_actions/lib/libpart5_actions__rosidl_typesupport_introspection_c.so
-- Set runtime path of "/home/student/ros2_ws/install/part5_actions/lib/libpart5_actions__rosidl_typesupport_introspection_c.so" to ""
-- Installing: /home/student/ros2_ws/install/part5_actions/lib/libpart5_actions__rosidl_typesupport_c.so
-- Set runtime path of "/home/student/ros2_ws/install/part5_actions/lib/libpart5_actions__rosidl_typesupport_c.so" to ""
-- Installing: /home/student/ros2_ws/install/part5_actions/lib/libpart5_actions__rosidl_typesupport_introspection_cpp.so
-- Set runtime path of "/home/student/ros2_ws/install/part5_actions/lib/libpart5_actions__rosidl_typesupport_introspection_cpp.so" to ""
-- Installing: /home/student/ros2_ws/install/part5_actions/lib/libpart5_actions__rosidl_typesupport_cpp.so
-- Set runtime path of "/home/student/ros2_ws/install/part5_actions/lib/libpart5_actions__rosidl_typesupport_cpp.so" to ""
Listing '/home/student/ros2_ws/install/part5_actions/local/lib/python3.10/dist-packages/part5_actions'...
Compiling '/home/student/ros2_ws/install/part5_actions/local/lib/python3.10/dist-packages/part5_actions/__init__.py'...
Listing '/home/student/ros2_ws/install/part5_actions/local/lib/python3.10/dist-packages/part5_actions/action'...
Compiling '/home/student/ros2_ws/install/part5_actions/local/lib/python3.10/dist-packages/part5_actions/action/__init__.py'...
Compiling '/home/student/ros2_ws/install/part5_actions/local/lib/python3.10/dist-packages/part5_actions/action/_explore_forward.py'...
-- Installing: /home/student/ros2_ws/install/part5_actions/lib/libpart5_actions__rosidl_generator_py.so
-- Set runtime path of "/home/student/ros2_ws/install/part5_actions/lib/libpart5_actions__rosidl_generator_py.so" to ""
Listing '/home/student/ros2_ws/install/part5_actions/local/lib/python3.10/dist-packages/part5_actions_modules'...
-- Installing: /home/student/ros2_ws/install/part5_actions/share/part5_actions/cmake/export_part5_actions__rosidl_generator_cExport.cmake
-- Installing: /home/student/ros2_ws/install/part5_actions/share/part5_actions/cmake/export_part5_actions__rosidl_generator_cExport-noconfig.cmake
-- Installing: /home/student/ros2_ws/install/part5_actions/share/part5_actions/cmake/export_part5_actions__rosidl_typesupport_fastrtps_cExport.cmake
-- Installing: /home/student/ros2_ws/install/part5_actions/share/part5_actions/cmake/export_part5_actions__rosidl_typesupport_fastrtps_cExport-noconfig.cmake
-- Installing: /home/student/ros2_ws/install/part5_actions/share/part5_actions/cmake/export_part5_actions__rosidl_generator_cppExport.cmake
-- Installing: /home/student/ros2_ws/install/part5_actions/share/part5_actions/cmake/export_part5_actions__rosidl_typesupport_fastrtps_cppExport.cmake
-- Installing: /home/student/ros2_ws/install/part5_actions/share/part5_actions/cmake/export_part5_actions__rosidl_typesupport_fastrtps_cppExport-noconfig.cmake
-- Installing: /home/student/ros2_ws/install/part5_actions/share/part5_actions/cmake/part5_actions__rosidl_typesupport_introspection_cExport.cmake
-- Installing: /home/student/ros2_ws/install/part5_actions/share/part5_actions/cmake/part5_actions__rosidl_typesupport_introspection_cExport-noconfig.cmake
-- Installing: /home/student/ros2_ws/install/part5_actions/share/part5_actions/cmake/part5_actions__rosidl_typesupport_cExport.cmake
-- Installing: /home/student/ros2_ws/install/part5_actions/share/part5_actions/cmake/part5_actions__rosidl_typesupport_cExport-noconfig.cmake
-- Installing: /home/student/ros2_ws/install/part5_actions/share/part5_actions/cmake/part5_actions__rosidl_typesupport_introspection_cppExport.cmake
-- Installing: /home/student/ros2_ws/install/part5_actions/share/part5_actions/cmake/part5_actions__rosidl_typesupport_introspection_cppExport-noconfig.cmake
-- Installing: /home/student/ros2_ws/install/part5_actions/share/part5_actions/cmake/part5_actions__rosidl_typesupport_cppExport.cmake
-- Installing: /home/student/ros2_ws/install/part5_actions/share/part5_actions/cmake/part5_actions__rosidl_typesupport_cppExport-noconfig.cmake
-- Installing: /home/student/ros2_ws/install/part5_actions/share/part5_actions/cmake/export_part5_actions__rosidl_generator_pyExport.cmake
-- Installing: /home/student/ros2_ws/install/part5_actions/share/part5_actions/cmake/export_part5_actions__rosidl_generator_pyExport-noconfig.cmake
