[0.043s] Invoking command in '/home/student/ros2_ws/build/part2_navigation': CMAKE_PREFIX_PATH=${CMAKE_PREFIX_PATH}:/opt/ros/humble /usr/bin/cmake --build /home/student/ros2_ws/build/part2_navigation -- -j16 -l16
[0.172s] [100%] Built target cpp_executable
[0.248s] [100%] Built target ament_cmake_python_symlink_part2_navigation_modules
[0.885s] running egg_info
[0.886s] writing part2_navigation_modules.egg-info/PKG-INFO
[0.886s] writing dependency_links to part2_navigation_modules.egg-info/dependency_links.txt
[0.887s] writing top-level names to part2_navigation_modules.egg-info/top_level.txt
[0.892s] reading manifest file 'part2_navigation_modules.egg-info/SOURCES.txt'
[0.895s] writing manifest file 'part2_navigation_modules.egg-info/SOURCES.txt'
[0.983s] [100%] Built target ament_cmake_python_build_part2_navigation_modules_egg
[1.011s] Invoked command in '/home/student/ros2_ws/build/part2_navigation' returned '0': CMAKE_PREFIX_PATH=${CMAKE_PREFIX_PATH}:/opt/ros/humble /usr/bin/cmake --build /home/student/ros2_ws/build/part2_navigation -- -j16 -l16
[1.041s] Invoking command in '/home/student/ros2_ws/build/part2_navigation': CMAKE_PREFIX_PATH=${CMAKE_PREFIX_PATH}:/opt/ros/humble /usr/bin/cmake --install /home/student/ros2_ws/build/part2_navigation
[1.056s] -- Install configuration: ""
[1.058s] -- Execute custom install script
[1.063s] -- Up-to-date symlink: /home/student/ros2_ws/install/part2_navigation/lib/part2_navigation/cpp_executable
[1.064s] -- Up-to-date symlink: /home/student/ros2_ws/install/part2_navigation/share/part2_navigation/environment/pythonpath.sh
[1.064s] -- Up-to-date symlink: /home/student/ros2_ws/install/part2_navigation/share/part2_navigation/environment/pythonpath.dsv
[1.064s] -- Up-to-date symlink: /home/student/ros2_ws/install/part2_navigation/local/lib/python3.10/dist-packages/part2_navigation_modules-0.0.0-py3.10.egg-info/PKG-INFO
[1.065s] -- Up-to-date symlink: /home/student/ros2_ws/install/part2_navigation/local/lib/python3.10/dist-packages/part2_navigation_modules-0.0.0-py3.10.egg-info/SOURCES.txt
[1.067s] -- Up-to-date symlink: /home/student/ros2_ws/install/part2_navigation/local/lib/python3.10/dist-packages/part2_navigation_modules-0.0.0-py3.10.egg-info/dependency_links.txt
[1.067s] -- Up-to-date symlink: /home/student/ros2_ws/install/part2_navigation/local/lib/python3.10/dist-packages/part2_navigation_modules-0.0.0-py3.10.egg-info/top_level.txt
[1.067s] -- Up-to-date symlink: /home/student/ros2_ws/install/part2_navigation/local/lib/python3.10/dist-packages/part2_navigation_modules/__init__.py
[1.067s] -- Up-to-date symlink: /home/student/ros2_ws/install/part2_navigation/local/lib/python3.10/dist-packages/part2_navigation_modules/tb3_tools.py
[1.068s] -- Up-to-date symlink: /home/student/ros2_ws/install/part2_navigation/lib/part2_navigation/odom_subscriber.py
[1.068s] -- Up-to-date symlink: /home/student/ros2_ws/install/part2_navigation/lib/part2_navigation/move_circle.py
[1.068s] -- Up-to-date symlink: /home/student/ros2_ws/install/part2_navigation/lib/part2_navigation/move_square.py
[1.068s] -- Up-to-date symlink: /home/student/ros2_ws/install/part2_navigation/share/ament_index/resource_index/package_run_dependencies/part2_navigation
[1.068s] -- Up-to-date symlink: /home/student/ros2_ws/install/part2_navigation/share/ament_index/resource_index/parent_prefix_path/part2_navigation
[1.069s] -- Up-to-date symlink: /home/student/ros2_ws/install/part2_navigation/share/part2_navigation/environment/ament_prefix_path.sh
[1.069s] -- Up-to-date symlink: /home/student/ros2_ws/install/part2_navigation/share/part2_navigation/environment/ament_prefix_path.dsv
[1.069s] -- Up-to-date symlink: /home/student/ros2_ws/install/part2_navigation/share/part2_navigation/environment/path.sh
[1.070s] -- Up-to-date symlink: /home/student/ros2_ws/install/part2_navigation/share/part2_navigation/environment/path.dsv
[1.070s] -- Up-to-date symlink: /home/student/ros2_ws/install/part2_navigation/share/part2_navigation/local_setup.bash
[1.070s] -- Up-to-date symlink: /home/student/ros2_ws/install/part2_navigation/share/part2_navigation/local_setup.sh
[1.070s] -- Up-to-date symlink: /home/student/ros2_ws/install/part2_navigation/share/part2_navigation/local_setup.zsh
[1.070s] -- Up-to-date symlink: /home/student/ros2_ws/install/part2_navigation/share/part2_navigation/local_setup.dsv
[1.070s] -- Symlinking: /home/student/ros2_ws/install/part2_navigation/share/part2_navigation/package.dsv
[1.092s] -- Up-to-date symlink: /home/student/ros2_ws/install/part2_navigation/share/ament_index/resource_index/packages/part2_navigation
[1.093s] -- Up-to-date symlink: /home/student/ros2_ws/install/part2_navigation/share/part2_navigation/cmake/part2_navigationConfig.cmake
[1.093s] -- Up-to-date symlink: /home/student/ros2_ws/install/part2_navigation/share/part2_navigation/cmake/part2_navigationConfig-version.cmake
[1.094s] -- Up-to-date symlink: /home/student/ros2_ws/install/part2_navigation/share/part2_navigation/package.xml
[1.170s] Listing '/home/student/ros2_ws/install/part2_navigation/local/lib/python3.10/dist-packages/part2_navigation_modules'...
[1.193s] Invoked command in '/home/student/ros2_ws/build/part2_navigation' returned '0': CMAKE_PREFIX_PATH=${CMAKE_PREFIX_PATH}:/opt/ros/humble /usr/bin/cmake --install /home/student/ros2_ws/build/part2_navigation
