[0.045s] Invoking command in '/home/student/ros2_ws/build/part5_actions': CMAKE_PREFIX_PATH=${CMAKE_PREFIX_PATH}:/opt/ros/humble /usr/bin/cmake --build /home/student/ros2_ws/build/part5_actions -- -j16 -l16
[0.219s] [  3%] Built target part5_actions__cpp
[0.306s] [  3%] Built target ament_cmake_python_symlink_part5_actions_modules
[0.386s] [ 12%] Built target part5_actions__rosidl_typesupport_introspection_cpp
[1.173s] running egg_info
[1.177s] writing part5_actions_modules.egg-info/PKG-INFO
[1.177s] writing dependency_links to part5_actions_modules.egg-info/dependency_links.txt
[1.177s] writing top-level names to part5_actions_modules.egg-info/top_level.txt
[1.180s] reading manifest file 'part5_actions_modules.egg-info/SOURCES.txt'
[1.183s] writing manifest file 'part5_actions_modules.egg-info/SOURCES.txt'
[1.320s] [ 12%] Built target ament_cmake_python_build_part5_actions_modules_egg
[1.400s] [ 21%] Built target part5_actions__rosidl_typesupport_fastrtps_cpp
[1.475s] [ 30%] Built target part5_actions__rosidl_typesupport_cpp
[1.556s] [ 36%] Built target cpp_executable
[1.661s] [ 36%] Built target ament_cmake_python_symlink_part5_actions
[1.748s] [ 45%] Built target part5_actions__rosidl_generator_c
[2.513s] running egg_info
[2.515s] writing part5_actions.egg-info/PKG-INFO
[2.518s] writing dependency_links to part5_actions.egg-info/dependency_links.txt
[2.519s] writing top-level names to part5_actions.egg-info/top_level.txt
[2.527s] reading manifest file 'part5_actions.egg-info/SOURCES.txt'
[2.529s] writing manifest file 'part5_actions.egg-info/SOURCES.txt'
[2.627s] [ 45%] Built target ament_cmake_python_build_part5_actions_egg
[2.702s] [ 54%] Built target part5_actions__rosidl_typesupport_c
[2.773s] [ 63%] Built target part5_actions__rosidl_typesupport_introspection_c
[2.860s] [ 72%] Built target part5_actions__rosidl_typesupport_fastrtps_c
[2.918s] [ 72%] Built target part5_actions
[2.979s] [ 75%] Built target part5_actions__py
[3.059s] [ 81%] Built target part5_actions__rosidl_generator_py
[3.127s] [ 87%] Built target part5_actions__rosidl_typesupport_fastrtps_c__pyext
[3.219s] [ 93%] Built target part5_actions__rosidl_typesupport_c__pyext
[3.285s] [100%] Built target part5_actions__rosidl_typesupport_introspection_c__pyext
[3.323s] Invoked command in '/home/student/ros2_ws/build/part5_actions' returned '0': CMAKE_PREFIX_PATH=${CMAKE_PREFIX_PATH}:/opt/ros/humble /usr/bin/cmake --build /home/student/ros2_ws/build/part5_actions -- -j16 -l16
[3.348s] Invoking command in '/home/student/ros2_ws/build/part5_actions': CMAKE_PREFIX_PATH=${CMAKE_PREFIX_PATH}:/opt/ros/humble /usr/bin/cmake --install /home/student/ros2_ws/build/part5_actions
[3.378s] -- Install configuration: ""
[3.380s] -- Execute custom install script
[3.380s] -- Up-to-date symlink: /home/student/ros2_ws/install/part5_actions/share/ament_index/resource_index/rosidl_interfaces/part5_actions
[3.381s] -- Up-to-date symlink: /home/student/ros2_ws/install/part5_actions/include/part5_actions/part5_actions/action/detail/explore_forward__functions.h
[3.381s] -- Up-to-date symlink: /home/student/ros2_ws/install/part5_actions/include/part5_actions/part5_actions/action/detail/explore_forward__struct.h
[3.381s] -- Up-to-date symlink: /home/student/ros2_ws/install/part5_actions/include/part5_actions/part5_actions/action/detail/explore_forward__type_support.h
[3.381s] -- Up-to-date symlink: /home/student/ros2_ws/install/part5_actions/include/part5_actions/part5_actions/action/explore_forward.h
[3.382s] -- Up-to-date symlink: /home/student/ros2_ws/install/part5_actions/include/part5_actions/part5_actions/msg/rosidl_generator_c__visibility_control.h
[3.382s] -- Up-to-date symlink: /home/student/ros2_ws/install/part5_actions/share/part5_actions/environment/library_path.sh
[3.382s] -- Up-to-date symlink: /home/student/ros2_ws/install/part5_actions/share/part5_actions/environment/library_path.dsv
[3.383s] -- Up-to-date symlink: /home/student/ros2_ws/install/part5_actions/include/part5_actions/part5_actions/action/detail/explore_forward__rosidl_typesupport_fastrtps_c.h
[3.384s] -- Up-to-date symlink: /home/student/ros2_ws/install/part5_actions/include/part5_actions/part5_actions/msg/rosidl_typesupport_fastrtps_c__visibility_control.h
[3.384s] -- Up-to-date symlink: /home/student/ros2_ws/install/part5_actions/include/part5_actions/part5_actions/action/detail/explore_forward__builder.hpp
[3.385s] -- Up-to-date symlink: /home/student/ros2_ws/install/part5_actions/include/part5_actions/part5_actions/action/detail/explore_forward__struct.hpp
[3.385s] -- Up-to-date symlink: /home/student/ros2_ws/install/part5_actions/include/part5_actions/part5_actions/action/detail/explore_forward__traits.hpp
[3.386s] -- Up-to-date symlink: /home/student/ros2_ws/install/part5_actions/include/part5_actions/part5_actions/action/detail/explore_forward__type_support.hpp
[3.386s] -- Up-to-date symlink: /home/student/ros2_ws/install/part5_actions/include/part5_actions/part5_actions/action/explore_forward.hpp
[3.386s] -- Up-to-date symlink: /home/student/ros2_ws/install/part5_actions/include/part5_actions/part5_actions/msg/rosidl_generator_cpp__visibility_control.hpp
[3.387s] -- Up-to-date symlink: /home/student/ros2_ws/install/part5_actions/include/part5_actions/part5_actions/action/detail/explore_forward__rosidl_typesupport_fastrtps_cpp.hpp
[3.387s] -- Up-to-date symlink: /home/student/ros2_ws/install/part5_actions/include/part5_actions/part5_actions/msg/rosidl_typesupport_fastrtps_cpp__visibility_control.h
[3.387s] -- Up-to-date symlink: /home/student/ros2_ws/install/part5_actions/include/part5_actions/part5_actions/action/detail/explore_forward__rosidl_typesupport_introspection_c.h
[3.388s] -- Up-to-date symlink: /home/student/ros2_ws/install/part5_actions/include/part5_actions/part5_actions/msg/rosidl_typesupport_introspection_c__visibility_control.h
[3.388s] -- Up-to-date symlink: /home/student/ros2_ws/install/part5_actions/include/part5_actions/part5_actions/action/detail/explore_forward__rosidl_typesupport_introspection_cpp.hpp
[3.388s] -- Up-to-date symlink: /home/student/ros2_ws/install/part5_actions/share/part5_actions/environment/pythonpath.sh
[3.389s] -- Up-to-date symlink: /home/student/ros2_ws/install/part5_actions/share/part5_actions/environment/pythonpath.dsv
[3.390s] -- Up-to-date symlink: /home/student/ros2_ws/install/part5_actions/local/lib/python3.10/dist-packages/part5_actions-0.0.0-py3.10.egg-info/PKG-INFO
[3.390s] -- Up-to-date symlink: /home/student/ros2_ws/install/part5_actions/local/lib/python3.10/dist-packages/part5_actions-0.0.0-py3.10.egg-info/SOURCES.txt
[3.390s] -- Up-to-date symlink: /home/student/ros2_ws/install/part5_actions/local/lib/python3.10/dist-packages/part5_actions-0.0.0-py3.10.egg-info/dependency_links.txt
[3.391s] -- Up-to-date symlink: /home/student/ros2_ws/install/part5_actions/local/lib/python3.10/dist-packages/part5_actions-0.0.0-py3.10.egg-info/top_level.txt
[3.392s] -- Up-to-date symlink: /home/student/ros2_ws/install/part5_actions/local/lib/python3.10/dist-packages/part5_actions/__init__.py
[3.392s] -- Up-to-date symlink: /home/student/ros2_ws/install/part5_actions/local/lib/python3.10/dist-packages/part5_actions/_part5_actions_s.ep.rosidl_typesupport_c.c
[3.393s] -- Up-to-date symlink: /home/student/ros2_ws/install/part5_actions/local/lib/python3.10/dist-packages/part5_actions/_part5_actions_s.ep.rosidl_typesupport_fastrtps_c.c
[3.393s] -- Up-to-date symlink: /home/student/ros2_ws/install/part5_actions/local/lib/python3.10/dist-packages/part5_actions/_part5_actions_s.ep.rosidl_typesupport_introspection_c.c
[3.394s] -- Up-to-date symlink: /home/student/ros2_ws/install/part5_actions/local/lib/python3.10/dist-packages/part5_actions/action/__init__.py
[3.396s] -- Up-to-date symlink: /home/student/ros2_ws/install/part5_actions/local/lib/python3.10/dist-packages/part5_actions/action/_explore_forward.py
[3.396s] -- Up-to-date symlink: /home/student/ros2_ws/install/part5_actions/local/lib/python3.10/dist-packages/part5_actions/action/_explore_forward_s.c
[3.402s] -- Up-to-date symlink: /home/student/ros2_ws/install/part5_actions/local/lib/python3.10/dist-packages/part5_actions/libpart5_actions__rosidl_generator_py.so
[3.403s] -- Up-to-date symlink: /home/student/ros2_ws/install/part5_actions/local/lib/python3.10/dist-packages/part5_actions/part5_actions_s__rosidl_typesupport_c.cpython-310-x86_64-linux-gnu.so
[3.403s] -- Up-to-date symlink: /home/student/ros2_ws/install/part5_actions/local/lib/python3.10/dist-packages/part5_actions/part5_actions_s__rosidl_typesupport_fastrtps_c.cpython-310-x86_64-linux-gnu.so
[3.403s] -- Up-to-date symlink: /home/student/ros2_ws/install/part5_actions/local/lib/python3.10/dist-packages/part5_actions/part5_actions_s__rosidl_typesupport_introspection_c.cpython-310-x86_64-linux-gnu.so
[3.403s] -- Up-to-date symlink: /home/student/ros2_ws/install/part5_actions/local/lib/python3.10/dist-packages/part5_actions/part5_actions_s__rosidl_typesupport_fastrtps_c.cpython-310-x86_64-linux-gnu.so
[3.403s] -- Up-to-date symlink: /home/student/ros2_ws/install/part5_actions/local/lib/python3.10/dist-packages/part5_actions/part5_actions_s__rosidl_typesupport_introspection_c.cpython-310-x86_64-linux-gnu.so
[3.404s] -- Up-to-date symlink: /home/student/ros2_ws/install/part5_actions/local/lib/python3.10/dist-packages/part5_actions/part5_actions_s__rosidl_typesupport_c.cpython-310-x86_64-linux-gnu.so
[3.404s] -- Up-to-date symlink: /home/student/ros2_ws/install/part5_actions/share/part5_actions/action/ExploreForward.idl
[3.405s] -- Up-to-date symlink: /home/student/ros2_ws/install/part5_actions/share/part5_actions/action/ExploreForward.action
[3.405s] -- Up-to-date symlink: /home/student/ros2_ws/install/part5_actions/lib/part5_actions/cpp_executable
[3.405s] -- Up-to-date symlink: /home/student/ros2_ws/install/part5_actions/local/lib/python3.10/dist-packages/part5_actions_modules-0.0.0-py3.10.egg-info/PKG-INFO
[3.405s] -- Up-to-date symlink: /home/student/ros2_ws/install/part5_actions/local/lib/python3.10/dist-packages/part5_actions_modules-0.0.0-py3.10.egg-info/SOURCES.txt
[3.406s] -- Up-to-date symlink: /home/student/ros2_ws/install/part5_actions/local/lib/python3.10/dist-packages/part5_actions_modules-0.0.0-py3.10.egg-info/dependency_links.txt
[3.406s] -- Up-to-date symlink: /home/student/ros2_ws/install/part5_actions/local/lib/python3.10/dist-packages/part5_actions_modules-0.0.0-py3.10.egg-info/top_level.txt
[3.406s] -- Up-to-date symlink: /home/student/ros2_ws/install/part5_actions/local/lib/python3.10/dist-packages/part5_actions_modules/__init__.py
[3.406s] -- Up-to-date symlink: /home/student/ros2_ws/install/part5_actions/local/lib/python3.10/dist-packages/part5_actions_modules/tb3_tools.py
[3.407s] -- Up-to-date symlink: /home/student/ros2_ws/install/part5_actions/lib/part5_actions/camera_sweep_action_client.py
[3.407s] -- Up-to-date symlink: /home/student/ros2_ws/install/part5_actions/lib/part5_actions/camera_sweep_cancel_client.py
[3.407s] -- Up-to-date symlink: /home/student/ros2_ws/install/part5_actions/lib/part5_actions/camera_cancel_action.py
[3.407s] -- Up-to-date symlink: /home/student/ros2_ws/install/part5_actions/lib/part5_actions/explore_server.py
[3.407s] -- Up-to-date symlink: /home/student/ros2_ws/install/part5_actions/share/ament_index/resource_index/package_run_dependencies/part5_actions
[3.408s] -- Up-to-date symlink: /home/student/ros2_ws/install/part5_actions/share/ament_index/resource_index/parent_prefix_path/part5_actions
[3.408s] -- Up-to-date symlink: /home/student/ros2_ws/install/part5_actions/share/part5_actions/environment/ament_prefix_path.sh
[3.408s] -- Up-to-date symlink: /home/student/ros2_ws/install/part5_actions/share/part5_actions/environment/ament_prefix_path.dsv
[3.408s] -- Up-to-date symlink: /home/student/ros2_ws/install/part5_actions/share/part5_actions/environment/path.sh
[3.409s] -- Up-to-date symlink: /home/student/ros2_ws/install/part5_actions/share/part5_actions/environment/path.dsv
[3.412s] -- Up-to-date symlink: /home/student/ros2_ws/install/part5_actions/share/part5_actions/local_setup.bash
[3.413s] -- Up-to-date symlink: /home/student/ros2_ws/install/part5_actions/share/part5_actions/local_setup.sh
[3.413s] -- Up-to-date symlink: /home/student/ros2_ws/install/part5_actions/share/part5_actions/local_setup.zsh
[3.413s] -- Up-to-date symlink: /home/student/ros2_ws/install/part5_actions/share/part5_actions/local_setup.dsv
[3.413s] -- Symlinking: /home/student/ros2_ws/install/part5_actions/share/part5_actions/package.dsv
[3.453s] -- Up-to-date symlink: /home/student/ros2_ws/install/part5_actions/share/ament_index/resource_index/packages/part5_actions
[3.454s] -- Up-to-date symlink: /home/student/ros2_ws/install/part5_actions/share/part5_actions/cmake/rosidl_cmake-extras.cmake
[3.454s] -- Up-to-date symlink: /home/student/ros2_ws/install/part5_actions/share/part5_actions/cmake/ament_cmake_export_dependencies-extras.cmake
[3.454s] -- Up-to-date symlink: /home/student/ros2_ws/install/part5_actions/share/part5_actions/cmake/ament_cmake_export_include_directories-extras.cmake
[3.455s] -- Up-to-date symlink: /home/student/ros2_ws/install/part5_actions/share/part5_actions/cmake/ament_cmake_export_libraries-extras.cmake
[3.455s] -- Up-to-date symlink: /home/student/ros2_ws/install/part5_actions/share/part5_actions/cmake/ament_cmake_export_targets-extras.cmake
[3.456s] -- Up-to-date symlink: /home/student/ros2_ws/install/part5_actions/share/part5_actions/cmake/rosidl_cmake_export_typesupport_targets-extras.cmake
[3.456s] -- Up-to-date symlink: /home/student/ros2_ws/install/part5_actions/share/part5_actions/cmake/rosidl_cmake_export_typesupport_libraries-extras.cmake
[3.456s] -- Up-to-date symlink: /home/student/ros2_ws/install/part5_actions/share/part5_actions/cmake/part5_actionsConfig.cmake
[3.456s] -- Up-to-date symlink: /home/student/ros2_ws/install/part5_actions/share/part5_actions/cmake/part5_actionsConfig-version.cmake
[3.456s] -- Up-to-date symlink: /home/student/ros2_ws/install/part5_actions/share/part5_actions/package.xml
[3.459s] -- Up-to-date: /home/student/ros2_ws/install/part5_actions/lib/libpart5_actions__rosidl_generator_c.so
[3.459s] -- Up-to-date: /home/student/ros2_ws/install/part5_actions/lib/libpart5_actions__rosidl_typesupport_fastrtps_c.so
[3.460s] -- Up-to-date: /home/student/ros2_ws/install/part5_actions/lib/libpart5_actions__rosidl_typesupport_fastrtps_cpp.so
[3.461s] -- Up-to-date: /home/student/ros2_ws/install/part5_actions/lib/libpart5_actions__rosidl_typesupport_introspection_c.so
[3.461s] -- Up-to-date: /home/student/ros2_ws/install/part5_actions/lib/libpart5_actions__rosidl_typesupport_c.so
[3.462s] -- Up-to-date: /home/student/ros2_ws/install/part5_actions/lib/libpart5_actions__rosidl_typesupport_introspection_cpp.so
[3.462s] -- Up-to-date: /home/student/ros2_ws/install/part5_actions/lib/libpart5_actions__rosidl_typesupport_cpp.so
[3.571s] Listing '/home/student/ros2_ws/install/part5_actions/local/lib/python3.10/dist-packages/part5_actions'...
[3.571s] Listing '/home/student/ros2_ws/install/part5_actions/local/lib/python3.10/dist-packages/part5_actions/action'...
[3.586s] -- Up-to-date: /home/student/ros2_ws/install/part5_actions/lib/libpart5_actions__rosidl_generator_py.so
[3.675s] Listing '/home/student/ros2_ws/install/part5_actions/local/lib/python3.10/dist-packages/part5_actions_modules'...
[3.691s] -- Up-to-date: /home/student/ros2_ws/install/part5_actions/share/part5_actions/cmake/export_part5_actions__rosidl_generator_cExport.cmake
[3.691s] -- Up-to-date: /home/student/ros2_ws/install/part5_actions/share/part5_actions/cmake/export_part5_actions__rosidl_generator_cExport-noconfig.cmake
[3.691s] -- Up-to-date: /home/student/ros2_ws/install/part5_actions/share/part5_actions/cmake/export_part5_actions__rosidl_typesupport_fastrtps_cExport.cmake
[3.691s] -- Up-to-date: /home/student/ros2_ws/install/part5_actions/share/part5_actions/cmake/export_part5_actions__rosidl_typesupport_fastrtps_cExport-noconfig.cmake
[3.697s] -- Up-to-date: /home/student/ros2_ws/install/part5_actions/share/part5_actions/cmake/export_part5_actions__rosidl_generator_cppExport.cmake
[3.697s] -- Up-to-date: /home/student/ros2_ws/install/part5_actions/share/part5_actions/cmake/export_part5_actions__rosidl_typesupport_fastrtps_cppExport.cmake
[3.697s] -- Up-to-date: /home/student/ros2_ws/install/part5_actions/share/part5_actions/cmake/export_part5_actions__rosidl_typesupport_fastrtps_cppExport-noconfig.cmake
[3.697s] -- Up-to-date: /home/student/ros2_ws/install/part5_actions/share/part5_actions/cmake/part5_actions__rosidl_typesupport_introspection_cExport.cmake
[3.698s] -- Up-to-date: /home/student/ros2_ws/install/part5_actions/share/part5_actions/cmake/part5_actions__rosidl_typesupport_introspection_cExport-noconfig.cmake
[3.698s] -- Up-to-date: /home/student/ros2_ws/install/part5_actions/share/part5_actions/cmake/part5_actions__rosidl_typesupport_cExport.cmake
[3.698s] -- Up-to-date: /home/student/ros2_ws/install/part5_actions/share/part5_actions/cmake/part5_actions__rosidl_typesupport_cExport-noconfig.cmake
[3.698s] -- Up-to-date: /home/student/ros2_ws/install/part5_actions/share/part5_actions/cmake/part5_actions__rosidl_typesupport_introspection_cppExport.cmake
[3.699s] -- Up-to-date: /home/student/ros2_ws/install/part5_actions/share/part5_actions/cmake/part5_actions__rosidl_typesupport_introspection_cppExport-noconfig.cmake
[3.699s] -- Up-to-date: /home/student/ros2_ws/install/part5_actions/share/part5_actions/cmake/part5_actions__rosidl_typesupport_cppExport.cmake
[3.700s] -- Up-to-date: /home/student/ros2_ws/install/part5_actions/share/part5_actions/cmake/part5_actions__rosidl_typesupport_cppExport-noconfig.cmake
[3.701s] -- Up-to-date: /home/student/ros2_ws/install/part5_actions/share/part5_actions/cmake/export_part5_actions__rosidl_generator_pyExport.cmake
[3.701s] -- Up-to-date: /home/student/ros2_ws/install/part5_actions/share/part5_actions/cmake/export_part5_actions__rosidl_generator_pyExport-noconfig.cmake
[3.705s] Invoked command in '/home/student/ros2_ws/build/part5_actions' returned '0': CMAKE_PREFIX_PATH=${CMAKE_PREFIX_PATH}:/opt/ros/humble /usr/bin/cmake --install /home/student/ros2_ws/build/part5_actions
