[0.024s] Invoking command in '/home/student/ros2_ws/build/part5_actions': CMAKE_PREFIX_PATH=${CMAKE_PREFIX_PATH}:/opt/ros/humble /usr/bin/cmake --build /home/student/ros2_ws/build/part5_actions -- -j16 -l16
[0.094s] [  3%] Built target part5_actions__cpp
[0.134s] [  3%] Built target ament_cmake_python_symlink_part5_actions_modules
[0.163s] [ 12%] Built target part5_actions__rosidl_typesupport_introspection_cpp
[0.463s] running egg_info
[0.464s] writing part5_actions_modules.egg-info/PKG-INFO
[0.465s] writing dependency_links to part5_actions_modules.egg-info/dependency_links.txt
[0.465s] writing top-level names to part5_actions_modules.egg-info/top_level.txt
[0.467s] reading manifest file 'part5_actions_modules.egg-info/SOURCES.txt'
[0.469s] writing manifest file 'part5_actions_modules.egg-info/SOURCES.txt'
[0.502s] [ 12%] Built target ament_cmake_python_build_part5_actions_modules_egg
[0.535s] [ 21%] Built target part5_actions__rosidl_typesupport_fastrtps_cpp
[0.567s] [ 30%] Built target part5_actions__rosidl_typesupport_cpp
[0.601s] [ 36%] Built target cpp_executable
[0.641s] [ 36%] Built target ament_cmake_python_symlink_part5_actions
[0.670s] [ 45%] Built target part5_actions__rosidl_generator_c
[1.004s] running egg_info
[1.005s] writing part5_actions.egg-info/PKG-INFO
[1.005s] writing dependency_links to part5_actions.egg-info/dependency_links.txt
[1.006s] writing top-level names to part5_actions.egg-info/top_level.txt
[1.008s] reading manifest file 'part5_actions.egg-info/SOURCES.txt'
[1.009s] writing manifest file 'part5_actions.egg-info/SOURCES.txt'
[1.045s] [ 45%] Built target ament_cmake_python_build_part5_actions_egg
[1.074s] [ 54%] Built target part5_actions__rosidl_typesupport_c
[1.102s] [ 63%] Built target part5_actions__rosidl_typesupport_introspection_c
[1.134s] [ 72%] Built target part5_actions__rosidl_typesupport_fastrtps_c
[1.161s] [ 72%] Built target part5_actions
[1.189s] [ 75%] Built target part5_actions__py
[1.220s] [ 81%] Built target part5_actions__rosidl_generator_py
[1.252s] [ 87%] Built target part5_actions__rosidl_typesupport_fastrtps_c__pyext
[1.282s] [ 93%] Built target part5_actions__rosidl_typesupport_c__pyext
[1.314s] [100%] Built target part5_actions__rosidl_typesupport_introspection_c__pyext
[1.330s] Invoked command in '/home/student/ros2_ws/build/part5_actions' returned '0': CMAKE_PREFIX_PATH=${CMAKE_PREFIX_PATH}:/opt/ros/humble /usr/bin/cmake --build /home/student/ros2_ws/build/part5_actions -- -j16 -l16
[1.346s] Invoking command in '/home/student/ros2_ws/build/part5_actions': CMAKE_PREFIX_PATH=${CMAKE_PREFIX_PATH}:/opt/ros/humble /usr/bin/cmake --install /home/student/ros2_ws/build/part5_actions
[1.356s] -- Install configuration: ""
[1.357s] -- Execute custom install script
[1.357s] -- Up-to-date symlink: /home/student/ros2_ws/install/part5_actions/share/ament_index/resource_index/rosidl_interfaces/part5_actions
[1.358s] -- Up-to-date symlink: /home/student/ros2_ws/install/part5_actions/include/part5_actions/part5_actions/action/detail/explore_forward__functions.h
[1.358s] -- Up-to-date symlink: /home/student/ros2_ws/install/part5_actions/include/part5_actions/part5_actions/action/detail/explore_forward__struct.h
[1.358s] -- Up-to-date symlink: /home/student/ros2_ws/install/part5_actions/include/part5_actions/part5_actions/action/detail/explore_forward__type_support.h
[1.358s] -- Up-to-date symlink: /home/student/ros2_ws/install/part5_actions/include/part5_actions/part5_actions/action/explore_forward.h
[1.359s] -- Up-to-date symlink: /home/student/ros2_ws/install/part5_actions/include/part5_actions/part5_actions/msg/rosidl_generator_c__visibility_control.h
[1.359s] -- Up-to-date symlink: /home/student/ros2_ws/install/part5_actions/share/part5_actions/environment/library_path.sh
[1.359s] -- Up-to-date symlink: /home/student/ros2_ws/install/part5_actions/share/part5_actions/environment/library_path.dsv
[1.360s] -- Up-to-date symlink: /home/student/ros2_ws/install/part5_actions/include/part5_actions/part5_actions/action/detail/explore_forward__rosidl_typesupport_fastrtps_c.h
[1.360s] -- Up-to-date symlink: /home/student/ros2_ws/install/part5_actions/include/part5_actions/part5_actions/msg/rosidl_typesupport_fastrtps_c__visibility_control.h
[1.360s] -- Up-to-date symlink: /home/student/ros2_ws/install/part5_actions/include/part5_actions/part5_actions/action/detail/explore_forward__builder.hpp
[1.361s] -- Up-to-date symlink: /home/student/ros2_ws/install/part5_actions/include/part5_actions/part5_actions/action/detail/explore_forward__struct.hpp
[1.361s] -- Up-to-date symlink: /home/student/ros2_ws/install/part5_actions/include/part5_actions/part5_actions/action/detail/explore_forward__traits.hpp
[1.361s] -- Up-to-date symlink: /home/student/ros2_ws/install/part5_actions/include/part5_actions/part5_actions/action/detail/explore_forward__type_support.hpp
[1.362s] -- Up-to-date symlink: /home/student/ros2_ws/install/part5_actions/include/part5_actions/part5_actions/action/explore_forward.hpp
[1.362s] -- Up-to-date symlink: /home/student/ros2_ws/install/part5_actions/include/part5_actions/part5_actions/msg/rosidl_generator_cpp__visibility_control.hpp
[1.362s] -- Up-to-date symlink: /home/student/ros2_ws/install/part5_actions/include/part5_actions/part5_actions/action/detail/explore_forward__rosidl_typesupport_fastrtps_cpp.hpp
[1.362s] -- Up-to-date symlink: /home/student/ros2_ws/install/part5_actions/include/part5_actions/part5_actions/msg/rosidl_typesupport_fastrtps_cpp__visibility_control.h
[1.363s] -- Up-to-date symlink: /home/student/ros2_ws/install/part5_actions/include/part5_actions/part5_actions/action/detail/explore_forward__rosidl_typesupport_introspection_c.h
[1.363s] -- Up-to-date symlink: /home/student/ros2_ws/install/part5_actions/include/part5_actions/part5_actions/msg/rosidl_typesupport_introspection_c__visibility_control.h
[1.364s] -- Up-to-date symlink: /home/student/ros2_ws/install/part5_actions/include/part5_actions/part5_actions/action/detail/explore_forward__rosidl_typesupport_introspection_cpp.hpp
[1.364s] -- Up-to-date symlink: /home/student/ros2_ws/install/part5_actions/share/part5_actions/environment/pythonpath.sh
[1.365s] -- Up-to-date symlink: /home/student/ros2_ws/install/part5_actions/share/part5_actions/environment/pythonpath.dsv
[1.365s] -- Up-to-date symlink: /home/student/ros2_ws/install/part5_actions/local/lib/python3.10/dist-packages/part5_actions-0.0.0-py3.10.egg-info/PKG-INFO
[1.365s] -- Up-to-date symlink: /home/student/ros2_ws/install/part5_actions/local/lib/python3.10/dist-packages/part5_actions-0.0.0-py3.10.egg-info/SOURCES.txt
[1.365s] -- Up-to-date symlink: /home/student/ros2_ws/install/part5_actions/local/lib/python3.10/dist-packages/part5_actions-0.0.0-py3.10.egg-info/dependency_links.txt
[1.366s] -- Up-to-date symlink: /home/student/ros2_ws/install/part5_actions/local/lib/python3.10/dist-packages/part5_actions-0.0.0-py3.10.egg-info/top_level.txt
[1.366s] -- Up-to-date symlink: /home/student/ros2_ws/install/part5_actions/local/lib/python3.10/dist-packages/part5_actions/__init__.py
[1.367s] -- Up-to-date symlink: /home/student/ros2_ws/install/part5_actions/local/lib/python3.10/dist-packages/part5_actions/_part5_actions_s.ep.rosidl_typesupport_c.c
[1.367s] -- Up-to-date symlink: /home/student/ros2_ws/install/part5_actions/local/lib/python3.10/dist-packages/part5_actions/_part5_actions_s.ep.rosidl_typesupport_fastrtps_c.c
[1.367s] -- Up-to-date symlink: /home/student/ros2_ws/install/part5_actions/local/lib/python3.10/dist-packages/part5_actions/_part5_actions_s.ep.rosidl_typesupport_introspection_c.c
[1.367s] -- Up-to-date symlink: /home/student/ros2_ws/install/part5_actions/local/lib/python3.10/dist-packages/part5_actions/action/__init__.py
[1.368s] -- Up-to-date symlink: /home/student/ros2_ws/install/part5_actions/local/lib/python3.10/dist-packages/part5_actions/action/_explore_forward.py
[1.368s] -- Up-to-date symlink: /home/student/ros2_ws/install/part5_actions/local/lib/python3.10/dist-packages/part5_actions/action/_explore_forward_s.c
[1.368s] -- Up-to-date symlink: /home/student/ros2_ws/install/part5_actions/local/lib/python3.10/dist-packages/part5_actions/libpart5_actions__rosidl_generator_py.so
[1.369s] -- Up-to-date symlink: /home/student/ros2_ws/install/part5_actions/local/lib/python3.10/dist-packages/part5_actions/part5_actions_s__rosidl_typesupport_c.cpython-310-x86_64-linux-gnu.so
[1.369s] -- Up-to-date symlink: /home/student/ros2_ws/install/part5_actions/local/lib/python3.10/dist-packages/part5_actions/part5_actions_s__rosidl_typesupport_fastrtps_c.cpython-310-x86_64-linux-gnu.so
[1.369s] -- Up-to-date symlink: /home/student/ros2_ws/install/part5_actions/local/lib/python3.10/dist-packages/part5_actions/part5_actions_s__rosidl_typesupport_introspection_c.cpython-310-x86_64-linux-gnu.so
[1.370s] -- Up-to-date symlink: /home/student/ros2_ws/install/part5_actions/local/lib/python3.10/dist-packages/part5_actions/part5_actions_s__rosidl_typesupport_fastrtps_c.cpython-310-x86_64-linux-gnu.so
[1.370s] -- Up-to-date symlink: /home/student/ros2_ws/install/part5_actions/local/lib/python3.10/dist-packages/part5_actions/part5_actions_s__rosidl_typesupport_introspection_c.cpython-310-x86_64-linux-gnu.so
[1.370s] -- Up-to-date symlink: /home/student/ros2_ws/install/part5_actions/local/lib/python3.10/dist-packages/part5_actions/part5_actions_s__rosidl_typesupport_c.cpython-310-x86_64-linux-gnu.so
[1.371s] -- Up-to-date symlink: /home/student/ros2_ws/install/part5_actions/share/part5_actions/action/ExploreForward.idl
[1.371s] -- Up-to-date symlink: /home/student/ros2_ws/install/part5_actions/share/part5_actions/action/ExploreForward.action
[1.371s] -- Up-to-date symlink: /home/student/ros2_ws/install/part5_actions/lib/part5_actions/cpp_executable
[1.372s] -- Up-to-date symlink: /home/student/ros2_ws/install/part5_actions/local/lib/python3.10/dist-packages/part5_actions_modules-0.0.0-py3.10.egg-info/PKG-INFO
[1.372s] -- Up-to-date symlink: /home/student/ros2_ws/install/part5_actions/local/lib/python3.10/dist-packages/part5_actions_modules-0.0.0-py3.10.egg-info/SOURCES.txt
[1.372s] -- Up-to-date symlink: /home/student/ros2_ws/install/part5_actions/local/lib/python3.10/dist-packages/part5_actions_modules-0.0.0-py3.10.egg-info/dependency_links.txt
[1.372s] -- Up-to-date symlink: /home/student/ros2_ws/install/part5_actions/local/lib/python3.10/dist-packages/part5_actions_modules-0.0.0-py3.10.egg-info/top_level.txt
[1.373s] -- Up-to-date symlink: /home/student/ros2_ws/install/part5_actions/local/lib/python3.10/dist-packages/part5_actions_modules/__init__.py
[1.373s] -- Up-to-date symlink: /home/student/ros2_ws/install/part5_actions/local/lib/python3.10/dist-packages/part5_actions_modules/tb3_tools.py
[1.374s] -- Up-to-date symlink: /home/student/ros2_ws/install/part5_actions/lib/part5_actions/camera_sweep_action_client.py
[1.374s] -- Up-to-date symlink: /home/student/ros2_ws/install/part5_actions/lib/part5_actions/camera_sweep_cancel_client.py
[1.374s] -- Up-to-date symlink: /home/student/ros2_ws/install/part5_actions/lib/part5_actions/camera_cancel_action.py
[1.375s] -- Up-to-date symlink: /home/student/ros2_ws/install/part5_actions/lib/part5_actions/explore_server.py
[1.375s] -- Up-to-date symlink: /home/student/ros2_ws/install/part5_actions/share/ament_index/resource_index/package_run_dependencies/part5_actions
[1.375s] -- Up-to-date symlink: /home/student/ros2_ws/install/part5_actions/share/ament_index/resource_index/parent_prefix_path/part5_actions
[1.375s] -- Up-to-date symlink: /home/student/ros2_ws/install/part5_actions/share/part5_actions/environment/ament_prefix_path.sh
[1.375s] -- Up-to-date symlink: /home/student/ros2_ws/install/part5_actions/share/part5_actions/environment/ament_prefix_path.dsv
[1.375s] -- Up-to-date symlink: /home/student/ros2_ws/install/part5_actions/share/part5_actions/environment/path.sh
[1.375s] -- Up-to-date symlink: /home/student/ros2_ws/install/part5_actions/share/part5_actions/environment/path.dsv
[1.375s] -- Up-to-date symlink: /home/student/ros2_ws/install/part5_actions/share/part5_actions/local_setup.bash
[1.375s] -- Up-to-date symlink: /home/student/ros2_ws/install/part5_actions/share/part5_actions/local_setup.sh
[1.375s] -- Up-to-date symlink: /home/student/ros2_ws/install/part5_actions/share/part5_actions/local_setup.zsh
[1.376s] -- Up-to-date symlink: /home/student/ros2_ws/install/part5_actions/share/part5_actions/local_setup.dsv
[1.376s] -- Symlinking: /home/student/ros2_ws/install/part5_actions/share/part5_actions/package.dsv
[1.387s] -- Up-to-date symlink: /home/student/ros2_ws/install/part5_actions/share/ament_index/resource_index/packages/part5_actions
[1.387s] -- Up-to-date symlink: /home/student/ros2_ws/install/part5_actions/share/part5_actions/cmake/rosidl_cmake-extras.cmake
[1.388s] -- Up-to-date symlink: /home/student/ros2_ws/install/part5_actions/share/part5_actions/cmake/ament_cmake_export_dependencies-extras.cmake
[1.388s] -- Up-to-date symlink: /home/student/ros2_ws/install/part5_actions/share/part5_actions/cmake/ament_cmake_export_include_directories-extras.cmake
[1.388s] -- Up-to-date symlink: /home/student/ros2_ws/install/part5_actions/share/part5_actions/cmake/ament_cmake_export_libraries-extras.cmake
[1.389s] -- Up-to-date symlink: /home/student/ros2_ws/install/part5_actions/share/part5_actions/cmake/ament_cmake_export_targets-extras.cmake
[1.389s] -- Up-to-date symlink: /home/student/ros2_ws/install/part5_actions/share/part5_actions/cmake/rosidl_cmake_export_typesupport_targets-extras.cmake
[1.389s] -- Up-to-date symlink: /home/student/ros2_ws/install/part5_actions/share/part5_actions/cmake/rosidl_cmake_export_typesupport_libraries-extras.cmake
[1.389s] -- Up-to-date symlink: /home/student/ros2_ws/install/part5_actions/share/part5_actions/cmake/part5_actionsConfig.cmake
[1.390s] -- Up-to-date symlink: /home/student/ros2_ws/install/part5_actions/share/part5_actions/cmake/part5_actionsConfig-version.cmake
[1.390s] -- Up-to-date symlink: /home/student/ros2_ws/install/part5_actions/share/part5_actions/package.xml
[1.390s] -- Up-to-date: /home/student/ros2_ws/install/part5_actions/lib/libpart5_actions__rosidl_generator_c.so
[1.391s] -- Up-to-date: /home/student/ros2_ws/install/part5_actions/lib/libpart5_actions__rosidl_typesupport_fastrtps_c.so
[1.391s] -- Up-to-date: /home/student/ros2_ws/install/part5_actions/lib/libpart5_actions__rosidl_typesupport_fastrtps_cpp.so
[1.392s] -- Up-to-date: /home/student/ros2_ws/install/part5_actions/lib/libpart5_actions__rosidl_typesupport_introspection_c.so
[1.392s] -- Up-to-date: /home/student/ros2_ws/install/part5_actions/lib/libpart5_actions__rosidl_typesupport_c.so
[1.393s] -- Up-to-date: /home/student/ros2_ws/install/part5_actions/lib/libpart5_actions__rosidl_typesupport_introspection_cpp.so
[1.393s] -- Up-to-date: /home/student/ros2_ws/install/part5_actions/lib/libpart5_actions__rosidl_typesupport_cpp.so
[1.436s] Listing '/home/student/ros2_ws/install/part5_actions/local/lib/python3.10/dist-packages/part5_actions'...
[1.436s] Listing '/home/student/ros2_ws/install/part5_actions/local/lib/python3.10/dist-packages/part5_actions/action'...
[1.441s] -- Up-to-date: /home/student/ros2_ws/install/part5_actions/lib/libpart5_actions__rosidl_generator_py.so
[1.483s] Listing '/home/student/ros2_ws/install/part5_actions/local/lib/python3.10/dist-packages/part5_actions_modules'...
[1.488s] -- Up-to-date: /home/student/ros2_ws/install/part5_actions/share/part5_actions/cmake/export_part5_actions__rosidl_generator_cExport.cmake
[1.489s] -- Up-to-date: /home/student/ros2_ws/install/part5_actions/share/part5_actions/cmake/export_part5_actions__rosidl_generator_cExport-noconfig.cmake
[1.489s] -- Up-to-date: /home/student/ros2_ws/install/part5_actions/share/part5_actions/cmake/export_part5_actions__rosidl_typesupport_fastrtps_cExport.cmake
[1.490s] -- Up-to-date: /home/student/ros2_ws/install/part5_actions/share/part5_actions/cmake/export_part5_actions__rosidl_typesupport_fastrtps_cExport-noconfig.cmake
[1.490s] -- Up-to-date: /home/student/ros2_ws/install/part5_actions/share/part5_actions/cmake/export_part5_actions__rosidl_generator_cppExport.cmake
[1.490s] -- Up-to-date: /home/student/ros2_ws/install/part5_actions/share/part5_actions/cmake/export_part5_actions__rosidl_typesupport_fastrtps_cppExport.cmake
[1.490s] -- Up-to-date: /home/student/ros2_ws/install/part5_actions/share/part5_actions/cmake/export_part5_actions__rosidl_typesupport_fastrtps_cppExport-noconfig.cmake
[1.491s] -- Up-to-date: /home/student/ros2_ws/install/part5_actions/share/part5_actions/cmake/part5_actions__rosidl_typesupport_introspection_cExport.cmake
[1.491s] -- Up-to-date: /home/student/ros2_ws/install/part5_actions/share/part5_actions/cmake/part5_actions__rosidl_typesupport_introspection_cExport-noconfig.cmake
[1.491s] -- Up-to-date: /home/student/ros2_ws/install/part5_actions/share/part5_actions/cmake/part5_actions__rosidl_typesupport_cExport.cmake
[1.491s] -- Up-to-date: /home/student/ros2_ws/install/part5_actions/share/part5_actions/cmake/part5_actions__rosidl_typesupport_cExport-noconfig.cmake
[1.491s] -- Up-to-date: /home/student/ros2_ws/install/part5_actions/share/part5_actions/cmake/part5_actions__rosidl_typesupport_introspection_cppExport.cmake
[1.491s] -- Up-to-date: /home/student/ros2_ws/install/part5_actions/share/part5_actions/cmake/part5_actions__rosidl_typesupport_introspection_cppExport-noconfig.cmake
[1.491s] -- Up-to-date: /home/student/ros2_ws/install/part5_actions/share/part5_actions/cmake/part5_actions__rosidl_typesupport_cppExport.cmake
[1.491s] -- Up-to-date: /home/student/ros2_ws/install/part5_actions/share/part5_actions/cmake/part5_actions__rosidl_typesupport_cppExport-noconfig.cmake
[1.491s] -- Up-to-date: /home/student/ros2_ws/install/part5_actions/share/part5_actions/cmake/export_part5_actions__rosidl_generator_pyExport.cmake
[1.491s] -- Up-to-date: /home/student/ros2_ws/install/part5_actions/share/part5_actions/cmake/export_part5_actions__rosidl_generator_pyExport-noconfig.cmake
[1.495s] Invoked command in '/home/student/ros2_ws/build/part5_actions' returned '0': CMAKE_PREFIX_PATH=${CMAKE_PREFIX_PATH}:/opt/ros/humble /usr/bin/cmake --install /home/student/ros2_ws/build/part5_actions
