[2.088s] DEBUG:colcon:Command line arguments: ['/usr/bin/colcon', 'build', '--packages-up-to', 'tuos_ros']
[2.088s] DEBUG:colcon:Parsed command line arguments: Namespace(log_base=None, log_level=None, verb_name='build', build_base='build', install_base='install', merge_install=False, symlink_install=False, test_result_base=None, continue_on_error=False, executor='parallel', parallel_workers=16, event_handlers=None, ignore_user_meta=False, metas=['./colcon.meta'], base_paths=['.'], packages_ignore=None, packages_ignore_regex=None, paths=None, packages_up_to=['tuos_ros'], packages_up_to_regex=None, packages_above=None, packages_above_and_dependencies=None, packages_above_depth=None, packages_select_by_dep=None, packages_skip_by_dep=None, packages_skip_up_to=None, packages_select_build_failed=False, packages_skip_build_finished=False, packages_select_test_failures=False, packages_skip_test_passed=False, packages_select=None, packages_skip=None, packages_select_regex=None, packages_skip_regex=None, packages_start=None, packages_end=None, cmake_args=None, cmake_target=None, cmake_target_skip_unavailable=False, cmake_clean_cache=False, cmake_clean_first=False, cmake_force_configure=False, ament_cmake_args=None, catkin_cmake_args=None, catkin_skip_building_tests=False, mixin_files=None, mixin=None, verb_parser=<colcon_mixin.mixin.mixin_argument.MixinArgumentDecorator object at 0x7f9e84dcd750>, verb_extension=<colcon_core.verb.build.BuildVerb object at 0x7f9e84eca6b0>, main=<bound method BuildVerb.main of <colcon_core.verb.build.BuildVerb object at 0x7f9e84eca6b0>>, mixin_verb=('build',))
[3.445s] Level 1:colcon.colcon_core.package_discovery:discover_packages(colcon_meta) check parameters
[3.446s] Level 1:colcon.colcon_core.package_discovery:discover_packages(recursive) check parameters
[3.446s] Level 1:colcon.colcon_core.package_discovery:discover_packages(ignore) check parameters
[3.446s] Level 1:colcon.colcon_core.package_discovery:discover_packages(path) check parameters
[3.446s] Level 1:colcon.colcon_core.package_discovery:discover_packages(colcon_meta) discover
[3.446s] Level 1:colcon.colcon_core.package_discovery:discover_packages(recursive) discover
[3.446s] INFO:colcon.colcon_core.package_discovery:Crawling recursively for packages in '/home/student/ros2_ws'
[3.446s] Level 1:colcon.colcon_core.package_identification:_identify(.) by extensions ['ignore', 'ignore_ament_install']
[3.447s] Level 1:colcon.colcon_core.package_identification:_identify(.) by extension 'ignore'
[3.447s] Level 1:colcon.colcon_core.package_identification:_identify(.) by extension 'ignore_ament_install'
[3.447s] Level 1:colcon.colcon_core.package_identification:_identify(.) by extensions ['colcon_pkg']
[3.447s] Level 1:colcon.colcon_core.package_identification:_identify(.) by extension 'colcon_pkg'
[3.448s] Level 1:colcon.colcon_core.package_identification:_identify(.) by extensions ['colcon_meta']
[3.448s] Level 1:colcon.colcon_core.package_identification:_identify(.) by extension 'colcon_meta'
[3.448s] Level 1:colcon.colcon_core.package_identification:_identify(.) by extensions ['ros']
[3.448s] Level 1:colcon.colcon_core.package_identification:_identify(.) by extension 'ros'
[3.551s] Level 1:colcon.colcon_core.package_identification:_identify(.) by extensions ['cmake', 'python']
[3.552s] Level 1:colcon.colcon_core.package_identification:_identify(.) by extension 'cmake'
[3.552s] Level 1:colcon.colcon_core.package_identification:_identify(.) by extension 'python'
[3.552s] Level 1:colcon.colcon_core.package_identification:_identify(.) by extensions ['python_setup_py']
[3.552s] Level 1:colcon.colcon_core.package_identification:_identify(.) by extension 'python_setup_py'
[3.553s] Level 1:colcon.colcon_core.package_identification:_identify(build) by extensions ['ignore', 'ignore_ament_install']
[3.553s] Level 1:colcon.colcon_core.package_identification:_identify(build) by extension 'ignore'
[3.554s] Level 1:colcon.colcon_core.package_identification:_identify(build) ignored
[3.555s] Level 1:colcon.colcon_core.package_identification:_identify(install) by extensions ['ignore', 'ignore_ament_install']
[3.556s] Level 1:colcon.colcon_core.package_identification:_identify(install) by extension 'ignore'
[3.556s] Level 1:colcon.colcon_core.package_identification:_identify(install) ignored
[3.557s] Level 1:colcon.colcon_core.package_identification:_identify(log) by extensions ['ignore', 'ignore_ament_install']
[3.557s] Level 1:colcon.colcon_core.package_identification:_identify(log) by extension 'ignore'
[3.557s] Level 1:colcon.colcon_core.package_identification:_identify(log) ignored
[3.557s] Level 1:colcon.colcon_core.package_identification:_identify(src) by extensions ['ignore', 'ignore_ament_install']
[3.568s] Level 1:colcon.colcon_core.package_identification:_identify(src) by extension 'ignore'
[3.568s] Level 1:colcon.colcon_core.package_identification:_identify(src) by extension 'ignore_ament_install'
[3.569s] Level 1:colcon.colcon_core.package_identification:_identify(src) by extensions ['colcon_pkg']
[3.569s] Level 1:colcon.colcon_core.package_identification:_identify(src) by extension 'colcon_pkg'
[3.569s] Level 1:colcon.colcon_core.package_identification:_identify(src) by extensions ['colcon_meta']
[3.569s] Level 1:colcon.colcon_core.package_identification:_identify(src) by extension 'colcon_meta'
[3.569s] Level 1:colcon.colcon_core.package_identification:_identify(src) by extensions ['ros']
[3.569s] Level 1:colcon.colcon_core.package_identification:_identify(src) by extension 'ros'
[3.569s] Level 1:colcon.colcon_core.package_identification:_identify(src) by extensions ['cmake', 'python']
[3.569s] Level 1:colcon.colcon_core.package_identification:_identify(src) by extension 'cmake'
[3.569s] Level 1:colcon.colcon_core.package_identification:_identify(src) by extension 'python'
[3.569s] Level 1:colcon.colcon_core.package_identification:_identify(src) by extensions ['python_setup_py']
[3.569s] Level 1:colcon.colcon_core.package_identification:_identify(src) by extension 'python_setup_py'
[3.570s] Level 1:colcon.colcon_core.package_identification:_identify(src/part1_pubsub) by extensions ['ignore', 'ignore_ament_install']
[3.570s] Level 1:colcon.colcon_core.package_identification:_identify(src/part1_pubsub) by extension 'ignore'
[3.570s] Level 1:colcon.colcon_core.package_identification:_identify(src/part1_pubsub) by extension 'ignore_ament_install'
[3.570s] Level 1:colcon.colcon_core.package_identification:_identify(src/part1_pubsub) by extensions ['colcon_pkg']
[3.571s] Level 1:colcon.colcon_core.package_identification:_identify(src/part1_pubsub) by extension 'colcon_pkg'
[3.571s] Level 1:colcon.colcon_core.package_identification:_identify(src/part1_pubsub) by extensions ['colcon_meta']
[3.571s] Level 1:colcon.colcon_core.package_identification:_identify(src/part1_pubsub) by extension 'colcon_meta'
[3.571s] Level 1:colcon.colcon_core.package_identification:_identify(src/part1_pubsub) by extensions ['ros']
[3.571s] Level 1:colcon.colcon_core.package_identification:_identify(src/part1_pubsub) by extension 'ros'
[3.593s] DEBUG:colcon.colcon_core.package_identification:Package 'src/part1_pubsub' with type 'ros.ament_cmake' and name 'part1_pubsub'
[3.593s] Level 1:colcon.colcon_core.package_identification:_identify(src/part2_navigation) by extensions ['ignore', 'ignore_ament_install']
[3.594s] Level 1:colcon.colcon_core.package_identification:_identify(src/part2_navigation) by extension 'ignore'
[3.594s] Level 1:colcon.colcon_core.package_identification:_identify(src/part2_navigation) by extension 'ignore_ament_install'
[3.594s] Level 1:colcon.colcon_core.package_identification:_identify(src/part2_navigation) by extensions ['colcon_pkg']
[3.594s] Level 1:colcon.colcon_core.package_identification:_identify(src/part2_navigation) by extension 'colcon_pkg'
[3.594s] Level 1:colcon.colcon_core.package_identification:_identify(src/part2_navigation) by extensions ['colcon_meta']
[3.594s] Level 1:colcon.colcon_core.package_identification:_identify(src/part2_navigation) by extension 'colcon_meta'
[3.594s] Level 1:colcon.colcon_core.package_identification:_identify(src/part2_navigation) by extensions ['ros']
[3.594s] Level 1:colcon.colcon_core.package_identification:_identify(src/part2_navigation) by extension 'ros'
[3.597s] DEBUG:colcon.colcon_core.package_identification:Package 'src/part2_navigation' with type 'ros.ament_cmake' and name 'part2_navigation'
[3.598s] Level 1:colcon.colcon_core.package_identification:_identify(src/tuos_ros) by extensions ['ignore', 'ignore_ament_install']
[3.599s] Level 1:colcon.colcon_core.package_identification:_identify(src/tuos_ros) by extension 'ignore'
[3.599s] Level 1:colcon.colcon_core.package_identification:_identify(src/tuos_ros) by extension 'ignore_ament_install'
[3.601s] Level 1:colcon.colcon_core.package_identification:_identify(src/tuos_ros) by extensions ['colcon_pkg']
[3.605s] Level 1:colcon.colcon_core.package_identification:_identify(src/tuos_ros) by extension 'colcon_pkg'
[3.605s] Level 1:colcon.colcon_core.package_identification:_identify(src/tuos_ros) by extensions ['colcon_meta']
[3.605s] Level 1:colcon.colcon_core.package_identification:_identify(src/tuos_ros) by extension 'colcon_meta'
[3.606s] Level 1:colcon.colcon_core.package_identification:_identify(src/tuos_ros) by extensions ['ros']
[3.606s] Level 1:colcon.colcon_core.package_identification:_identify(src/tuos_ros) by extension 'ros'
[3.608s] Level 1:colcon.colcon_core.package_identification:_identify(src/tuos_ros) by extensions ['cmake', 'python']
[3.608s] Level 1:colcon.colcon_core.package_identification:_identify(src/tuos_ros) by extension 'cmake'
[3.608s] Level 1:colcon.colcon_core.package_identification:_identify(src/tuos_ros) by extension 'python'
[3.608s] Level 1:colcon.colcon_core.package_identification:_identify(src/tuos_ros) by extensions ['python_setup_py']
[3.608s] Level 1:colcon.colcon_core.package_identification:_identify(src/tuos_ros) by extension 'python_setup_py'
[3.609s] Level 1:colcon.colcon_core.package_identification:_identify(src/tuos_ros/com2009_simulations) by extensions ['ignore', 'ignore_ament_install']
[3.611s] Level 1:colcon.colcon_core.package_identification:_identify(src/tuos_ros/com2009_simulations) by extension 'ignore'
[3.611s] Level 1:colcon.colcon_core.package_identification:_identify(src/tuos_ros/com2009_simulations) by extension 'ignore_ament_install'
[3.612s] Level 1:colcon.colcon_core.package_identification:_identify(src/tuos_ros/com2009_simulations) by extensions ['colcon_pkg']
[3.612s] Level 1:colcon.colcon_core.package_identification:_identify(src/tuos_ros/com2009_simulations) by extension 'colcon_pkg'
[3.612s] Level 1:colcon.colcon_core.package_identification:_identify(src/tuos_ros/com2009_simulations) by extensions ['colcon_meta']
[3.612s] Level 1:colcon.colcon_core.package_identification:_identify(src/tuos_ros/com2009_simulations) by extension 'colcon_meta'
[3.612s] Level 1:colcon.colcon_core.package_identification:_identify(src/tuos_ros/com2009_simulations) by extensions ['ros']
[3.613s] Level 1:colcon.colcon_core.package_identification:_identify(src/tuos_ros/com2009_simulations) by extension 'ros'
[3.614s] DEBUG:colcon.colcon_core.package_identification:Package 'src/tuos_ros/com2009_simulations' with type 'ros.ament_cmake' and name 'com2009_simulations'
[3.615s] Level 1:colcon.colcon_core.package_identification:_identify(src/tuos_ros/tuos_examples) by extensions ['ignore', 'ignore_ament_install']
[3.615s] Level 1:colcon.colcon_core.package_identification:_identify(src/tuos_ros/tuos_examples) by extension 'ignore'
[3.615s] Level 1:colcon.colcon_core.package_identification:_identify(src/tuos_ros/tuos_examples) by extension 'ignore_ament_install'
[3.615s] Level 1:colcon.colcon_core.package_identification:_identify(src/tuos_ros/tuos_examples) by extensions ['colcon_pkg']
[3.615s] Level 1:colcon.colcon_core.package_identification:_identify(src/tuos_ros/tuos_examples) by extension 'colcon_pkg'
[3.616s] Level 1:colcon.colcon_core.package_identification:_identify(src/tuos_ros/tuos_examples) by extensions ['colcon_meta']
[3.616s] Level 1:colcon.colcon_core.package_identification:_identify(src/tuos_ros/tuos_examples) by extension 'colcon_meta'
[3.616s] Level 1:colcon.colcon_core.package_identification:_identify(src/tuos_ros/tuos_examples) by extensions ['ros']
[3.616s] Level 1:colcon.colcon_core.package_identification:_identify(src/tuos_ros/tuos_examples) by extension 'ros'
[3.618s] DEBUG:colcon.colcon_core.package_identification:Package 'src/tuos_ros/tuos_examples' with type 'ros.ament_cmake' and name 'tuos_examples'
[3.618s] Level 1:colcon.colcon_core.package_identification:_identify(src/tuos_ros/tuos_interfaces) by extensions ['ignore', 'ignore_ament_install']
[3.619s] Level 1:colcon.colcon_core.package_identification:_identify(src/tuos_ros/tuos_interfaces) by extension 'ignore'
[3.619s] Level 1:colcon.colcon_core.package_identification:_identify(src/tuos_ros/tuos_interfaces) by extension 'ignore_ament_install'
[3.619s] Level 1:colcon.colcon_core.package_identification:_identify(src/tuos_ros/tuos_interfaces) by extensions ['colcon_pkg']
[3.620s] Level 1:colcon.colcon_core.package_identification:_identify(src/tuos_ros/tuos_interfaces) by extension 'colcon_pkg'
[3.620s] Level 1:colcon.colcon_core.package_identification:_identify(src/tuos_ros/tuos_interfaces) by extensions ['colcon_meta']
[3.620s] Level 1:colcon.colcon_core.package_identification:_identify(src/tuos_ros/tuos_interfaces) by extension 'colcon_meta'
[3.620s] Level 1:colcon.colcon_core.package_identification:_identify(src/tuos_ros/tuos_interfaces) by extensions ['ros']
[3.620s] Level 1:colcon.colcon_core.package_identification:_identify(src/tuos_ros/tuos_interfaces) by extension 'ros'
[3.632s] DEBUG:colcon.colcon_core.package_identification:Package 'src/tuos_ros/tuos_interfaces' with type 'ros.ament_cmake' and name 'tuos_interfaces'
[3.633s] Level 1:colcon.colcon_core.package_identification:_identify(src/tuos_ros/tuos_ros) by extensions ['ignore', 'ignore_ament_install']
[3.633s] Level 1:colcon.colcon_core.package_identification:_identify(src/tuos_ros/tuos_ros) by extension 'ignore'
[3.633s] Level 1:colcon.colcon_core.package_identification:_identify(src/tuos_ros/tuos_ros) by extension 'ignore_ament_install'
[3.634s] Level 1:colcon.colcon_core.package_identification:_identify(src/tuos_ros/tuos_ros) by extensions ['colcon_pkg']
[3.634s] Level 1:colcon.colcon_core.package_identification:_identify(src/tuos_ros/tuos_ros) by extension 'colcon_pkg'
[3.634s] Level 1:colcon.colcon_core.package_identification:_identify(src/tuos_ros/tuos_ros) by extensions ['colcon_meta']
[3.634s] Level 1:colcon.colcon_core.package_identification:_identify(src/tuos_ros/tuos_ros) by extension 'colcon_meta'
[3.634s] Level 1:colcon.colcon_core.package_identification:_identify(src/tuos_ros/tuos_ros) by extensions ['ros']
[3.634s] Level 1:colcon.colcon_core.package_identification:_identify(src/tuos_ros/tuos_ros) by extension 'ros'
[3.636s] DEBUG:colcon.colcon_core.package_identification:Package 'src/tuos_ros/tuos_ros' with type 'ros.ament_cmake' and name 'tuos_ros'
[3.637s] Level 1:colcon.colcon_core.package_identification:_identify(src/tuos_ros/tuos_simulations) by extensions ['ignore', 'ignore_ament_install']
[3.638s] Level 1:colcon.colcon_core.package_identification:_identify(src/tuos_ros/tuos_simulations) by extension 'ignore'
[3.638s] Level 1:colcon.colcon_core.package_identification:_identify(src/tuos_ros/tuos_simulations) by extension 'ignore_ament_install'
[3.638s] Level 1:colcon.colcon_core.package_identification:_identify(src/tuos_ros/tuos_simulations) by extensions ['colcon_pkg']
[3.640s] Level 1:colcon.colcon_core.package_identification:_identify(src/tuos_ros/tuos_simulations) by extension 'colcon_pkg'
[3.642s] Level 1:colcon.colcon_core.package_identification:_identify(src/tuos_ros/tuos_simulations) by extensions ['colcon_meta']
[3.642s] Level 1:colcon.colcon_core.package_identification:_identify(src/tuos_ros/tuos_simulations) by extension 'colcon_meta'
[3.642s] Level 1:colcon.colcon_core.package_identification:_identify(src/tuos_ros/tuos_simulations) by extensions ['ros']
[3.642s] Level 1:colcon.colcon_core.package_identification:_identify(src/tuos_ros/tuos_simulations) by extension 'ros'
[3.646s] DEBUG:colcon.colcon_core.package_identification:Package 'src/tuos_ros/tuos_simulations' with type 'ros.ament_cmake' and name 'tuos_simulations'
[3.651s] Level 1:colcon.colcon_core.package_identification:_identify(src/tuos_ros/tuos_tb3_tools) by extensions ['ignore', 'ignore_ament_install']
[3.652s] Level 1:colcon.colcon_core.package_identification:_identify(src/tuos_ros/tuos_tb3_tools) by extension 'ignore'
[3.652s] Level 1:colcon.colcon_core.package_identification:_identify(src/tuos_ros/tuos_tb3_tools) by extension 'ignore_ament_install'
[3.653s] Level 1:colcon.colcon_core.package_identification:_identify(src/tuos_ros/tuos_tb3_tools) by extensions ['colcon_pkg']
[3.653s] Level 1:colcon.colcon_core.package_identification:_identify(src/tuos_ros/tuos_tb3_tools) by extension 'colcon_pkg'
[3.654s] Level 1:colcon.colcon_core.package_identification:_identify(src/tuos_ros/tuos_tb3_tools) by extensions ['colcon_meta']
[3.654s] Level 1:colcon.colcon_core.package_identification:_identify(src/tuos_ros/tuos_tb3_tools) by extension 'colcon_meta'
[3.654s] Level 1:colcon.colcon_core.package_identification:_identify(src/tuos_ros/tuos_tb3_tools) by extensions ['ros']
[3.654s] Level 1:colcon.colcon_core.package_identification:_identify(src/tuos_ros/tuos_tb3_tools) by extension 'ros'
[3.659s] DEBUG:colcon.colcon_core.package_identification:Package 'src/tuos_ros/tuos_tb3_tools' with type 'ros.ament_cmake' and name 'tuos_tb3_tools'
[3.659s] Level 1:colcon.colcon_core.package_discovery:discover_packages(recursive) using defaults
[3.659s] Level 1:colcon.colcon_core.package_discovery:discover_packages(ignore) discover
[3.659s] Level 1:colcon.colcon_core.package_discovery:discover_packages(ignore) using defaults
[3.659s] Level 1:colcon.colcon_core.package_discovery:discover_packages(path) discover
[3.659s] Level 1:colcon.colcon_core.package_discovery:discover_packages(path) using defaults
[3.924s] INFO:colcon.colcon_core.package_selection:Skipping package 'part2_navigation' in 'src/part2_navigation'
[3.925s] INFO:colcon.colcon_core.package_selection:Skipping package 'part1_pubsub' in 'src/part1_pubsub'
[3.928s] Level 5:colcon.colcon_core.verb:set package 'tuos_examples' build argument 'cmake_args' from command line to 'None'
[3.929s] Level 5:colcon.colcon_core.verb:set package 'tuos_examples' build argument 'cmake_target' from command line to 'None'
[3.929s] Level 5:colcon.colcon_core.verb:set package 'tuos_examples' build argument 'cmake_target_skip_unavailable' from command line to 'False'
[3.929s] Level 5:colcon.colcon_core.verb:set package 'tuos_examples' build argument 'cmake_clean_cache' from command line to 'False'
[3.929s] Level 5:colcon.colcon_core.verb:set package 'tuos_examples' build argument 'cmake_clean_first' from command line to 'False'
[3.929s] Level 5:colcon.colcon_core.verb:set package 'tuos_examples' build argument 'cmake_force_configure' from command line to 'False'
[3.929s] Level 5:colcon.colcon_core.verb:set package 'tuos_examples' build argument 'ament_cmake_args' from command line to 'None'
[3.929s] Level 5:colcon.colcon_core.verb:set package 'tuos_examples' build argument 'catkin_cmake_args' from command line to 'None'
[3.929s] Level 5:colcon.colcon_core.verb:set package 'tuos_examples' build argument 'catkin_skip_building_tests' from command line to 'False'
[3.929s] DEBUG:colcon.colcon_core.verb:Building package 'tuos_examples' with the following arguments: {'ament_cmake_args': None, 'build_base': '/home/student/ros2_ws/build/tuos_examples', 'catkin_cmake_args': None, 'catkin_skip_building_tests': False, 'cmake_args': None, 'cmake_clean_cache': False, 'cmake_clean_first': False, 'cmake_force_configure': False, 'cmake_target': None, 'cmake_target_skip_unavailable': False, 'install_base': '/home/student/ros2_ws/install/tuos_examples', 'merge_install': False, 'path': '/home/student/ros2_ws/src/tuos_ros/tuos_examples', 'symlink_install': False, 'test_result_base': None}
[3.942s] Level 5:colcon.colcon_core.verb:set package 'tuos_interfaces' build argument 'cmake_args' from command line to 'None'
[3.942s] Level 5:colcon.colcon_core.verb:set package 'tuos_interfaces' build argument 'cmake_target' from command line to 'None'
[3.942s] Level 5:colcon.colcon_core.verb:set package 'tuos_interfaces' build argument 'cmake_target_skip_unavailable' from command line to 'False'
[3.942s] Level 5:colcon.colcon_core.verb:set package 'tuos_interfaces' build argument 'cmake_clean_cache' from command line to 'False'
[3.942s] Level 5:colcon.colcon_core.verb:set package 'tuos_interfaces' build argument 'cmake_clean_first' from command line to 'False'
[3.942s] Level 5:colcon.colcon_core.verb:set package 'tuos_interfaces' build argument 'cmake_force_configure' from command line to 'False'
[3.942s] Level 5:colcon.colcon_core.verb:set package 'tuos_interfaces' build argument 'ament_cmake_args' from command line to 'None'
[3.942s] Level 5:colcon.colcon_core.verb:set package 'tuos_interfaces' build argument 'catkin_cmake_args' from command line to 'None'
[3.942s] Level 5:colcon.colcon_core.verb:set package 'tuos_interfaces' build argument 'catkin_skip_building_tests' from command line to 'False'
[3.942s] DEBUG:colcon.colcon_core.verb:Building package 'tuos_interfaces' with the following arguments: {'ament_cmake_args': None, 'build_base': '/home/student/ros2_ws/build/tuos_interfaces', 'catkin_cmake_args': None, 'catkin_skip_building_tests': False, 'cmake_args': None, 'cmake_clean_cache': False, 'cmake_clean_first': False, 'cmake_force_configure': False, 'cmake_target': None, 'cmake_target_skip_unavailable': False, 'install_base': '/home/student/ros2_ws/install/tuos_interfaces', 'merge_install': False, 'path': '/home/student/ros2_ws/src/tuos_ros/tuos_interfaces', 'symlink_install': False, 'test_result_base': None}
[3.943s] Level 5:colcon.colcon_core.verb:set package 'tuos_simulations' build argument 'cmake_args' from command line to 'None'
[3.943s] Level 5:colcon.colcon_core.verb:set package 'tuos_simulations' build argument 'cmake_target' from command line to 'None'
[3.943s] Level 5:colcon.colcon_core.verb:set package 'tuos_simulations' build argument 'cmake_target_skip_unavailable' from command line to 'False'
[3.944s] Level 5:colcon.colcon_core.verb:set package 'tuos_simulations' build argument 'cmake_clean_cache' from command line to 'False'
[3.944s] Level 5:colcon.colcon_core.verb:set package 'tuos_simulations' build argument 'cmake_clean_first' from command line to 'False'
[3.944s] Level 5:colcon.colcon_core.verb:set package 'tuos_simulations' build argument 'cmake_force_configure' from command line to 'False'
[3.944s] Level 5:colcon.colcon_core.verb:set package 'tuos_simulations' build argument 'ament_cmake_args' from command line to 'None'
[3.944s] Level 5:colcon.colcon_core.verb:set package 'tuos_simulations' build argument 'catkin_cmake_args' from command line to 'None'
[3.944s] Level 5:colcon.colcon_core.verb:set package 'tuos_simulations' build argument 'catkin_skip_building_tests' from command line to 'False'
[3.944s] DEBUG:colcon.colcon_core.verb:Building package 'tuos_simulations' with the following arguments: {'ament_cmake_args': None, 'build_base': '/home/student/ros2_ws/build/tuos_simulations', 'catkin_cmake_args': None, 'catkin_skip_building_tests': False, 'cmake_args': None, 'cmake_clean_cache': False, 'cmake_clean_first': False, 'cmake_force_configure': False, 'cmake_target': None, 'cmake_target_skip_unavailable': False, 'install_base': '/home/student/ros2_ws/install/tuos_simulations', 'merge_install': False, 'path': '/home/student/ros2_ws/src/tuos_ros/tuos_simulations', 'symlink_install': False, 'test_result_base': None}
[3.945s] Level 5:colcon.colcon_core.verb:set package 'tuos_tb3_tools' build argument 'cmake_args' from command line to 'None'
[3.946s] Level 5:colcon.colcon_core.verb:set package 'tuos_tb3_tools' build argument 'cmake_target' from command line to 'None'
[3.946s] Level 5:colcon.colcon_core.verb:set package 'tuos_tb3_tools' build argument 'cmake_target_skip_unavailable' from command line to 'False'
[3.946s] Level 5:colcon.colcon_core.verb:set package 'tuos_tb3_tools' build argument 'cmake_clean_cache' from command line to 'False'
[3.946s] Level 5:colcon.colcon_core.verb:set package 'tuos_tb3_tools' build argument 'cmake_clean_first' from command line to 'False'
[3.946s] Level 5:colcon.colcon_core.verb:set package 'tuos_tb3_tools' build argument 'cmake_force_configure' from command line to 'False'
[3.946s] Level 5:colcon.colcon_core.verb:set package 'tuos_tb3_tools' build argument 'ament_cmake_args' from command line to 'None'
[3.946s] Level 5:colcon.colcon_core.verb:set package 'tuos_tb3_tools' build argument 'catkin_cmake_args' from command line to 'None'
[3.946s] Level 5:colcon.colcon_core.verb:set package 'tuos_tb3_tools' build argument 'catkin_skip_building_tests' from command line to 'False'
[3.946s] DEBUG:colcon.colcon_core.verb:Building package 'tuos_tb3_tools' with the following arguments: {'ament_cmake_args': None, 'build_base': '/home/student/ros2_ws/build/tuos_tb3_tools', 'catkin_cmake_args': None, 'catkin_skip_building_tests': False, 'cmake_args': None, 'cmake_clean_cache': False, 'cmake_clean_first': False, 'cmake_force_configure': False, 'cmake_target': None, 'cmake_target_skip_unavailable': False, 'install_base': '/home/student/ros2_ws/install/tuos_tb3_tools', 'merge_install': False, 'path': '/home/student/ros2_ws/src/tuos_ros/tuos_tb3_tools', 'symlink_install': False, 'test_result_base': None}
[3.947s] Level 5:colcon.colcon_core.verb:set package 'com2009_simulations' build argument 'cmake_args' from command line to 'None'
[3.947s] Level 5:colcon.colcon_core.verb:set package 'com2009_simulations' build argument 'cmake_target' from command line to 'None'
[3.947s] Level 5:colcon.colcon_core.verb:set package 'com2009_simulations' build argument 'cmake_target_skip_unavailable' from command line to 'False'
[3.947s] Level 5:colcon.colcon_core.verb:set package 'com2009_simulations' build argument 'cmake_clean_cache' from command line to 'False'
[3.948s] Level 5:colcon.colcon_core.verb:set package 'com2009_simulations' build argument 'cmake_clean_first' from command line to 'False'
[3.948s] Level 5:colcon.colcon_core.verb:set package 'com2009_simulations' build argument 'cmake_force_configure' from command line to 'False'
[3.948s] Level 5:colcon.colcon_core.verb:set package 'com2009_simulations' build argument 'ament_cmake_args' from command line to 'None'
[3.948s] Level 5:colcon.colcon_core.verb:set package 'com2009_simulations' build argument 'catkin_cmake_args' from command line to 'None'
[3.948s] Level 5:colcon.colcon_core.verb:set package 'com2009_simulations' build argument 'catkin_skip_building_tests' from command line to 'False'
[3.948s] DEBUG:colcon.colcon_core.verb:Building package 'com2009_simulations' with the following arguments: {'ament_cmake_args': None, 'build_base': '/home/student/ros2_ws/build/com2009_simulations', 'catkin_cmake_args': None, 'catkin_skip_building_tests': False, 'cmake_args': None, 'cmake_clean_cache': False, 'cmake_clean_first': False, 'cmake_force_configure': False, 'cmake_target': None, 'cmake_target_skip_unavailable': False, 'install_base': '/home/student/ros2_ws/install/com2009_simulations', 'merge_install': False, 'path': '/home/student/ros2_ws/src/tuos_ros/com2009_simulations', 'symlink_install': False, 'test_result_base': None}
[3.949s] Level 5:colcon.colcon_core.verb:set package 'tuos_ros' build argument 'cmake_args' from command line to 'None'
[3.954s] Level 5:colcon.colcon_core.verb:set package 'tuos_ros' build argument 'cmake_target' from command line to 'None'
[3.954s] Level 5:colcon.colcon_core.verb:set package 'tuos_ros' build argument 'cmake_target_skip_unavailable' from command line to 'False'
[3.954s] Level 5:colcon.colcon_core.verb:set package 'tuos_ros' build argument 'cmake_clean_cache' from command line to 'False'
[3.954s] Level 5:colcon.colcon_core.verb:set package 'tuos_ros' build argument 'cmake_clean_first' from command line to 'False'
[3.954s] Level 5:colcon.colcon_core.verb:set package 'tuos_ros' build argument 'cmake_force_configure' from command line to 'False'
[3.954s] Level 5:colcon.colcon_core.verb:set package 'tuos_ros' build argument 'ament_cmake_args' from command line to 'None'
[3.955s] Level 5:colcon.colcon_core.verb:set package 'tuos_ros' build argument 'catkin_cmake_args' from command line to 'None'
[3.955s] Level 5:colcon.colcon_core.verb:set package 'tuos_ros' build argument 'catkin_skip_building_tests' from command line to 'False'
[3.955s] DEBUG:colcon.colcon_core.verb:Building package 'tuos_ros' with the following arguments: {'ament_cmake_args': None, 'build_base': '/home/student/ros2_ws/build/tuos_ros', 'catkin_cmake_args': None, 'catkin_skip_building_tests': False, 'cmake_args': None, 'cmake_clean_cache': False, 'cmake_clean_first': False, 'cmake_force_configure': False, 'cmake_target': None, 'cmake_target_skip_unavailable': False, 'install_base': '/home/student/ros2_ws/install/tuos_ros', 'merge_install': False, 'path': '/home/student/ros2_ws/src/tuos_ros/tuos_ros', 'symlink_install': False, 'test_result_base': None}
[3.959s] INFO:colcon.colcon_core.executor:Executing jobs using 'parallel' executor
[3.964s] DEBUG:colcon.colcon_parallel_executor.executor.parallel:run_until_complete
[3.965s] INFO:colcon.colcon_ros.task.ament_cmake.build:Building ROS package in '/home/student/ros2_ws/src/tuos_ros/tuos_simulations' with build type 'ament_cmake'
[3.965s] INFO:colcon.colcon_cmake.task.cmake.build:Building CMake package in '/home/student/ros2_ws/src/tuos_ros/tuos_simulations'
[3.976s] INFO:colcon.colcon_core.plugin_system:Skipping extension 'colcon_core.shell.bat': Not used on non-Windows systems
[3.977s] INFO:colcon.colcon_core.shell:Skip shell extension 'powershell' for command environment: Not usable outside of PowerShell
[3.977s] DEBUG:colcon.colcon_core.shell:Skip shell extension 'dsv' for command environment
[4.003s] INFO:colcon.colcon_ros.task.ament_cmake.build:Building ROS package in '/home/student/ros2_ws/src/tuos_ros/tuos_examples' with build type 'ament_cmake'
[4.005s] INFO:colcon.colcon_cmake.task.cmake.build:Building CMake package in '/home/student/ros2_ws/src/tuos_ros/tuos_examples'
[4.007s] INFO:colcon.colcon_core.shell:Skip shell extension 'powershell' for command environment: Not usable outside of PowerShell
[4.007s] DEBUG:colcon.colcon_core.shell:Skip shell extension 'dsv' for command environment
[4.049s] INFO:colcon.colcon_ros.task.ament_cmake.build:Building ROS package in '/home/student/ros2_ws/src/tuos_ros/tuos_interfaces' with build type 'ament_cmake'
[4.051s] INFO:colcon.colcon_cmake.task.cmake.build:Building CMake package in '/home/student/ros2_ws/src/tuos_ros/tuos_interfaces'
[4.053s] INFO:colcon.colcon_core.shell:Skip shell extension 'powershell' for command environment: Not usable outside of PowerShell
[4.053s] DEBUG:colcon.colcon_core.shell:Skip shell extension 'dsv' for command environment
[4.080s] INFO:colcon.colcon_ros.task.ament_cmake.build:Building ROS package in '/home/student/ros2_ws/src/tuos_ros/tuos_tb3_tools' with build type 'ament_cmake'
[4.081s] INFO:colcon.colcon_cmake.task.cmake.build:Building CMake package in '/home/student/ros2_ws/src/tuos_ros/tuos_tb3_tools'
[4.082s] INFO:colcon.colcon_core.shell:Skip shell extension 'powershell' for command environment: Not usable outside of PowerShell
[4.093s] DEBUG:colcon.colcon_core.shell:Skip shell extension 'dsv' for command environment
[4.153s] DEBUG:colcon.colcon_core.event_handler.log_command:Invoking command in '/home/student/ros2_ws/build/tuos_simulations': CMAKE_PREFIX_PATH=${CMAKE_PREFIX_PATH}:/opt/ros/humble /usr/bin/cmake --build /home/student/ros2_ws/build/tuos_simulations -- -j16 -l16
[4.200s] DEBUG:colcon.colcon_core.event_handler.log_command:Invoking command in '/home/student/ros2_ws/build/tuos_examples': CMAKE_PREFIX_PATH=${CMAKE_PREFIX_PATH}:/opt/ros/humble /usr/bin/cmake --build /home/student/ros2_ws/build/tuos_examples -- -j16 -l16
[4.211s] DEBUG:colcon.colcon_core.event_handler.log_command:Invoking command in '/home/student/ros2_ws/build/tuos_interfaces': CMAKE_PREFIX_PATH=${CMAKE_PREFIX_PATH}:/opt/ros/humble /usr/bin/cmake --build /home/student/ros2_ws/build/tuos_interfaces -- -j16 -l16
[4.257s] DEBUG:colcon.colcon_core.event_handler.log_command:Invoking command in '/home/student/ros2_ws/build/tuos_tb3_tools': CMAKE_PREFIX_PATH=${CMAKE_PREFIX_PATH}:/opt/ros/humble /usr/bin/cmake --build /home/student/ros2_ws/build/tuos_tb3_tools -- -j16 -l16
[4.426s] DEBUG:colcon.colcon_core.event_handler.log_command:Invoked command in '/home/student/ros2_ws/build/tuos_simulations' returned '0': CMAKE_PREFIX_PATH=${CMAKE_PREFIX_PATH}:/opt/ros/humble /usr/bin/cmake --build /home/student/ros2_ws/build/tuos_simulations -- -j16 -l16
[4.499s] DEBUG:colcon.colcon_core.event_handler.log_command:Invoking command in '/home/student/ros2_ws/build/tuos_simulations': CMAKE_PREFIX_PATH=${CMAKE_PREFIX_PATH}:/opt/ros/humble /usr/bin/cmake --install /home/student/ros2_ws/build/tuos_simulations
[4.587s] Level 1:colcon.colcon_core.environment:create_environment_scripts_only(tuos_simulations)
[4.607s] Level 1:colcon.colcon_core.environment:checking '/home/student/ros2_ws/install/tuos_simulations' for CMake module files
[4.608s] Level 1:colcon.colcon_core.environment:checking '/home/student/ros2_ws/install/tuos_simulations' for CMake config files
[4.610s] Level 1:colcon.colcon_core.shell:create_environment_hook('tuos_simulations', 'cmake_prefix_path')
[4.623s] INFO:colcon.colcon_core.shell:Creating environment hook '/home/student/ros2_ws/install/tuos_simulations/share/tuos_simulations/hook/cmake_prefix_path.ps1'
[4.630s] INFO:colcon.colcon_core.shell:Creating environment descriptor '/home/student/ros2_ws/install/tuos_simulations/share/tuos_simulations/hook/cmake_prefix_path.dsv'
[4.641s] INFO:colcon.colcon_core.shell:Creating environment hook '/home/student/ros2_ws/install/tuos_simulations/share/tuos_simulations/hook/cmake_prefix_path.sh'
[4.658s] Level 1:colcon.colcon_core.environment:checking '/home/student/ros2_ws/install/tuos_simulations/bin'
[4.659s] Level 1:colcon.colcon_core.environment:checking '/home/student/ros2_ws/install/tuos_simulations/lib/pkgconfig/tuos_simulations.pc'
[4.687s] Level 1:colcon.colcon_core.environment:checking '/home/student/ros2_ws/install/tuos_simulations/lib/python3.10/site-packages'
[4.688s] Level 1:colcon.colcon_core.environment:checking '/home/student/ros2_ws/install/tuos_simulations/bin'
[4.692s] INFO:colcon.colcon_core.shell:Creating package script '/home/student/ros2_ws/install/tuos_simulations/share/tuos_simulations/package.ps1'
[4.696s] INFO:colcon.colcon_core.shell:Creating package descriptor '/home/student/ros2_ws/install/tuos_simulations/share/tuos_simulations/package.dsv'
[4.707s] INFO:colcon.colcon_core.shell:Creating package script '/home/student/ros2_ws/install/tuos_simulations/share/tuos_simulations/package.sh'
[4.725s] DEBUG:colcon.colcon_core.event_handler.log_command:Invoked command in '/home/student/ros2_ws/build/tuos_simulations' returned '0': CMAKE_PREFIX_PATH=${CMAKE_PREFIX_PATH}:/opt/ros/humble /usr/bin/cmake --install /home/student/ros2_ws/build/tuos_simulations
[4.730s] INFO:colcon.colcon_core.shell:Creating package script '/home/student/ros2_ws/install/tuos_simulations/share/tuos_simulations/package.bash'
[4.735s] INFO:colcon.colcon_core.shell:Creating package script '/home/student/ros2_ws/install/tuos_simulations/share/tuos_simulations/package.zsh'
[4.738s] Level 1:colcon.colcon_core.environment:create_file_with_runtime_dependencies(/home/student/ros2_ws/install/tuos_simulations/share/colcon-core/packages/tuos_simulations)
[4.741s] Level 1:colcon.colcon_core.environment:create_environment_scripts_only(tuos_simulations)
[4.744s] Level 1:colcon.colcon_core.environment:checking '/home/student/ros2_ws/install/tuos_simulations' for CMake module files
[4.745s] Level 1:colcon.colcon_core.environment:checking '/home/student/ros2_ws/install/tuos_simulations' for CMake config files
[4.746s] Level 1:colcon.colcon_core.shell:create_environment_hook('tuos_simulations', 'cmake_prefix_path')
[4.748s] INFO:colcon.colcon_core.shell:Creating environment hook '/home/student/ros2_ws/install/tuos_simulations/share/tuos_simulations/hook/cmake_prefix_path.ps1'
[4.751s] INFO:colcon.colcon_core.shell:Creating environment descriptor '/home/student/ros2_ws/install/tuos_simulations/share/tuos_simulations/hook/cmake_prefix_path.dsv'
[4.752s] INFO:colcon.colcon_core.shell:Creating environment hook '/home/student/ros2_ws/install/tuos_simulations/share/tuos_simulations/hook/cmake_prefix_path.sh'
[4.754s] Level 1:colcon.colcon_core.environment:checking '/home/student/ros2_ws/install/tuos_simulations/bin'
[4.755s] Level 1:colcon.colcon_core.environment:checking '/home/student/ros2_ws/install/tuos_simulations/lib/pkgconfig/tuos_simulations.pc'
[4.755s] Level 1:colcon.colcon_core.environment:checking '/home/student/ros2_ws/install/tuos_simulations/lib/python3.10/site-packages'
[4.756s] Level 1:colcon.colcon_core.environment:checking '/home/student/ros2_ws/install/tuos_simulations/bin'
[4.757s] INFO:colcon.colcon_core.shell:Creating package script '/home/student/ros2_ws/install/tuos_simulations/share/tuos_simulations/package.ps1'
[4.761s] INFO:colcon.colcon_core.shell:Creating package descriptor '/home/student/ros2_ws/install/tuos_simulations/share/tuos_simulations/package.dsv'
[4.763s] INFO:colcon.colcon_core.shell:Creating package script '/home/student/ros2_ws/install/tuos_simulations/share/tuos_simulations/package.sh'
[4.766s] INFO:colcon.colcon_core.shell:Creating package script '/home/student/ros2_ws/install/tuos_simulations/share/tuos_simulations/package.bash'
[4.771s] INFO:colcon.colcon_core.shell:Creating package script '/home/student/ros2_ws/install/tuos_simulations/share/tuos_simulations/package.zsh'
[4.774s] Level 1:colcon.colcon_core.environment:create_file_with_runtime_dependencies(/home/student/ros2_ws/install/tuos_simulations/share/colcon-core/packages/tuos_simulations)
[4.781s] INFO:colcon.colcon_ros.task.ament_cmake.build:Building ROS package in '/home/student/ros2_ws/src/tuos_ros/com2009_simulations' with build type 'ament_cmake'
[4.788s] INFO:colcon.colcon_cmake.task.cmake.build:Building CMake package in '/home/student/ros2_ws/src/tuos_ros/com2009_simulations'
[4.788s] INFO:colcon.colcon_core.shell:Skip shell extension 'powershell' for command environment: Not usable outside of PowerShell
[4.788s] DEBUG:colcon.colcon_core.shell:Skip shell extension 'dsv' for command environment
[4.844s] DEBUG:colcon.colcon_core.event_handler.log_command:Invoked command in '/home/student/ros2_ws/build/tuos_tb3_tools' returned '0': CMAKE_PREFIX_PATH=${CMAKE_PREFIX_PATH}:/opt/ros/humble /usr/bin/cmake --build /home/student/ros2_ws/build/tuos_tb3_tools -- -j16 -l16
[4.845s] DEBUG:colcon.colcon_core.event_handler.log_command:Invoking command in '/home/student/ros2_ws/build/tuos_tb3_tools': CMAKE_PREFIX_PATH=${CMAKE_PREFIX_PATH}:/opt/ros/humble /usr/bin/cmake --install /home/student/ros2_ws/build/tuos_tb3_tools
[4.914s] Level 1:colcon.colcon_core.environment:create_environment_scripts_only(tuos_tb3_tools)
[4.915s] Level 1:colcon.colcon_core.environment:checking '/home/student/ros2_ws/install/tuos_tb3_tools' for CMake module files
[4.917s] Level 1:colcon.colcon_core.environment:checking '/home/student/ros2_ws/install/tuos_tb3_tools' for CMake config files
[4.919s] Level 1:colcon.colcon_core.shell:create_environment_hook('tuos_tb3_tools', 'cmake_prefix_path')
[4.920s] INFO:colcon.colcon_core.shell:Creating environment hook '/home/student/ros2_ws/install/tuos_tb3_tools/share/tuos_tb3_tools/hook/cmake_prefix_path.ps1'
[4.922s] DEBUG:colcon.colcon_core.event_handler.log_command:Invoked command in '/home/student/ros2_ws/build/tuos_tb3_tools' returned '0': CMAKE_PREFIX_PATH=${CMAKE_PREFIX_PATH}:/opt/ros/humble /usr/bin/cmake --install /home/student/ros2_ws/build/tuos_tb3_tools
[4.936s] INFO:colcon.colcon_core.shell:Creating environment descriptor '/home/student/ros2_ws/install/tuos_tb3_tools/share/tuos_tb3_tools/hook/cmake_prefix_path.dsv'
[4.938s] INFO:colcon.colcon_core.shell:Creating environment hook '/home/student/ros2_ws/install/tuos_tb3_tools/share/tuos_tb3_tools/hook/cmake_prefix_path.sh'
[4.945s] Level 1:colcon.colcon_core.environment:checking '/home/student/ros2_ws/install/tuos_tb3_tools/lib'
[4.947s] Level 1:colcon.colcon_core.environment:checking '/home/student/ros2_ws/install/tuos_tb3_tools/bin'
[4.947s] Level 1:colcon.colcon_core.environment:checking '/home/student/ros2_ws/install/tuos_tb3_tools/lib/pkgconfig/tuos_tb3_tools.pc'
[4.948s] Level 1:colcon.colcon_core.environment:checking '/home/student/ros2_ws/install/tuos_tb3_tools/lib/python3.10/site-packages'
[4.949s] Level 1:colcon.colcon_core.environment:checking '/home/student/ros2_ws/install/tuos_tb3_tools/bin'
[4.950s] INFO:colcon.colcon_core.shell:Creating package script '/home/student/ros2_ws/install/tuos_tb3_tools/share/tuos_tb3_tools/package.ps1'
[4.955s] INFO:colcon.colcon_core.shell:Creating package descriptor '/home/student/ros2_ws/install/tuos_tb3_tools/share/tuos_tb3_tools/package.dsv'
[4.956s] INFO:colcon.colcon_core.shell:Creating package script '/home/student/ros2_ws/install/tuos_tb3_tools/share/tuos_tb3_tools/package.sh'
[4.958s] INFO:colcon.colcon_core.shell:Creating package script '/home/student/ros2_ws/install/tuos_tb3_tools/share/tuos_tb3_tools/package.bash'
[4.959s] INFO:colcon.colcon_core.shell:Creating package script '/home/student/ros2_ws/install/tuos_tb3_tools/share/tuos_tb3_tools/package.zsh'
[4.967s] Level 1:colcon.colcon_core.environment:create_file_with_runtime_dependencies(/home/student/ros2_ws/install/tuos_tb3_tools/share/colcon-core/packages/tuos_tb3_tools)
[4.970s] Level 1:colcon.colcon_core.environment:create_environment_scripts_only(tuos_tb3_tools)
[4.971s] Level 1:colcon.colcon_core.environment:checking '/home/student/ros2_ws/install/tuos_tb3_tools' for CMake module files
[4.973s] Level 1:colcon.colcon_core.environment:checking '/home/student/ros2_ws/install/tuos_tb3_tools' for CMake config files
[4.973s] Level 1:colcon.colcon_core.shell:create_environment_hook('tuos_tb3_tools', 'cmake_prefix_path')
[4.974s] INFO:colcon.colcon_core.shell:Creating environment hook '/home/student/ros2_ws/install/tuos_tb3_tools/share/tuos_tb3_tools/hook/cmake_prefix_path.ps1'
[4.980s] INFO:colcon.colcon_core.shell:Creating environment descriptor '/home/student/ros2_ws/install/tuos_tb3_tools/share/tuos_tb3_tools/hook/cmake_prefix_path.dsv'
[4.982s] INFO:colcon.colcon_core.shell:Creating environment hook '/home/student/ros2_ws/install/tuos_tb3_tools/share/tuos_tb3_tools/hook/cmake_prefix_path.sh'
[4.985s] Level 1:colcon.colcon_core.environment:checking '/home/student/ros2_ws/install/tuos_tb3_tools/lib'
[4.986s] Level 1:colcon.colcon_core.environment:checking '/home/student/ros2_ws/install/tuos_tb3_tools/bin'
[4.986s] Level 1:colcon.colcon_core.environment:checking '/home/student/ros2_ws/install/tuos_tb3_tools/lib/pkgconfig/tuos_tb3_tools.pc'
[4.987s] Level 1:colcon.colcon_core.environment:checking '/home/student/ros2_ws/install/tuos_tb3_tools/lib/python3.10/site-packages'
[4.989s] Level 1:colcon.colcon_core.environment:checking '/home/student/ros2_ws/install/tuos_tb3_tools/bin'
[4.994s] INFO:colcon.colcon_core.shell:Creating package script '/home/student/ros2_ws/install/tuos_tb3_tools/share/tuos_tb3_tools/package.ps1'
[4.995s] INFO:colcon.colcon_core.shell:Creating package descriptor '/home/student/ros2_ws/install/tuos_tb3_tools/share/tuos_tb3_tools/package.dsv'
[5.000s] INFO:colcon.colcon_core.shell:Creating package script '/home/student/ros2_ws/install/tuos_tb3_tools/share/tuos_tb3_tools/package.sh'
[5.002s] INFO:colcon.colcon_core.shell:Creating package script '/home/student/ros2_ws/install/tuos_tb3_tools/share/tuos_tb3_tools/package.bash'
[5.007s] INFO:colcon.colcon_core.shell:Creating package script '/home/student/ros2_ws/install/tuos_tb3_tools/share/tuos_tb3_tools/package.zsh'
[5.009s] Level 1:colcon.colcon_core.environment:create_file_with_runtime_dependencies(/home/student/ros2_ws/install/tuos_tb3_tools/share/colcon-core/packages/tuos_tb3_tools)
[5.204s] DEBUG:colcon.colcon_core.event_handler.log_command:Invoking command in '/home/student/ros2_ws/build/com2009_simulations': CMAKE_PREFIX_PATH=/home/student/ros2_ws/install/tuos_simulations:/home/student/ros2_ws/install/tuos_ros:/home/student/ros2_ws/install/tuos_tb3_tools:/home/student/ros2_ws/install/com2009_simulations:/home/student/ros2_ws/install/tuos_interfaces:/home/student/ros2_ws/install/tuos_examples:/home/student/ros2_ws/install/part2_navigation:/home/student/ros2_ws/install/part1_pubsub:/opt/ros/humble /usr/bin/cmake --build /home/student/ros2_ws/build/com2009_simulations -- -j16 -l16
[5.393s] DEBUG:colcon.colcon_core.event_handler.log_command:Invoked command in '/home/student/ros2_ws/build/com2009_simulations' returned '0': CMAKE_PREFIX_PATH=/home/student/ros2_ws/install/tuos_simulations:/home/student/ros2_ws/install/tuos_ros:/home/student/ros2_ws/install/tuos_tb3_tools:/home/student/ros2_ws/install/com2009_simulations:/home/student/ros2_ws/install/tuos_interfaces:/home/student/ros2_ws/install/tuos_examples:/home/student/ros2_ws/install/part2_navigation:/home/student/ros2_ws/install/part1_pubsub:/opt/ros/humble /usr/bin/cmake --build /home/student/ros2_ws/build/com2009_simulations -- -j16 -l16
[5.399s] DEBUG:colcon.colcon_core.event_handler.log_command:Invoking command in '/home/student/ros2_ws/build/com2009_simulations': CMAKE_PREFIX_PATH=/home/student/ros2_ws/install/tuos_simulations:/home/student/ros2_ws/install/tuos_ros:/home/student/ros2_ws/install/tuos_tb3_tools:/home/student/ros2_ws/install/com2009_simulations:/home/student/ros2_ws/install/tuos_interfaces:/home/student/ros2_ws/install/tuos_examples:/home/student/ros2_ws/install/part2_navigation:/home/student/ros2_ws/install/part1_pubsub:/opt/ros/humble /usr/bin/cmake --install /home/student/ros2_ws/build/com2009_simulations
[5.487s] Level 1:colcon.colcon_core.environment:create_environment_scripts_only(com2009_simulations)
[5.488s] Level 1:colcon.colcon_core.environment:checking '/home/student/ros2_ws/install/com2009_simulations' for CMake module files
[5.489s] Level 1:colcon.colcon_core.environment:checking '/home/student/ros2_ws/install/com2009_simulations' for CMake config files
[5.491s] Level 1:colcon.colcon_core.shell:create_environment_hook('com2009_simulations', 'cmake_prefix_path')
[5.492s] INFO:colcon.colcon_core.shell:Creating environment hook '/home/student/ros2_ws/install/com2009_simulations/share/com2009_simulations/hook/cmake_prefix_path.ps1'
[5.496s] INFO:colcon.colcon_core.shell:Creating environment descriptor '/home/student/ros2_ws/install/com2009_simulations/share/com2009_simulations/hook/cmake_prefix_path.dsv'
[5.502s] INFO:colcon.colcon_core.shell:Creating environment hook '/home/student/ros2_ws/install/com2009_simulations/share/com2009_simulations/hook/cmake_prefix_path.sh'
[5.508s] Level 1:colcon.colcon_core.environment:checking '/home/student/ros2_ws/install/com2009_simulations/bin'
[5.509s] Level 1:colcon.colcon_core.environment:checking '/home/student/ros2_ws/install/com2009_simulations/lib/pkgconfig/com2009_simulations.pc'
[5.509s] Level 1:colcon.colcon_core.environment:checking '/home/student/ros2_ws/install/com2009_simulations/lib/python3.10/site-packages'
[5.509s] Level 1:colcon.colcon_core.environment:checking '/home/student/ros2_ws/install/com2009_simulations/bin'
[5.510s] INFO:colcon.colcon_core.shell:Creating package script '/home/student/ros2_ws/install/com2009_simulations/share/com2009_simulations/package.ps1'
[5.514s] INFO:colcon.colcon_core.shell:Creating package descriptor '/home/student/ros2_ws/install/com2009_simulations/share/com2009_simulations/package.dsv'
[5.518s] INFO:colcon.colcon_core.shell:Creating package script '/home/student/ros2_ws/install/com2009_simulations/share/com2009_simulations/package.sh'
[5.531s] INFO:colcon.colcon_core.shell:Creating package script '/home/student/ros2_ws/install/com2009_simulations/share/com2009_simulations/package.bash'
[5.543s] INFO:colcon.colcon_core.shell:Creating package script '/home/student/ros2_ws/install/com2009_simulations/share/com2009_simulations/package.zsh'
[5.551s] Level 1:colcon.colcon_core.environment:create_file_with_runtime_dependencies(/home/student/ros2_ws/install/com2009_simulations/share/colcon-core/packages/com2009_simulations)
[5.562s] Level 1:colcon.colcon_core.environment:create_environment_scripts_only(com2009_simulations)
[5.563s] Level 1:colcon.colcon_core.environment:checking '/home/student/ros2_ws/install/com2009_simulations' for CMake module files
[5.564s] Level 1:colcon.colcon_core.environment:checking '/home/student/ros2_ws/install/com2009_simulations' for CMake config files
[5.565s] Level 1:colcon.colcon_core.shell:create_environment_hook('com2009_simulations', 'cmake_prefix_path')
[5.566s] INFO:colcon.colcon_core.shell:Creating environment hook '/home/student/ros2_ws/install/com2009_simulations/share/com2009_simulations/hook/cmake_prefix_path.ps1'
[5.570s] INFO:colcon.colcon_core.shell:Creating environment descriptor '/home/student/ros2_ws/install/com2009_simulations/share/com2009_simulations/hook/cmake_prefix_path.dsv'
[5.575s] INFO:colcon.colcon_core.shell:Creating environment hook '/home/student/ros2_ws/install/com2009_simulations/share/com2009_simulations/hook/cmake_prefix_path.sh'
[5.578s] DEBUG:colcon.colcon_core.event_handler.log_command:Invoked command in '/home/student/ros2_ws/build/com2009_simulations' returned '0': CMAKE_PREFIX_PATH=/home/student/ros2_ws/install/tuos_simulations:/home/student/ros2_ws/install/tuos_ros:/home/student/ros2_ws/install/tuos_tb3_tools:/home/student/ros2_ws/install/com2009_simulations:/home/student/ros2_ws/install/tuos_interfaces:/home/student/ros2_ws/install/tuos_examples:/home/student/ros2_ws/install/part2_navigation:/home/student/ros2_ws/install/part1_pubsub:/opt/ros/humble /usr/bin/cmake --install /home/student/ros2_ws/build/com2009_simulations
[5.580s] Level 1:colcon.colcon_core.environment:checking '/home/student/ros2_ws/install/com2009_simulations/bin'
[5.581s] Level 1:colcon.colcon_core.environment:checking '/home/student/ros2_ws/install/com2009_simulations/lib/pkgconfig/com2009_simulations.pc'
[5.581s] Level 1:colcon.colcon_core.environment:checking '/home/student/ros2_ws/install/com2009_simulations/lib/python3.10/site-packages'
[5.582s] Level 1:colcon.colcon_core.environment:checking '/home/student/ros2_ws/install/com2009_simulations/bin'
[5.583s] INFO:colcon.colcon_core.shell:Creating package script '/home/student/ros2_ws/install/com2009_simulations/share/com2009_simulations/package.ps1'
[5.585s] INFO:colcon.colcon_core.shell:Creating package descriptor '/home/student/ros2_ws/install/com2009_simulations/share/com2009_simulations/package.dsv'
[5.588s] INFO:colcon.colcon_core.shell:Creating package script '/home/student/ros2_ws/install/com2009_simulations/share/com2009_simulations/package.sh'
[5.592s] INFO:colcon.colcon_core.shell:Creating package script '/home/student/ros2_ws/install/com2009_simulations/share/com2009_simulations/package.bash'
[5.594s] INFO:colcon.colcon_core.shell:Creating package script '/home/student/ros2_ws/install/com2009_simulations/share/com2009_simulations/package.zsh'
[5.596s] Level 1:colcon.colcon_core.environment:create_file_with_runtime_dependencies(/home/student/ros2_ws/install/com2009_simulations/share/colcon-core/packages/com2009_simulations)
[6.575s] DEBUG:colcon.colcon_core.event_handler.log_command:Invoked command in '/home/student/ros2_ws/build/tuos_examples' returned '0': CMAKE_PREFIX_PATH=${CMAKE_PREFIX_PATH}:/opt/ros/humble /usr/bin/cmake --build /home/student/ros2_ws/build/tuos_examples -- -j16 -l16
[6.576s] DEBUG:colcon.colcon_core.event_handler.log_command:Invoking command in '/home/student/ros2_ws/build/tuos_examples': CMAKE_PREFIX_PATH=${CMAKE_PREFIX_PATH}:/opt/ros/humble /usr/bin/cmake --install /home/student/ros2_ws/build/tuos_examples
[6.863s] Level 1:colcon.colcon_core.environment:create_environment_scripts_only(tuos_examples)
[6.865s] Level 1:colcon.colcon_core.environment:checking '/home/student/ros2_ws/install/tuos_examples' for CMake module files
[6.868s] Level 1:colcon.colcon_core.environment:checking '/home/student/ros2_ws/install/tuos_examples' for CMake config files
[6.869s] Level 1:colcon.colcon_core.shell:create_environment_hook('tuos_examples', 'cmake_prefix_path')
[6.870s] INFO:colcon.colcon_core.shell:Creating environment hook '/home/student/ros2_ws/install/tuos_examples/share/tuos_examples/hook/cmake_prefix_path.ps1'
[6.891s] INFO:colcon.colcon_core.shell:Creating environment descriptor '/home/student/ros2_ws/install/tuos_examples/share/tuos_examples/hook/cmake_prefix_path.dsv'
[6.895s] DEBUG:colcon.colcon_core.event_handler.log_command:Invoked command in '/home/student/ros2_ws/build/tuos_examples' returned '0': CMAKE_PREFIX_PATH=${CMAKE_PREFIX_PATH}:/opt/ros/humble /usr/bin/cmake --install /home/student/ros2_ws/build/tuos_examples
[6.902s] INFO:colcon.colcon_core.shell:Creating environment hook '/home/student/ros2_ws/install/tuos_examples/share/tuos_examples/hook/cmake_prefix_path.sh'
[6.912s] Level 1:colcon.colcon_core.environment:checking '/home/student/ros2_ws/install/tuos_examples/lib'
[6.912s] Level 1:colcon.colcon_core.environment:checking '/home/student/ros2_ws/install/tuos_examples/bin'
[6.913s] Level 1:colcon.colcon_core.environment:checking '/home/student/ros2_ws/install/tuos_examples/lib/pkgconfig/tuos_examples.pc'
[6.914s] Level 1:colcon.colcon_core.environment:checking '/home/student/ros2_ws/install/tuos_examples/lib/python3.10/site-packages'
[6.914s] Level 1:colcon.colcon_core.environment:checking '/home/student/ros2_ws/install/tuos_examples/bin'
[6.916s] INFO:colcon.colcon_core.shell:Creating package script '/home/student/ros2_ws/install/tuos_examples/share/tuos_examples/package.ps1'
[6.919s] INFO:colcon.colcon_core.shell:Creating package descriptor '/home/student/ros2_ws/install/tuos_examples/share/tuos_examples/package.dsv'
[6.922s] INFO:colcon.colcon_core.shell:Creating package script '/home/student/ros2_ws/install/tuos_examples/share/tuos_examples/package.sh'
[6.928s] INFO:colcon.colcon_core.shell:Creating package script '/home/student/ros2_ws/install/tuos_examples/share/tuos_examples/package.bash'
[6.938s] INFO:colcon.colcon_core.shell:Creating package script '/home/student/ros2_ws/install/tuos_examples/share/tuos_examples/package.zsh'
[6.940s] Level 1:colcon.colcon_core.environment:create_file_with_runtime_dependencies(/home/student/ros2_ws/install/tuos_examples/share/colcon-core/packages/tuos_examples)
[6.942s] Level 1:colcon.colcon_core.environment:create_environment_scripts_only(tuos_examples)
[6.943s] Level 1:colcon.colcon_core.environment:checking '/home/student/ros2_ws/install/tuos_examples' for CMake module files
[6.944s] Level 1:colcon.colcon_core.environment:checking '/home/student/ros2_ws/install/tuos_examples' for CMake config files
[6.951s] Level 1:colcon.colcon_core.shell:create_environment_hook('tuos_examples', 'cmake_prefix_path')
[6.955s] INFO:colcon.colcon_core.shell:Creating environment hook '/home/student/ros2_ws/install/tuos_examples/share/tuos_examples/hook/cmake_prefix_path.ps1'
[6.957s] INFO:colcon.colcon_core.shell:Creating environment descriptor '/home/student/ros2_ws/install/tuos_examples/share/tuos_examples/hook/cmake_prefix_path.dsv'
[6.959s] INFO:colcon.colcon_core.shell:Creating environment hook '/home/student/ros2_ws/install/tuos_examples/share/tuos_examples/hook/cmake_prefix_path.sh'
[6.961s] Level 1:colcon.colcon_core.environment:checking '/home/student/ros2_ws/install/tuos_examples/lib'
[6.962s] Level 1:colcon.colcon_core.environment:checking '/home/student/ros2_ws/install/tuos_examples/bin'
[6.973s] Level 1:colcon.colcon_core.environment:checking '/home/student/ros2_ws/install/tuos_examples/lib/pkgconfig/tuos_examples.pc'
[6.974s] Level 1:colcon.colcon_core.environment:checking '/home/student/ros2_ws/install/tuos_examples/lib/python3.10/site-packages'
[6.975s] Level 1:colcon.colcon_core.environment:checking '/home/student/ros2_ws/install/tuos_examples/bin'
[6.976s] INFO:colcon.colcon_core.shell:Creating package script '/home/student/ros2_ws/install/tuos_examples/share/tuos_examples/package.ps1'
[6.978s] INFO:colcon.colcon_core.shell:Creating package descriptor '/home/student/ros2_ws/install/tuos_examples/share/tuos_examples/package.dsv'
[6.983s] INFO:colcon.colcon_core.shell:Creating package script '/home/student/ros2_ws/install/tuos_examples/share/tuos_examples/package.sh'
[6.984s] INFO:colcon.colcon_core.shell:Creating package script '/home/student/ros2_ws/install/tuos_examples/share/tuos_examples/package.bash'
[6.987s] INFO:colcon.colcon_core.shell:Creating package script '/home/student/ros2_ws/install/tuos_examples/share/tuos_examples/package.zsh'
[6.996s] Level 1:colcon.colcon_core.environment:create_file_with_runtime_dependencies(/home/student/ros2_ws/install/tuos_examples/share/colcon-core/packages/tuos_examples)
[8.295s] DEBUG:colcon.colcon_core.event_handler.log_command:Invoked command in '/home/student/ros2_ws/build/tuos_interfaces' returned '0': CMAKE_PREFIX_PATH=${CMAKE_PREFIX_PATH}:/opt/ros/humble /usr/bin/cmake --build /home/student/ros2_ws/build/tuos_interfaces -- -j16 -l16
[8.320s] DEBUG:colcon.colcon_core.event_handler.log_command:Invoking command in '/home/student/ros2_ws/build/tuos_interfaces': CMAKE_PREFIX_PATH=${CMAKE_PREFIX_PATH}:/opt/ros/humble /usr/bin/cmake --install /home/student/ros2_ws/build/tuos_interfaces
[8.658s] Level 1:colcon.colcon_core.environment:create_environment_scripts_only(tuos_interfaces)
[8.661s] Level 1:colcon.colcon_core.environment:checking '/home/student/ros2_ws/install/tuos_interfaces' for CMake module files
[8.661s] DEBUG:colcon.colcon_core.event_handler.log_command:Invoked command in '/home/student/ros2_ws/build/tuos_interfaces' returned '0': CMAKE_PREFIX_PATH=${CMAKE_PREFIX_PATH}:/opt/ros/humble /usr/bin/cmake --install /home/student/ros2_ws/build/tuos_interfaces
[8.664s] Level 1:colcon.colcon_core.environment:checking '/home/student/ros2_ws/install/tuos_interfaces' for CMake config files
[8.676s] Level 1:colcon.colcon_core.shell:create_environment_hook('tuos_interfaces', 'cmake_prefix_path')
[8.677s] INFO:colcon.colcon_core.shell:Creating environment hook '/home/student/ros2_ws/install/tuos_interfaces/share/tuos_interfaces/hook/cmake_prefix_path.ps1'
[8.679s] INFO:colcon.colcon_core.shell:Creating environment descriptor '/home/student/ros2_ws/install/tuos_interfaces/share/tuos_interfaces/hook/cmake_prefix_path.dsv'
[8.682s] INFO:colcon.colcon_core.shell:Creating environment hook '/home/student/ros2_ws/install/tuos_interfaces/share/tuos_interfaces/hook/cmake_prefix_path.sh'
[8.685s] Level 1:colcon.colcon_core.environment:checking '/home/student/ros2_ws/install/tuos_interfaces/lib'
[8.686s] Level 1:colcon.colcon_core.shell:create_environment_hook('tuos_interfaces', 'ld_library_path_lib')
[8.687s] INFO:colcon.colcon_core.shell:Creating environment hook '/home/student/ros2_ws/install/tuos_interfaces/share/tuos_interfaces/hook/ld_library_path_lib.ps1'
[8.694s] INFO:colcon.colcon_core.shell:Creating environment descriptor '/home/student/ros2_ws/install/tuos_interfaces/share/tuos_interfaces/hook/ld_library_path_lib.dsv'
[8.695s] INFO:colcon.colcon_core.shell:Creating environment hook '/home/student/ros2_ws/install/tuos_interfaces/share/tuos_interfaces/hook/ld_library_path_lib.sh'
[8.697s] Level 1:colcon.colcon_core.environment:checking '/home/student/ros2_ws/install/tuos_interfaces/bin'
[8.698s] Level 1:colcon.colcon_core.environment:checking '/home/student/ros2_ws/install/tuos_interfaces/lib/pkgconfig/tuos_interfaces.pc'
[8.699s] Level 1:colcon.colcon_core.environment:checking '/home/student/ros2_ws/install/tuos_interfaces/lib/python3.10/site-packages'
[8.700s] Level 1:colcon.colcon_core.environment:checking '/home/student/ros2_ws/install/tuos_interfaces/bin'
[8.702s] INFO:colcon.colcon_core.shell:Creating package script '/home/student/ros2_ws/install/tuos_interfaces/share/tuos_interfaces/package.ps1'
[8.707s] INFO:colcon.colcon_core.shell:Creating package descriptor '/home/student/ros2_ws/install/tuos_interfaces/share/tuos_interfaces/package.dsv'
[8.710s] INFO:colcon.colcon_core.shell:Creating package script '/home/student/ros2_ws/install/tuos_interfaces/share/tuos_interfaces/package.sh'
[8.711s] INFO:colcon.colcon_core.shell:Creating package script '/home/student/ros2_ws/install/tuos_interfaces/share/tuos_interfaces/package.bash'
[8.715s] INFO:colcon.colcon_core.shell:Creating package script '/home/student/ros2_ws/install/tuos_interfaces/share/tuos_interfaces/package.zsh'
[8.717s] Level 1:colcon.colcon_core.environment:create_file_with_runtime_dependencies(/home/student/ros2_ws/install/tuos_interfaces/share/colcon-core/packages/tuos_interfaces)
[8.720s] Level 1:colcon.colcon_core.environment:create_environment_scripts_only(tuos_interfaces)
[8.721s] Level 1:colcon.colcon_core.environment:checking '/home/student/ros2_ws/install/tuos_interfaces' for CMake module files
[8.725s] Level 1:colcon.colcon_core.environment:checking '/home/student/ros2_ws/install/tuos_interfaces' for CMake config files
[8.727s] Level 1:colcon.colcon_core.shell:create_environment_hook('tuos_interfaces', 'cmake_prefix_path')
[8.732s] INFO:colcon.colcon_core.shell:Creating environment hook '/home/student/ros2_ws/install/tuos_interfaces/share/tuos_interfaces/hook/cmake_prefix_path.ps1'
[8.734s] INFO:colcon.colcon_core.shell:Creating environment descriptor '/home/student/ros2_ws/install/tuos_interfaces/share/tuos_interfaces/hook/cmake_prefix_path.dsv'
[8.736s] INFO:colcon.colcon_core.shell:Creating environment hook '/home/student/ros2_ws/install/tuos_interfaces/share/tuos_interfaces/hook/cmake_prefix_path.sh'
[8.738s] Level 1:colcon.colcon_core.environment:checking '/home/student/ros2_ws/install/tuos_interfaces/lib'
[8.738s] Level 1:colcon.colcon_core.shell:create_environment_hook('tuos_interfaces', 'ld_library_path_lib')
[8.739s] INFO:colcon.colcon_core.shell:Creating environment hook '/home/student/ros2_ws/install/tuos_interfaces/share/tuos_interfaces/hook/ld_library_path_lib.ps1'
[8.754s] INFO:colcon.colcon_core.shell:Creating environment descriptor '/home/student/ros2_ws/install/tuos_interfaces/share/tuos_interfaces/hook/ld_library_path_lib.dsv'
[8.756s] INFO:colcon.colcon_core.shell:Creating environment hook '/home/student/ros2_ws/install/tuos_interfaces/share/tuos_interfaces/hook/ld_library_path_lib.sh'
[8.757s] Level 1:colcon.colcon_core.environment:checking '/home/student/ros2_ws/install/tuos_interfaces/bin'
[8.758s] Level 1:colcon.colcon_core.environment:checking '/home/student/ros2_ws/install/tuos_interfaces/lib/pkgconfig/tuos_interfaces.pc'
[8.758s] Level 1:colcon.colcon_core.environment:checking '/home/student/ros2_ws/install/tuos_interfaces/lib/python3.10/site-packages'
[8.759s] Level 1:colcon.colcon_core.environment:checking '/home/student/ros2_ws/install/tuos_interfaces/bin'
[8.760s] INFO:colcon.colcon_core.shell:Creating package script '/home/student/ros2_ws/install/tuos_interfaces/share/tuos_interfaces/package.ps1'
[8.773s] INFO:colcon.colcon_core.shell:Creating package descriptor '/home/student/ros2_ws/install/tuos_interfaces/share/tuos_interfaces/package.dsv'
[8.775s] INFO:colcon.colcon_core.shell:Creating package script '/home/student/ros2_ws/install/tuos_interfaces/share/tuos_interfaces/package.sh'
[8.779s] INFO:colcon.colcon_core.shell:Creating package script '/home/student/ros2_ws/install/tuos_interfaces/share/tuos_interfaces/package.bash'
[8.788s] INFO:colcon.colcon_core.shell:Creating package script '/home/student/ros2_ws/install/tuos_interfaces/share/tuos_interfaces/package.zsh'
[8.790s] Level 1:colcon.colcon_core.environment:create_file_with_runtime_dependencies(/home/student/ros2_ws/install/tuos_interfaces/share/colcon-core/packages/tuos_interfaces)
[8.791s] INFO:colcon.colcon_ros.task.ament_cmake.build:Building ROS package in '/home/student/ros2_ws/src/tuos_ros/tuos_ros' with build type 'ament_cmake'
[8.792s] INFO:colcon.colcon_cmake.task.cmake.build:Building CMake package in '/home/student/ros2_ws/src/tuos_ros/tuos_ros'
[8.793s] INFO:colcon.colcon_core.shell:Skip shell extension 'powershell' for command environment: Not usable outside of PowerShell
[8.794s] DEBUG:colcon.colcon_core.shell:Skip shell extension 'dsv' for command environment
[11.418s] DEBUG:colcon.colcon_core.event_handler.log_command:Invoking command in '/home/student/ros2_ws/build/tuos_ros': CMAKE_PREFIX_PATH=/home/student/ros2_ws/install/com2009_simulations:/home/student/ros2_ws/install/tuos_tb3_tools:/home/student/ros2_ws/install/tuos_simulations:/home/student/ros2_ws/install/tuos_interfaces:/home/student/ros2_ws/install/tuos_examples:/home/student/ros2_ws/install/tuos_ros:/home/student/ros2_ws/install/part2_navigation:/home/student/ros2_ws/install/part1_pubsub:/opt/ros/humble LD_LIBRARY_PATH=/home/student/ros2_ws/install/tuos_interfaces/lib:/home/student/ros2_ws/install/part1_pubsub/lib:/usr/lib/x86_64-linux-gnu/gazebo-11/plugins:/opt/ros/humble/opt/rviz_ogre_vendor/lib:/opt/ros/humble/lib/x86_64-linux-gnu:/opt/ros/humble/lib:/usr/share/gazebo/../../lib/x86_64-linux-gnu/gazebo-11/plugins:/usr/share/gazebo/../../lib/x86_64-linux-gnu/gazebo-11/plugins:/usr/share/gazebo/../../lib/x86_64-linux-gnu/gazebo-11/plugins:/usr/share/gazebo/../../lib/x86_64-linux-gnu/gazebo-11/plugins:/usr/share/gazebo/../../lib/x86_64-linux-gnu/gazebo-11/plugins:/usr/share/gazebo/../../lib/x86_64-linux-gnu/gazebo-11/plugins /usr/bin/cmake --build /home/student/ros2_ws/build/tuos_ros -- -j16 -l16
[11.570s] DEBUG:colcon.colcon_core.event_handler.log_command:Invoked command in '/home/student/ros2_ws/build/tuos_ros' returned '0': CMAKE_PREFIX_PATH=/home/student/ros2_ws/install/com2009_simulations:/home/student/ros2_ws/install/tuos_tb3_tools:/home/student/ros2_ws/install/tuos_simulations:/home/student/ros2_ws/install/tuos_interfaces:/home/student/ros2_ws/install/tuos_examples:/home/student/ros2_ws/install/tuos_ros:/home/student/ros2_ws/install/part2_navigation:/home/student/ros2_ws/install/part1_pubsub:/opt/ros/humble LD_LIBRARY_PATH=/home/student/ros2_ws/install/tuos_interfaces/lib:/home/student/ros2_ws/install/part1_pubsub/lib:/usr/lib/x86_64-linux-gnu/gazebo-11/plugins:/opt/ros/humble/opt/rviz_ogre_vendor/lib:/opt/ros/humble/lib/x86_64-linux-gnu:/opt/ros/humble/lib:/usr/share/gazebo/../../lib/x86_64-linux-gnu/gazebo-11/plugins:/usr/share/gazebo/../../lib/x86_64-linux-gnu/gazebo-11/plugins:/usr/share/gazebo/../../lib/x86_64-linux-gnu/gazebo-11/plugins:/usr/share/gazebo/../../lib/x86_64-linux-gnu/gazebo-11/plugins:/usr/share/gazebo/../../lib/x86_64-linux-gnu/gazebo-11/plugins:/usr/share/gazebo/../../lib/x86_64-linux-gnu/gazebo-11/plugins /usr/bin/cmake --build /home/student/ros2_ws/build/tuos_ros -- -j16 -l16
[11.572s] DEBUG:colcon.colcon_core.event_handler.log_command:Invoking command in '/home/student/ros2_ws/build/tuos_ros': CMAKE_PREFIX_PATH=/home/student/ros2_ws/install/com2009_simulations:/home/student/ros2_ws/install/tuos_tb3_tools:/home/student/ros2_ws/install/tuos_simulations:/home/student/ros2_ws/install/tuos_interfaces:/home/student/ros2_ws/install/tuos_examples:/home/student/ros2_ws/install/tuos_ros:/home/student/ros2_ws/install/part2_navigation:/home/student/ros2_ws/install/part1_pubsub:/opt/ros/humble LD_LIBRARY_PATH=/home/student/ros2_ws/install/tuos_interfaces/lib:/home/student/ros2_ws/install/part1_pubsub/lib:/usr/lib/x86_64-linux-gnu/gazebo-11/plugins:/opt/ros/humble/opt/rviz_ogre_vendor/lib:/opt/ros/humble/lib/x86_64-linux-gnu:/opt/ros/humble/lib:/usr/share/gazebo/../../lib/x86_64-linux-gnu/gazebo-11/plugins:/usr/share/gazebo/../../lib/x86_64-linux-gnu/gazebo-11/plugins:/usr/share/gazebo/../../lib/x86_64-linux-gnu/gazebo-11/plugins:/usr/share/gazebo/../../lib/x86_64-linux-gnu/gazebo-11/plugins:/usr/share/gazebo/../../lib/x86_64-linux-gnu/gazebo-11/plugins:/usr/share/gazebo/../../lib/x86_64-linux-gnu/gazebo-11/plugins /usr/bin/cmake --install /home/student/ros2_ws/build/tuos_ros
[11.615s] Level 1:colcon.colcon_core.environment:create_environment_scripts_only(tuos_ros)
[11.616s] Level 1:colcon.colcon_core.environment:checking '/home/student/ros2_ws/install/tuos_ros' for CMake module files
[11.626s] Level 1:colcon.colcon_core.environment:checking '/home/student/ros2_ws/install/tuos_ros' for CMake config files
[11.627s] DEBUG:colcon.colcon_core.event_handler.log_command:Invoked command in '/home/student/ros2_ws/build/tuos_ros' returned '0': CMAKE_PREFIX_PATH=/home/student/ros2_ws/install/com2009_simulations:/home/student/ros2_ws/install/tuos_tb3_tools:/home/student/ros2_ws/install/tuos_simulations:/home/student/ros2_ws/install/tuos_interfaces:/home/student/ros2_ws/install/tuos_examples:/home/student/ros2_ws/install/tuos_ros:/home/student/ros2_ws/install/part2_navigation:/home/student/ros2_ws/install/part1_pubsub:/opt/ros/humble LD_LIBRARY_PATH=/home/student/ros2_ws/install/tuos_interfaces/lib:/home/student/ros2_ws/install/part1_pubsub/lib:/usr/lib/x86_64-linux-gnu/gazebo-11/plugins:/opt/ros/humble/opt/rviz_ogre_vendor/lib:/opt/ros/humble/lib/x86_64-linux-gnu:/opt/ros/humble/lib:/usr/share/gazebo/../../lib/x86_64-linux-gnu/gazebo-11/plugins:/usr/share/gazebo/../../lib/x86_64-linux-gnu/gazebo-11/plugins:/usr/share/gazebo/../../lib/x86_64-linux-gnu/gazebo-11/plugins:/usr/share/gazebo/../../lib/x86_64-linux-gnu/gazebo-11/plugins:/usr/share/gazebo/../../lib/x86_64-linux-gnu/gazebo-11/plugins:/usr/share/gazebo/../../lib/x86_64-linux-gnu/gazebo-11/plugins /usr/bin/cmake --install /home/student/ros2_ws/build/tuos_ros
[11.630s] Level 1:colcon.colcon_core.shell:create_environment_hook('tuos_ros', 'cmake_prefix_path')
[11.632s] INFO:colcon.colcon_core.shell:Creating environment hook '/home/student/ros2_ws/install/tuos_ros/share/tuos_ros/hook/cmake_prefix_path.ps1'
[11.637s] INFO:colcon.colcon_core.shell:Creating environment descriptor '/home/student/ros2_ws/install/tuos_ros/share/tuos_ros/hook/cmake_prefix_path.dsv'
[11.640s] INFO:colcon.colcon_core.shell:Creating environment hook '/home/student/ros2_ws/install/tuos_ros/share/tuos_ros/hook/cmake_prefix_path.sh'
[11.644s] Level 1:colcon.colcon_core.environment:checking '/home/student/ros2_ws/install/tuos_ros/bin'
[11.645s] Level 1:colcon.colcon_core.environment:checking '/home/student/ros2_ws/install/tuos_ros/lib/pkgconfig/tuos_ros.pc'
[11.645s] Level 1:colcon.colcon_core.environment:checking '/home/student/ros2_ws/install/tuos_ros/lib/python3.10/site-packages'
[11.646s] Level 1:colcon.colcon_core.environment:checking '/home/student/ros2_ws/install/tuos_ros/bin'
[11.647s] INFO:colcon.colcon_core.shell:Creating package script '/home/student/ros2_ws/install/tuos_ros/share/tuos_ros/package.ps1'
[11.650s] INFO:colcon.colcon_core.shell:Creating package descriptor '/home/student/ros2_ws/install/tuos_ros/share/tuos_ros/package.dsv'
[11.652s] INFO:colcon.colcon_core.shell:Creating package script '/home/student/ros2_ws/install/tuos_ros/share/tuos_ros/package.sh'
[11.654s] INFO:colcon.colcon_core.shell:Creating package script '/home/student/ros2_ws/install/tuos_ros/share/tuos_ros/package.bash'
[11.655s] INFO:colcon.colcon_core.shell:Creating package script '/home/student/ros2_ws/install/tuos_ros/share/tuos_ros/package.zsh'
[11.658s] Level 1:colcon.colcon_core.environment:create_file_with_runtime_dependencies(/home/student/ros2_ws/install/tuos_ros/share/colcon-core/packages/tuos_ros)
[11.670s] Level 1:colcon.colcon_core.environment:create_environment_scripts_only(tuos_ros)
[11.671s] Level 1:colcon.colcon_core.environment:checking '/home/student/ros2_ws/install/tuos_ros' for CMake module files
[11.673s] Level 1:colcon.colcon_core.environment:checking '/home/student/ros2_ws/install/tuos_ros' for CMake config files
[11.675s] Level 1:colcon.colcon_core.shell:create_environment_hook('tuos_ros', 'cmake_prefix_path')
[11.676s] INFO:colcon.colcon_core.shell:Creating environment hook '/home/student/ros2_ws/install/tuos_ros/share/tuos_ros/hook/cmake_prefix_path.ps1'
[11.685s] INFO:colcon.colcon_core.shell:Creating environment descriptor '/home/student/ros2_ws/install/tuos_ros/share/tuos_ros/hook/cmake_prefix_path.dsv'
[11.690s] INFO:colcon.colcon_core.shell:Creating environment hook '/home/student/ros2_ws/install/tuos_ros/share/tuos_ros/hook/cmake_prefix_path.sh'
[11.696s] Level 1:colcon.colcon_core.environment:checking '/home/student/ros2_ws/install/tuos_ros/bin'
[11.697s] Level 1:colcon.colcon_core.environment:checking '/home/student/ros2_ws/install/tuos_ros/lib/pkgconfig/tuos_ros.pc'
[11.697s] Level 1:colcon.colcon_core.environment:checking '/home/student/ros2_ws/install/tuos_ros/lib/python3.10/site-packages'
[11.699s] Level 1:colcon.colcon_core.environment:checking '/home/student/ros2_ws/install/tuos_ros/bin'
[11.704s] INFO:colcon.colcon_core.shell:Creating package script '/home/student/ros2_ws/install/tuos_ros/share/tuos_ros/package.ps1'
[11.707s] INFO:colcon.colcon_core.shell:Creating package descriptor '/home/student/ros2_ws/install/tuos_ros/share/tuos_ros/package.dsv'
[11.709s] INFO:colcon.colcon_core.shell:Creating package script '/home/student/ros2_ws/install/tuos_ros/share/tuos_ros/package.sh'
[11.712s] INFO:colcon.colcon_core.shell:Creating package script '/home/student/ros2_ws/install/tuos_ros/share/tuos_ros/package.bash'
[11.714s] INFO:colcon.colcon_core.shell:Creating package script '/home/student/ros2_ws/install/tuos_ros/share/tuos_ros/package.zsh'
[11.717s] Level 1:colcon.colcon_core.environment:create_file_with_runtime_dependencies(/home/student/ros2_ws/install/tuos_ros/share/colcon-core/packages/tuos_ros)
[11.720s] DEBUG:colcon.colcon_parallel_executor.executor.parallel:closing loop
[11.725s] DEBUG:colcon.colcon_parallel_executor.executor.parallel:loop closed
[11.725s] DEBUG:colcon.colcon_parallel_executor.executor.parallel:run_until_complete finished with '0'
[11.726s] DEBUG:colcon.colcon_core.event_reactor:joining thread
[12.247s] INFO:colcon.colcon_core.plugin_system:Skipping extension 'colcon_notification.desktop_notification.notify_send': Could not find 'notify-send'
[12.248s] INFO:colcon.colcon_core.plugin_system:Skipping extension 'colcon_notification.desktop_notification.terminal_notifier': Not used on non-Darwin systems
[12.249s] INFO:colcon.colcon_core.plugin_system:Skipping extension 'colcon_notification.desktop_notification.win32': Not used on non-Windows systems
[12.249s] INFO:colcon.colcon_notification.desktop_notification:Sending desktop notification using 'notify2'
[12.671s] DEBUG:colcon.colcon_notification.desktop_notification.notify2:Failed to initialize notify2: org.freedesktop.DBus.Error.Spawn.ExecFailed: /usr/bin/dbus-launch terminated abnormally without any error message
[12.672s] DEBUG:colcon.colcon_core.event_reactor:joined thread
[12.675s] INFO:colcon.colcon_core.shell:Creating prefix script '/home/student/ros2_ws/install/local_setup.ps1'
[12.678s] INFO:colcon.colcon_core.shell:Creating prefix util module '/home/student/ros2_ws/install/_local_setup_util_ps1.py'
[12.682s] INFO:colcon.colcon_core.shell:Creating prefix chain script '/home/student/ros2_ws/install/setup.ps1'
[12.691s] INFO:colcon.colcon_core.shell:Creating prefix script '/home/student/ros2_ws/install/local_setup.sh'
[12.696s] INFO:colcon.colcon_core.shell:Creating prefix util module '/home/student/ros2_ws/install/_local_setup_util_sh.py'
[12.700s] INFO:colcon.colcon_core.shell:Creating prefix chain script '/home/student/ros2_ws/install/setup.sh'
[12.730s] INFO:colcon.colcon_core.shell:Creating prefix script '/home/student/ros2_ws/install/local_setup.bash'
[12.737s] INFO:colcon.colcon_core.shell:Creating prefix chain script '/home/student/ros2_ws/install/setup.bash'
[12.747s] INFO:colcon.colcon_core.shell:Creating prefix script '/home/student/ros2_ws/install/local_setup.zsh'
[12.749s] INFO:colcon.colcon_core.shell:Creating prefix chain script '/home/student/ros2_ws/install/setup.zsh'
