[0.070s] Invoking command in '/home/student/ros2_ws/build/part2_navigation': CMAKE_PREFIX_PATH=${CMAKE_PREFIX_PATH}:/opt/ros/humble /usr/bin/cmake --build /home/student/ros2_ws/build/part2_navigation -- -j16 -l16
[0.192s] [100%] Built target cpp_executable
[0.260s] [100%] Built target ament_cmake_python_symlink_part2_navigation_modules
[0.838s] running egg_info
[0.839s] writing part2_navigation_modules.egg-info/PKG-INFO
[0.840s] writing dependency_links to part2_navigation_modules.egg-info/dependency_links.txt
[0.841s] writing top-level names to part2_navigation_modules.egg-info/top_level.txt
[0.847s] reading manifest file 'part2_navigation_modules.egg-info/SOURCES.txt'
[0.854s] writing manifest file 'part2_navigation_modules.egg-info/SOURCES.txt'
[0.946s] [100%] Built target ament_cmake_python_build_part2_navigation_modules_egg
[0.975s] Invoked command in '/home/student/ros2_ws/build/part2_navigation' returned '0': CMAKE_PREFIX_PATH=${CMAKE_PREFIX_PATH}:/opt/ros/humble /usr/bin/cmake --build /home/student/ros2_ws/build/part2_navigation -- -j16 -l16
[1.001s] Invoking command in '/home/student/ros2_ws/build/part2_navigation': CMAKE_PREFIX_PATH=${CMAKE_PREFIX_PATH}:/opt/ros/humble /usr/bin/cmake --install /home/student/ros2_ws/build/part2_navigation
[1.022s] -- Install configuration: ""
[1.023s] -- Execute custom install script
[1.024s] -- Up-to-date symlink: /home/student/ros2_ws/install/part2_navigation/lib/part2_navigation/cpp_executable
[1.024s] -- Up-to-date symlink: /home/student/ros2_ws/install/part2_navigation/share/part2_navigation/environment/pythonpath.sh
[1.025s] -- Up-to-date symlink: /home/student/ros2_ws/install/part2_navigation/share/part2_navigation/environment/pythonpath.dsv
[1.026s] -- Up-to-date symlink: /home/student/ros2_ws/install/part2_navigation/local/lib/python3.10/dist-packages/part2_navigation_modules-0.0.0-py3.10.egg-info/PKG-INFO
[1.027s] -- Up-to-date symlink: /home/student/ros2_ws/install/part2_navigation/local/lib/python3.10/dist-packages/part2_navigation_modules-0.0.0-py3.10.egg-info/SOURCES.txt
[1.027s] -- Up-to-date symlink: /home/student/ros2_ws/install/part2_navigation/local/lib/python3.10/dist-packages/part2_navigation_modules-0.0.0-py3.10.egg-info/dependency_links.txt
[1.029s] -- Up-to-date symlink: /home/student/ros2_ws/install/part2_navigation/local/lib/python3.10/dist-packages/part2_navigation_modules-0.0.0-py3.10.egg-info/top_level.txt
[1.030s] -- Up-to-date symlink: /home/student/ros2_ws/install/part2_navigation/local/lib/python3.10/dist-packages/part2_navigation_modules/__init__.py
[1.033s] -- Up-to-date symlink: /home/student/ros2_ws/install/part2_navigation/local/lib/python3.10/dist-packages/part2_navigation_modules/tb3_tools.py
[1.033s] -- Up-to-date symlink: /home/student/ros2_ws/install/part2_navigation/lib/part2_navigation/odom_subscriber.py
[1.033s] -- Up-to-date symlink: /home/student/ros2_ws/install/part2_navigation/lib/part2_navigation/move_circle.py
[1.033s] -- Up-to-date symlink: /home/student/ros2_ws/install/part2_navigation/lib/part2_navigation/move_square.py
[1.034s] -- Up-to-date symlink: /home/student/ros2_ws/install/part2_navigation/share/ament_index/resource_index/package_run_dependencies/part2_navigation
[1.034s] -- Up-to-date symlink: /home/student/ros2_ws/install/part2_navigation/share/ament_index/resource_index/parent_prefix_path/part2_navigation
[1.035s] -- Up-to-date symlink: /home/student/ros2_ws/install/part2_navigation/share/part2_navigation/environment/ament_prefix_path.sh
[1.035s] -- Up-to-date symlink: /home/student/ros2_ws/install/part2_navigation/share/part2_navigation/environment/ament_prefix_path.dsv
[1.035s] -- Up-to-date symlink: /home/student/ros2_ws/install/part2_navigation/share/part2_navigation/environment/path.sh
[1.035s] -- Up-to-date symlink: /home/student/ros2_ws/install/part2_navigation/share/part2_navigation/environment/path.dsv
[1.035s] -- Up-to-date symlink: /home/student/ros2_ws/install/part2_navigation/share/part2_navigation/local_setup.bash
[1.036s] -- Up-to-date symlink: /home/student/ros2_ws/install/part2_navigation/share/part2_navigation/local_setup.sh
[1.036s] -- Up-to-date symlink: /home/student/ros2_ws/install/part2_navigation/share/part2_navigation/local_setup.zsh
[1.036s] -- Up-to-date symlink: /home/student/ros2_ws/install/part2_navigation/share/part2_navigation/local_setup.dsv
[1.036s] -- Symlinking: /home/student/ros2_ws/install/part2_navigation/share/part2_navigation/package.dsv
[1.055s] -- Up-to-date symlink: /home/student/ros2_ws/install/part2_navigation/share/ament_index/resource_index/packages/part2_navigation
[1.055s] -- Up-to-date symlink: /home/student/ros2_ws/install/part2_navigation/share/part2_navigation/cmake/part2_navigationConfig.cmake
[1.056s] -- Up-to-date symlink: /home/student/ros2_ws/install/part2_navigation/share/part2_navigation/cmake/part2_navigationConfig-version.cmake
[1.056s] -- Up-to-date symlink: /home/student/ros2_ws/install/part2_navigation/share/part2_navigation/package.xml
[1.134s] Listing '/home/student/ros2_ws/install/part2_navigation/local/lib/python3.10/dist-packages/part2_navigation_modules'...
[1.161s] Invoked command in '/home/student/ros2_ws/build/part2_navigation' returned '0': CMAKE_PREFIX_PATH=${CMAKE_PREFIX_PATH}:/opt/ros/humble /usr/bin/cmake --install /home/student/ros2_ws/build/part2_navigation
