[0.675s] DEBUG:colcon:Command line arguments: ['/usr/bin/colcon', 'build', '--packages-select', 'part4_services', '--symlink-install']
[0.676s] DEBUG:colcon:Parsed command line arguments: Namespace(log_base=None, log_level=None, verb_name='build', build_base='build', install_base='install', merge_install=False, symlink_install=True, test_result_base=None, continue_on_error=False, executor='parallel', parallel_workers=16, event_handlers=None, ignore_user_meta=False, metas=['./colcon.meta'], base_paths=['.'], packages_ignore=None, packages_ignore_regex=None, paths=None, packages_up_to=None, packages_up_to_regex=None, packages_above=None, packages_above_and_dependencies=None, packages_above_depth=None, packages_select_by_dep=None, packages_skip_by_dep=None, packages_skip_up_to=None, packages_select_build_failed=False, packages_skip_build_finished=False, packages_select_test_failures=False, packages_skip_test_passed=False, packages_select=['part4_services'], packages_skip=None, packages_select_regex=None, packages_skip_regex=None, packages_start=None, packages_end=None, cmake_args=None, cmake_target=None, cmake_target_skip_unavailable=False, cmake_clean_cache=False, cmake_clean_first=False, cmake_force_configure=False, ament_cmake_args=None, catkin_cmake_args=None, catkin_skip_building_tests=False, mixin_files=None, mixin=None, verb_parser=<colcon_mixin.mixin.mixin_argument.MixinArgumentDecorator object at 0x7fe0d3cedc90>, verb_extension=<colcon_core.verb.build.BuildVerb object at 0x7fe0d3de2bf0>, main=<bound method BuildVerb.main of <colcon_core.verb.build.BuildVerb object at 0x7fe0d3de2bf0>>, mixin_verb=('build',))
[1.180s] Level 1:colcon.colcon_core.package_discovery:discover_packages(colcon_meta) check parameters
[1.180s] Level 1:colcon.colcon_core.package_discovery:discover_packages(recursive) check parameters
[1.180s] Level 1:colcon.colcon_core.package_discovery:discover_packages(ignore) check parameters
[1.180s] Level 1:colcon.colcon_core.package_discovery:discover_packages(path) check parameters
[1.181s] Level 1:colcon.colcon_core.package_discovery:discover_packages(colcon_meta) discover
[1.181s] Level 1:colcon.colcon_core.package_discovery:discover_packages(recursive) discover
[1.181s] INFO:colcon.colcon_core.package_discovery:Crawling recursively for packages in '/home/student/ros2_ws'
[1.181s] Level 1:colcon.colcon_core.package_identification:_identify(.) by extensions ['ignore', 'ignore_ament_install']
[1.182s] Level 1:colcon.colcon_core.package_identification:_identify(.) by extension 'ignore'
[1.182s] Level 1:colcon.colcon_core.package_identification:_identify(.) by extension 'ignore_ament_install'
[1.182s] Level 1:colcon.colcon_core.package_identification:_identify(.) by extensions ['colcon_pkg']
[1.182s] Level 1:colcon.colcon_core.package_identification:_identify(.) by extension 'colcon_pkg'
[1.182s] Level 1:colcon.colcon_core.package_identification:_identify(.) by extensions ['colcon_meta']
[1.183s] Level 1:colcon.colcon_core.package_identification:_identify(.) by extension 'colcon_meta'
[1.183s] Level 1:colcon.colcon_core.package_identification:_identify(.) by extensions ['ros']
[1.183s] Level 1:colcon.colcon_core.package_identification:_identify(.) by extension 'ros'
[1.214s] Level 1:colcon.colcon_core.package_identification:_identify(.) by extensions ['cmake', 'python']
[1.214s] Level 1:colcon.colcon_core.package_identification:_identify(.) by extension 'cmake'
[1.214s] Level 1:colcon.colcon_core.package_identification:_identify(.) by extension 'python'
[1.214s] Level 1:colcon.colcon_core.package_identification:_identify(.) by extensions ['python_setup_py']
[1.214s] Level 1:colcon.colcon_core.package_identification:_identify(.) by extension 'python_setup_py'
[1.215s] Level 1:colcon.colcon_core.package_identification:_identify(build) by extensions ['ignore', 'ignore_ament_install']
[1.215s] Level 1:colcon.colcon_core.package_identification:_identify(build) by extension 'ignore'
[1.215s] Level 1:colcon.colcon_core.package_identification:_identify(build) ignored
[1.216s] Level 1:colcon.colcon_core.package_identification:_identify(install) by extensions ['ignore', 'ignore_ament_install']
[1.216s] Level 1:colcon.colcon_core.package_identification:_identify(install) by extension 'ignore'
[1.216s] Level 1:colcon.colcon_core.package_identification:_identify(install) ignored
[1.217s] Level 1:colcon.colcon_core.package_identification:_identify(log) by extensions ['ignore', 'ignore_ament_install']
[1.218s] Level 1:colcon.colcon_core.package_identification:_identify(log) by extension 'ignore'
[1.218s] Level 1:colcon.colcon_core.package_identification:_identify(log) ignored
[1.219s] Level 1:colcon.colcon_core.package_identification:_identify(src) by extensions ['ignore', 'ignore_ament_install']
[1.219s] Level 1:colcon.colcon_core.package_identification:_identify(src) by extension 'ignore'
[1.220s] Level 1:colcon.colcon_core.package_identification:_identify(src) by extension 'ignore_ament_install'
[1.220s] Level 1:colcon.colcon_core.package_identification:_identify(src) by extensions ['colcon_pkg']
[1.221s] Level 1:colcon.colcon_core.package_identification:_identify(src) by extension 'colcon_pkg'
[1.221s] Level 1:colcon.colcon_core.package_identification:_identify(src) by extensions ['colcon_meta']
[1.221s] Level 1:colcon.colcon_core.package_identification:_identify(src) by extension 'colcon_meta'
[1.222s] Level 1:colcon.colcon_core.package_identification:_identify(src) by extensions ['ros']
[1.222s] Level 1:colcon.colcon_core.package_identification:_identify(src) by extension 'ros'
[1.223s] Level 1:colcon.colcon_core.package_identification:_identify(src) by extensions ['cmake', 'python']
[1.223s] Level 1:colcon.colcon_core.package_identification:_identify(src) by extension 'cmake'
[1.224s] Level 1:colcon.colcon_core.package_identification:_identify(src) by extension 'python'
[1.224s] Level 1:colcon.colcon_core.package_identification:_identify(src) by extensions ['python_setup_py']
[1.224s] Level 1:colcon.colcon_core.package_identification:_identify(src) by extension 'python_setup_py'
[1.225s] Level 1:colcon.colcon_core.package_identification:_identify(src/part1_pubsub) by extensions ['ignore', 'ignore_ament_install']
[1.225s] Level 1:colcon.colcon_core.package_identification:_identify(src/part1_pubsub) by extension 'ignore'
[1.225s] Level 1:colcon.colcon_core.package_identification:_identify(src/part1_pubsub) by extension 'ignore_ament_install'
[1.225s] Level 1:colcon.colcon_core.package_identification:_identify(src/part1_pubsub) by extensions ['colcon_pkg']
[1.225s] Level 1:colcon.colcon_core.package_identification:_identify(src/part1_pubsub) by extension 'colcon_pkg'
[1.225s] Level 1:colcon.colcon_core.package_identification:_identify(src/part1_pubsub) by extensions ['colcon_meta']
[1.225s] Level 1:colcon.colcon_core.package_identification:_identify(src/part1_pubsub) by extension 'colcon_meta'
[1.226s] Level 1:colcon.colcon_core.package_identification:_identify(src/part1_pubsub) by extensions ['ros']
[1.226s] Level 1:colcon.colcon_core.package_identification:_identify(src/part1_pubsub) by extension 'ros'
[1.230s] DEBUG:colcon.colcon_core.package_identification:Package 'src/part1_pubsub' with type 'ros.ament_cmake' and name 'part1_pubsub'
[1.230s] Level 1:colcon.colcon_core.package_identification:_identify(src/part2_navigation) by extensions ['ignore', 'ignore_ament_install']
[1.231s] Level 1:colcon.colcon_core.package_identification:_identify(src/part2_navigation) by extension 'ignore'
[1.232s] Level 1:colcon.colcon_core.package_identification:_identify(src/part2_navigation) by extension 'ignore_ament_install'
[1.232s] Level 1:colcon.colcon_core.package_identification:_identify(src/part2_navigation) by extensions ['colcon_pkg']
[1.232s] Level 1:colcon.colcon_core.package_identification:_identify(src/part2_navigation) by extension 'colcon_pkg'
[1.232s] Level 1:colcon.colcon_core.package_identification:_identify(src/part2_navigation) by extensions ['colcon_meta']
[1.232s] Level 1:colcon.colcon_core.package_identification:_identify(src/part2_navigation) by extension 'colcon_meta'
[1.232s] Level 1:colcon.colcon_core.package_identification:_identify(src/part2_navigation) by extensions ['ros']
[1.232s] Level 1:colcon.colcon_core.package_identification:_identify(src/part2_navigation) by extension 'ros'
[1.234s] DEBUG:colcon.colcon_core.package_identification:Package 'src/part2_navigation' with type 'ros.ament_cmake' and name 'part2_navigation'
[1.234s] Level 1:colcon.colcon_core.package_identification:_identify(src/part3_beyond_basics) by extensions ['ignore', 'ignore_ament_install']
[1.234s] Level 1:colcon.colcon_core.package_identification:_identify(src/part3_beyond_basics) by extension 'ignore'
[1.235s] Level 1:colcon.colcon_core.package_identification:_identify(src/part3_beyond_basics) by extension 'ignore_ament_install'
[1.236s] Level 1:colcon.colcon_core.package_identification:_identify(src/part3_beyond_basics) by extensions ['colcon_pkg']
[1.236s] Level 1:colcon.colcon_core.package_identification:_identify(src/part3_beyond_basics) by extension 'colcon_pkg'
[1.236s] Level 1:colcon.colcon_core.package_identification:_identify(src/part3_beyond_basics) by extensions ['colcon_meta']
[1.236s] Level 1:colcon.colcon_core.package_identification:_identify(src/part3_beyond_basics) by extension 'colcon_meta'
[1.236s] Level 1:colcon.colcon_core.package_identification:_identify(src/part3_beyond_basics) by extensions ['ros']
[1.236s] Level 1:colcon.colcon_core.package_identification:_identify(src/part3_beyond_basics) by extension 'ros'
[1.239s] DEBUG:colcon.colcon_core.package_identification:Package 'src/part3_beyond_basics' with type 'ros.ament_cmake' and name 'part3_beyond_basics'
[1.239s] Level 1:colcon.colcon_core.package_identification:_identify(src/part4_services) by extensions ['ignore', 'ignore_ament_install']
[1.240s] Level 1:colcon.colcon_core.package_identification:_identify(src/part4_services) by extension 'ignore'
[1.240s] Level 1:colcon.colcon_core.package_identification:_identify(src/part4_services) by extension 'ignore_ament_install'
[1.240s] Level 1:colcon.colcon_core.package_identification:_identify(src/part4_services) by extensions ['colcon_pkg']
[1.240s] Level 1:colcon.colcon_core.package_identification:_identify(src/part4_services) by extension 'colcon_pkg'
[1.240s] Level 1:colcon.colcon_core.package_identification:_identify(src/part4_services) by extensions ['colcon_meta']
[1.240s] Level 1:colcon.colcon_core.package_identification:_identify(src/part4_services) by extension 'colcon_meta'
[1.241s] Level 1:colcon.colcon_core.package_identification:_identify(src/part4_services) by extensions ['ros']
[1.241s] Level 1:colcon.colcon_core.package_identification:_identify(src/part4_services) by extension 'ros'
[1.243s] DEBUG:colcon.colcon_core.package_identification:Package 'src/part4_services' with type 'ros.ament_cmake' and name 'part4_services'
[1.243s] Level 1:colcon.colcon_core.package_identification:_identify(src/tuos_ros) by extensions ['ignore', 'ignore_ament_install']
[1.244s] Level 1:colcon.colcon_core.package_identification:_identify(src/tuos_ros) by extension 'ignore'
[1.244s] Level 1:colcon.colcon_core.package_identification:_identify(src/tuos_ros) by extension 'ignore_ament_install'
[1.244s] Level 1:colcon.colcon_core.package_identification:_identify(src/tuos_ros) by extensions ['colcon_pkg']
[1.244s] Level 1:colcon.colcon_core.package_identification:_identify(src/tuos_ros) by extension 'colcon_pkg'
[1.244s] Level 1:colcon.colcon_core.package_identification:_identify(src/tuos_ros) by extensions ['colcon_meta']
[1.244s] Level 1:colcon.colcon_core.package_identification:_identify(src/tuos_ros) by extension 'colcon_meta'
[1.244s] Level 1:colcon.colcon_core.package_identification:_identify(src/tuos_ros) by extensions ['ros']
[1.244s] Level 1:colcon.colcon_core.package_identification:_identify(src/tuos_ros) by extension 'ros'
[1.244s] Level 1:colcon.colcon_core.package_identification:_identify(src/tuos_ros) by extensions ['cmake', 'python']
[1.244s] Level 1:colcon.colcon_core.package_identification:_identify(src/tuos_ros) by extension 'cmake'
[1.245s] Level 1:colcon.colcon_core.package_identification:_identify(src/tuos_ros) by extension 'python'
[1.245s] Level 1:colcon.colcon_core.package_identification:_identify(src/tuos_ros) by extensions ['python_setup_py']
[1.245s] Level 1:colcon.colcon_core.package_identification:_identify(src/tuos_ros) by extension 'python_setup_py'
[1.245s] Level 1:colcon.colcon_core.package_identification:_identify(src/tuos_ros/com2009_simulations) by extensions ['ignore', 'ignore_ament_install']
[1.245s] Level 1:colcon.colcon_core.package_identification:_identify(src/tuos_ros/com2009_simulations) by extension 'ignore'
[1.245s] Level 1:colcon.colcon_core.package_identification:_identify(src/tuos_ros/com2009_simulations) by extension 'ignore_ament_install'
[1.245s] Level 1:colcon.colcon_core.package_identification:_identify(src/tuos_ros/com2009_simulations) by extensions ['colcon_pkg']
[1.245s] Level 1:colcon.colcon_core.package_identification:_identify(src/tuos_ros/com2009_simulations) by extension 'colcon_pkg'
[1.245s] Level 1:colcon.colcon_core.package_identification:_identify(src/tuos_ros/com2009_simulations) by extensions ['colcon_meta']
[1.245s] Level 1:colcon.colcon_core.package_identification:_identify(src/tuos_ros/com2009_simulations) by extension 'colcon_meta'
[1.246s] Level 1:colcon.colcon_core.package_identification:_identify(src/tuos_ros/com2009_simulations) by extensions ['ros']
[1.246s] Level 1:colcon.colcon_core.package_identification:_identify(src/tuos_ros/com2009_simulations) by extension 'ros'
[1.247s] DEBUG:colcon.colcon_core.package_identification:Package 'src/tuos_ros/com2009_simulations' with type 'ros.ament_cmake' and name 'com2009_simulations'
[1.248s] Level 1:colcon.colcon_core.package_identification:_identify(src/tuos_ros/tuos_examples) by extensions ['ignore', 'ignore_ament_install']
[1.248s] Level 1:colcon.colcon_core.package_identification:_identify(src/tuos_ros/tuos_examples) by extension 'ignore'
[1.248s] Level 1:colcon.colcon_core.package_identification:_identify(src/tuos_ros/tuos_examples) by extension 'ignore_ament_install'
[1.248s] Level 1:colcon.colcon_core.package_identification:_identify(src/tuos_ros/tuos_examples) by extensions ['colcon_pkg']
[1.248s] Level 1:colcon.colcon_core.package_identification:_identify(src/tuos_ros/tuos_examples) by extension 'colcon_pkg'
[1.248s] Level 1:colcon.colcon_core.package_identification:_identify(src/tuos_ros/tuos_examples) by extensions ['colcon_meta']
[1.249s] Level 1:colcon.colcon_core.package_identification:_identify(src/tuos_ros/tuos_examples) by extension 'colcon_meta'
[1.249s] Level 1:colcon.colcon_core.package_identification:_identify(src/tuos_ros/tuos_examples) by extensions ['ros']
[1.249s] Level 1:colcon.colcon_core.package_identification:_identify(src/tuos_ros/tuos_examples) by extension 'ros'
[1.251s] DEBUG:colcon.colcon_core.package_identification:Package 'src/tuos_ros/tuos_examples' with type 'ros.ament_cmake' and name 'tuos_examples'
[1.252s] Level 1:colcon.colcon_core.package_identification:_identify(src/tuos_ros/tuos_interfaces) by extensions ['ignore', 'ignore_ament_install']
[1.253s] Level 1:colcon.colcon_core.package_identification:_identify(src/tuos_ros/tuos_interfaces) by extension 'ignore'
[1.253s] Level 1:colcon.colcon_core.package_identification:_identify(src/tuos_ros/tuos_interfaces) by extension 'ignore_ament_install'
[1.253s] Level 1:colcon.colcon_core.package_identification:_identify(src/tuos_ros/tuos_interfaces) by extensions ['colcon_pkg']
[1.254s] Level 1:colcon.colcon_core.package_identification:_identify(src/tuos_ros/tuos_interfaces) by extension 'colcon_pkg'
[1.254s] Level 1:colcon.colcon_core.package_identification:_identify(src/tuos_ros/tuos_interfaces) by extensions ['colcon_meta']
[1.254s] Level 1:colcon.colcon_core.package_identification:_identify(src/tuos_ros/tuos_interfaces) by extension 'colcon_meta'
[1.255s] Level 1:colcon.colcon_core.package_identification:_identify(src/tuos_ros/tuos_interfaces) by extensions ['ros']
[1.255s] Level 1:colcon.colcon_core.package_identification:_identify(src/tuos_ros/tuos_interfaces) by extension 'ros'
[1.256s] DEBUG:colcon.colcon_core.package_identification:Package 'src/tuos_ros/tuos_interfaces' with type 'ros.ament_cmake' and name 'tuos_interfaces'
[1.257s] Level 1:colcon.colcon_core.package_identification:_identify(src/tuos_ros/tuos_ros) by extensions ['ignore', 'ignore_ament_install']
[1.257s] Level 1:colcon.colcon_core.package_identification:_identify(src/tuos_ros/tuos_ros) by extension 'ignore'
[1.258s] Level 1:colcon.colcon_core.package_identification:_identify(src/tuos_ros/tuos_ros) by extension 'ignore_ament_install'
[1.258s] Level 1:colcon.colcon_core.package_identification:_identify(src/tuos_ros/tuos_ros) by extensions ['colcon_pkg']
[1.259s] Level 1:colcon.colcon_core.package_identification:_identify(src/tuos_ros/tuos_ros) by extension 'colcon_pkg'
[1.259s] Level 1:colcon.colcon_core.package_identification:_identify(src/tuos_ros/tuos_ros) by extensions ['colcon_meta']
[1.259s] Level 1:colcon.colcon_core.package_identification:_identify(src/tuos_ros/tuos_ros) by extension 'colcon_meta'
[1.259s] Level 1:colcon.colcon_core.package_identification:_identify(src/tuos_ros/tuos_ros) by extensions ['ros']
[1.259s] Level 1:colcon.colcon_core.package_identification:_identify(src/tuos_ros/tuos_ros) by extension 'ros'
[1.260s] DEBUG:colcon.colcon_core.package_identification:Package 'src/tuos_ros/tuos_ros' with type 'ros.ament_cmake' and name 'tuos_ros'
[1.261s] Level 1:colcon.colcon_core.package_identification:_identify(src/tuos_ros/tuos_simulations) by extensions ['ignore', 'ignore_ament_install']
[1.261s] Level 1:colcon.colcon_core.package_identification:_identify(src/tuos_ros/tuos_simulations) by extension 'ignore'
[1.262s] Level 1:colcon.colcon_core.package_identification:_identify(src/tuos_ros/tuos_simulations) by extension 'ignore_ament_install'
[1.262s] Level 1:colcon.colcon_core.package_identification:_identify(src/tuos_ros/tuos_simulations) by extensions ['colcon_pkg']
[1.262s] Level 1:colcon.colcon_core.package_identification:_identify(src/tuos_ros/tuos_simulations) by extension 'colcon_pkg'
[1.262s] Level 1:colcon.colcon_core.package_identification:_identify(src/tuos_ros/tuos_simulations) by extensions ['colcon_meta']
[1.262s] Level 1:colcon.colcon_core.package_identification:_identify(src/tuos_ros/tuos_simulations) by extension 'colcon_meta'
[1.263s] Level 1:colcon.colcon_core.package_identification:_identify(src/tuos_ros/tuos_simulations) by extensions ['ros']
[1.263s] Level 1:colcon.colcon_core.package_identification:_identify(src/tuos_ros/tuos_simulations) by extension 'ros'
[1.265s] DEBUG:colcon.colcon_core.package_identification:Package 'src/tuos_ros/tuos_simulations' with type 'ros.ament_cmake' and name 'tuos_simulations'
[1.266s] Level 1:colcon.colcon_core.package_identification:_identify(src/tuos_ros/tuos_tb3_tools) by extensions ['ignore', 'ignore_ament_install']
[1.266s] Level 1:colcon.colcon_core.package_identification:_identify(src/tuos_ros/tuos_tb3_tools) by extension 'ignore'
[1.266s] Level 1:colcon.colcon_core.package_identification:_identify(src/tuos_ros/tuos_tb3_tools) by extension 'ignore_ament_install'
[1.266s] Level 1:colcon.colcon_core.package_identification:_identify(src/tuos_ros/tuos_tb3_tools) by extensions ['colcon_pkg']
[1.266s] Level 1:colcon.colcon_core.package_identification:_identify(src/tuos_ros/tuos_tb3_tools) by extension 'colcon_pkg'
[1.267s] Level 1:colcon.colcon_core.package_identification:_identify(src/tuos_ros/tuos_tb3_tools) by extensions ['colcon_meta']
[1.267s] Level 1:colcon.colcon_core.package_identification:_identify(src/tuos_ros/tuos_tb3_tools) by extension 'colcon_meta'
[1.267s] Level 1:colcon.colcon_core.package_identification:_identify(src/tuos_ros/tuos_tb3_tools) by extensions ['ros']
[1.268s] Level 1:colcon.colcon_core.package_identification:_identify(src/tuos_ros/tuos_tb3_tools) by extension 'ros'
[1.270s] DEBUG:colcon.colcon_core.package_identification:Package 'src/tuos_ros/tuos_tb3_tools' with type 'ros.ament_cmake' and name 'tuos_tb3_tools'
[1.270s] Level 1:colcon.colcon_core.package_discovery:discover_packages(recursive) using defaults
[1.271s] Level 1:colcon.colcon_core.package_discovery:discover_packages(ignore) discover
[1.272s] Level 1:colcon.colcon_core.package_discovery:discover_packages(ignore) using defaults
[1.272s] Level 1:colcon.colcon_core.package_discovery:discover_packages(path) discover
[1.272s] Level 1:colcon.colcon_core.package_discovery:discover_packages(path) using defaults
[1.365s] INFO:colcon.colcon_core.package_selection:Skipping not selected package 'part1_pubsub' in 'src/part1_pubsub'
[1.366s] INFO:colcon.colcon_core.package_selection:Skipping not selected package 'part2_navigation' in 'src/part2_navigation'
[1.366s] INFO:colcon.colcon_core.package_selection:Skipping not selected package 'part3_beyond_basics' in 'src/part3_beyond_basics'
[1.367s] INFO:colcon.colcon_core.package_selection:Skipping not selected package 'tuos_examples' in 'src/tuos_ros/tuos_examples'
[1.367s] INFO:colcon.colcon_core.package_selection:Skipping not selected package 'tuos_interfaces' in 'src/tuos_ros/tuos_interfaces'
[1.367s] INFO:colcon.colcon_core.package_selection:Skipping not selected package 'tuos_simulations' in 'src/tuos_ros/tuos_simulations'
[1.367s] INFO:colcon.colcon_core.package_selection:Skipping not selected package 'tuos_tb3_tools' in 'src/tuos_ros/tuos_tb3_tools'
[1.367s] INFO:colcon.colcon_core.package_selection:Skipping not selected package 'com2009_simulations' in 'src/tuos_ros/com2009_simulations'
[1.368s] INFO:colcon.colcon_core.package_selection:Skipping not selected package 'tuos_ros' in 'src/tuos_ros/tuos_ros'
[1.370s] Level 5:colcon.colcon_core.verb:set package 'part4_services' build argument 'cmake_args' from command line to 'None'
[1.370s] Level 5:colcon.colcon_core.verb:set package 'part4_services' build argument 'cmake_target' from command line to 'None'
[1.370s] Level 5:colcon.colcon_core.verb:set package 'part4_services' build argument 'cmake_target_skip_unavailable' from command line to 'False'
[1.370s] Level 5:colcon.colcon_core.verb:set package 'part4_services' build argument 'cmake_clean_cache' from command line to 'False'
[1.370s] Level 5:colcon.colcon_core.verb:set package 'part4_services' build argument 'cmake_clean_first' from command line to 'False'
[1.370s] Level 5:colcon.colcon_core.verb:set package 'part4_services' build argument 'cmake_force_configure' from command line to 'False'
[1.370s] Level 5:colcon.colcon_core.verb:set package 'part4_services' build argument 'ament_cmake_args' from command line to 'None'
[1.370s] Level 5:colcon.colcon_core.verb:set package 'part4_services' build argument 'catkin_cmake_args' from command line to 'None'
[1.370s] Level 5:colcon.colcon_core.verb:set package 'part4_services' build argument 'catkin_skip_building_tests' from command line to 'False'
[1.370s] DEBUG:colcon.colcon_core.verb:Building package 'part4_services' with the following arguments: {'ament_cmake_args': None, 'build_base': '/home/student/ros2_ws/build/part4_services', 'catkin_cmake_args': None, 'catkin_skip_building_tests': False, 'cmake_args': None, 'cmake_clean_cache': False, 'cmake_clean_first': False, 'cmake_force_configure': False, 'cmake_target': None, 'cmake_target_skip_unavailable': False, 'install_base': '/home/student/ros2_ws/install/part4_services', 'merge_install': False, 'path': '/home/student/ros2_ws/src/part4_services', 'symlink_install': True, 'test_result_base': None}
[1.371s] INFO:colcon.colcon_core.executor:Executing jobs using 'parallel' executor
[1.374s] DEBUG:colcon.colcon_parallel_executor.executor.parallel:run_until_complete
[1.374s] INFO:colcon.colcon_ros.task.ament_cmake.build:Building ROS package in '/home/student/ros2_ws/src/part4_services' with build type 'ament_cmake'
[1.375s] INFO:colcon.colcon_cmake.task.cmake.build:Building CMake package in '/home/student/ros2_ws/src/part4_services'
[1.379s] INFO:colcon.colcon_core.plugin_system:Skipping extension 'colcon_core.shell.bat': Not used on non-Windows systems
[1.379s] INFO:colcon.colcon_core.shell:Skip shell extension 'powershell' for command environment: Not usable outside of PowerShell
[1.380s] DEBUG:colcon.colcon_core.shell:Skip shell extension 'dsv' for command environment
[1.429s] DEBUG:colcon.colcon_core.event_handler.log_command:Invoking command in '/home/student/ros2_ws/build/part4_services': CMAKE_PREFIX_PATH=${CMAKE_PREFIX_PATH}:/opt/ros/humble /usr/bin/cmake --build /home/student/ros2_ws/build/part4_services -- -j16 -l16
[4.329s] DEBUG:colcon.colcon_core.event_handler.log_command:Invoked command in '/home/student/ros2_ws/build/part4_services' returned '0': CMAKE_PREFIX_PATH=${CMAKE_PREFIX_PATH}:/opt/ros/humble /usr/bin/cmake --build /home/student/ros2_ws/build/part4_services -- -j16 -l16
[4.350s] DEBUG:colcon.colcon_core.event_handler.log_command:Invoking command in '/home/student/ros2_ws/build/part4_services': CMAKE_PREFIX_PATH=${CMAKE_PREFIX_PATH}:/opt/ros/humble /usr/bin/cmake --install /home/student/ros2_ws/build/part4_services
[4.663s] Level 1:colcon.colcon_core.environment:create_environment_scripts_only(part4_services)
[4.666s] DEBUG:colcon.colcon_core.event_handler.log_command:Invoked command in '/home/student/ros2_ws/build/part4_services' returned '0': CMAKE_PREFIX_PATH=${CMAKE_PREFIX_PATH}:/opt/ros/humble /usr/bin/cmake --install /home/student/ros2_ws/build/part4_services
[4.671s] Level 1:colcon.colcon_core.environment:checking '/home/student/ros2_ws/install/part4_services' for CMake module files
[4.673s] Level 1:colcon.colcon_core.environment:checking '/home/student/ros2_ws/install/part4_services' for CMake config files
[4.674s] Level 1:colcon.colcon_core.shell:create_environment_hook('part4_services', 'cmake_prefix_path')
[4.675s] INFO:colcon.colcon_core.shell:Creating environment hook '/home/student/ros2_ws/install/part4_services/share/part4_services/hook/cmake_prefix_path.ps1'
[4.676s] INFO:colcon.colcon_core.shell:Creating environment descriptor '/home/student/ros2_ws/install/part4_services/share/part4_services/hook/cmake_prefix_path.dsv'
[4.678s] INFO:colcon.colcon_core.shell:Creating environment hook '/home/student/ros2_ws/install/part4_services/share/part4_services/hook/cmake_prefix_path.sh'
[4.683s] Level 1:colcon.colcon_core.environment:checking '/home/student/ros2_ws/install/part4_services/lib'
[4.684s] Level 1:colcon.colcon_core.shell:create_environment_hook('part4_services', 'ld_library_path_lib')
[4.685s] INFO:colcon.colcon_core.shell:Creating environment hook '/home/student/ros2_ws/install/part4_services/share/part4_services/hook/ld_library_path_lib.ps1'
[4.687s] INFO:colcon.colcon_core.shell:Creating environment descriptor '/home/student/ros2_ws/install/part4_services/share/part4_services/hook/ld_library_path_lib.dsv'
[4.688s] INFO:colcon.colcon_core.shell:Creating environment hook '/home/student/ros2_ws/install/part4_services/share/part4_services/hook/ld_library_path_lib.sh'
[4.689s] Level 1:colcon.colcon_core.environment:checking '/home/student/ros2_ws/install/part4_services/bin'
[4.689s] Level 1:colcon.colcon_core.environment:checking '/home/student/ros2_ws/install/part4_services/lib/pkgconfig/part4_services.pc'
[4.692s] Level 1:colcon.colcon_core.environment:checking '/home/student/ros2_ws/install/part4_services/lib/python3.10/site-packages'
[4.693s] Level 1:colcon.colcon_core.environment:checking '/home/student/ros2_ws/install/part4_services/bin'
[4.695s] INFO:colcon.colcon_core.shell:Creating package script '/home/student/ros2_ws/install/part4_services/share/part4_services/package.ps1'
[4.698s] INFO:colcon.colcon_core.shell:Creating package descriptor '/home/student/ros2_ws/install/part4_services/share/part4_services/package.dsv'
[4.699s] INFO:colcon.colcon_core.shell:Creating package script '/home/student/ros2_ws/install/part4_services/share/part4_services/package.sh'
[4.700s] INFO:colcon.colcon_core.shell:Creating package script '/home/student/ros2_ws/install/part4_services/share/part4_services/package.bash'
[4.703s] INFO:colcon.colcon_core.shell:Creating package script '/home/student/ros2_ws/install/part4_services/share/part4_services/package.zsh'
[4.705s] Level 1:colcon.colcon_core.environment:create_file_with_runtime_dependencies(/home/student/ros2_ws/install/part4_services/share/colcon-core/packages/part4_services)
[4.708s] Level 1:colcon.colcon_core.environment:create_environment_scripts_only(part4_services)
[4.708s] Level 1:colcon.colcon_core.environment:checking '/home/student/ros2_ws/install/part4_services' for CMake module files
[4.710s] Level 1:colcon.colcon_core.environment:checking '/home/student/ros2_ws/install/part4_services' for CMake config files
[4.711s] Level 1:colcon.colcon_core.shell:create_environment_hook('part4_services', 'cmake_prefix_path')
[4.712s] INFO:colcon.colcon_core.shell:Creating environment hook '/home/student/ros2_ws/install/part4_services/share/part4_services/hook/cmake_prefix_path.ps1'
[4.713s] INFO:colcon.colcon_core.shell:Creating environment descriptor '/home/student/ros2_ws/install/part4_services/share/part4_services/hook/cmake_prefix_path.dsv'
[4.714s] INFO:colcon.colcon_core.shell:Creating environment hook '/home/student/ros2_ws/install/part4_services/share/part4_services/hook/cmake_prefix_path.sh'
[4.715s] Level 1:colcon.colcon_core.environment:checking '/home/student/ros2_ws/install/part4_services/lib'
[4.715s] Level 1:colcon.colcon_core.shell:create_environment_hook('part4_services', 'ld_library_path_lib')
[4.716s] INFO:colcon.colcon_core.shell:Creating environment hook '/home/student/ros2_ws/install/part4_services/share/part4_services/hook/ld_library_path_lib.ps1'
[4.717s] INFO:colcon.colcon_core.shell:Creating environment descriptor '/home/student/ros2_ws/install/part4_services/share/part4_services/hook/ld_library_path_lib.dsv'
[4.717s] INFO:colcon.colcon_core.shell:Creating environment hook '/home/student/ros2_ws/install/part4_services/share/part4_services/hook/ld_library_path_lib.sh'
[4.718s] Level 1:colcon.colcon_core.environment:checking '/home/student/ros2_ws/install/part4_services/bin'
[4.719s] Level 1:colcon.colcon_core.environment:checking '/home/student/ros2_ws/install/part4_services/lib/pkgconfig/part4_services.pc'
[4.720s] Level 1:colcon.colcon_core.environment:checking '/home/student/ros2_ws/install/part4_services/lib/python3.10/site-packages'
[4.720s] Level 1:colcon.colcon_core.environment:checking '/home/student/ros2_ws/install/part4_services/bin'
[4.721s] INFO:colcon.colcon_core.shell:Creating package script '/home/student/ros2_ws/install/part4_services/share/part4_services/package.ps1'
[4.723s] INFO:colcon.colcon_core.shell:Creating package descriptor '/home/student/ros2_ws/install/part4_services/share/part4_services/package.dsv'
[4.724s] INFO:colcon.colcon_core.shell:Creating package script '/home/student/ros2_ws/install/part4_services/share/part4_services/package.sh'
[4.725s] INFO:colcon.colcon_core.shell:Creating package script '/home/student/ros2_ws/install/part4_services/share/part4_services/package.bash'
[4.727s] INFO:colcon.colcon_core.shell:Creating package script '/home/student/ros2_ws/install/part4_services/share/part4_services/package.zsh'
[4.728s] Level 1:colcon.colcon_core.environment:create_file_with_runtime_dependencies(/home/student/ros2_ws/install/part4_services/share/colcon-core/packages/part4_services)
[4.730s] DEBUG:colcon.colcon_parallel_executor.executor.parallel:closing loop
[4.732s] DEBUG:colcon.colcon_parallel_executor.executor.parallel:loop closed
[4.733s] DEBUG:colcon.colcon_parallel_executor.executor.parallel:run_until_complete finished with '0'
[4.733s] DEBUG:colcon.colcon_core.event_reactor:joining thread
[4.944s] INFO:colcon.colcon_core.plugin_system:Skipping extension 'colcon_notification.desktop_notification.notify_send': Could not find 'notify-send'
[4.945s] INFO:colcon.colcon_core.plugin_system:Skipping extension 'colcon_notification.desktop_notification.terminal_notifier': Not used on non-Darwin systems
[4.945s] INFO:colcon.colcon_core.plugin_system:Skipping extension 'colcon_notification.desktop_notification.win32': Not used on non-Windows systems
[4.945s] INFO:colcon.colcon_notification.desktop_notification:Sending desktop notification using 'notify2'
[5.144s] DEBUG:colcon.colcon_notification.desktop_notification.notify2:Failed to initialize notify2: org.freedesktop.DBus.Error.Spawn.ExecFailed: /usr/bin/dbus-launch terminated abnormally without any error message
[5.145s] DEBUG:colcon.colcon_core.event_reactor:joined thread
[5.146s] INFO:colcon.colcon_core.shell:Creating prefix script '/home/student/ros2_ws/install/local_setup.ps1'
[5.149s] INFO:colcon.colcon_core.shell:Creating prefix util module '/home/student/ros2_ws/install/_local_setup_util_ps1.py'
[5.152s] INFO:colcon.colcon_core.shell:Creating prefix chain script '/home/student/ros2_ws/install/setup.ps1'
[5.160s] INFO:colcon.colcon_core.shell:Creating prefix script '/home/student/ros2_ws/install/local_setup.sh'
[5.163s] INFO:colcon.colcon_core.shell:Creating prefix util module '/home/student/ros2_ws/install/_local_setup_util_sh.py'
[5.164s] INFO:colcon.colcon_core.shell:Creating prefix chain script '/home/student/ros2_ws/install/setup.sh'
[5.171s] INFO:colcon.colcon_core.shell:Creating prefix script '/home/student/ros2_ws/install/local_setup.bash'
[5.173s] INFO:colcon.colcon_core.shell:Creating prefix chain script '/home/student/ros2_ws/install/setup.bash'
[5.176s] INFO:colcon.colcon_core.shell:Creating prefix script '/home/student/ros2_ws/install/local_setup.zsh'
[5.177s] INFO:colcon.colcon_core.shell:Creating prefix chain script '/home/student/ros2_ws/install/setup.zsh'
