[0.192s] Invoking command in '/home/student/ros2_ws/build/tuos_tb3_tools': CMAKE_PREFIX_PATH=${CMAKE_PREFIX_PATH}:/opt/ros/humble /usr/bin/cmake --build /home/student/ros2_ws/build/tuos_tb3_tools -- -j16 -l16
[0.484s] [100%] Built target cpp_executable
[0.580s] Invoked command in '/home/student/ros2_ws/build/tuos_tb3_tools' returned '0': CMAKE_PREFIX_PATH=${CMAKE_PREFIX_PATH}:/opt/ros/humble /usr/bin/cmake --build /home/student/ros2_ws/build/tuos_tb3_tools -- -j16 -l16
[0.592s] Invoking command in '/home/student/ros2_ws/build/tuos_tb3_tools': CMAKE_PREFIX_PATH=${CMAKE_PREFIX_PATH}:/opt/ros/humble /usr/bin/cmake --install /home/student/ros2_ws/build/tuos_tb3_tools
[0.625s] -- Install configuration: ""
[0.626s] -- Up-to-date: /home/student/ros2_ws/install/tuos_tb3_tools/lib/tuos_tb3_tools/cpp_executable
[0.627s] -- Up-to-date: /home/student/ros2_ws/install/tuos_tb3_tools/lib/tuos_tb3_tools/tb3_status.py
[0.628s] -- Up-to-date: /home/student/ros2_ws/install/tuos_tb3_tools/share/tuos_tb3_tools/launch
[0.629s] -- Up-to-date: /home/student/ros2_ws/install/tuos_tb3_tools/share/tuos_tb3_tools/launch/ros.launch.py
[0.629s] -- Up-to-date: /home/student/ros2_ws/install/tuos_tb3_tools/share/tuos_tb3_tools/launch/rviz.launch.py
[0.630s] -- Up-to-date: /home/student/ros2_ws/install/tuos_tb3_tools/share/tuos_tb3_tools/launch/slam.launch.py
[0.631s] -- Up-to-date: /home/student/ros2_ws/install/tuos_tb3_tools/share/tuos_tb3_tools/rviz
[0.631s] -- Up-to-date: /home/student/ros2_ws/install/tuos_tb3_tools/share/tuos_tb3_tools/rviz/waffle.rviz
[0.632s] -- Up-to-date: /home/student/ros2_ws/install/tuos_tb3_tools/share/tuos_tb3_tools/rviz/waffle_slam.rviz
[0.632s] -- Up-to-date: /home/student/ros2_ws/install/tuos_tb3_tools/share/ament_index/resource_index/package_run_dependencies/tuos_tb3_tools
[0.632s] -- Up-to-date: /home/student/ros2_ws/install/tuos_tb3_tools/share/ament_index/resource_index/parent_prefix_path/tuos_tb3_tools
[0.632s] -- Up-to-date: /home/student/ros2_ws/install/tuos_tb3_tools/share/tuos_tb3_tools/environment/ament_prefix_path.sh
[0.632s] -- Up-to-date: /home/student/ros2_ws/install/tuos_tb3_tools/share/tuos_tb3_tools/environment/ament_prefix_path.dsv
[0.632s] -- Up-to-date: /home/student/ros2_ws/install/tuos_tb3_tools/share/tuos_tb3_tools/environment/path.sh
[0.632s] -- Up-to-date: /home/student/ros2_ws/install/tuos_tb3_tools/share/tuos_tb3_tools/environment/path.dsv
[0.633s] -- Up-to-date: /home/student/ros2_ws/install/tuos_tb3_tools/share/tuos_tb3_tools/local_setup.bash
[0.633s] -- Up-to-date: /home/student/ros2_ws/install/tuos_tb3_tools/share/tuos_tb3_tools/local_setup.sh
[0.634s] -- Up-to-date: /home/student/ros2_ws/install/tuos_tb3_tools/share/tuos_tb3_tools/local_setup.zsh
[0.634s] -- Up-to-date: /home/student/ros2_ws/install/tuos_tb3_tools/share/tuos_tb3_tools/local_setup.dsv
[0.634s] -- Installing: /home/student/ros2_ws/install/tuos_tb3_tools/share/tuos_tb3_tools/package.dsv
[0.634s] -- Up-to-date: /home/student/ros2_ws/install/tuos_tb3_tools/share/ament_index/resource_index/packages/tuos_tb3_tools
[0.635s] -- Up-to-date: /home/student/ros2_ws/install/tuos_tb3_tools/share/tuos_tb3_tools/cmake/tuos_tb3_toolsConfig.cmake
[0.635s] -- Up-to-date: /home/student/ros2_ws/install/tuos_tb3_tools/share/tuos_tb3_tools/cmake/tuos_tb3_toolsConfig-version.cmake
[0.635s] -- Up-to-date: /home/student/ros2_ws/install/tuos_tb3_tools/share/tuos_tb3_tools/package.xml
[0.653s] Invoked command in '/home/student/ros2_ws/build/tuos_tb3_tools' returned '0': CMAKE_PREFIX_PATH=${CMAKE_PREFIX_PATH}:/opt/ros/humble /usr/bin/cmake --install /home/student/ros2_ws/build/tuos_tb3_tools
