[0.395s] Invoking command in '/home/student/ros2_ws/build/tuos_ros': AMENT_PREFIX_PATH=/home/student/ros2_ws/install/com2009_simulations:/home/student/ros2_ws/install/tuos_tb3_tools:/home/student/ros2_ws/install/tuos_simulations:/home/student/ros2_ws/install/tuos_interfaces:/home/student/ros2_ws/install/tuos_examples:${AMENT_PREFIX_PATH} CMAKE_PREFIX_PATH=/home/student/ros2_ws/install/com2009_simulations:/home/student/ros2_ws/install/tuos_tb3_tools:/home/student/ros2_ws/install/tuos_simulations:/home/student/ros2_ws/install/tuos_interfaces:/home/student/ros2_ws/install/tuos_examples:/opt/ros/humble LD_LIBRARY_PATH=/home/student/ros2_ws/install/tuos_interfaces/lib:/usr/lib/x86_64-linux-gnu/gazebo-11/plugins:/opt/ros/humble/opt/rviz_ogre_vendor/lib:/opt/ros/humble/lib/x86_64-linux-gnu:/opt/ros/humble/lib:/usr/share/gazebo/../../lib/x86_64-linux-gnu/gazebo-11/plugins PYTHONPATH=/home/student/ros2_ws/install/tuos_interfaces/local/lib/python3.10/dist-packages:/home/student/ros2_ws/install/tuos_examples/local/lib/python3.10/dist-packages:${PYTHONPATH} /usr/bin/cmake /home/student/ros2_ws/src/tuos_ros/tuos_ros -DCMAKE_INSTALL_PREFIX=/home/student/ros2_ws/install/tuos_ros
[0.586s] -- The C compiler identification is GNU 11.4.0
[1.325s] -- The CXX compiler identification is GNU 11.4.0
[1.910s] -- Detecting C compiler ABI info
[2.130s] -- Detecting C compiler ABI info - done
[2.138s] -- Check for working C compiler: /usr/bin/cc - skipped
[2.139s] -- Detecting C compile features
[2.139s] -- Detecting C compile features - done
[2.143s] -- Detecting CXX compiler ABI info
[2.369s] -- Detecting CXX compiler ABI info - done
[2.379s] -- Check for working CXX compiler: /usr/bin/c++ - skipped
[2.379s] -- Detecting CXX compile features
[2.380s] -- Detecting CXX compile features - done
[2.385s] -- Found ament_cmake: 1.3.11 (/opt/ros/humble/share/ament_cmake/cmake)
[2.587s] -- Found Python3: /usr/bin/python3 (found version "3.10.12") found components: Interpreter 
[2.779s] -- Configuring done
[2.785s] -- Generating done
[2.787s] -- Build files have been written to: /home/student/ros2_ws/build/tuos_ros
[2.793s] Invoked command in '/home/student/ros2_ws/build/tuos_ros' returned '0': AMENT_PREFIX_PATH=/home/student/ros2_ws/install/com2009_simulations:/home/student/ros2_ws/install/tuos_tb3_tools:/home/student/ros2_ws/install/tuos_simulations:/home/student/ros2_ws/install/tuos_interfaces:/home/student/ros2_ws/install/tuos_examples:${AMENT_PREFIX_PATH} CMAKE_PREFIX_PATH=/home/student/ros2_ws/install/com2009_simulations:/home/student/ros2_ws/install/tuos_tb3_tools:/home/student/ros2_ws/install/tuos_simulations:/home/student/ros2_ws/install/tuos_interfaces:/home/student/ros2_ws/install/tuos_examples:/opt/ros/humble LD_LIBRARY_PATH=/home/student/ros2_ws/install/tuos_interfaces/lib:/usr/lib/x86_64-linux-gnu/gazebo-11/plugins:/opt/ros/humble/opt/rviz_ogre_vendor/lib:/opt/ros/humble/lib/x86_64-linux-gnu:/opt/ros/humble/lib:/usr/share/gazebo/../../lib/x86_64-linux-gnu/gazebo-11/plugins PYTHONPATH=/home/student/ros2_ws/install/tuos_interfaces/local/lib/python3.10/dist-packages:/home/student/ros2_ws/install/tuos_examples/local/lib/python3.10/dist-packages:${PYTHONPATH} /usr/bin/cmake /home/student/ros2_ws/src/tuos_ros/tuos_ros -DCMAKE_INSTALL_PREFIX=/home/student/ros2_ws/install/tuos_ros
[2.794s] Invoking command in '/home/student/ros2_ws/build/tuos_ros': AMENT_PREFIX_PATH=/home/student/ros2_ws/install/com2009_simulations:/home/student/ros2_ws/install/tuos_tb3_tools:/home/student/ros2_ws/install/tuos_simulations:/home/student/ros2_ws/install/tuos_interfaces:/home/student/ros2_ws/install/tuos_examples:${AMENT_PREFIX_PATH} CMAKE_PREFIX_PATH=/home/student/ros2_ws/install/com2009_simulations:/home/student/ros2_ws/install/tuos_tb3_tools:/home/student/ros2_ws/install/tuos_simulations:/home/student/ros2_ws/install/tuos_interfaces:/home/student/ros2_ws/install/tuos_examples:/opt/ros/humble LD_LIBRARY_PATH=/home/student/ros2_ws/install/tuos_interfaces/lib:/usr/lib/x86_64-linux-gnu/gazebo-11/plugins:/opt/ros/humble/opt/rviz_ogre_vendor/lib:/opt/ros/humble/lib/x86_64-linux-gnu:/opt/ros/humble/lib:/usr/share/gazebo/../../lib/x86_64-linux-gnu/gazebo-11/plugins PYTHONPATH=/home/student/ros2_ws/install/tuos_interfaces/local/lib/python3.10/dist-packages:/home/student/ros2_ws/install/tuos_examples/local/lib/python3.10/dist-packages:${PYTHONPATH} /usr/bin/cmake --build /home/student/ros2_ws/build/tuos_ros -- -j16 -l16
[2.837s] Invoked command in '/home/student/ros2_ws/build/tuos_ros' returned '0': AMENT_PREFIX_PATH=/home/student/ros2_ws/install/com2009_simulations:/home/student/ros2_ws/install/tuos_tb3_tools:/home/student/ros2_ws/install/tuos_simulations:/home/student/ros2_ws/install/tuos_interfaces:/home/student/ros2_ws/install/tuos_examples:${AMENT_PREFIX_PATH} CMAKE_PREFIX_PATH=/home/student/ros2_ws/install/com2009_simulations:/home/student/ros2_ws/install/tuos_tb3_tools:/home/student/ros2_ws/install/tuos_simulations:/home/student/ros2_ws/install/tuos_interfaces:/home/student/ros2_ws/install/tuos_examples:/opt/ros/humble LD_LIBRARY_PATH=/home/student/ros2_ws/install/tuos_interfaces/lib:/usr/lib/x86_64-linux-gnu/gazebo-11/plugins:/opt/ros/humble/opt/rviz_ogre_vendor/lib:/opt/ros/humble/lib/x86_64-linux-gnu:/opt/ros/humble/lib:/usr/share/gazebo/../../lib/x86_64-linux-gnu/gazebo-11/plugins PYTHONPATH=/home/student/ros2_ws/install/tuos_interfaces/local/lib/python3.10/dist-packages:/home/student/ros2_ws/install/tuos_examples/local/lib/python3.10/dist-packages:${PYTHONPATH} /usr/bin/cmake --build /home/student/ros2_ws/build/tuos_ros -- -j16 -l16
[2.840s] Invoking command in '/home/student/ros2_ws/build/tuos_ros': AMENT_PREFIX_PATH=/home/student/ros2_ws/install/com2009_simulations:/home/student/ros2_ws/install/tuos_tb3_tools:/home/student/ros2_ws/install/tuos_simulations:/home/student/ros2_ws/install/tuos_interfaces:/home/student/ros2_ws/install/tuos_examples:${AMENT_PREFIX_PATH} CMAKE_PREFIX_PATH=/home/student/ros2_ws/install/com2009_simulations:/home/student/ros2_ws/install/tuos_tb3_tools:/home/student/ros2_ws/install/tuos_simulations:/home/student/ros2_ws/install/tuos_interfaces:/home/student/ros2_ws/install/tuos_examples:/opt/ros/humble LD_LIBRARY_PATH=/home/student/ros2_ws/install/tuos_interfaces/lib:/usr/lib/x86_64-linux-gnu/gazebo-11/plugins:/opt/ros/humble/opt/rviz_ogre_vendor/lib:/opt/ros/humble/lib/x86_64-linux-gnu:/opt/ros/humble/lib:/usr/share/gazebo/../../lib/x86_64-linux-gnu/gazebo-11/plugins PYTHONPATH=/home/student/ros2_ws/install/tuos_interfaces/local/lib/python3.10/dist-packages:/home/student/ros2_ws/install/tuos_examples/local/lib/python3.10/dist-packages:${PYTHONPATH} /usr/bin/cmake --install /home/student/ros2_ws/build/tuos_ros
[2.848s] -- Install configuration: ""
[2.849s] -- Installing: /home/student/ros2_ws/install/tuos_ros/share/ament_index/resource_index/package_run_dependencies/tuos_ros
[2.850s] -- Installing: /home/student/ros2_ws/install/tuos_ros/share/ament_index/resource_index/parent_prefix_path/tuos_ros
[2.850s] -- Installing: /home/student/ros2_ws/install/tuos_ros/share/tuos_ros/environment/ament_prefix_path.sh
[2.850s] -- Installing: /home/student/ros2_ws/install/tuos_ros/share/tuos_ros/environment/ament_prefix_path.dsv
[2.851s] -- Installing: /home/student/ros2_ws/install/tuos_ros/share/tuos_ros/environment/path.sh
[2.851s] -- Installing: /home/student/ros2_ws/install/tuos_ros/share/tuos_ros/environment/path.dsv
[2.851s] -- Installing: /home/student/ros2_ws/install/tuos_ros/share/tuos_ros/local_setup.bash
[2.852s] -- Installing: /home/student/ros2_ws/install/tuos_ros/share/tuos_ros/local_setup.sh
[2.852s] -- Installing: /home/student/ros2_ws/install/tuos_ros/share/tuos_ros/local_setup.zsh
[2.852s] -- Installing: /home/student/ros2_ws/install/tuos_ros/share/tuos_ros/local_setup.dsv
[2.852s] -- Installing: /home/student/ros2_ws/install/tuos_ros/share/tuos_ros/package.dsv
[2.853s] -- Installing: /home/student/ros2_ws/install/tuos_ros/share/ament_index/resource_index/packages/tuos_ros
[2.853s] -- Installing: /home/student/ros2_ws/install/tuos_ros/share/tuos_ros/cmake/tuos_rosConfig.cmake
[2.853s] -- Installing: /home/student/ros2_ws/install/tuos_ros/share/tuos_ros/cmake/tuos_rosConfig-version.cmake
[2.854s] -- Installing: /home/student/ros2_ws/install/tuos_ros/share/tuos_ros/package.xml
[2.856s] Invoked command in '/home/student/ros2_ws/build/tuos_ros' returned '0': AMENT_PREFIX_PATH=/home/student/ros2_ws/install/com2009_simulations:/home/student/ros2_ws/install/tuos_tb3_tools:/home/student/ros2_ws/install/tuos_simulations:/home/student/ros2_ws/install/tuos_interfaces:/home/student/ros2_ws/install/tuos_examples:${AMENT_PREFIX_PATH} CMAKE_PREFIX_PATH=/home/student/ros2_ws/install/com2009_simulations:/home/student/ros2_ws/install/tuos_tb3_tools:/home/student/ros2_ws/install/tuos_simulations:/home/student/ros2_ws/install/tuos_interfaces:/home/student/ros2_ws/install/tuos_examples:/opt/ros/humble LD_LIBRARY_PATH=/home/student/ros2_ws/install/tuos_interfaces/lib:/usr/lib/x86_64-linux-gnu/gazebo-11/plugins:/opt/ros/humble/opt/rviz_ogre_vendor/lib:/opt/ros/humble/lib/x86_64-linux-gnu:/opt/ros/humble/lib:/usr/share/gazebo/../../lib/x86_64-linux-gnu/gazebo-11/plugins PYTHONPATH=/home/student/ros2_ws/install/tuos_interfaces/local/lib/python3.10/dist-packages:/home/student/ros2_ws/install/tuos_examples/local/lib/python3.10/dist-packages:${PYTHONPATH} /usr/bin/cmake --install /home/student/ros2_ws/build/tuos_ros
