[0.629s] DEBUG:colcon:Command line arguments: ['/usr/bin/colcon', 'build', '--packages-up-to', 'tuos_ros']
[0.629s] DEBUG:colcon:Parsed command line arguments: Namespace(log_base=None, log_level=None, verb_name='build', build_base='build', install_base='install', merge_install=False, symlink_install=False, test_result_base=None, continue_on_error=False, executor='parallel', parallel_workers=16, event_handlers=None, ignore_user_meta=False, metas=['./colcon.meta'], base_paths=['.'], packages_ignore=None, packages_ignore_regex=None, paths=None, packages_up_to=['tuos_ros'], packages_up_to_regex=None, packages_above=None, packages_above_and_dependencies=None, packages_above_depth=None, packages_select_by_dep=None, packages_skip_by_dep=None, packages_skip_up_to=None, packages_select_build_failed=False, packages_skip_build_finished=False, packages_select_test_failures=False, packages_skip_test_passed=False, packages_select=None, packages_skip=None, packages_select_regex=None, packages_skip_regex=None, packages_start=None, packages_end=None, cmake_args=None, cmake_target=None, cmake_target_skip_unavailable=False, cmake_clean_cache=False, cmake_clean_first=False, cmake_force_configure=False, ament_cmake_args=None, catkin_cmake_args=None, catkin_skip_building_tests=False, mixin_files=None, mixin=None, verb_parser=<colcon_mixin.mixin.mixin_argument.MixinArgumentDecorator object at 0x7f70b1bb5750>, verb_extension=<colcon_core.verb.build.BuildVerb object at 0x7f70b1cb26b0>, main=<bound method BuildVerb.main of <colcon_core.verb.build.BuildVerb object at 0x7f70b1cb26b0>>, mixin_verb=('build',))
[1.075s] Level 1:colcon.colcon_core.package_discovery:discover_packages(colcon_meta) check parameters
[1.075s] Level 1:colcon.colcon_core.package_discovery:discover_packages(recursive) check parameters
[1.075s] Level 1:colcon.colcon_core.package_discovery:discover_packages(ignore) check parameters
[1.076s] Level 1:colcon.colcon_core.package_discovery:discover_packages(path) check parameters
[1.076s] Level 1:colcon.colcon_core.package_discovery:discover_packages(colcon_meta) discover
[1.076s] Level 1:colcon.colcon_core.package_discovery:discover_packages(recursive) discover
[1.076s] INFO:colcon.colcon_core.package_discovery:Crawling recursively for packages in '/home/student/ros2_ws'
[1.076s] Level 1:colcon.colcon_core.package_identification:_identify(.) by extensions ['ignore', 'ignore_ament_install']
[1.076s] Level 1:colcon.colcon_core.package_identification:_identify(.) by extension 'ignore'
[1.076s] Level 1:colcon.colcon_core.package_identification:_identify(.) by extension 'ignore_ament_install'
[1.077s] Level 1:colcon.colcon_core.package_identification:_identify(.) by extensions ['colcon_pkg']
[1.077s] Level 1:colcon.colcon_core.package_identification:_identify(.) by extension 'colcon_pkg'
[1.077s] Level 1:colcon.colcon_core.package_identification:_identify(.) by extensions ['colcon_meta']
[1.077s] Level 1:colcon.colcon_core.package_identification:_identify(.) by extension 'colcon_meta'
[1.077s] Level 1:colcon.colcon_core.package_identification:_identify(.) by extensions ['ros']
[1.077s] Level 1:colcon.colcon_core.package_identification:_identify(.) by extension 'ros'
[1.108s] Level 1:colcon.colcon_core.package_identification:_identify(.) by extensions ['cmake', 'python']
[1.108s] Level 1:colcon.colcon_core.package_identification:_identify(.) by extension 'cmake'
[1.108s] Level 1:colcon.colcon_core.package_identification:_identify(.) by extension 'python'
[1.108s] Level 1:colcon.colcon_core.package_identification:_identify(.) by extensions ['python_setup_py']
[1.108s] Level 1:colcon.colcon_core.package_identification:_identify(.) by extension 'python_setup_py'
[1.108s] Level 1:colcon.colcon_core.package_identification:_identify(build) by extensions ['ignore', 'ignore_ament_install']
[1.108s] Level 1:colcon.colcon_core.package_identification:_identify(build) by extension 'ignore'
[1.109s] Level 1:colcon.colcon_core.package_identification:_identify(build) ignored
[1.109s] Level 1:colcon.colcon_core.package_identification:_identify(install) by extensions ['ignore', 'ignore_ament_install']
[1.109s] Level 1:colcon.colcon_core.package_identification:_identify(install) by extension 'ignore'
[1.109s] Level 1:colcon.colcon_core.package_identification:_identify(install) ignored
[1.110s] Level 1:colcon.colcon_core.package_identification:_identify(log) by extensions ['ignore', 'ignore_ament_install']
[1.110s] Level 1:colcon.colcon_core.package_identification:_identify(log) by extension 'ignore'
[1.110s] Level 1:colcon.colcon_core.package_identification:_identify(log) ignored
[1.110s] Level 1:colcon.colcon_core.package_identification:_identify(src) by extensions ['ignore', 'ignore_ament_install']
[1.110s] Level 1:colcon.colcon_core.package_identification:_identify(src) by extension 'ignore'
[1.111s] Level 1:colcon.colcon_core.package_identification:_identify(src) by extension 'ignore_ament_install'
[1.111s] Level 1:colcon.colcon_core.package_identification:_identify(src) by extensions ['colcon_pkg']
[1.111s] Level 1:colcon.colcon_core.package_identification:_identify(src) by extension 'colcon_pkg'
[1.111s] Level 1:colcon.colcon_core.package_identification:_identify(src) by extensions ['colcon_meta']
[1.111s] Level 1:colcon.colcon_core.package_identification:_identify(src) by extension 'colcon_meta'
[1.112s] Level 1:colcon.colcon_core.package_identification:_identify(src) by extensions ['ros']
[1.112s] Level 1:colcon.colcon_core.package_identification:_identify(src) by extension 'ros'
[1.112s] Level 1:colcon.colcon_core.package_identification:_identify(src) by extensions ['cmake', 'python']
[1.112s] Level 1:colcon.colcon_core.package_identification:_identify(src) by extension 'cmake'
[1.112s] Level 1:colcon.colcon_core.package_identification:_identify(src) by extension 'python'
[1.112s] Level 1:colcon.colcon_core.package_identification:_identify(src) by extensions ['python_setup_py']
[1.112s] Level 1:colcon.colcon_core.package_identification:_identify(src) by extension 'python_setup_py'
[1.113s] Level 1:colcon.colcon_core.package_identification:_identify(src/part1_pubsub) by extensions ['ignore', 'ignore_ament_install']
[1.113s] Level 1:colcon.colcon_core.package_identification:_identify(src/part1_pubsub) by extension 'ignore'
[1.114s] Level 1:colcon.colcon_core.package_identification:_identify(src/part1_pubsub) by extension 'ignore_ament_install'
[1.114s] Level 1:colcon.colcon_core.package_identification:_identify(src/part1_pubsub) by extensions ['colcon_pkg']
[1.114s] Level 1:colcon.colcon_core.package_identification:_identify(src/part1_pubsub) by extension 'colcon_pkg'
[1.114s] Level 1:colcon.colcon_core.package_identification:_identify(src/part1_pubsub) by extensions ['colcon_meta']
[1.114s] Level 1:colcon.colcon_core.package_identification:_identify(src/part1_pubsub) by extension 'colcon_meta'
[1.114s] Level 1:colcon.colcon_core.package_identification:_identify(src/part1_pubsub) by extensions ['ros']
[1.114s] Level 1:colcon.colcon_core.package_identification:_identify(src/part1_pubsub) by extension 'ros'
[1.121s] DEBUG:colcon.colcon_core.package_identification:Package 'src/part1_pubsub' with type 'ros.ament_cmake' and name 'part1_pubsub'
[1.122s] Level 1:colcon.colcon_core.package_identification:_identify(src/part2_navigation) by extensions ['ignore', 'ignore_ament_install']
[1.122s] Level 1:colcon.colcon_core.package_identification:_identify(src/part2_navigation) by extension 'ignore'
[1.122s] Level 1:colcon.colcon_core.package_identification:_identify(src/part2_navigation) by extension 'ignore_ament_install'
[1.123s] Level 1:colcon.colcon_core.package_identification:_identify(src/part2_navigation) by extensions ['colcon_pkg']
[1.123s] Level 1:colcon.colcon_core.package_identification:_identify(src/part2_navigation) by extension 'colcon_pkg'
[1.123s] Level 1:colcon.colcon_core.package_identification:_identify(src/part2_navigation) by extensions ['colcon_meta']
[1.123s] Level 1:colcon.colcon_core.package_identification:_identify(src/part2_navigation) by extension 'colcon_meta'
[1.124s] Level 1:colcon.colcon_core.package_identification:_identify(src/part2_navigation) by extensions ['ros']
[1.124s] Level 1:colcon.colcon_core.package_identification:_identify(src/part2_navigation) by extension 'ros'
[1.126s] DEBUG:colcon.colcon_core.package_identification:Package 'src/part2_navigation' with type 'ros.ament_cmake' and name 'part2_navigation'
[1.127s] Level 1:colcon.colcon_core.package_identification:_identify(src/tuos_ros) by extensions ['ignore', 'ignore_ament_install']
[1.127s] Level 1:colcon.colcon_core.package_identification:_identify(src/tuos_ros) by extension 'ignore'
[1.127s] Level 1:colcon.colcon_core.package_identification:_identify(src/tuos_ros) by extension 'ignore_ament_install'
[1.128s] Level 1:colcon.colcon_core.package_identification:_identify(src/tuos_ros) by extensions ['colcon_pkg']
[1.128s] Level 1:colcon.colcon_core.package_identification:_identify(src/tuos_ros) by extension 'colcon_pkg'
[1.128s] Level 1:colcon.colcon_core.package_identification:_identify(src/tuos_ros) by extensions ['colcon_meta']
[1.128s] Level 1:colcon.colcon_core.package_identification:_identify(src/tuos_ros) by extension 'colcon_meta'
[1.128s] Level 1:colcon.colcon_core.package_identification:_identify(src/tuos_ros) by extensions ['ros']
[1.128s] Level 1:colcon.colcon_core.package_identification:_identify(src/tuos_ros) by extension 'ros'
[1.129s] Level 1:colcon.colcon_core.package_identification:_identify(src/tuos_ros) by extensions ['cmake', 'python']
[1.129s] Level 1:colcon.colcon_core.package_identification:_identify(src/tuos_ros) by extension 'cmake'
[1.129s] Level 1:colcon.colcon_core.package_identification:_identify(src/tuos_ros) by extension 'python'
[1.129s] Level 1:colcon.colcon_core.package_identification:_identify(src/tuos_ros) by extensions ['python_setup_py']
[1.130s] Level 1:colcon.colcon_core.package_identification:_identify(src/tuos_ros) by extension 'python_setup_py'
[1.130s] Level 1:colcon.colcon_core.package_identification:_identify(src/tuos_ros/com2009_simulations) by extensions ['ignore', 'ignore_ament_install']
[1.130s] Level 1:colcon.colcon_core.package_identification:_identify(src/tuos_ros/com2009_simulations) by extension 'ignore'
[1.131s] Level 1:colcon.colcon_core.package_identification:_identify(src/tuos_ros/com2009_simulations) by extension 'ignore_ament_install'
[1.131s] Level 1:colcon.colcon_core.package_identification:_identify(src/tuos_ros/com2009_simulations) by extensions ['colcon_pkg']
[1.131s] Level 1:colcon.colcon_core.package_identification:_identify(src/tuos_ros/com2009_simulations) by extension 'colcon_pkg'
[1.131s] Level 1:colcon.colcon_core.package_identification:_identify(src/tuos_ros/com2009_simulations) by extensions ['colcon_meta']
[1.131s] Level 1:colcon.colcon_core.package_identification:_identify(src/tuos_ros/com2009_simulations) by extension 'colcon_meta'
[1.131s] Level 1:colcon.colcon_core.package_identification:_identify(src/tuos_ros/com2009_simulations) by extensions ['ros']
[1.131s] Level 1:colcon.colcon_core.package_identification:_identify(src/tuos_ros/com2009_simulations) by extension 'ros'
[1.133s] DEBUG:colcon.colcon_core.package_identification:Package 'src/tuos_ros/com2009_simulations' with type 'ros.ament_cmake' and name 'com2009_simulations'
[1.133s] Level 1:colcon.colcon_core.package_identification:_identify(src/tuos_ros/tuos_examples) by extensions ['ignore', 'ignore_ament_install']
[1.134s] Level 1:colcon.colcon_core.package_identification:_identify(src/tuos_ros/tuos_examples) by extension 'ignore'
[1.134s] Level 1:colcon.colcon_core.package_identification:_identify(src/tuos_ros/tuos_examples) by extension 'ignore_ament_install'
[1.134s] Level 1:colcon.colcon_core.package_identification:_identify(src/tuos_ros/tuos_examples) by extensions ['colcon_pkg']
[1.135s] Level 1:colcon.colcon_core.package_identification:_identify(src/tuos_ros/tuos_examples) by extension 'colcon_pkg'
[1.135s] Level 1:colcon.colcon_core.package_identification:_identify(src/tuos_ros/tuos_examples) by extensions ['colcon_meta']
[1.135s] Level 1:colcon.colcon_core.package_identification:_identify(src/tuos_ros/tuos_examples) by extension 'colcon_meta'
[1.136s] Level 1:colcon.colcon_core.package_identification:_identify(src/tuos_ros/tuos_examples) by extensions ['ros']
[1.136s] Level 1:colcon.colcon_core.package_identification:_identify(src/tuos_ros/tuos_examples) by extension 'ros'
[1.137s] DEBUG:colcon.colcon_core.package_identification:Package 'src/tuos_ros/tuos_examples' with type 'ros.ament_cmake' and name 'tuos_examples'
[1.138s] Level 1:colcon.colcon_core.package_identification:_identify(src/tuos_ros/tuos_interfaces) by extensions ['ignore', 'ignore_ament_install']
[1.138s] Level 1:colcon.colcon_core.package_identification:_identify(src/tuos_ros/tuos_interfaces) by extension 'ignore'
[1.138s] Level 1:colcon.colcon_core.package_identification:_identify(src/tuos_ros/tuos_interfaces) by extension 'ignore_ament_install'
[1.138s] Level 1:colcon.colcon_core.package_identification:_identify(src/tuos_ros/tuos_interfaces) by extensions ['colcon_pkg']
[1.139s] Level 1:colcon.colcon_core.package_identification:_identify(src/tuos_ros/tuos_interfaces) by extension 'colcon_pkg'
[1.139s] Level 1:colcon.colcon_core.package_identification:_identify(src/tuos_ros/tuos_interfaces) by extensions ['colcon_meta']
[1.139s] Level 1:colcon.colcon_core.package_identification:_identify(src/tuos_ros/tuos_interfaces) by extension 'colcon_meta'
[1.139s] Level 1:colcon.colcon_core.package_identification:_identify(src/tuos_ros/tuos_interfaces) by extensions ['ros']
[1.139s] Level 1:colcon.colcon_core.package_identification:_identify(src/tuos_ros/tuos_interfaces) by extension 'ros'
[1.141s] DEBUG:colcon.colcon_core.package_identification:Package 'src/tuos_ros/tuos_interfaces' with type 'ros.ament_cmake' and name 'tuos_interfaces'
[1.142s] Level 1:colcon.colcon_core.package_identification:_identify(src/tuos_ros/tuos_ros) by extensions ['ignore', 'ignore_ament_install']
[1.142s] Level 1:colcon.colcon_core.package_identification:_identify(src/tuos_ros/tuos_ros) by extension 'ignore'
[1.142s] Level 1:colcon.colcon_core.package_identification:_identify(src/tuos_ros/tuos_ros) by extension 'ignore_ament_install'
[1.142s] Level 1:colcon.colcon_core.package_identification:_identify(src/tuos_ros/tuos_ros) by extensions ['colcon_pkg']
[1.142s] Level 1:colcon.colcon_core.package_identification:_identify(src/tuos_ros/tuos_ros) by extension 'colcon_pkg'
[1.143s] Level 1:colcon.colcon_core.package_identification:_identify(src/tuos_ros/tuos_ros) by extensions ['colcon_meta']
[1.143s] Level 1:colcon.colcon_core.package_identification:_identify(src/tuos_ros/tuos_ros) by extension 'colcon_meta'
[1.143s] Level 1:colcon.colcon_core.package_identification:_identify(src/tuos_ros/tuos_ros) by extensions ['ros']
[1.143s] Level 1:colcon.colcon_core.package_identification:_identify(src/tuos_ros/tuos_ros) by extension 'ros'
[1.145s] DEBUG:colcon.colcon_core.package_identification:Package 'src/tuos_ros/tuos_ros' with type 'ros.ament_cmake' and name 'tuos_ros'
[1.145s] Level 1:colcon.colcon_core.package_identification:_identify(src/tuos_ros/tuos_simulations) by extensions ['ignore', 'ignore_ament_install']
[1.146s] Level 1:colcon.colcon_core.package_identification:_identify(src/tuos_ros/tuos_simulations) by extension 'ignore'
[1.146s] Level 1:colcon.colcon_core.package_identification:_identify(src/tuos_ros/tuos_simulations) by extension 'ignore_ament_install'
[1.146s] Level 1:colcon.colcon_core.package_identification:_identify(src/tuos_ros/tuos_simulations) by extensions ['colcon_pkg']
[1.146s] Level 1:colcon.colcon_core.package_identification:_identify(src/tuos_ros/tuos_simulations) by extension 'colcon_pkg'
[1.146s] Level 1:colcon.colcon_core.package_identification:_identify(src/tuos_ros/tuos_simulations) by extensions ['colcon_meta']
[1.146s] Level 1:colcon.colcon_core.package_identification:_identify(src/tuos_ros/tuos_simulations) by extension 'colcon_meta'
[1.146s] Level 1:colcon.colcon_core.package_identification:_identify(src/tuos_ros/tuos_simulations) by extensions ['ros']
[1.146s] Level 1:colcon.colcon_core.package_identification:_identify(src/tuos_ros/tuos_simulations) by extension 'ros'
[1.148s] DEBUG:colcon.colcon_core.package_identification:Package 'src/tuos_ros/tuos_simulations' with type 'ros.ament_cmake' and name 'tuos_simulations'
[1.148s] Level 1:colcon.colcon_core.package_identification:_identify(src/tuos_ros/tuos_tb3_tools) by extensions ['ignore', 'ignore_ament_install']
[1.149s] Level 1:colcon.colcon_core.package_identification:_identify(src/tuos_ros/tuos_tb3_tools) by extension 'ignore'
[1.149s] Level 1:colcon.colcon_core.package_identification:_identify(src/tuos_ros/tuos_tb3_tools) by extension 'ignore_ament_install'
[1.149s] Level 1:colcon.colcon_core.package_identification:_identify(src/tuos_ros/tuos_tb3_tools) by extensions ['colcon_pkg']
[1.150s] Level 1:colcon.colcon_core.package_identification:_identify(src/tuos_ros/tuos_tb3_tools) by extension 'colcon_pkg'
[1.150s] Level 1:colcon.colcon_core.package_identification:_identify(src/tuos_ros/tuos_tb3_tools) by extensions ['colcon_meta']
[1.150s] Level 1:colcon.colcon_core.package_identification:_identify(src/tuos_ros/tuos_tb3_tools) by extension 'colcon_meta'
[1.151s] Level 1:colcon.colcon_core.package_identification:_identify(src/tuos_ros/tuos_tb3_tools) by extensions ['ros']
[1.151s] Level 1:colcon.colcon_core.package_identification:_identify(src/tuos_ros/tuos_tb3_tools) by extension 'ros'
[1.153s] DEBUG:colcon.colcon_core.package_identification:Package 'src/tuos_ros/tuos_tb3_tools' with type 'ros.ament_cmake' and name 'tuos_tb3_tools'
[1.153s] Level 1:colcon.colcon_core.package_discovery:discover_packages(recursive) using defaults
[1.154s] Level 1:colcon.colcon_core.package_discovery:discover_packages(ignore) discover
[1.154s] Level 1:colcon.colcon_core.package_discovery:discover_packages(ignore) using defaults
[1.154s] Level 1:colcon.colcon_core.package_discovery:discover_packages(path) discover
[1.155s] Level 1:colcon.colcon_core.package_discovery:discover_packages(path) using defaults
[1.254s] INFO:colcon.colcon_core.package_selection:Skipping package 'part2_navigation' in 'src/part2_navigation'
[1.254s] INFO:colcon.colcon_core.package_selection:Skipping package 'part1_pubsub' in 'src/part1_pubsub'
[1.256s] Level 5:colcon.colcon_core.verb:set package 'tuos_examples' build argument 'cmake_args' from command line to 'None'
[1.257s] Level 5:colcon.colcon_core.verb:set package 'tuos_examples' build argument 'cmake_target' from command line to 'None'
[1.257s] Level 5:colcon.colcon_core.verb:set package 'tuos_examples' build argument 'cmake_target_skip_unavailable' from command line to 'False'
[1.257s] Level 5:colcon.colcon_core.verb:set package 'tuos_examples' build argument 'cmake_clean_cache' from command line to 'False'
[1.257s] Level 5:colcon.colcon_core.verb:set package 'tuos_examples' build argument 'cmake_clean_first' from command line to 'False'
[1.257s] Level 5:colcon.colcon_core.verb:set package 'tuos_examples' build argument 'cmake_force_configure' from command line to 'False'
[1.258s] Level 5:colcon.colcon_core.verb:set package 'tuos_examples' build argument 'ament_cmake_args' from command line to 'None'
[1.258s] Level 5:colcon.colcon_core.verb:set package 'tuos_examples' build argument 'catkin_cmake_args' from command line to 'None'
[1.258s] Level 5:colcon.colcon_core.verb:set package 'tuos_examples' build argument 'catkin_skip_building_tests' from command line to 'False'
[1.259s] DEBUG:colcon.colcon_core.verb:Building package 'tuos_examples' with the following arguments: {'ament_cmake_args': None, 'build_base': '/home/student/ros2_ws/build/tuos_examples', 'catkin_cmake_args': None, 'catkin_skip_building_tests': False, 'cmake_args': None, 'cmake_clean_cache': False, 'cmake_clean_first': False, 'cmake_force_configure': False, 'cmake_target': None, 'cmake_target_skip_unavailable': False, 'install_base': '/home/student/ros2_ws/install/tuos_examples', 'merge_install': False, 'path': '/home/student/ros2_ws/src/tuos_ros/tuos_examples', 'symlink_install': False, 'test_result_base': None}
[1.260s] Level 5:colcon.colcon_core.verb:set package 'tuos_interfaces' build argument 'cmake_args' from command line to 'None'
[1.260s] Level 5:colcon.colcon_core.verb:set package 'tuos_interfaces' build argument 'cmake_target' from command line to 'None'
[1.260s] Level 5:colcon.colcon_core.verb:set package 'tuos_interfaces' build argument 'cmake_target_skip_unavailable' from command line to 'False'
[1.260s] Level 5:colcon.colcon_core.verb:set package 'tuos_interfaces' build argument 'cmake_clean_cache' from command line to 'False'
[1.260s] Level 5:colcon.colcon_core.verb:set package 'tuos_interfaces' build argument 'cmake_clean_first' from command line to 'False'
[1.260s] Level 5:colcon.colcon_core.verb:set package 'tuos_interfaces' build argument 'cmake_force_configure' from command line to 'False'
[1.260s] Level 5:colcon.colcon_core.verb:set package 'tuos_interfaces' build argument 'ament_cmake_args' from command line to 'None'
[1.260s] Level 5:colcon.colcon_core.verb:set package 'tuos_interfaces' build argument 'catkin_cmake_args' from command line to 'None'
[1.261s] Level 5:colcon.colcon_core.verb:set package 'tuos_interfaces' build argument 'catkin_skip_building_tests' from command line to 'False'
[1.261s] DEBUG:colcon.colcon_core.verb:Building package 'tuos_interfaces' with the following arguments: {'ament_cmake_args': None, 'build_base': '/home/student/ros2_ws/build/tuos_interfaces', 'catkin_cmake_args': None, 'catkin_skip_building_tests': False, 'cmake_args': None, 'cmake_clean_cache': False, 'cmake_clean_first': False, 'cmake_force_configure': False, 'cmake_target': None, 'cmake_target_skip_unavailable': False, 'install_base': '/home/student/ros2_ws/install/tuos_interfaces', 'merge_install': False, 'path': '/home/student/ros2_ws/src/tuos_ros/tuos_interfaces', 'symlink_install': False, 'test_result_base': None}
[1.261s] Level 5:colcon.colcon_core.verb:set package 'tuos_simulations' build argument 'cmake_args' from command line to 'None'
[1.261s] Level 5:colcon.colcon_core.verb:set package 'tuos_simulations' build argument 'cmake_target' from command line to 'None'
[1.261s] Level 5:colcon.colcon_core.verb:set package 'tuos_simulations' build argument 'cmake_target_skip_unavailable' from command line to 'False'
[1.261s] Level 5:colcon.colcon_core.verb:set package 'tuos_simulations' build argument 'cmake_clean_cache' from command line to 'False'
[1.261s] Level 5:colcon.colcon_core.verb:set package 'tuos_simulations' build argument 'cmake_clean_first' from command line to 'False'
[1.261s] Level 5:colcon.colcon_core.verb:set package 'tuos_simulations' build argument 'cmake_force_configure' from command line to 'False'
[1.262s] Level 5:colcon.colcon_core.verb:set package 'tuos_simulations' build argument 'ament_cmake_args' from command line to 'None'
[1.262s] Level 5:colcon.colcon_core.verb:set package 'tuos_simulations' build argument 'catkin_cmake_args' from command line to 'None'
[1.262s] Level 5:colcon.colcon_core.verb:set package 'tuos_simulations' build argument 'catkin_skip_building_tests' from command line to 'False'
[1.262s] DEBUG:colcon.colcon_core.verb:Building package 'tuos_simulations' with the following arguments: {'ament_cmake_args': None, 'build_base': '/home/student/ros2_ws/build/tuos_simulations', 'catkin_cmake_args': None, 'catkin_skip_building_tests': False, 'cmake_args': None, 'cmake_clean_cache': False, 'cmake_clean_first': False, 'cmake_force_configure': False, 'cmake_target': None, 'cmake_target_skip_unavailable': False, 'install_base': '/home/student/ros2_ws/install/tuos_simulations', 'merge_install': False, 'path': '/home/student/ros2_ws/src/tuos_ros/tuos_simulations', 'symlink_install': False, 'test_result_base': None}
[1.262s] Level 5:colcon.colcon_core.verb:set package 'tuos_tb3_tools' build argument 'cmake_args' from command line to 'None'
[1.262s] Level 5:colcon.colcon_core.verb:set package 'tuos_tb3_tools' build argument 'cmake_target' from command line to 'None'
[1.262s] Level 5:colcon.colcon_core.verb:set package 'tuos_tb3_tools' build argument 'cmake_target_skip_unavailable' from command line to 'False'
[1.262s] Level 5:colcon.colcon_core.verb:set package 'tuos_tb3_tools' build argument 'cmake_clean_cache' from command line to 'False'
[1.262s] Level 5:colcon.colcon_core.verb:set package 'tuos_tb3_tools' build argument 'cmake_clean_first' from command line to 'False'
[1.262s] Level 5:colcon.colcon_core.verb:set package 'tuos_tb3_tools' build argument 'cmake_force_configure' from command line to 'False'
[1.262s] Level 5:colcon.colcon_core.verb:set package 'tuos_tb3_tools' build argument 'ament_cmake_args' from command line to 'None'
[1.262s] Level 5:colcon.colcon_core.verb:set package 'tuos_tb3_tools' build argument 'catkin_cmake_args' from command line to 'None'
[1.263s] Level 5:colcon.colcon_core.verb:set package 'tuos_tb3_tools' build argument 'catkin_skip_building_tests' from command line to 'False'
[1.263s] DEBUG:colcon.colcon_core.verb:Building package 'tuos_tb3_tools' with the following arguments: {'ament_cmake_args': None, 'build_base': '/home/student/ros2_ws/build/tuos_tb3_tools', 'catkin_cmake_args': None, 'catkin_skip_building_tests': False, 'cmake_args': None, 'cmake_clean_cache': False, 'cmake_clean_first': False, 'cmake_force_configure': False, 'cmake_target': None, 'cmake_target_skip_unavailable': False, 'install_base': '/home/student/ros2_ws/install/tuos_tb3_tools', 'merge_install': False, 'path': '/home/student/ros2_ws/src/tuos_ros/tuos_tb3_tools', 'symlink_install': False, 'test_result_base': None}
[1.263s] Level 5:colcon.colcon_core.verb:set package 'com2009_simulations' build argument 'cmake_args' from command line to 'None'
[1.263s] Level 5:colcon.colcon_core.verb:set package 'com2009_simulations' build argument 'cmake_target' from command line to 'None'
[1.263s] Level 5:colcon.colcon_core.verb:set package 'com2009_simulations' build argument 'cmake_target_skip_unavailable' from command line to 'False'
[1.263s] Level 5:colcon.colcon_core.verb:set package 'com2009_simulations' build argument 'cmake_clean_cache' from command line to 'False'
[1.263s] Level 5:colcon.colcon_core.verb:set package 'com2009_simulations' build argument 'cmake_clean_first' from command line to 'False'
[1.264s] Level 5:colcon.colcon_core.verb:set package 'com2009_simulations' build argument 'cmake_force_configure' from command line to 'False'
[1.264s] Level 5:colcon.colcon_core.verb:set package 'com2009_simulations' build argument 'ament_cmake_args' from command line to 'None'
[1.264s] Level 5:colcon.colcon_core.verb:set package 'com2009_simulations' build argument 'catkin_cmake_args' from command line to 'None'
[1.264s] Level 5:colcon.colcon_core.verb:set package 'com2009_simulations' build argument 'catkin_skip_building_tests' from command line to 'False'
[1.264s] DEBUG:colcon.colcon_core.verb:Building package 'com2009_simulations' with the following arguments: {'ament_cmake_args': None, 'build_base': '/home/student/ros2_ws/build/com2009_simulations', 'catkin_cmake_args': None, 'catkin_skip_building_tests': False, 'cmake_args': None, 'cmake_clean_cache': False, 'cmake_clean_first': False, 'cmake_force_configure': False, 'cmake_target': None, 'cmake_target_skip_unavailable': False, 'install_base': '/home/student/ros2_ws/install/com2009_simulations', 'merge_install': False, 'path': '/home/student/ros2_ws/src/tuos_ros/com2009_simulations', 'symlink_install': False, 'test_result_base': None}
[1.266s] Level 5:colcon.colcon_core.verb:set package 'tuos_ros' build argument 'cmake_args' from command line to 'None'
[1.267s] Level 5:colcon.colcon_core.verb:set package 'tuos_ros' build argument 'cmake_target' from command line to 'None'
[1.268s] Level 5:colcon.colcon_core.verb:set package 'tuos_ros' build argument 'cmake_target_skip_unavailable' from command line to 'False'
[1.268s] Level 5:colcon.colcon_core.verb:set package 'tuos_ros' build argument 'cmake_clean_cache' from command line to 'False'
[1.268s] Level 5:colcon.colcon_core.verb:set package 'tuos_ros' build argument 'cmake_clean_first' from command line to 'False'
[1.268s] Level 5:colcon.colcon_core.verb:set package 'tuos_ros' build argument 'cmake_force_configure' from command line to 'False'
[1.268s] Level 5:colcon.colcon_core.verb:set package 'tuos_ros' build argument 'ament_cmake_args' from command line to 'None'
[1.268s] Level 5:colcon.colcon_core.verb:set package 'tuos_ros' build argument 'catkin_cmake_args' from command line to 'None'
[1.268s] Level 5:colcon.colcon_core.verb:set package 'tuos_ros' build argument 'catkin_skip_building_tests' from command line to 'False'
[1.268s] DEBUG:colcon.colcon_core.verb:Building package 'tuos_ros' with the following arguments: {'ament_cmake_args': None, 'build_base': '/home/student/ros2_ws/build/tuos_ros', 'catkin_cmake_args': None, 'catkin_skip_building_tests': False, 'cmake_args': None, 'cmake_clean_cache': False, 'cmake_clean_first': False, 'cmake_force_configure': False, 'cmake_target': None, 'cmake_target_skip_unavailable': False, 'install_base': '/home/student/ros2_ws/install/tuos_ros', 'merge_install': False, 'path': '/home/student/ros2_ws/src/tuos_ros/tuos_ros', 'symlink_install': False, 'test_result_base': None}
[1.269s] INFO:colcon.colcon_core.executor:Executing jobs using 'parallel' executor
[1.274s] DEBUG:colcon.colcon_parallel_executor.executor.parallel:run_until_complete
[1.275s] INFO:colcon.colcon_ros.task.ament_cmake.build:Building ROS package in '/home/student/ros2_ws/src/tuos_ros/tuos_simulations' with build type 'ament_cmake'
[1.276s] INFO:colcon.colcon_cmake.task.cmake.build:Building CMake package in '/home/student/ros2_ws/src/tuos_ros/tuos_simulations'
[1.286s] INFO:colcon.colcon_core.plugin_system:Skipping extension 'colcon_core.shell.bat': Not used on non-Windows systems
[1.287s] INFO:colcon.colcon_core.shell:Skip shell extension 'powershell' for command environment: Not usable outside of PowerShell
[1.287s] DEBUG:colcon.colcon_core.shell:Skip shell extension 'dsv' for command environment
[1.305s] INFO:colcon.colcon_ros.task.ament_cmake.build:Building ROS package in '/home/student/ros2_ws/src/tuos_ros/tuos_examples' with build type 'ament_cmake'
[1.306s] INFO:colcon.colcon_cmake.task.cmake.build:Building CMake package in '/home/student/ros2_ws/src/tuos_ros/tuos_examples'
[1.307s] INFO:colcon.colcon_core.shell:Skip shell extension 'powershell' for command environment: Not usable outside of PowerShell
[1.307s] DEBUG:colcon.colcon_core.shell:Skip shell extension 'dsv' for command environment
[1.325s] INFO:colcon.colcon_ros.task.ament_cmake.build:Building ROS package in '/home/student/ros2_ws/src/tuos_ros/tuos_interfaces' with build type 'ament_cmake'
[1.327s] INFO:colcon.colcon_cmake.task.cmake.build:Building CMake package in '/home/student/ros2_ws/src/tuos_ros/tuos_interfaces'
[1.328s] INFO:colcon.colcon_core.shell:Skip shell extension 'powershell' for command environment: Not usable outside of PowerShell
[1.329s] DEBUG:colcon.colcon_core.shell:Skip shell extension 'dsv' for command environment
[1.343s] INFO:colcon.colcon_ros.task.ament_cmake.build:Building ROS package in '/home/student/ros2_ws/src/tuos_ros/tuos_tb3_tools' with build type 'ament_cmake'
[1.344s] INFO:colcon.colcon_cmake.task.cmake.build:Building CMake package in '/home/student/ros2_ws/src/tuos_ros/tuos_tb3_tools'
[1.345s] INFO:colcon.colcon_core.shell:Skip shell extension 'powershell' for command environment: Not usable outside of PowerShell
[1.345s] DEBUG:colcon.colcon_core.shell:Skip shell extension 'dsv' for command environment
[1.396s] DEBUG:colcon.colcon_core.event_handler.log_command:Invoking command in '/home/student/ros2_ws/build/tuos_simulations': CMAKE_PREFIX_PATH=${CMAKE_PREFIX_PATH}:/opt/ros/humble /usr/bin/cmake --build /home/student/ros2_ws/build/tuos_simulations -- -j16 -l16
[1.424s] DEBUG:colcon.colcon_core.event_handler.log_command:Invoking command in '/home/student/ros2_ws/build/tuos_examples': CMAKE_PREFIX_PATH=${CMAKE_PREFIX_PATH}:/opt/ros/humble /usr/bin/cmake --build /home/student/ros2_ws/build/tuos_examples -- -j16 -l16
[1.437s] DEBUG:colcon.colcon_core.event_handler.log_command:Invoking command in '/home/student/ros2_ws/build/tuos_interfaces': CMAKE_PREFIX_PATH=${CMAKE_PREFIX_PATH}:/opt/ros/humble /usr/bin/cmake --build /home/student/ros2_ws/build/tuos_interfaces -- -j16 -l16
[1.505s] DEBUG:colcon.colcon_core.event_handler.log_command:Invoking command in '/home/student/ros2_ws/build/tuos_tb3_tools': CMAKE_PREFIX_PATH=${CMAKE_PREFIX_PATH}:/opt/ros/humble /usr/bin/cmake --build /home/student/ros2_ws/build/tuos_tb3_tools -- -j16 -l16
[1.514s] DEBUG:colcon.colcon_core.event_handler.log_command:Invoked command in '/home/student/ros2_ws/build/tuos_simulations' returned '0': CMAKE_PREFIX_PATH=${CMAKE_PREFIX_PATH}:/opt/ros/humble /usr/bin/cmake --build /home/student/ros2_ws/build/tuos_simulations -- -j16 -l16
[1.539s] DEBUG:colcon.colcon_core.event_handler.log_command:Invoking command in '/home/student/ros2_ws/build/tuos_simulations': CMAKE_PREFIX_PATH=${CMAKE_PREFIX_PATH}:/opt/ros/humble /usr/bin/cmake --install /home/student/ros2_ws/build/tuos_simulations
[1.566s] Level 1:colcon.colcon_core.environment:create_environment_scripts_only(tuos_simulations)
[1.574s] Level 1:colcon.colcon_core.environment:checking '/home/student/ros2_ws/install/tuos_simulations' for CMake module files
[1.576s] Level 1:colcon.colcon_core.environment:checking '/home/student/ros2_ws/install/tuos_simulations' for CMake config files
[1.577s] Level 1:colcon.colcon_core.shell:create_environment_hook('tuos_simulations', 'cmake_prefix_path')
[1.578s] INFO:colcon.colcon_core.shell:Creating environment hook '/home/student/ros2_ws/install/tuos_simulations/share/tuos_simulations/hook/cmake_prefix_path.ps1'
[1.581s] INFO:colcon.colcon_core.shell:Creating environment descriptor '/home/student/ros2_ws/install/tuos_simulations/share/tuos_simulations/hook/cmake_prefix_path.dsv'
[1.583s] INFO:colcon.colcon_core.shell:Creating environment hook '/home/student/ros2_ws/install/tuos_simulations/share/tuos_simulations/hook/cmake_prefix_path.sh'
[1.587s] Level 1:colcon.colcon_core.environment:checking '/home/student/ros2_ws/install/tuos_simulations/bin'
[1.588s] Level 1:colcon.colcon_core.environment:checking '/home/student/ros2_ws/install/tuos_simulations/lib/pkgconfig/tuos_simulations.pc'
[1.610s] Level 1:colcon.colcon_core.environment:checking '/home/student/ros2_ws/install/tuos_simulations/lib/python3.10/site-packages'
[1.611s] Level 1:colcon.colcon_core.environment:checking '/home/student/ros2_ws/install/tuos_simulations/bin'
[1.612s] INFO:colcon.colcon_core.shell:Creating package script '/home/student/ros2_ws/install/tuos_simulations/share/tuos_simulations/package.ps1'
[1.614s] INFO:colcon.colcon_core.shell:Creating package descriptor '/home/student/ros2_ws/install/tuos_simulations/share/tuos_simulations/package.dsv'
[1.616s] INFO:colcon.colcon_core.shell:Creating package script '/home/student/ros2_ws/install/tuos_simulations/share/tuos_simulations/package.sh'
[1.618s] INFO:colcon.colcon_core.shell:Creating package script '/home/student/ros2_ws/install/tuos_simulations/share/tuos_simulations/package.bash'
[1.623s] INFO:colcon.colcon_core.shell:Creating package script '/home/student/ros2_ws/install/tuos_simulations/share/tuos_simulations/package.zsh'
[1.628s] Level 1:colcon.colcon_core.environment:create_file_with_runtime_dependencies(/home/student/ros2_ws/install/tuos_simulations/share/colcon-core/packages/tuos_simulations)
[1.631s] Level 1:colcon.colcon_core.environment:create_environment_scripts_only(tuos_simulations)
[1.631s] Level 1:colcon.colcon_core.environment:checking '/home/student/ros2_ws/install/tuos_simulations' for CMake module files
[1.632s] Level 1:colcon.colcon_core.environment:checking '/home/student/ros2_ws/install/tuos_simulations' for CMake config files
[1.633s] Level 1:colcon.colcon_core.shell:create_environment_hook('tuos_simulations', 'cmake_prefix_path')
[1.636s] INFO:colcon.colcon_core.shell:Creating environment hook '/home/student/ros2_ws/install/tuos_simulations/share/tuos_simulations/hook/cmake_prefix_path.ps1'
[1.644s] INFO:colcon.colcon_core.shell:Creating environment descriptor '/home/student/ros2_ws/install/tuos_simulations/share/tuos_simulations/hook/cmake_prefix_path.dsv'
[1.646s] INFO:colcon.colcon_core.shell:Creating environment hook '/home/student/ros2_ws/install/tuos_simulations/share/tuos_simulations/hook/cmake_prefix_path.sh'
[1.650s] Level 1:colcon.colcon_core.environment:checking '/home/student/ros2_ws/install/tuos_simulations/bin'
[1.650s] Level 1:colcon.colcon_core.environment:checking '/home/student/ros2_ws/install/tuos_simulations/lib/pkgconfig/tuos_simulations.pc'
[1.651s] Level 1:colcon.colcon_core.environment:checking '/home/student/ros2_ws/install/tuos_simulations/lib/python3.10/site-packages'
[1.651s] Level 1:colcon.colcon_core.environment:checking '/home/student/ros2_ws/install/tuos_simulations/bin'
[1.652s] INFO:colcon.colcon_core.shell:Creating package script '/home/student/ros2_ws/install/tuos_simulations/share/tuos_simulations/package.ps1'
[1.653s] INFO:colcon.colcon_core.shell:Creating package descriptor '/home/student/ros2_ws/install/tuos_simulations/share/tuos_simulations/package.dsv'
[1.654s] INFO:colcon.colcon_core.shell:Creating package script '/home/student/ros2_ws/install/tuos_simulations/share/tuos_simulations/package.sh'
[1.656s] INFO:colcon.colcon_core.shell:Creating package script '/home/student/ros2_ws/install/tuos_simulations/share/tuos_simulations/package.bash'
[1.659s] INFO:colcon.colcon_core.shell:Creating package script '/home/student/ros2_ws/install/tuos_simulations/share/tuos_simulations/package.zsh'
[1.661s] Level 1:colcon.colcon_core.environment:create_file_with_runtime_dependencies(/home/student/ros2_ws/install/tuos_simulations/share/colcon-core/packages/tuos_simulations)
[1.662s] INFO:colcon.colcon_ros.task.ament_cmake.build:Building ROS package in '/home/student/ros2_ws/src/tuos_ros/com2009_simulations' with build type 'ament_cmake'
[1.662s] INFO:colcon.colcon_cmake.task.cmake.build:Building CMake package in '/home/student/ros2_ws/src/tuos_ros/com2009_simulations'
[1.663s] INFO:colcon.colcon_core.shell:Skip shell extension 'powershell' for command environment: Not usable outside of PowerShell
[1.663s] DEBUG:colcon.colcon_core.shell:Skip shell extension 'dsv' for command environment
[1.675s] DEBUG:colcon.colcon_core.event_handler.log_command:Invoked command in '/home/student/ros2_ws/build/tuos_simulations' returned '0': CMAKE_PREFIX_PATH=${CMAKE_PREFIX_PATH}:/opt/ros/humble /usr/bin/cmake --install /home/student/ros2_ws/build/tuos_simulations
[1.686s] DEBUG:colcon.colcon_core.event_handler.log_command:Invoked command in '/home/student/ros2_ws/build/tuos_tb3_tools' returned '0': CMAKE_PREFIX_PATH=${CMAKE_PREFIX_PATH}:/opt/ros/humble /usr/bin/cmake --build /home/student/ros2_ws/build/tuos_tb3_tools -- -j16 -l16
[1.687s] DEBUG:colcon.colcon_core.event_handler.log_command:Invoking command in '/home/student/ros2_ws/build/tuos_tb3_tools': CMAKE_PREFIX_PATH=${CMAKE_PREFIX_PATH}:/opt/ros/humble /usr/bin/cmake --install /home/student/ros2_ws/build/tuos_tb3_tools
[1.729s] Level 1:colcon.colcon_core.environment:create_environment_scripts_only(tuos_tb3_tools)
[1.730s] Level 1:colcon.colcon_core.environment:checking '/home/student/ros2_ws/install/tuos_tb3_tools' for CMake module files
[1.731s] Level 1:colcon.colcon_core.environment:checking '/home/student/ros2_ws/install/tuos_tb3_tools' for CMake config files
[1.731s] Level 1:colcon.colcon_core.shell:create_environment_hook('tuos_tb3_tools', 'cmake_prefix_path')
[1.732s] INFO:colcon.colcon_core.shell:Creating environment hook '/home/student/ros2_ws/install/tuos_tb3_tools/share/tuos_tb3_tools/hook/cmake_prefix_path.ps1'
[1.733s] INFO:colcon.colcon_core.shell:Creating environment descriptor '/home/student/ros2_ws/install/tuos_tb3_tools/share/tuos_tb3_tools/hook/cmake_prefix_path.dsv'
[1.735s] DEBUG:colcon.colcon_core.event_handler.log_command:Invoked command in '/home/student/ros2_ws/build/tuos_tb3_tools' returned '0': CMAKE_PREFIX_PATH=${CMAKE_PREFIX_PATH}:/opt/ros/humble /usr/bin/cmake --install /home/student/ros2_ws/build/tuos_tb3_tools
[1.735s] INFO:colcon.colcon_core.shell:Creating environment hook '/home/student/ros2_ws/install/tuos_tb3_tools/share/tuos_tb3_tools/hook/cmake_prefix_path.sh'
[1.746s] Level 1:colcon.colcon_core.environment:checking '/home/student/ros2_ws/install/tuos_tb3_tools/lib'
[1.747s] Level 1:colcon.colcon_core.environment:checking '/home/student/ros2_ws/install/tuos_tb3_tools/bin'
[1.747s] Level 1:colcon.colcon_core.environment:checking '/home/student/ros2_ws/install/tuos_tb3_tools/lib/pkgconfig/tuos_tb3_tools.pc'
[1.748s] Level 1:colcon.colcon_core.environment:checking '/home/student/ros2_ws/install/tuos_tb3_tools/lib/python3.10/site-packages'
[1.748s] Level 1:colcon.colcon_core.environment:checking '/home/student/ros2_ws/install/tuos_tb3_tools/bin'
[1.749s] INFO:colcon.colcon_core.shell:Creating package script '/home/student/ros2_ws/install/tuos_tb3_tools/share/tuos_tb3_tools/package.ps1'
[1.751s] INFO:colcon.colcon_core.shell:Creating package descriptor '/home/student/ros2_ws/install/tuos_tb3_tools/share/tuos_tb3_tools/package.dsv'
[1.752s] INFO:colcon.colcon_core.shell:Creating package script '/home/student/ros2_ws/install/tuos_tb3_tools/share/tuos_tb3_tools/package.sh'
[1.753s] INFO:colcon.colcon_core.shell:Creating package script '/home/student/ros2_ws/install/tuos_tb3_tools/share/tuos_tb3_tools/package.bash'
[1.758s] INFO:colcon.colcon_core.shell:Creating package script '/home/student/ros2_ws/install/tuos_tb3_tools/share/tuos_tb3_tools/package.zsh'
[1.762s] Level 1:colcon.colcon_core.environment:create_file_with_runtime_dependencies(/home/student/ros2_ws/install/tuos_tb3_tools/share/colcon-core/packages/tuos_tb3_tools)
[1.764s] Level 1:colcon.colcon_core.environment:create_environment_scripts_only(tuos_tb3_tools)
[1.765s] Level 1:colcon.colcon_core.environment:checking '/home/student/ros2_ws/install/tuos_tb3_tools' for CMake module files
[1.766s] Level 1:colcon.colcon_core.environment:checking '/home/student/ros2_ws/install/tuos_tb3_tools' for CMake config files
[1.766s] Level 1:colcon.colcon_core.shell:create_environment_hook('tuos_tb3_tools', 'cmake_prefix_path')
[1.767s] INFO:colcon.colcon_core.shell:Creating environment hook '/home/student/ros2_ws/install/tuos_tb3_tools/share/tuos_tb3_tools/hook/cmake_prefix_path.ps1'
[1.768s] INFO:colcon.colcon_core.shell:Creating environment descriptor '/home/student/ros2_ws/install/tuos_tb3_tools/share/tuos_tb3_tools/hook/cmake_prefix_path.dsv'
[1.768s] INFO:colcon.colcon_core.shell:Creating environment hook '/home/student/ros2_ws/install/tuos_tb3_tools/share/tuos_tb3_tools/hook/cmake_prefix_path.sh'
[1.770s] Level 1:colcon.colcon_core.environment:checking '/home/student/ros2_ws/install/tuos_tb3_tools/lib'
[1.771s] Level 1:colcon.colcon_core.environment:checking '/home/student/ros2_ws/install/tuos_tb3_tools/bin'
[1.771s] Level 1:colcon.colcon_core.environment:checking '/home/student/ros2_ws/install/tuos_tb3_tools/lib/pkgconfig/tuos_tb3_tools.pc'
[1.771s] Level 1:colcon.colcon_core.environment:checking '/home/student/ros2_ws/install/tuos_tb3_tools/lib/python3.10/site-packages'
[1.772s] Level 1:colcon.colcon_core.environment:checking '/home/student/ros2_ws/install/tuos_tb3_tools/bin'
[1.773s] INFO:colcon.colcon_core.shell:Creating package script '/home/student/ros2_ws/install/tuos_tb3_tools/share/tuos_tb3_tools/package.ps1'
[1.776s] INFO:colcon.colcon_core.shell:Creating package descriptor '/home/student/ros2_ws/install/tuos_tb3_tools/share/tuos_tb3_tools/package.dsv'
[1.778s] INFO:colcon.colcon_core.shell:Creating package script '/home/student/ros2_ws/install/tuos_tb3_tools/share/tuos_tb3_tools/package.sh'
[1.779s] INFO:colcon.colcon_core.shell:Creating package script '/home/student/ros2_ws/install/tuos_tb3_tools/share/tuos_tb3_tools/package.bash'
[1.781s] INFO:colcon.colcon_core.shell:Creating package script '/home/student/ros2_ws/install/tuos_tb3_tools/share/tuos_tb3_tools/package.zsh'
[1.784s] Level 1:colcon.colcon_core.environment:create_file_with_runtime_dependencies(/home/student/ros2_ws/install/tuos_tb3_tools/share/colcon-core/packages/tuos_tb3_tools)
[1.918s] DEBUG:colcon.colcon_core.event_handler.log_command:Invoking command in '/home/student/ros2_ws/build/com2009_simulations': CMAKE_PREFIX_PATH=/home/student/ros2_ws/install/tuos_simulations:/home/student/ros2_ws/install/tuos_ros:/home/student/ros2_ws/install/tuos_tb3_tools:/home/student/ros2_ws/install/com2009_simulations:/home/student/ros2_ws/install/tuos_interfaces:/home/student/ros2_ws/install/tuos_examples:/home/student/ros2_ws/install/part2_navigation:/home/student/ros2_ws/install/part1_pubsub:/opt/ros/humble /usr/bin/cmake --build /home/student/ros2_ws/build/com2009_simulations -- -j16 -l16
[2.043s] DEBUG:colcon.colcon_core.event_handler.log_command:Invoked command in '/home/student/ros2_ws/build/com2009_simulations' returned '0': CMAKE_PREFIX_PATH=/home/student/ros2_ws/install/tuos_simulations:/home/student/ros2_ws/install/tuos_ros:/home/student/ros2_ws/install/tuos_tb3_tools:/home/student/ros2_ws/install/com2009_simulations:/home/student/ros2_ws/install/tuos_interfaces:/home/student/ros2_ws/install/tuos_examples:/home/student/ros2_ws/install/part2_navigation:/home/student/ros2_ws/install/part1_pubsub:/opt/ros/humble /usr/bin/cmake --build /home/student/ros2_ws/build/com2009_simulations -- -j16 -l16
[2.043s] DEBUG:colcon.colcon_core.event_handler.log_command:Invoking command in '/home/student/ros2_ws/build/com2009_simulations': CMAKE_PREFIX_PATH=/home/student/ros2_ws/install/tuos_simulations:/home/student/ros2_ws/install/tuos_ros:/home/student/ros2_ws/install/tuos_tb3_tools:/home/student/ros2_ws/install/com2009_simulations:/home/student/ros2_ws/install/tuos_interfaces:/home/student/ros2_ws/install/tuos_examples:/home/student/ros2_ws/install/part2_navigation:/home/student/ros2_ws/install/part1_pubsub:/opt/ros/humble /usr/bin/cmake --install /home/student/ros2_ws/build/com2009_simulations
[2.082s] Level 1:colcon.colcon_core.environment:create_environment_scripts_only(com2009_simulations)
[2.083s] Level 1:colcon.colcon_core.environment:checking '/home/student/ros2_ws/install/com2009_simulations' for CMake module files
[2.084s] Level 1:colcon.colcon_core.environment:checking '/home/student/ros2_ws/install/com2009_simulations' for CMake config files
[2.086s] Level 1:colcon.colcon_core.shell:create_environment_hook('com2009_simulations', 'cmake_prefix_path')
[2.087s] INFO:colcon.colcon_core.shell:Creating environment hook '/home/student/ros2_ws/install/com2009_simulations/share/com2009_simulations/hook/cmake_prefix_path.ps1'
[2.089s] INFO:colcon.colcon_core.shell:Creating environment descriptor '/home/student/ros2_ws/install/com2009_simulations/share/com2009_simulations/hook/cmake_prefix_path.dsv'
[2.090s] INFO:colcon.colcon_core.shell:Creating environment hook '/home/student/ros2_ws/install/com2009_simulations/share/com2009_simulations/hook/cmake_prefix_path.sh'
[2.092s] Level 1:colcon.colcon_core.environment:checking '/home/student/ros2_ws/install/com2009_simulations/bin'
[2.092s] Level 1:colcon.colcon_core.environment:checking '/home/student/ros2_ws/install/com2009_simulations/lib/pkgconfig/com2009_simulations.pc'
[2.093s] Level 1:colcon.colcon_core.environment:checking '/home/student/ros2_ws/install/com2009_simulations/lib/python3.10/site-packages'
[2.093s] Level 1:colcon.colcon_core.environment:checking '/home/student/ros2_ws/install/com2009_simulations/bin'
[2.094s] INFO:colcon.colcon_core.shell:Creating package script '/home/student/ros2_ws/install/com2009_simulations/share/com2009_simulations/package.ps1'
[2.096s] INFO:colcon.colcon_core.shell:Creating package descriptor '/home/student/ros2_ws/install/com2009_simulations/share/com2009_simulations/package.dsv'
[2.097s] INFO:colcon.colcon_core.shell:Creating package script '/home/student/ros2_ws/install/com2009_simulations/share/com2009_simulations/package.sh'
[2.098s] INFO:colcon.colcon_core.shell:Creating package script '/home/student/ros2_ws/install/com2009_simulations/share/com2009_simulations/package.bash'
[2.098s] INFO:colcon.colcon_core.shell:Creating package script '/home/student/ros2_ws/install/com2009_simulations/share/com2009_simulations/package.zsh'
[2.099s] Level 1:colcon.colcon_core.environment:create_file_with_runtime_dependencies(/home/student/ros2_ws/install/com2009_simulations/share/colcon-core/packages/com2009_simulations)
[2.102s] Level 1:colcon.colcon_core.environment:create_environment_scripts_only(com2009_simulations)
[2.108s] DEBUG:colcon.colcon_core.event_handler.log_command:Invoked command in '/home/student/ros2_ws/build/com2009_simulations' returned '0': CMAKE_PREFIX_PATH=/home/student/ros2_ws/install/tuos_simulations:/home/student/ros2_ws/install/tuos_ros:/home/student/ros2_ws/install/tuos_tb3_tools:/home/student/ros2_ws/install/com2009_simulations:/home/student/ros2_ws/install/tuos_interfaces:/home/student/ros2_ws/install/tuos_examples:/home/student/ros2_ws/install/part2_navigation:/home/student/ros2_ws/install/part1_pubsub:/opt/ros/humble /usr/bin/cmake --install /home/student/ros2_ws/build/com2009_simulations
[2.109s] Level 1:colcon.colcon_core.environment:checking '/home/student/ros2_ws/install/com2009_simulations' for CMake module files
[2.111s] Level 1:colcon.colcon_core.environment:checking '/home/student/ros2_ws/install/com2009_simulations' for CMake config files
[2.112s] Level 1:colcon.colcon_core.shell:create_environment_hook('com2009_simulations', 'cmake_prefix_path')
[2.112s] INFO:colcon.colcon_core.shell:Creating environment hook '/home/student/ros2_ws/install/com2009_simulations/share/com2009_simulations/hook/cmake_prefix_path.ps1'
[2.114s] INFO:colcon.colcon_core.shell:Creating environment descriptor '/home/student/ros2_ws/install/com2009_simulations/share/com2009_simulations/hook/cmake_prefix_path.dsv'
[2.116s] INFO:colcon.colcon_core.shell:Creating environment hook '/home/student/ros2_ws/install/com2009_simulations/share/com2009_simulations/hook/cmake_prefix_path.sh'
[2.118s] Level 1:colcon.colcon_core.environment:checking '/home/student/ros2_ws/install/com2009_simulations/bin'
[2.118s] Level 1:colcon.colcon_core.environment:checking '/home/student/ros2_ws/install/com2009_simulations/lib/pkgconfig/com2009_simulations.pc'
[2.118s] Level 1:colcon.colcon_core.environment:checking '/home/student/ros2_ws/install/com2009_simulations/lib/python3.10/site-packages'
[2.119s] Level 1:colcon.colcon_core.environment:checking '/home/student/ros2_ws/install/com2009_simulations/bin'
[2.120s] INFO:colcon.colcon_core.shell:Creating package script '/home/student/ros2_ws/install/com2009_simulations/share/com2009_simulations/package.ps1'
[2.121s] INFO:colcon.colcon_core.shell:Creating package descriptor '/home/student/ros2_ws/install/com2009_simulations/share/com2009_simulations/package.dsv'
[2.126s] INFO:colcon.colcon_core.shell:Creating package script '/home/student/ros2_ws/install/com2009_simulations/share/com2009_simulations/package.sh'
[2.130s] INFO:colcon.colcon_core.shell:Creating package script '/home/student/ros2_ws/install/com2009_simulations/share/com2009_simulations/package.bash'
[2.133s] INFO:colcon.colcon_core.shell:Creating package script '/home/student/ros2_ws/install/com2009_simulations/share/com2009_simulations/package.zsh'
[2.134s] Level 1:colcon.colcon_core.environment:create_file_with_runtime_dependencies(/home/student/ros2_ws/install/com2009_simulations/share/colcon-core/packages/com2009_simulations)
[2.559s] DEBUG:colcon.colcon_core.event_handler.log_command:Invoked command in '/home/student/ros2_ws/build/tuos_examples' returned '0': CMAKE_PREFIX_PATH=${CMAKE_PREFIX_PATH}:/opt/ros/humble /usr/bin/cmake --build /home/student/ros2_ws/build/tuos_examples -- -j16 -l16
[2.560s] DEBUG:colcon.colcon_core.event_handler.log_command:Invoking command in '/home/student/ros2_ws/build/tuos_examples': CMAKE_PREFIX_PATH=${CMAKE_PREFIX_PATH}:/opt/ros/humble /usr/bin/cmake --install /home/student/ros2_ws/build/tuos_examples
[2.697s] Level 1:colcon.colcon_core.environment:create_environment_scripts_only(tuos_examples)
[2.699s] Level 1:colcon.colcon_core.environment:checking '/home/student/ros2_ws/install/tuos_examples' for CMake module files
[2.700s] Level 1:colcon.colcon_core.environment:checking '/home/student/ros2_ws/install/tuos_examples' for CMake config files
[2.701s] Level 1:colcon.colcon_core.shell:create_environment_hook('tuos_examples', 'cmake_prefix_path')
[2.703s] DEBUG:colcon.colcon_core.event_handler.log_command:Invoked command in '/home/student/ros2_ws/build/tuos_examples' returned '0': CMAKE_PREFIX_PATH=${CMAKE_PREFIX_PATH}:/opt/ros/humble /usr/bin/cmake --install /home/student/ros2_ws/build/tuos_examples
[2.704s] INFO:colcon.colcon_core.shell:Creating environment hook '/home/student/ros2_ws/install/tuos_examples/share/tuos_examples/hook/cmake_prefix_path.ps1'
[2.707s] INFO:colcon.colcon_core.shell:Creating environment descriptor '/home/student/ros2_ws/install/tuos_examples/share/tuos_examples/hook/cmake_prefix_path.dsv'
[2.708s] INFO:colcon.colcon_core.shell:Creating environment hook '/home/student/ros2_ws/install/tuos_examples/share/tuos_examples/hook/cmake_prefix_path.sh'
[2.710s] Level 1:colcon.colcon_core.environment:checking '/home/student/ros2_ws/install/tuos_examples/lib'
[2.710s] Level 1:colcon.colcon_core.environment:checking '/home/student/ros2_ws/install/tuos_examples/bin'
[2.710s] Level 1:colcon.colcon_core.environment:checking '/home/student/ros2_ws/install/tuos_examples/lib/pkgconfig/tuos_examples.pc'
[2.710s] Level 1:colcon.colcon_core.environment:checking '/home/student/ros2_ws/install/tuos_examples/lib/python3.10/site-packages'
[2.711s] Level 1:colcon.colcon_core.environment:checking '/home/student/ros2_ws/install/tuos_examples/bin'
[2.712s] INFO:colcon.colcon_core.shell:Creating package script '/home/student/ros2_ws/install/tuos_examples/share/tuos_examples/package.ps1'
[2.713s] INFO:colcon.colcon_core.shell:Creating package descriptor '/home/student/ros2_ws/install/tuos_examples/share/tuos_examples/package.dsv'
[2.714s] INFO:colcon.colcon_core.shell:Creating package script '/home/student/ros2_ws/install/tuos_examples/share/tuos_examples/package.sh'
[2.715s] INFO:colcon.colcon_core.shell:Creating package script '/home/student/ros2_ws/install/tuos_examples/share/tuos_examples/package.bash'
[2.716s] INFO:colcon.colcon_core.shell:Creating package script '/home/student/ros2_ws/install/tuos_examples/share/tuos_examples/package.zsh'
[2.716s] Level 1:colcon.colcon_core.environment:create_file_with_runtime_dependencies(/home/student/ros2_ws/install/tuos_examples/share/colcon-core/packages/tuos_examples)
[2.717s] Level 1:colcon.colcon_core.environment:create_environment_scripts_only(tuos_examples)
[2.718s] Level 1:colcon.colcon_core.environment:checking '/home/student/ros2_ws/install/tuos_examples' for CMake module files
[2.719s] Level 1:colcon.colcon_core.environment:checking '/home/student/ros2_ws/install/tuos_examples' for CMake config files
[2.720s] Level 1:colcon.colcon_core.shell:create_environment_hook('tuos_examples', 'cmake_prefix_path')
[2.722s] INFO:colcon.colcon_core.shell:Creating environment hook '/home/student/ros2_ws/install/tuos_examples/share/tuos_examples/hook/cmake_prefix_path.ps1'
[2.723s] INFO:colcon.colcon_core.shell:Creating environment descriptor '/home/student/ros2_ws/install/tuos_examples/share/tuos_examples/hook/cmake_prefix_path.dsv'
[2.725s] INFO:colcon.colcon_core.shell:Creating environment hook '/home/student/ros2_ws/install/tuos_examples/share/tuos_examples/hook/cmake_prefix_path.sh'
[2.727s] Level 1:colcon.colcon_core.environment:checking '/home/student/ros2_ws/install/tuos_examples/lib'
[2.727s] Level 1:colcon.colcon_core.environment:checking '/home/student/ros2_ws/install/tuos_examples/bin'
[2.728s] Level 1:colcon.colcon_core.environment:checking '/home/student/ros2_ws/install/tuos_examples/lib/pkgconfig/tuos_examples.pc'
[2.728s] Level 1:colcon.colcon_core.environment:checking '/home/student/ros2_ws/install/tuos_examples/lib/python3.10/site-packages'
[2.728s] Level 1:colcon.colcon_core.environment:checking '/home/student/ros2_ws/install/tuos_examples/bin'
[2.729s] INFO:colcon.colcon_core.shell:Creating package script '/home/student/ros2_ws/install/tuos_examples/share/tuos_examples/package.ps1'
[2.730s] INFO:colcon.colcon_core.shell:Creating package descriptor '/home/student/ros2_ws/install/tuos_examples/share/tuos_examples/package.dsv'
[2.731s] INFO:colcon.colcon_core.shell:Creating package script '/home/student/ros2_ws/install/tuos_examples/share/tuos_examples/package.sh'
[2.732s] INFO:colcon.colcon_core.shell:Creating package script '/home/student/ros2_ws/install/tuos_examples/share/tuos_examples/package.bash'
[2.734s] INFO:colcon.colcon_core.shell:Creating package script '/home/student/ros2_ws/install/tuos_examples/share/tuos_examples/package.zsh'
[2.735s] Level 1:colcon.colcon_core.environment:create_file_with_runtime_dependencies(/home/student/ros2_ws/install/tuos_examples/share/colcon-core/packages/tuos_examples)
[3.396s] DEBUG:colcon.colcon_core.event_handler.log_command:Invoked command in '/home/student/ros2_ws/build/tuos_interfaces' returned '0': CMAKE_PREFIX_PATH=${CMAKE_PREFIX_PATH}:/opt/ros/humble /usr/bin/cmake --build /home/student/ros2_ws/build/tuos_interfaces -- -j16 -l16
[3.397s] DEBUG:colcon.colcon_core.event_handler.log_command:Invoking command in '/home/student/ros2_ws/build/tuos_interfaces': CMAKE_PREFIX_PATH=${CMAKE_PREFIX_PATH}:/opt/ros/humble /usr/bin/cmake --install /home/student/ros2_ws/build/tuos_interfaces
[3.551s] Level 1:colcon.colcon_core.environment:create_environment_scripts_only(tuos_interfaces)
[3.552s] Level 1:colcon.colcon_core.environment:checking '/home/student/ros2_ws/install/tuos_interfaces' for CMake module files
[3.553s] Level 1:colcon.colcon_core.environment:checking '/home/student/ros2_ws/install/tuos_interfaces' for CMake config files
[3.555s] DEBUG:colcon.colcon_core.event_handler.log_command:Invoked command in '/home/student/ros2_ws/build/tuos_interfaces' returned '0': CMAKE_PREFIX_PATH=${CMAKE_PREFIX_PATH}:/opt/ros/humble /usr/bin/cmake --install /home/student/ros2_ws/build/tuos_interfaces
[3.557s] Level 1:colcon.colcon_core.shell:create_environment_hook('tuos_interfaces', 'cmake_prefix_path')
[3.558s] INFO:colcon.colcon_core.shell:Creating environment hook '/home/student/ros2_ws/install/tuos_interfaces/share/tuos_interfaces/hook/cmake_prefix_path.ps1'
[3.559s] INFO:colcon.colcon_core.shell:Creating environment descriptor '/home/student/ros2_ws/install/tuos_interfaces/share/tuos_interfaces/hook/cmake_prefix_path.dsv'
[3.560s] INFO:colcon.colcon_core.shell:Creating environment hook '/home/student/ros2_ws/install/tuos_interfaces/share/tuos_interfaces/hook/cmake_prefix_path.sh'
[3.561s] Level 1:colcon.colcon_core.environment:checking '/home/student/ros2_ws/install/tuos_interfaces/lib'
[3.561s] Level 1:colcon.colcon_core.shell:create_environment_hook('tuos_interfaces', 'ld_library_path_lib')
[3.562s] INFO:colcon.colcon_core.shell:Creating environment hook '/home/student/ros2_ws/install/tuos_interfaces/share/tuos_interfaces/hook/ld_library_path_lib.ps1'
[3.563s] INFO:colcon.colcon_core.shell:Creating environment descriptor '/home/student/ros2_ws/install/tuos_interfaces/share/tuos_interfaces/hook/ld_library_path_lib.dsv'
[3.563s] INFO:colcon.colcon_core.shell:Creating environment hook '/home/student/ros2_ws/install/tuos_interfaces/share/tuos_interfaces/hook/ld_library_path_lib.sh'
[3.564s] Level 1:colcon.colcon_core.environment:checking '/home/student/ros2_ws/install/tuos_interfaces/bin'
[3.564s] Level 1:colcon.colcon_core.environment:checking '/home/student/ros2_ws/install/tuos_interfaces/lib/pkgconfig/tuos_interfaces.pc'
[3.565s] Level 1:colcon.colcon_core.environment:checking '/home/student/ros2_ws/install/tuos_interfaces/lib/python3.10/site-packages'
[3.565s] Level 1:colcon.colcon_core.environment:checking '/home/student/ros2_ws/install/tuos_interfaces/bin'
[3.566s] INFO:colcon.colcon_core.shell:Creating package script '/home/student/ros2_ws/install/tuos_interfaces/share/tuos_interfaces/package.ps1'
[3.567s] INFO:colcon.colcon_core.shell:Creating package descriptor '/home/student/ros2_ws/install/tuos_interfaces/share/tuos_interfaces/package.dsv'
[3.568s] INFO:colcon.colcon_core.shell:Creating package script '/home/student/ros2_ws/install/tuos_interfaces/share/tuos_interfaces/package.sh'
[3.569s] INFO:colcon.colcon_core.shell:Creating package script '/home/student/ros2_ws/install/tuos_interfaces/share/tuos_interfaces/package.bash'
[3.570s] INFO:colcon.colcon_core.shell:Creating package script '/home/student/ros2_ws/install/tuos_interfaces/share/tuos_interfaces/package.zsh'
[3.570s] Level 1:colcon.colcon_core.environment:create_file_with_runtime_dependencies(/home/student/ros2_ws/install/tuos_interfaces/share/colcon-core/packages/tuos_interfaces)
[3.572s] Level 1:colcon.colcon_core.environment:create_environment_scripts_only(tuos_interfaces)
[3.572s] Level 1:colcon.colcon_core.environment:checking '/home/student/ros2_ws/install/tuos_interfaces' for CMake module files
[3.573s] Level 1:colcon.colcon_core.environment:checking '/home/student/ros2_ws/install/tuos_interfaces' for CMake config files
[3.575s] Level 1:colcon.colcon_core.shell:create_environment_hook('tuos_interfaces', 'cmake_prefix_path')
[3.576s] INFO:colcon.colcon_core.shell:Creating environment hook '/home/student/ros2_ws/install/tuos_interfaces/share/tuos_interfaces/hook/cmake_prefix_path.ps1'
[3.577s] INFO:colcon.colcon_core.shell:Creating environment descriptor '/home/student/ros2_ws/install/tuos_interfaces/share/tuos_interfaces/hook/cmake_prefix_path.dsv'
[3.578s] INFO:colcon.colcon_core.shell:Creating environment hook '/home/student/ros2_ws/install/tuos_interfaces/share/tuos_interfaces/hook/cmake_prefix_path.sh'
[3.579s] Level 1:colcon.colcon_core.environment:checking '/home/student/ros2_ws/install/tuos_interfaces/lib'
[3.580s] Level 1:colcon.colcon_core.shell:create_environment_hook('tuos_interfaces', 'ld_library_path_lib')
[3.580s] INFO:colcon.colcon_core.shell:Creating environment hook '/home/student/ros2_ws/install/tuos_interfaces/share/tuos_interfaces/hook/ld_library_path_lib.ps1'
[3.581s] INFO:colcon.colcon_core.shell:Creating environment descriptor '/home/student/ros2_ws/install/tuos_interfaces/share/tuos_interfaces/hook/ld_library_path_lib.dsv'
[3.582s] INFO:colcon.colcon_core.shell:Creating environment hook '/home/student/ros2_ws/install/tuos_interfaces/share/tuos_interfaces/hook/ld_library_path_lib.sh'
[3.583s] Level 1:colcon.colcon_core.environment:checking '/home/student/ros2_ws/install/tuos_interfaces/bin'
[3.584s] Level 1:colcon.colcon_core.environment:checking '/home/student/ros2_ws/install/tuos_interfaces/lib/pkgconfig/tuos_interfaces.pc'
[3.585s] Level 1:colcon.colcon_core.environment:checking '/home/student/ros2_ws/install/tuos_interfaces/lib/python3.10/site-packages'
[3.585s] Level 1:colcon.colcon_core.environment:checking '/home/student/ros2_ws/install/tuos_interfaces/bin'
[3.587s] INFO:colcon.colcon_core.shell:Creating package script '/home/student/ros2_ws/install/tuos_interfaces/share/tuos_interfaces/package.ps1'
[3.590s] INFO:colcon.colcon_core.shell:Creating package descriptor '/home/student/ros2_ws/install/tuos_interfaces/share/tuos_interfaces/package.dsv'
[3.592s] INFO:colcon.colcon_core.shell:Creating package script '/home/student/ros2_ws/install/tuos_interfaces/share/tuos_interfaces/package.sh'
[3.595s] INFO:colcon.colcon_core.shell:Creating package script '/home/student/ros2_ws/install/tuos_interfaces/share/tuos_interfaces/package.bash'
[3.597s] INFO:colcon.colcon_core.shell:Creating package script '/home/student/ros2_ws/install/tuos_interfaces/share/tuos_interfaces/package.zsh'
[3.598s] Level 1:colcon.colcon_core.environment:create_file_with_runtime_dependencies(/home/student/ros2_ws/install/tuos_interfaces/share/colcon-core/packages/tuos_interfaces)
[3.599s] INFO:colcon.colcon_ros.task.ament_cmake.build:Building ROS package in '/home/student/ros2_ws/src/tuos_ros/tuos_ros' with build type 'ament_cmake'
[3.599s] INFO:colcon.colcon_cmake.task.cmake.build:Building CMake package in '/home/student/ros2_ws/src/tuos_ros/tuos_ros'
[3.600s] INFO:colcon.colcon_core.shell:Skip shell extension 'powershell' for command environment: Not usable outside of PowerShell
[3.601s] DEBUG:colcon.colcon_core.shell:Skip shell extension 'dsv' for command environment
[4.561s] DEBUG:colcon.colcon_core.event_handler.log_command:Invoking command in '/home/student/ros2_ws/build/tuos_ros': CMAKE_PREFIX_PATH=/home/student/ros2_ws/install/com2009_simulations:/home/student/ros2_ws/install/tuos_tb3_tools:/home/student/ros2_ws/install/tuos_simulations:/home/student/ros2_ws/install/tuos_interfaces:/home/student/ros2_ws/install/tuos_examples:/home/student/ros2_ws/install/tuos_ros:/home/student/ros2_ws/install/part2_navigation:/home/student/ros2_ws/install/part1_pubsub:/opt/ros/humble LD_LIBRARY_PATH=/home/student/ros2_ws/install/tuos_interfaces/lib:/home/student/ros2_ws/install/part1_pubsub/lib:/usr/lib/x86_64-linux-gnu/gazebo-11/plugins:/opt/ros/humble/opt/rviz_ogre_vendor/lib:/opt/ros/humble/lib/x86_64-linux-gnu:/opt/ros/humble/lib:/usr/share/gazebo/../../lib/x86_64-linux-gnu/gazebo-11/plugins:/usr/share/gazebo/../../lib/x86_64-linux-gnu/gazebo-11/plugins:/usr/share/gazebo/../../lib/x86_64-linux-gnu/gazebo-11/plugins /usr/bin/cmake --build /home/student/ros2_ws/build/tuos_ros -- -j16 -l16
[4.671s] DEBUG:colcon.colcon_core.event_handler.log_command:Invoked command in '/home/student/ros2_ws/build/tuos_ros' returned '0': CMAKE_PREFIX_PATH=/home/student/ros2_ws/install/com2009_simulations:/home/student/ros2_ws/install/tuos_tb3_tools:/home/student/ros2_ws/install/tuos_simulations:/home/student/ros2_ws/install/tuos_interfaces:/home/student/ros2_ws/install/tuos_examples:/home/student/ros2_ws/install/tuos_ros:/home/student/ros2_ws/install/part2_navigation:/home/student/ros2_ws/install/part1_pubsub:/opt/ros/humble LD_LIBRARY_PATH=/home/student/ros2_ws/install/tuos_interfaces/lib:/home/student/ros2_ws/install/part1_pubsub/lib:/usr/lib/x86_64-linux-gnu/gazebo-11/plugins:/opt/ros/humble/opt/rviz_ogre_vendor/lib:/opt/ros/humble/lib/x86_64-linux-gnu:/opt/ros/humble/lib:/usr/share/gazebo/../../lib/x86_64-linux-gnu/gazebo-11/plugins:/usr/share/gazebo/../../lib/x86_64-linux-gnu/gazebo-11/plugins:/usr/share/gazebo/../../lib/x86_64-linux-gnu/gazebo-11/plugins /usr/bin/cmake --build /home/student/ros2_ws/build/tuos_ros -- -j16 -l16
[4.672s] DEBUG:colcon.colcon_core.event_handler.log_command:Invoking command in '/home/student/ros2_ws/build/tuos_ros': CMAKE_PREFIX_PATH=/home/student/ros2_ws/install/com2009_simulations:/home/student/ros2_ws/install/tuos_tb3_tools:/home/student/ros2_ws/install/tuos_simulations:/home/student/ros2_ws/install/tuos_interfaces:/home/student/ros2_ws/install/tuos_examples:/home/student/ros2_ws/install/tuos_ros:/home/student/ros2_ws/install/part2_navigation:/home/student/ros2_ws/install/part1_pubsub:/opt/ros/humble LD_LIBRARY_PATH=/home/student/ros2_ws/install/tuos_interfaces/lib:/home/student/ros2_ws/install/part1_pubsub/lib:/usr/lib/x86_64-linux-gnu/gazebo-11/plugins:/opt/ros/humble/opt/rviz_ogre_vendor/lib:/opt/ros/humble/lib/x86_64-linux-gnu:/opt/ros/humble/lib:/usr/share/gazebo/../../lib/x86_64-linux-gnu/gazebo-11/plugins:/usr/share/gazebo/../../lib/x86_64-linux-gnu/gazebo-11/plugins:/usr/share/gazebo/../../lib/x86_64-linux-gnu/gazebo-11/plugins /usr/bin/cmake --install /home/student/ros2_ws/build/tuos_ros
[4.688s] Level 1:colcon.colcon_core.environment:create_environment_scripts_only(tuos_ros)
[4.688s] Level 1:colcon.colcon_core.environment:checking '/home/student/ros2_ws/install/tuos_ros' for CMake module files
[4.691s] Level 1:colcon.colcon_core.environment:checking '/home/student/ros2_ws/install/tuos_ros' for CMake config files
[4.692s] Level 1:colcon.colcon_core.shell:create_environment_hook('tuos_ros', 'cmake_prefix_path')
[4.693s] INFO:colcon.colcon_core.shell:Creating environment hook '/home/student/ros2_ws/install/tuos_ros/share/tuos_ros/hook/cmake_prefix_path.ps1'
[4.696s] DEBUG:colcon.colcon_core.event_handler.log_command:Invoked command in '/home/student/ros2_ws/build/tuos_ros' returned '0': CMAKE_PREFIX_PATH=/home/student/ros2_ws/install/com2009_simulations:/home/student/ros2_ws/install/tuos_tb3_tools:/home/student/ros2_ws/install/tuos_simulations:/home/student/ros2_ws/install/tuos_interfaces:/home/student/ros2_ws/install/tuos_examples:/home/student/ros2_ws/install/tuos_ros:/home/student/ros2_ws/install/part2_navigation:/home/student/ros2_ws/install/part1_pubsub:/opt/ros/humble LD_LIBRARY_PATH=/home/student/ros2_ws/install/tuos_interfaces/lib:/home/student/ros2_ws/install/part1_pubsub/lib:/usr/lib/x86_64-linux-gnu/gazebo-11/plugins:/opt/ros/humble/opt/rviz_ogre_vendor/lib:/opt/ros/humble/lib/x86_64-linux-gnu:/opt/ros/humble/lib:/usr/share/gazebo/../../lib/x86_64-linux-gnu/gazebo-11/plugins:/usr/share/gazebo/../../lib/x86_64-linux-gnu/gazebo-11/plugins:/usr/share/gazebo/../../lib/x86_64-linux-gnu/gazebo-11/plugins /usr/bin/cmake --install /home/student/ros2_ws/build/tuos_ros
[4.698s] INFO:colcon.colcon_core.shell:Creating environment descriptor '/home/student/ros2_ws/install/tuos_ros/share/tuos_ros/hook/cmake_prefix_path.dsv'
[4.700s] INFO:colcon.colcon_core.shell:Creating environment hook '/home/student/ros2_ws/install/tuos_ros/share/tuos_ros/hook/cmake_prefix_path.sh'
[4.702s] Level 1:colcon.colcon_core.environment:checking '/home/student/ros2_ws/install/tuos_ros/bin'
[4.703s] Level 1:colcon.colcon_core.environment:checking '/home/student/ros2_ws/install/tuos_ros/lib/pkgconfig/tuos_ros.pc'
[4.703s] Level 1:colcon.colcon_core.environment:checking '/home/student/ros2_ws/install/tuos_ros/lib/python3.10/site-packages'
[4.704s] Level 1:colcon.colcon_core.environment:checking '/home/student/ros2_ws/install/tuos_ros/bin'
[4.705s] INFO:colcon.colcon_core.shell:Creating package script '/home/student/ros2_ws/install/tuos_ros/share/tuos_ros/package.ps1'
[4.707s] INFO:colcon.colcon_core.shell:Creating package descriptor '/home/student/ros2_ws/install/tuos_ros/share/tuos_ros/package.dsv'
[4.709s] INFO:colcon.colcon_core.shell:Creating package script '/home/student/ros2_ws/install/tuos_ros/share/tuos_ros/package.sh'
[4.710s] INFO:colcon.colcon_core.shell:Creating package script '/home/student/ros2_ws/install/tuos_ros/share/tuos_ros/package.bash'
[4.711s] INFO:colcon.colcon_core.shell:Creating package script '/home/student/ros2_ws/install/tuos_ros/share/tuos_ros/package.zsh'
[4.712s] Level 1:colcon.colcon_core.environment:create_file_with_runtime_dependencies(/home/student/ros2_ws/install/tuos_ros/share/colcon-core/packages/tuos_ros)
[4.714s] Level 1:colcon.colcon_core.environment:create_environment_scripts_only(tuos_ros)
[4.714s] Level 1:colcon.colcon_core.environment:checking '/home/student/ros2_ws/install/tuos_ros' for CMake module files
[4.715s] Level 1:colcon.colcon_core.environment:checking '/home/student/ros2_ws/install/tuos_ros' for CMake config files
[4.716s] Level 1:colcon.colcon_core.shell:create_environment_hook('tuos_ros', 'cmake_prefix_path')
[4.717s] INFO:colcon.colcon_core.shell:Creating environment hook '/home/student/ros2_ws/install/tuos_ros/share/tuos_ros/hook/cmake_prefix_path.ps1'
[4.718s] INFO:colcon.colcon_core.shell:Creating environment descriptor '/home/student/ros2_ws/install/tuos_ros/share/tuos_ros/hook/cmake_prefix_path.dsv'
[4.719s] INFO:colcon.colcon_core.shell:Creating environment hook '/home/student/ros2_ws/install/tuos_ros/share/tuos_ros/hook/cmake_prefix_path.sh'
[4.720s] Level 1:colcon.colcon_core.environment:checking '/home/student/ros2_ws/install/tuos_ros/bin'
[4.720s] Level 1:colcon.colcon_core.environment:checking '/home/student/ros2_ws/install/tuos_ros/lib/pkgconfig/tuos_ros.pc'
[4.721s] Level 1:colcon.colcon_core.environment:checking '/home/student/ros2_ws/install/tuos_ros/lib/python3.10/site-packages'
[4.721s] Level 1:colcon.colcon_core.environment:checking '/home/student/ros2_ws/install/tuos_ros/bin'
[4.722s] INFO:colcon.colcon_core.shell:Creating package script '/home/student/ros2_ws/install/tuos_ros/share/tuos_ros/package.ps1'
[4.722s] INFO:colcon.colcon_core.shell:Creating package descriptor '/home/student/ros2_ws/install/tuos_ros/share/tuos_ros/package.dsv'
[4.723s] INFO:colcon.colcon_core.shell:Creating package script '/home/student/ros2_ws/install/tuos_ros/share/tuos_ros/package.sh'
[4.723s] INFO:colcon.colcon_core.shell:Creating package script '/home/student/ros2_ws/install/tuos_ros/share/tuos_ros/package.bash'
[4.724s] INFO:colcon.colcon_core.shell:Creating package script '/home/student/ros2_ws/install/tuos_ros/share/tuos_ros/package.zsh'
[4.725s] Level 1:colcon.colcon_core.environment:create_file_with_runtime_dependencies(/home/student/ros2_ws/install/tuos_ros/share/colcon-core/packages/tuos_ros)
[4.725s] DEBUG:colcon.colcon_parallel_executor.executor.parallel:closing loop
[4.727s] DEBUG:colcon.colcon_parallel_executor.executor.parallel:loop closed
[4.727s] DEBUG:colcon.colcon_parallel_executor.executor.parallel:run_until_complete finished with '0'
[4.728s] DEBUG:colcon.colcon_core.event_reactor:joining thread
[4.854s] INFO:colcon.colcon_core.plugin_system:Skipping extension 'colcon_notification.desktop_notification.notify_send': Could not find 'notify-send'
[4.854s] INFO:colcon.colcon_core.plugin_system:Skipping extension 'colcon_notification.desktop_notification.terminal_notifier': Not used on non-Darwin systems
[4.854s] INFO:colcon.colcon_core.plugin_system:Skipping extension 'colcon_notification.desktop_notification.win32': Not used on non-Windows systems
[4.854s] INFO:colcon.colcon_notification.desktop_notification:Sending desktop notification using 'notify2'
[5.013s] DEBUG:colcon.colcon_notification.desktop_notification.notify2:Failed to initialize notify2: org.freedesktop.DBus.Error.Spawn.ExecFailed: /usr/bin/dbus-launch terminated abnormally without any error message
[5.013s] DEBUG:colcon.colcon_core.event_reactor:joined thread
[5.014s] INFO:colcon.colcon_core.shell:Creating prefix script '/home/student/ros2_ws/install/local_setup.ps1'
[5.017s] INFO:colcon.colcon_core.shell:Creating prefix util module '/home/student/ros2_ws/install/_local_setup_util_ps1.py'
[5.024s] INFO:colcon.colcon_core.shell:Creating prefix chain script '/home/student/ros2_ws/install/setup.ps1'
[5.029s] INFO:colcon.colcon_core.shell:Creating prefix script '/home/student/ros2_ws/install/local_setup.sh'
[5.031s] INFO:colcon.colcon_core.shell:Creating prefix util module '/home/student/ros2_ws/install/_local_setup_util_sh.py'
[5.035s] INFO:colcon.colcon_core.shell:Creating prefix chain script '/home/student/ros2_ws/install/setup.sh'
[5.043s] INFO:colcon.colcon_core.shell:Creating prefix script '/home/student/ros2_ws/install/local_setup.bash'
[5.045s] INFO:colcon.colcon_core.shell:Creating prefix chain script '/home/student/ros2_ws/install/setup.bash'
[5.050s] INFO:colcon.colcon_core.shell:Creating prefix script '/home/student/ros2_ws/install/local_setup.zsh'
[5.052s] INFO:colcon.colcon_core.shell:Creating prefix chain script '/home/student/ros2_ws/install/setup.zsh'
