[0.133s] Invoking command in '/home/student/ros2_ws/build/tuos_examples': CMAKE_PREFIX_PATH=${CMAKE_PREFIX_PATH}:/opt/ros/humble /usr/bin/cmake --build /home/student/ros2_ws/build/tuos_examples -- -j16 -l16
[0.353s] [100%] Built target cpp_executable
[0.428s] [100%] Built target ament_cmake_python_copy_tuos_examples
[1.730s] running egg_info
[1.736s] writing tuos_examples.egg-info/PKG-INFO
[1.744s] writing dependency_links to tuos_examples.egg-info/dependency_links.txt
[1.746s] writing top-level names to tuos_examples.egg-info/top_level.txt
[1.752s] reading manifest file 'tuos_examples.egg-info/SOURCES.txt'
[1.753s] writing manifest file 'tuos_examples.egg-info/SOURCES.txt'
[1.890s] [100%] Built target ament_cmake_python_build_tuos_examples_egg
[1.942s] Invoked command in '/home/student/ros2_ws/build/tuos_examples' returned '0': CMAKE_PREFIX_PATH=${CMAKE_PREFIX_PATH}:/opt/ros/humble /usr/bin/cmake --build /home/student/ros2_ws/build/tuos_examples -- -j16 -l16
[1.943s] Invoking command in '/home/student/ros2_ws/build/tuos_examples': CMAKE_PREFIX_PATH=${CMAKE_PREFIX_PATH}:/opt/ros/humble /usr/bin/cmake --install /home/student/ros2_ws/build/tuos_examples
[1.964s] -- Install configuration: ""
[1.966s] -- Up-to-date: /home/student/ros2_ws/install/tuos_examples/lib/tuos_examples/cpp_executable
[1.968s] -- Up-to-date: /home/student/ros2_ws/install/tuos_examples/share/tuos_examples/environment/pythonpath.sh
[1.968s] -- Up-to-date: /home/student/ros2_ws/install/tuos_examples/share/tuos_examples/environment/pythonpath.dsv
[1.968s] -- Up-to-date: /home/student/ros2_ws/install/tuos_examples/local/lib/python3.10/dist-packages/tuos_examples-0.0.0-py3.10.egg-info
[1.968s] -- Installing: /home/student/ros2_ws/install/tuos_examples/local/lib/python3.10/dist-packages/tuos_examples-0.0.0-py3.10.egg-info/SOURCES.txt
[1.969s] -- Installing: /home/student/ros2_ws/install/tuos_examples/local/lib/python3.10/dist-packages/tuos_examples-0.0.0-py3.10.egg-info/PKG-INFO
[1.969s] -- Installing: /home/student/ros2_ws/install/tuos_examples/local/lib/python3.10/dist-packages/tuos_examples-0.0.0-py3.10.egg-info/dependency_links.txt
[1.969s] -- Installing: /home/student/ros2_ws/install/tuos_examples/local/lib/python3.10/dist-packages/tuos_examples-0.0.0-py3.10.egg-info/top_level.txt
[1.970s] -- Up-to-date: /home/student/ros2_ws/install/tuos_examples/local/lib/python3.10/dist-packages/tuos_examples
[1.970s] -- Up-to-date: /home/student/ros2_ws/install/tuos_examples/local/lib/python3.10/dist-packages/tuos_examples/tb3_tools.py
[1.970s] -- Up-to-date: /home/student/ros2_ws/install/tuos_examples/local/lib/python3.10/dist-packages/tuos_examples/__init__.py
[2.074s] Listing '/home/student/ros2_ws/install/tuos_examples/local/lib/python3.10/dist-packages/tuos_examples'...
[2.117s] -- Up-to-date: /home/student/ros2_ws/install/tuos_examples/lib/tuos_examples/odom_subscriber_template.py
[2.135s] -- Up-to-date: /home/student/ros2_ws/install/tuos_examples/lib/tuos_examples/robot_pose.py
[2.135s] -- Up-to-date: /home/student/ros2_ws/install/tuos_examples/lib/tuos_examples/camera_sweep_action_server.py
[2.135s] -- Up-to-date: /home/student/ros2_ws/install/tuos_examples/lib/tuos_examples/waffle_yaw_action_server.py
[2.137s] -- Up-to-date: /home/student/ros2_ws/install/tuos_examples/lib/tuos_examples/image_colours.py
[2.137s] -- Up-to-date: /home/student/ros2_ws/install/tuos_examples/lib/tuos_examples/colour_search.py
[2.138s] -- Up-to-date: /home/student/ros2_ws/install/tuos_examples/lib/tuos_examples/number_game.py
[2.138s] -- Up-to-date: /home/student/ros2_ws/install/tuos_examples/share/ament_index/resource_index/package_run_dependencies/tuos_examples
[2.138s] -- Up-to-date: /home/student/ros2_ws/install/tuos_examples/share/ament_index/resource_index/parent_prefix_path/tuos_examples
[2.138s] -- Up-to-date: /home/student/ros2_ws/install/tuos_examples/share/tuos_examples/environment/ament_prefix_path.sh
[2.138s] -- Up-to-date: /home/student/ros2_ws/install/tuos_examples/share/tuos_examples/environment/ament_prefix_path.dsv
[2.139s] -- Up-to-date: /home/student/ros2_ws/install/tuos_examples/share/tuos_examples/environment/path.sh
[2.139s] -- Up-to-date: /home/student/ros2_ws/install/tuos_examples/share/tuos_examples/environment/path.dsv
[2.139s] -- Up-to-date: /home/student/ros2_ws/install/tuos_examples/share/tuos_examples/local_setup.bash
[2.139s] -- Up-to-date: /home/student/ros2_ws/install/tuos_examples/share/tuos_examples/local_setup.sh
[2.139s] -- Up-to-date: /home/student/ros2_ws/install/tuos_examples/share/tuos_examples/local_setup.zsh
[2.140s] -- Up-to-date: /home/student/ros2_ws/install/tuos_examples/share/tuos_examples/local_setup.dsv
[2.140s] -- Installing: /home/student/ros2_ws/install/tuos_examples/share/tuos_examples/package.dsv
[2.140s] -- Up-to-date: /home/student/ros2_ws/install/tuos_examples/share/ament_index/resource_index/packages/tuos_examples
[2.141s] -- Up-to-date: /home/student/ros2_ws/install/tuos_examples/share/tuos_examples/cmake/tuos_examplesConfig.cmake
[2.141s] -- Up-to-date: /home/student/ros2_ws/install/tuos_examples/share/tuos_examples/cmake/tuos_examplesConfig-version.cmake
[2.141s] -- Up-to-date: /home/student/ros2_ws/install/tuos_examples/share/tuos_examples/package.xml
[2.141s] Invoked command in '/home/student/ros2_ws/build/tuos_examples' returned '0': CMAKE_PREFIX_PATH=${CMAKE_PREFIX_PATH}:/opt/ros/humble /usr/bin/cmake --install /home/student/ros2_ws/build/tuos_examples
