[0.045s] Invoking command in '/home/student/ros2_ws/build/part2_navigation': CMAKE_PREFIX_PATH=${CMAKE_PREFIX_PATH}:/opt/ros/humble /usr/bin/cmake --build /home/student/ros2_ws/build/part2_navigation -- -j16 -l16
[0.184s] [100%] Built target cpp_executable
[0.267s] [100%] Built target ament_cmake_python_symlink_part2_navigation_modules
[1.041s] running egg_info
[1.044s] writing part2_navigation_modules.egg-info/PKG-INFO
[1.044s] writing dependency_links to part2_navigation_modules.egg-info/dependency_links.txt
[1.044s] writing top-level names to part2_navigation_modules.egg-info/top_level.txt
[1.048s] reading manifest file 'part2_navigation_modules.egg-info/SOURCES.txt'
[1.051s] writing manifest file 'part2_navigation_modules.egg-info/SOURCES.txt'
[1.136s] [100%] Built target ament_cmake_python_build_part2_navigation_modules_egg
[1.163s] Invoked command in '/home/student/ros2_ws/build/part2_navigation' returned '0': CMAKE_PREFIX_PATH=${CMAKE_PREFIX_PATH}:/opt/ros/humble /usr/bin/cmake --build /home/student/ros2_ws/build/part2_navigation -- -j16 -l16
[1.192s] Invoking command in '/home/student/ros2_ws/build/part2_navigation': CMAKE_PREFIX_PATH=${CMAKE_PREFIX_PATH}:/opt/ros/humble /usr/bin/cmake --install /home/student/ros2_ws/build/part2_navigation
[1.212s] -- Install configuration: ""
[1.217s] -- Execute custom install script
[1.218s] -- Up-to-date symlink: /home/student/ros2_ws/install/part2_navigation/lib/part2_navigation/cpp_executable
[1.218s] -- Up-to-date symlink: /home/student/ros2_ws/install/part2_navigation/share/part2_navigation/environment/pythonpath.sh
[1.218s] -- Up-to-date symlink: /home/student/ros2_ws/install/part2_navigation/share/part2_navigation/environment/pythonpath.dsv
[1.219s] -- Up-to-date symlink: /home/student/ros2_ws/install/part2_navigation/local/lib/python3.10/dist-packages/part2_navigation_modules-0.0.0-py3.10.egg-info/PKG-INFO
[1.219s] -- Up-to-date symlink: /home/student/ros2_ws/install/part2_navigation/local/lib/python3.10/dist-packages/part2_navigation_modules-0.0.0-py3.10.egg-info/SOURCES.txt
[1.219s] -- Up-to-date symlink: /home/student/ros2_ws/install/part2_navigation/local/lib/python3.10/dist-packages/part2_navigation_modules-0.0.0-py3.10.egg-info/dependency_links.txt
[1.221s] -- Up-to-date symlink: /home/student/ros2_ws/install/part2_navigation/local/lib/python3.10/dist-packages/part2_navigation_modules-0.0.0-py3.10.egg-info/top_level.txt
[1.221s] -- Up-to-date symlink: /home/student/ros2_ws/install/part2_navigation/local/lib/python3.10/dist-packages/part2_navigation_modules/__init__.py
[1.222s] -- Up-to-date symlink: /home/student/ros2_ws/install/part2_navigation/local/lib/python3.10/dist-packages/part2_navigation_modules/tb3_tools.py
[1.222s] -- Up-to-date symlink: /home/student/ros2_ws/install/part2_navigation/lib/part2_navigation/odom_subscriber.py
[1.222s] -- Up-to-date symlink: /home/student/ros2_ws/install/part2_navigation/lib/part2_navigation/move_circle.py
[1.222s] -- Up-to-date symlink: /home/student/ros2_ws/install/part2_navigation/lib/part2_navigation/move_square.py
[1.223s] -- Up-to-date symlink: /home/student/ros2_ws/install/part2_navigation/share/ament_index/resource_index/package_run_dependencies/part2_navigation
[1.223s] -- Up-to-date symlink: /home/student/ros2_ws/install/part2_navigation/share/ament_index/resource_index/parent_prefix_path/part2_navigation
[1.223s] -- Up-to-date symlink: /home/student/ros2_ws/install/part2_navigation/share/part2_navigation/environment/ament_prefix_path.sh
[1.224s] -- Up-to-date symlink: /home/student/ros2_ws/install/part2_navigation/share/part2_navigation/environment/ament_prefix_path.dsv
[1.224s] -- Up-to-date symlink: /home/student/ros2_ws/install/part2_navigation/share/part2_navigation/environment/path.sh
[1.224s] -- Up-to-date symlink: /home/student/ros2_ws/install/part2_navigation/share/part2_navigation/environment/path.dsv
[1.224s] -- Up-to-date symlink: /home/student/ros2_ws/install/part2_navigation/share/part2_navigation/local_setup.bash
[1.225s] -- Up-to-date symlink: /home/student/ros2_ws/install/part2_navigation/share/part2_navigation/local_setup.sh
[1.225s] -- Up-to-date symlink: /home/student/ros2_ws/install/part2_navigation/share/part2_navigation/local_setup.zsh
[1.225s] -- Up-to-date symlink: /home/student/ros2_ws/install/part2_navigation/share/part2_navigation/local_setup.dsv
[1.225s] -- Symlinking: /home/student/ros2_ws/install/part2_navigation/share/part2_navigation/package.dsv
[1.248s] -- Up-to-date symlink: /home/student/ros2_ws/install/part2_navigation/share/ament_index/resource_index/packages/part2_navigation
[1.248s] -- Up-to-date symlink: /home/student/ros2_ws/install/part2_navigation/share/part2_navigation/cmake/part2_navigationConfig.cmake
[1.249s] -- Up-to-date symlink: /home/student/ros2_ws/install/part2_navigation/share/part2_navigation/cmake/part2_navigationConfig-version.cmake
[1.250s] -- Up-to-date symlink: /home/student/ros2_ws/install/part2_navigation/share/part2_navigation/package.xml
[1.324s] Listing '/home/student/ros2_ws/install/part2_navigation/local/lib/python3.10/dist-packages/part2_navigation_modules'...
[1.339s] Invoked command in '/home/student/ros2_ws/build/part2_navigation' returned '0': CMAKE_PREFIX_PATH=${CMAKE_PREFIX_PATH}:/opt/ros/humble /usr/bin/cmake --install /home/student/ros2_ws/build/part2_navigation
