[0.153s] Invoking command in '/home/student/ros2_ws/build/tuos_examples': CMAKE_PREFIX_PATH=${CMAKE_PREFIX_PATH}:/opt/ros/humble /usr/bin/cmake --build /home/student/ros2_ws/build/tuos_examples -- -j16 -l16
[0.451s] [100%] Built target cpp_executable
[0.585s] [100%] Built target ament_cmake_python_copy_tuos_examples
[2.046s] running egg_info
[2.048s] writing tuos_examples.egg-info/PKG-INFO
[2.049s] writing dependency_links to tuos_examples.egg-info/dependency_links.txt
[2.050s] writing top-level names to tuos_examples.egg-info/top_level.txt
[2.071s] reading manifest file 'tuos_examples.egg-info/SOURCES.txt'
[2.075s] writing manifest file 'tuos_examples.egg-info/SOURCES.txt'
[2.328s] [100%] Built target ament_cmake_python_build_tuos_examples_egg
[2.402s] Invoked command in '/home/student/ros2_ws/build/tuos_examples' returned '0': CMAKE_PREFIX_PATH=${CMAKE_PREFIX_PATH}:/opt/ros/humble /usr/bin/cmake --build /home/student/ros2_ws/build/tuos_examples -- -j16 -l16
[2.403s] Invoking command in '/home/student/ros2_ws/build/tuos_examples': CMAKE_PREFIX_PATH=${CMAKE_PREFIX_PATH}:/opt/ros/humble /usr/bin/cmake --install /home/student/ros2_ws/build/tuos_examples
[2.444s] -- Install configuration: ""
[2.444s] -- Up-to-date: /home/student/ros2_ws/install/tuos_examples/lib/tuos_examples/cpp_executable
[2.444s] -- Up-to-date: /home/student/ros2_ws/install/tuos_examples/share/tuos_examples/environment/pythonpath.sh
[2.445s] -- Up-to-date: /home/student/ros2_ws/install/tuos_examples/share/tuos_examples/environment/pythonpath.dsv
[2.445s] -- Up-to-date: /home/student/ros2_ws/install/tuos_examples/local/lib/python3.10/dist-packages/tuos_examples-0.0.0-py3.10.egg-info
[2.445s] -- Installing: /home/student/ros2_ws/install/tuos_examples/local/lib/python3.10/dist-packages/tuos_examples-0.0.0-py3.10.egg-info/SOURCES.txt
[2.445s] -- Installing: /home/student/ros2_ws/install/tuos_examples/local/lib/python3.10/dist-packages/tuos_examples-0.0.0-py3.10.egg-info/PKG-INFO
[2.445s] -- Installing: /home/student/ros2_ws/install/tuos_examples/local/lib/python3.10/dist-packages/tuos_examples-0.0.0-py3.10.egg-info/dependency_links.txt
[2.446s] -- Installing: /home/student/ros2_ws/install/tuos_examples/local/lib/python3.10/dist-packages/tuos_examples-0.0.0-py3.10.egg-info/top_level.txt
[2.446s] -- Up-to-date: /home/student/ros2_ws/install/tuos_examples/local/lib/python3.10/dist-packages/tuos_examples
[2.446s] -- Up-to-date: /home/student/ros2_ws/install/tuos_examples/local/lib/python3.10/dist-packages/tuos_examples/tb3_tools.py
[2.446s] -- Up-to-date: /home/student/ros2_ws/install/tuos_examples/local/lib/python3.10/dist-packages/tuos_examples/__init__.py
[2.572s] Listing '/home/student/ros2_ws/install/tuos_examples/local/lib/python3.10/dist-packages/tuos_examples'...
[2.634s] -- Up-to-date: /home/student/ros2_ws/install/tuos_examples/lib/tuos_examples/odom_subscriber_template.py
[2.635s] -- Up-to-date: /home/student/ros2_ws/install/tuos_examples/lib/tuos_examples/robot_pose.py
[2.635s] -- Up-to-date: /home/student/ros2_ws/install/tuos_examples/lib/tuos_examples/camera_sweep_action_server.py
[2.635s] -- Up-to-date: /home/student/ros2_ws/install/tuos_examples/lib/tuos_examples/waffle_yaw_action_server.py
[2.635s] -- Up-to-date: /home/student/ros2_ws/install/tuos_examples/lib/tuos_examples/image_colours.py
[2.635s] -- Up-to-date: /home/student/ros2_ws/install/tuos_examples/lib/tuos_examples/colour_search.py
[2.635s] -- Up-to-date: /home/student/ros2_ws/install/tuos_examples/lib/tuos_examples/number_game.py
[2.636s] -- Up-to-date: /home/student/ros2_ws/install/tuos_examples/share/ament_index/resource_index/package_run_dependencies/tuos_examples
[2.636s] -- Up-to-date: /home/student/ros2_ws/install/tuos_examples/share/ament_index/resource_index/parent_prefix_path/tuos_examples
[2.636s] -- Up-to-date: /home/student/ros2_ws/install/tuos_examples/share/tuos_examples/environment/ament_prefix_path.sh
[2.637s] -- Up-to-date: /home/student/ros2_ws/install/tuos_examples/share/tuos_examples/environment/ament_prefix_path.dsv
[2.637s] -- Up-to-date: /home/student/ros2_ws/install/tuos_examples/share/tuos_examples/environment/path.sh
[2.659s] -- Up-to-date: /home/student/ros2_ws/install/tuos_examples/share/tuos_examples/environment/path.dsv
[2.660s] -- Up-to-date: /home/student/ros2_ws/install/tuos_examples/share/tuos_examples/local_setup.bash
[2.660s] -- Up-to-date: /home/student/ros2_ws/install/tuos_examples/share/tuos_examples/local_setup.sh
[2.660s] -- Up-to-date: /home/student/ros2_ws/install/tuos_examples/share/tuos_examples/local_setup.zsh
[2.660s] -- Up-to-date: /home/student/ros2_ws/install/tuos_examples/share/tuos_examples/local_setup.dsv
[2.660s] -- Installing: /home/student/ros2_ws/install/tuos_examples/share/tuos_examples/package.dsv
[2.660s] -- Up-to-date: /home/student/ros2_ws/install/tuos_examples/share/ament_index/resource_index/packages/tuos_examples
[2.660s] -- Up-to-date: /home/student/ros2_ws/install/tuos_examples/share/tuos_examples/cmake/tuos_examplesConfig.cmake
[2.660s] -- Up-to-date: /home/student/ros2_ws/install/tuos_examples/share/tuos_examples/cmake/tuos_examplesConfig-version.cmake
[2.661s] -- Up-to-date: /home/student/ros2_ws/install/tuos_examples/share/tuos_examples/package.xml
[2.661s] Invoked command in '/home/student/ros2_ws/build/tuos_examples' returned '0': CMAKE_PREFIX_PATH=${CMAKE_PREFIX_PATH}:/opt/ros/humble /usr/bin/cmake --install /home/student/ros2_ws/build/tuos_examples
