[0.111s] Invoking command in '/home/student/ros2_ws/build/tuos_interfaces': CMAKE_PREFIX_PATH=${CMAKE_PREFIX_PATH}:/opt/ros/humble /usr/bin/cmake --build /home/student/ros2_ws/build/tuos_interfaces -- -j16 -l16
[0.279s] [  2%] Built target tuos_interfaces__cpp
[0.342s] [  2%] Built target ament_cmake_python_copy_tuos_interfaces
[0.419s] [ 12%] Built target tuos_interfaces__rosidl_typesupport_introspection_cpp
[1.081s] running egg_info
[1.088s] writing tuos_interfaces.egg-info/PKG-INFO
[1.089s] writing dependency_links to tuos_interfaces.egg-info/dependency_links.txt
[1.089s] writing top-level names to tuos_interfaces.egg-info/top_level.txt
[1.099s] reading manifest file 'tuos_interfaces.egg-info/SOURCES.txt'
[1.099s] writing manifest file 'tuos_interfaces.egg-info/SOURCES.txt'
[1.210s] [ 12%] Built target ament_cmake_python_build_tuos_interfaces_egg
[1.284s] [ 23%] Built target tuos_interfaces__rosidl_typesupport_fastrtps_cpp
[1.353s] [ 34%] Built target tuos_interfaces__rosidl_typesupport_cpp
[1.416s] [ 44%] Built target tuos_interfaces__rosidl_generator_c
[1.475s] [ 55%] Built target tuos_interfaces__rosidl_typesupport_fastrtps_c
[1.525s] [ 65%] Built target tuos_interfaces__rosidl_typesupport_c
[1.592s] [ 76%] Built target tuos_interfaces__rosidl_typesupport_introspection_c
[1.637s] [ 76%] Built target tuos_interfaces
[1.705s] [ 78%] Built target tuos_interfaces__py
[1.760s] [ 87%] Built target tuos_interfaces__rosidl_generator_py
[1.812s] [ 91%] Built target tuos_interfaces__rosidl_typesupport_fastrtps_c__pyext
[1.864s] [ 95%] Built target tuos_interfaces__rosidl_typesupport_c__pyext
[1.939s] [100%] Built target tuos_interfaces__rosidl_typesupport_introspection_c__pyext
[1.977s] Invoked command in '/home/student/ros2_ws/build/tuos_interfaces' returned '0': CMAKE_PREFIX_PATH=${CMAKE_PREFIX_PATH}:/opt/ros/humble /usr/bin/cmake --build /home/student/ros2_ws/build/tuos_interfaces -- -j16 -l16
[1.982s] Invoking command in '/home/student/ros2_ws/build/tuos_interfaces': CMAKE_PREFIX_PATH=${CMAKE_PREFIX_PATH}:/opt/ros/humble /usr/bin/cmake --install /home/student/ros2_ws/build/tuos_interfaces
[1.999s] -- Install configuration: ""
[1.999s] -- Up-to-date: /home/student/ros2_ws/install/tuos_interfaces/share/ament_index/resource_index/rosidl_interfaces/tuos_interfaces
[2.000s] -- Up-to-date: /home/student/ros2_ws/install/tuos_interfaces/include/tuos_interfaces/tuos_interfaces
[2.001s] -- Up-to-date: /home/student/ros2_ws/install/tuos_interfaces/include/tuos_interfaces/tuos_interfaces/srv
[2.001s] -- Up-to-date: /home/student/ros2_ws/install/tuos_interfaces/include/tuos_interfaces/tuos_interfaces/srv/detail
[2.004s] -- Up-to-date: /home/student/ros2_ws/install/tuos_interfaces/include/tuos_interfaces/tuos_interfaces/srv/detail/number_game__functions.c
[2.005s] -- Up-to-date: /home/student/ros2_ws/install/tuos_interfaces/include/tuos_interfaces/tuos_interfaces/srv/detail/number_game__type_support.h
[2.006s] -- Up-to-date: /home/student/ros2_ws/install/tuos_interfaces/include/tuos_interfaces/tuos_interfaces/srv/detail/number_game__struct.h
[2.008s] -- Up-to-date: /home/student/ros2_ws/install/tuos_interfaces/include/tuos_interfaces/tuos_interfaces/srv/detail/number_game__functions.h
[2.008s] -- Up-to-date: /home/student/ros2_ws/install/tuos_interfaces/include/tuos_interfaces/tuos_interfaces/srv/number_game.h
[2.009s] -- Up-to-date: /home/student/ros2_ws/install/tuos_interfaces/include/tuos_interfaces/tuos_interfaces/action
[2.009s] -- Up-to-date: /home/student/ros2_ws/install/tuos_interfaces/include/tuos_interfaces/tuos_interfaces/action/detail
[2.009s] -- Up-to-date: /home/student/ros2_ws/install/tuos_interfaces/include/tuos_interfaces/tuos_interfaces/action/detail/camera_sweep__type_support.h
[2.010s] -- Up-to-date: /home/student/ros2_ws/install/tuos_interfaces/include/tuos_interfaces/tuos_interfaces/action/detail/camera_sweep__functions.h
[2.010s] -- Up-to-date: /home/student/ros2_ws/install/tuos_interfaces/include/tuos_interfaces/tuos_interfaces/action/detail/camera_sweep__struct.h
[2.011s] -- Up-to-date: /home/student/ros2_ws/install/tuos_interfaces/include/tuos_interfaces/tuos_interfaces/action/detail/camera_sweep__functions.c
[2.011s] -- Up-to-date: /home/student/ros2_ws/install/tuos_interfaces/include/tuos_interfaces/tuos_interfaces/action/camera_sweep.h
[2.011s] -- Up-to-date: /home/student/ros2_ws/install/tuos_interfaces/include/tuos_interfaces/tuos_interfaces/msg
[2.012s] -- Up-to-date: /home/student/ros2_ws/install/tuos_interfaces/include/tuos_interfaces/tuos_interfaces/msg/detail
[2.013s] -- Up-to-date: /home/student/ros2_ws/install/tuos_interfaces/include/tuos_interfaces/tuos_interfaces/msg/detail/num__type_support.h
[2.015s] -- Up-to-date: /home/student/ros2_ws/install/tuos_interfaces/include/tuos_interfaces/tuos_interfaces/msg/detail/num__functions.h
[2.016s] -- Up-to-date: /home/student/ros2_ws/install/tuos_interfaces/include/tuos_interfaces/tuos_interfaces/msg/detail/num__struct.h
[2.016s] -- Up-to-date: /home/student/ros2_ws/install/tuos_interfaces/include/tuos_interfaces/tuos_interfaces/msg/detail/num__functions.c
[2.016s] -- Up-to-date: /home/student/ros2_ws/install/tuos_interfaces/include/tuos_interfaces/tuos_interfaces/msg/num.h
[2.016s] -- Up-to-date: /home/student/ros2_ws/install/tuos_interfaces/include/tuos_interfaces/tuos_interfaces/msg/rosidl_generator_c__visibility_control.h
[2.016s] -- Up-to-date: /home/student/ros2_ws/install/tuos_interfaces/share/tuos_interfaces/environment/library_path.sh
[2.017s] -- Up-to-date: /home/student/ros2_ws/install/tuos_interfaces/share/tuos_interfaces/environment/library_path.dsv
[2.017s] -- Up-to-date: /home/student/ros2_ws/install/tuos_interfaces/lib/libtuos_interfaces__rosidl_generator_c.so
[2.017s] -- Up-to-date: /home/student/ros2_ws/install/tuos_interfaces/include/tuos_interfaces/tuos_interfaces
[2.017s] -- Up-to-date: /home/student/ros2_ws/install/tuos_interfaces/include/tuos_interfaces/tuos_interfaces/srv
[2.017s] -- Up-to-date: /home/student/ros2_ws/install/tuos_interfaces/include/tuos_interfaces/tuos_interfaces/srv/detail
[2.017s] -- Up-to-date: /home/student/ros2_ws/install/tuos_interfaces/include/tuos_interfaces/tuos_interfaces/srv/detail/number_game__rosidl_typesupport_fastrtps_c.h
[2.017s] -- Up-to-date: /home/student/ros2_ws/install/tuos_interfaces/include/tuos_interfaces/tuos_interfaces/action
[2.018s] -- Up-to-date: /home/student/ros2_ws/install/tuos_interfaces/include/tuos_interfaces/tuos_interfaces/action/detail
[2.018s] -- Up-to-date: /home/student/ros2_ws/install/tuos_interfaces/include/tuos_interfaces/tuos_interfaces/action/detail/camera_sweep__rosidl_typesupport_fastrtps_c.h
[2.018s] -- Up-to-date: /home/student/ros2_ws/install/tuos_interfaces/include/tuos_interfaces/tuos_interfaces/msg
[2.018s] -- Up-to-date: /home/student/ros2_ws/install/tuos_interfaces/include/tuos_interfaces/tuos_interfaces/msg/rosidl_typesupport_fastrtps_c__visibility_control.h
[2.024s] -- Up-to-date: /home/student/ros2_ws/install/tuos_interfaces/include/tuos_interfaces/tuos_interfaces/msg/detail
[2.025s] -- Up-to-date: /home/student/ros2_ws/install/tuos_interfaces/include/tuos_interfaces/tuos_interfaces/msg/detail/num__rosidl_typesupport_fastrtps_c.h
[2.026s] -- Up-to-date: /home/student/ros2_ws/install/tuos_interfaces/lib/libtuos_interfaces__rosidl_typesupport_fastrtps_c.so
[2.026s] -- Up-to-date: /home/student/ros2_ws/install/tuos_interfaces/include/tuos_interfaces/tuos_interfaces
[2.027s] -- Up-to-date: /home/student/ros2_ws/install/tuos_interfaces/include/tuos_interfaces/tuos_interfaces/srv
[2.027s] -- Up-to-date: /home/student/ros2_ws/install/tuos_interfaces/include/tuos_interfaces/tuos_interfaces/srv/detail
[2.027s] -- Up-to-date: /home/student/ros2_ws/install/tuos_interfaces/include/tuos_interfaces/tuos_interfaces/srv/detail/number_game__traits.hpp
[2.027s] -- Up-to-date: /home/student/ros2_ws/install/tuos_interfaces/include/tuos_interfaces/tuos_interfaces/srv/detail/number_game__builder.hpp
[2.027s] -- Up-to-date: /home/student/ros2_ws/install/tuos_interfaces/include/tuos_interfaces/tuos_interfaces/srv/detail/number_game__struct.hpp
[2.027s] -- Up-to-date: /home/student/ros2_ws/install/tuos_interfaces/include/tuos_interfaces/tuos_interfaces/srv/detail/number_game__type_support.hpp
[2.027s] -- Up-to-date: /home/student/ros2_ws/install/tuos_interfaces/include/tuos_interfaces/tuos_interfaces/srv/number_game.hpp
[2.027s] -- Up-to-date: /home/student/ros2_ws/install/tuos_interfaces/include/tuos_interfaces/tuos_interfaces/action
[2.028s] -- Up-to-date: /home/student/ros2_ws/install/tuos_interfaces/include/tuos_interfaces/tuos_interfaces/action/detail
[2.028s] -- Up-to-date: /home/student/ros2_ws/install/tuos_interfaces/include/tuos_interfaces/tuos_interfaces/action/detail/camera_sweep__builder.hpp
[2.028s] -- Up-to-date: /home/student/ros2_ws/install/tuos_interfaces/include/tuos_interfaces/tuos_interfaces/action/detail/camera_sweep__traits.hpp
[2.028s] -- Up-to-date: /home/student/ros2_ws/install/tuos_interfaces/include/tuos_interfaces/tuos_interfaces/action/detail/camera_sweep__type_support.hpp
[2.028s] -- Up-to-date: /home/student/ros2_ws/install/tuos_interfaces/include/tuos_interfaces/tuos_interfaces/action/detail/camera_sweep__struct.hpp
[2.028s] -- Up-to-date: /home/student/ros2_ws/install/tuos_interfaces/include/tuos_interfaces/tuos_interfaces/action/camera_sweep.hpp
[2.029s] -- Up-to-date: /home/student/ros2_ws/install/tuos_interfaces/include/tuos_interfaces/tuos_interfaces/msg
[2.029s] -- Up-to-date: /home/student/ros2_ws/install/tuos_interfaces/include/tuos_interfaces/tuos_interfaces/msg/detail
[2.029s] -- Up-to-date: /home/student/ros2_ws/install/tuos_interfaces/include/tuos_interfaces/tuos_interfaces/msg/detail/num__struct.hpp
[2.029s] -- Up-to-date: /home/student/ros2_ws/install/tuos_interfaces/include/tuos_interfaces/tuos_interfaces/msg/detail/num__type_support.hpp
[2.029s] -- Up-to-date: /home/student/ros2_ws/install/tuos_interfaces/include/tuos_interfaces/tuos_interfaces/msg/detail/num__builder.hpp
[2.029s] -- Up-to-date: /home/student/ros2_ws/install/tuos_interfaces/include/tuos_interfaces/tuos_interfaces/msg/detail/num__traits.hpp
[2.030s] -- Up-to-date: /home/student/ros2_ws/install/tuos_interfaces/include/tuos_interfaces/tuos_interfaces/msg/rosidl_generator_cpp__visibility_control.hpp
[2.030s] -- Up-to-date: /home/student/ros2_ws/install/tuos_interfaces/include/tuos_interfaces/tuos_interfaces/msg/num.hpp
[2.030s] -- Up-to-date: /home/student/ros2_ws/install/tuos_interfaces/include/tuos_interfaces/tuos_interfaces
[2.030s] -- Up-to-date: /home/student/ros2_ws/install/tuos_interfaces/include/tuos_interfaces/tuos_interfaces/srv
[2.030s] -- Up-to-date: /home/student/ros2_ws/install/tuos_interfaces/include/tuos_interfaces/tuos_interfaces/srv/detail
[2.030s] -- Up-to-date: /home/student/ros2_ws/install/tuos_interfaces/include/tuos_interfaces/tuos_interfaces/srv/detail/dds_fastrtps
[2.030s] -- Up-to-date: /home/student/ros2_ws/install/tuos_interfaces/include/tuos_interfaces/tuos_interfaces/srv/detail/number_game__rosidl_typesupport_fastrtps_cpp.hpp
[2.030s] -- Up-to-date: /home/student/ros2_ws/install/tuos_interfaces/include/tuos_interfaces/tuos_interfaces/action
[2.031s] -- Up-to-date: /home/student/ros2_ws/install/tuos_interfaces/include/tuos_interfaces/tuos_interfaces/action/detail
[2.031s] -- Up-to-date: /home/student/ros2_ws/install/tuos_interfaces/include/tuos_interfaces/tuos_interfaces/action/detail/dds_fastrtps
[2.031s] -- Up-to-date: /home/student/ros2_ws/install/tuos_interfaces/include/tuos_interfaces/tuos_interfaces/action/detail/camera_sweep__rosidl_typesupport_fastrtps_cpp.hpp
[2.031s] -- Up-to-date: /home/student/ros2_ws/install/tuos_interfaces/include/tuos_interfaces/tuos_interfaces/msg
[2.031s] -- Up-to-date: /home/student/ros2_ws/install/tuos_interfaces/include/tuos_interfaces/tuos_interfaces/msg/detail
[2.031s] -- Up-to-date: /home/student/ros2_ws/install/tuos_interfaces/include/tuos_interfaces/tuos_interfaces/msg/detail/dds_fastrtps
[2.032s] -- Up-to-date: /home/student/ros2_ws/install/tuos_interfaces/include/tuos_interfaces/tuos_interfaces/msg/detail/num__rosidl_typesupport_fastrtps_cpp.hpp
[2.032s] -- Up-to-date: /home/student/ros2_ws/install/tuos_interfaces/include/tuos_interfaces/tuos_interfaces/msg/rosidl_typesupport_fastrtps_cpp__visibility_control.h
[2.032s] -- Up-to-date: /home/student/ros2_ws/install/tuos_interfaces/lib/libtuos_interfaces__rosidl_typesupport_fastrtps_cpp.so
[2.032s] -- Up-to-date: /home/student/ros2_ws/install/tuos_interfaces/include/tuos_interfaces/tuos_interfaces
[2.032s] -- Up-to-date: /home/student/ros2_ws/install/tuos_interfaces/include/tuos_interfaces/tuos_interfaces/srv
[2.032s] -- Up-to-date: /home/student/ros2_ws/install/tuos_interfaces/include/tuos_interfaces/tuos_interfaces/srv/detail
[2.032s] -- Up-to-date: /home/student/ros2_ws/install/tuos_interfaces/include/tuos_interfaces/tuos_interfaces/srv/detail/number_game__type_support.c
[2.032s] -- Up-to-date: /home/student/ros2_ws/install/tuos_interfaces/include/tuos_interfaces/tuos_interfaces/srv/detail/number_game__rosidl_typesupport_introspection_c.h
[2.033s] -- Up-to-date: /home/student/ros2_ws/install/tuos_interfaces/include/tuos_interfaces/tuos_interfaces/action
[2.033s] -- Up-to-date: /home/student/ros2_ws/install/tuos_interfaces/include/tuos_interfaces/tuos_interfaces/action/detail
[2.033s] -- Up-to-date: /home/student/ros2_ws/install/tuos_interfaces/include/tuos_interfaces/tuos_interfaces/action/detail/camera_sweep__type_support.c
[2.033s] -- Up-to-date: /home/student/ros2_ws/install/tuos_interfaces/include/tuos_interfaces/tuos_interfaces/action/detail/camera_sweep__rosidl_typesupport_introspection_c.h
[2.033s] -- Up-to-date: /home/student/ros2_ws/install/tuos_interfaces/include/tuos_interfaces/tuos_interfaces/msg
[2.033s] -- Up-to-date: /home/student/ros2_ws/install/tuos_interfaces/include/tuos_interfaces/tuos_interfaces/msg/detail
[2.034s] -- Up-to-date: /home/student/ros2_ws/install/tuos_interfaces/include/tuos_interfaces/tuos_interfaces/msg/detail/num__type_support.c
[2.034s] -- Up-to-date: /home/student/ros2_ws/install/tuos_interfaces/include/tuos_interfaces/tuos_interfaces/msg/detail/num__rosidl_typesupport_introspection_c.h
[2.034s] -- Up-to-date: /home/student/ros2_ws/install/tuos_interfaces/include/tuos_interfaces/tuos_interfaces/msg/rosidl_typesupport_introspection_c__visibility_control.h
[2.034s] -- Up-to-date: /home/student/ros2_ws/install/tuos_interfaces/lib/libtuos_interfaces__rosidl_typesupport_introspection_c.so
[2.034s] -- Up-to-date: /home/student/ros2_ws/install/tuos_interfaces/lib/libtuos_interfaces__rosidl_typesupport_c.so
[2.034s] -- Up-to-date: /home/student/ros2_ws/install/tuos_interfaces/include/tuos_interfaces/tuos_interfaces
[2.035s] -- Up-to-date: /home/student/ros2_ws/install/tuos_interfaces/include/tuos_interfaces/tuos_interfaces/srv
[2.035s] -- Up-to-date: /home/student/ros2_ws/install/tuos_interfaces/include/tuos_interfaces/tuos_interfaces/srv/detail
[2.035s] -- Up-to-date: /home/student/ros2_ws/install/tuos_interfaces/include/tuos_interfaces/tuos_interfaces/srv/detail/number_game__type_support.cpp
[2.035s] -- Up-to-date: /home/student/ros2_ws/install/tuos_interfaces/include/tuos_interfaces/tuos_interfaces/srv/detail/number_game__rosidl_typesupport_introspection_cpp.hpp
[2.035s] -- Up-to-date: /home/student/ros2_ws/install/tuos_interfaces/include/tuos_interfaces/tuos_interfaces/action
[2.035s] -- Up-to-date: /home/student/ros2_ws/install/tuos_interfaces/include/tuos_interfaces/tuos_interfaces/action/detail
[2.035s] -- Up-to-date: /home/student/ros2_ws/install/tuos_interfaces/include/tuos_interfaces/tuos_interfaces/action/detail/camera_sweep__rosidl_typesupport_introspection_cpp.hpp
[2.035s] -- Up-to-date: /home/student/ros2_ws/install/tuos_interfaces/include/tuos_interfaces/tuos_interfaces/action/detail/camera_sweep__type_support.cpp
[2.036s] -- Up-to-date: /home/student/ros2_ws/install/tuos_interfaces/include/tuos_interfaces/tuos_interfaces/msg
[2.036s] -- Up-to-date: /home/student/ros2_ws/install/tuos_interfaces/include/tuos_interfaces/tuos_interfaces/msg/detail
[2.036s] -- Up-to-date: /home/student/ros2_ws/install/tuos_interfaces/include/tuos_interfaces/tuos_interfaces/msg/detail/num__type_support.cpp
[2.036s] -- Up-to-date: /home/student/ros2_ws/install/tuos_interfaces/include/tuos_interfaces/tuos_interfaces/msg/detail/num__rosidl_typesupport_introspection_cpp.hpp
[2.036s] -- Up-to-date: /home/student/ros2_ws/install/tuos_interfaces/lib/libtuos_interfaces__rosidl_typesupport_introspection_cpp.so
[2.036s] -- Up-to-date: /home/student/ros2_ws/install/tuos_interfaces/lib/libtuos_interfaces__rosidl_typesupport_cpp.so
[2.036s] -- Up-to-date: /home/student/ros2_ws/install/tuos_interfaces/share/tuos_interfaces/environment/pythonpath.sh
[2.037s] -- Up-to-date: /home/student/ros2_ws/install/tuos_interfaces/share/tuos_interfaces/environment/pythonpath.dsv
[2.037s] -- Up-to-date: /home/student/ros2_ws/install/tuos_interfaces/local/lib/python3.10/dist-packages/tuos_interfaces-0.0.0-py3.10.egg-info
[2.037s] -- Installing: /home/student/ros2_ws/install/tuos_interfaces/local/lib/python3.10/dist-packages/tuos_interfaces-0.0.0-py3.10.egg-info/SOURCES.txt
[2.037s] -- Installing: /home/student/ros2_ws/install/tuos_interfaces/local/lib/python3.10/dist-packages/tuos_interfaces-0.0.0-py3.10.egg-info/PKG-INFO
[2.037s] -- Installing: /home/student/ros2_ws/install/tuos_interfaces/local/lib/python3.10/dist-packages/tuos_interfaces-0.0.0-py3.10.egg-info/dependency_links.txt
[2.037s] -- Installing: /home/student/ros2_ws/install/tuos_interfaces/local/lib/python3.10/dist-packages/tuos_interfaces-0.0.0-py3.10.egg-info/top_level.txt
[2.038s] -- Up-to-date: /home/student/ros2_ws/install/tuos_interfaces/local/lib/python3.10/dist-packages/tuos_interfaces
[2.038s] -- Up-to-date: /home/student/ros2_ws/install/tuos_interfaces/local/lib/python3.10/dist-packages/tuos_interfaces/_tuos_interfaces_s.ep.rosidl_typesupport_fastrtps_c.c
[2.038s] -- Up-to-date: /home/student/ros2_ws/install/tuos_interfaces/local/lib/python3.10/dist-packages/tuos_interfaces/_tuos_interfaces_s.ep.rosidl_typesupport_c.c
[2.038s] -- Up-to-date: /home/student/ros2_ws/install/tuos_interfaces/local/lib/python3.10/dist-packages/tuos_interfaces/tuos_interfaces_s__rosidl_typesupport_introspection_c.cpython-310-x86_64-linux-gnu.so
[2.038s] -- Up-to-date: /home/student/ros2_ws/install/tuos_interfaces/local/lib/python3.10/dist-packages/tuos_interfaces/tuos_interfaces_s__rosidl_typesupport_c.cpython-310-x86_64-linux-gnu.so
[2.038s] -- Up-to-date: /home/student/ros2_ws/install/tuos_interfaces/local/lib/python3.10/dist-packages/tuos_interfaces/srv
[2.038s] -- Up-to-date: /home/student/ros2_ws/install/tuos_interfaces/local/lib/python3.10/dist-packages/tuos_interfaces/srv/_number_game_s.c
[2.038s] -- Up-to-date: /home/student/ros2_ws/install/tuos_interfaces/local/lib/python3.10/dist-packages/tuos_interfaces/srv/_number_game.py
[2.039s] -- Up-to-date: /home/student/ros2_ws/install/tuos_interfaces/local/lib/python3.10/dist-packages/tuos_interfaces/srv/__init__.py
[2.039s] -- Up-to-date: /home/student/ros2_ws/install/tuos_interfaces/local/lib/python3.10/dist-packages/tuos_interfaces/action
[2.039s] -- Up-to-date: /home/student/ros2_ws/install/tuos_interfaces/local/lib/python3.10/dist-packages/tuos_interfaces/action/_camera_sweep.py
[2.039s] -- Up-to-date: /home/student/ros2_ws/install/tuos_interfaces/local/lib/python3.10/dist-packages/tuos_interfaces/action/_camera_sweep_s.c
[2.039s] -- Up-to-date: /home/student/ros2_ws/install/tuos_interfaces/local/lib/python3.10/dist-packages/tuos_interfaces/action/__init__.py
[2.039s] -- Up-to-date: /home/student/ros2_ws/install/tuos_interfaces/local/lib/python3.10/dist-packages/tuos_interfaces/libtuos_interfaces__rosidl_generator_py.so
[2.039s] -- Up-to-date: /home/student/ros2_ws/install/tuos_interfaces/local/lib/python3.10/dist-packages/tuos_interfaces/_tuos_interfaces_s.ep.rosidl_typesupport_introspection_c.c
[2.039s] -- Up-to-date: /home/student/ros2_ws/install/tuos_interfaces/local/lib/python3.10/dist-packages/tuos_interfaces/msg
[2.040s] -- Up-to-date: /home/student/ros2_ws/install/tuos_interfaces/local/lib/python3.10/dist-packages/tuos_interfaces/msg/_num_s.c
[2.040s] -- Up-to-date: /home/student/ros2_ws/install/tuos_interfaces/local/lib/python3.10/dist-packages/tuos_interfaces/msg/__init__.py
[2.040s] -- Up-to-date: /home/student/ros2_ws/install/tuos_interfaces/local/lib/python3.10/dist-packages/tuos_interfaces/msg/_num.py
[2.040s] -- Up-to-date: /home/student/ros2_ws/install/tuos_interfaces/local/lib/python3.10/dist-packages/tuos_interfaces/__init__.py
[2.040s] -- Up-to-date: /home/student/ros2_ws/install/tuos_interfaces/local/lib/python3.10/dist-packages/tuos_interfaces/tuos_interfaces_s__rosidl_typesupport_fastrtps_c.cpython-310-x86_64-linux-gnu.so
[2.113s] Listing '/home/student/ros2_ws/install/tuos_interfaces/local/lib/python3.10/dist-packages/tuos_interfaces'...
[2.113s] Listing '/home/student/ros2_ws/install/tuos_interfaces/local/lib/python3.10/dist-packages/tuos_interfaces/action'...
[2.113s] Listing '/home/student/ros2_ws/install/tuos_interfaces/local/lib/python3.10/dist-packages/tuos_interfaces/msg'...
[2.113s] Listing '/home/student/ros2_ws/install/tuos_interfaces/local/lib/python3.10/dist-packages/tuos_interfaces/srv'...
[2.121s] -- Up-to-date: /home/student/ros2_ws/install/tuos_interfaces/local/lib/python3.10/dist-packages/tuos_interfaces/tuos_interfaces_s__rosidl_typesupport_fastrtps_c.cpython-310-x86_64-linux-gnu.so
[2.122s] -- Up-to-date: /home/student/ros2_ws/install/tuos_interfaces/local/lib/python3.10/dist-packages/tuos_interfaces/tuos_interfaces_s__rosidl_typesupport_introspection_c.cpython-310-x86_64-linux-gnu.so
[2.125s] -- Up-to-date: /home/student/ros2_ws/install/tuos_interfaces/local/lib/python3.10/dist-packages/tuos_interfaces/tuos_interfaces_s__rosidl_typesupport_c.cpython-310-x86_64-linux-gnu.so
[2.127s] -- Up-to-date: /home/student/ros2_ws/install/tuos_interfaces/lib/libtuos_interfaces__rosidl_generator_py.so
[2.128s] -- Up-to-date: /home/student/ros2_ws/install/tuos_interfaces/share/tuos_interfaces/msg/Num.idl
[2.128s] -- Up-to-date: /home/student/ros2_ws/install/tuos_interfaces/share/tuos_interfaces/action/CameraSweep.idl
[2.128s] -- Up-to-date: /home/student/ros2_ws/install/tuos_interfaces/share/tuos_interfaces/srv/NumberGame.idl
[2.129s] -- Up-to-date: /home/student/ros2_ws/install/tuos_interfaces/share/tuos_interfaces/msg/Num.msg
[2.129s] -- Up-to-date: /home/student/ros2_ws/install/tuos_interfaces/share/tuos_interfaces/action/CameraSweep.action
[2.129s] -- Up-to-date: /home/student/ros2_ws/install/tuos_interfaces/share/tuos_interfaces/srv/NumberGame.srv
[2.129s] -- Up-to-date: /home/student/ros2_ws/install/tuos_interfaces/share/tuos_interfaces/srv/NumberGame_Request.msg
[2.129s] -- Up-to-date: /home/student/ros2_ws/install/tuos_interfaces/share/tuos_interfaces/srv/NumberGame_Response.msg
[2.129s] -- Up-to-date: /home/student/ros2_ws/install/tuos_interfaces/share/ament_index/resource_index/package_run_dependencies/tuos_interfaces
[2.129s] -- Up-to-date: /home/student/ros2_ws/install/tuos_interfaces/share/ament_index/resource_index/parent_prefix_path/tuos_interfaces
[2.129s] -- Up-to-date: /home/student/ros2_ws/install/tuos_interfaces/share/tuos_interfaces/environment/ament_prefix_path.sh
[2.130s] -- Up-to-date: /home/student/ros2_ws/install/tuos_interfaces/share/tuos_interfaces/environment/ament_prefix_path.dsv
[2.130s] -- Up-to-date: /home/student/ros2_ws/install/tuos_interfaces/share/tuos_interfaces/environment/path.sh
[2.131s] -- Up-to-date: /home/student/ros2_ws/install/tuos_interfaces/share/tuos_interfaces/environment/path.dsv
[2.131s] -- Up-to-date: /home/student/ros2_ws/install/tuos_interfaces/share/tuos_interfaces/local_setup.bash
[2.132s] -- Up-to-date: /home/student/ros2_ws/install/tuos_interfaces/share/tuos_interfaces/local_setup.sh
[2.132s] -- Up-to-date: /home/student/ros2_ws/install/tuos_interfaces/share/tuos_interfaces/local_setup.zsh
[2.132s] -- Up-to-date: /home/student/ros2_ws/install/tuos_interfaces/share/tuos_interfaces/local_setup.dsv
[2.133s] -- Installing: /home/student/ros2_ws/install/tuos_interfaces/share/tuos_interfaces/package.dsv
[2.133s] -- Up-to-date: /home/student/ros2_ws/install/tuos_interfaces/share/ament_index/resource_index/packages/tuos_interfaces
[2.136s] -- Up-to-date: /home/student/ros2_ws/install/tuos_interfaces/share/tuos_interfaces/cmake/export_tuos_interfaces__rosidl_generator_cExport.cmake
[2.136s] -- Up-to-date: /home/student/ros2_ws/install/tuos_interfaces/share/tuos_interfaces/cmake/export_tuos_interfaces__rosidl_generator_cExport-noconfig.cmake
[2.137s] -- Up-to-date: /home/student/ros2_ws/install/tuos_interfaces/share/tuos_interfaces/cmake/export_tuos_interfaces__rosidl_typesupport_fastrtps_cExport.cmake
[2.138s] -- Up-to-date: /home/student/ros2_ws/install/tuos_interfaces/share/tuos_interfaces/cmake/export_tuos_interfaces__rosidl_typesupport_fastrtps_cExport-noconfig.cmake
[2.138s] -- Up-to-date: /home/student/ros2_ws/install/tuos_interfaces/share/tuos_interfaces/cmake/export_tuos_interfaces__rosidl_generator_cppExport.cmake
[2.140s] -- Up-to-date: /home/student/ros2_ws/install/tuos_interfaces/share/tuos_interfaces/cmake/export_tuos_interfaces__rosidl_typesupport_fastrtps_cppExport.cmake
[2.141s] -- Up-to-date: /home/student/ros2_ws/install/tuos_interfaces/share/tuos_interfaces/cmake/export_tuos_interfaces__rosidl_typesupport_fastrtps_cppExport-noconfig.cmake
[2.142s] -- Up-to-date: /home/student/ros2_ws/install/tuos_interfaces/share/tuos_interfaces/cmake/tuos_interfaces__rosidl_typesupport_introspection_cExport.cmake
[2.142s] -- Up-to-date: /home/student/ros2_ws/install/tuos_interfaces/share/tuos_interfaces/cmake/tuos_interfaces__rosidl_typesupport_introspection_cExport-noconfig.cmake
[2.142s] -- Up-to-date: /home/student/ros2_ws/install/tuos_interfaces/share/tuos_interfaces/cmake/tuos_interfaces__rosidl_typesupport_cExport.cmake
[2.142s] -- Up-to-date: /home/student/ros2_ws/install/tuos_interfaces/share/tuos_interfaces/cmake/tuos_interfaces__rosidl_typesupport_cExport-noconfig.cmake
[2.142s] -- Up-to-date: /home/student/ros2_ws/install/tuos_interfaces/share/tuos_interfaces/cmake/tuos_interfaces__rosidl_typesupport_introspection_cppExport.cmake
[2.142s] -- Up-to-date: /home/student/ros2_ws/install/tuos_interfaces/share/tuos_interfaces/cmake/tuos_interfaces__rosidl_typesupport_introspection_cppExport-noconfig.cmake
[2.142s] -- Up-to-date: /home/student/ros2_ws/install/tuos_interfaces/share/tuos_interfaces/cmake/tuos_interfaces__rosidl_typesupport_cppExport.cmake
[2.143s] -- Up-to-date: /home/student/ros2_ws/install/tuos_interfaces/share/tuos_interfaces/cmake/tuos_interfaces__rosidl_typesupport_cppExport-noconfig.cmake
[2.143s] -- Up-to-date: /home/student/ros2_ws/install/tuos_interfaces/share/tuos_interfaces/cmake/export_tuos_interfaces__rosidl_generator_pyExport.cmake
[2.143s] -- Up-to-date: /home/student/ros2_ws/install/tuos_interfaces/share/tuos_interfaces/cmake/export_tuos_interfaces__rosidl_generator_pyExport-noconfig.cmake
[2.143s] -- Up-to-date: /home/student/ros2_ws/install/tuos_interfaces/share/tuos_interfaces/cmake/rosidl_cmake-extras.cmake
[2.144s] -- Up-to-date: /home/student/ros2_ws/install/tuos_interfaces/share/tuos_interfaces/cmake/ament_cmake_export_dependencies-extras.cmake
[2.146s] -- Up-to-date: /home/student/ros2_ws/install/tuos_interfaces/share/tuos_interfaces/cmake/ament_cmake_export_include_directories-extras.cmake
[2.148s] -- Up-to-date: /home/student/ros2_ws/install/tuos_interfaces/share/tuos_interfaces/cmake/ament_cmake_export_libraries-extras.cmake
[2.149s] -- Up-to-date: /home/student/ros2_ws/install/tuos_interfaces/share/tuos_interfaces/cmake/ament_cmake_export_targets-extras.cmake
[2.149s] -- Up-to-date: /home/student/ros2_ws/install/tuos_interfaces/share/tuos_interfaces/cmake/rosidl_cmake_export_typesupport_targets-extras.cmake
[2.149s] -- Up-to-date: /home/student/ros2_ws/install/tuos_interfaces/share/tuos_interfaces/cmake/rosidl_cmake_export_typesupport_libraries-extras.cmake
[2.149s] -- Up-to-date: /home/student/ros2_ws/install/tuos_interfaces/share/tuos_interfaces/cmake/tuos_interfacesConfig.cmake
[2.150s] -- Up-to-date: /home/student/ros2_ws/install/tuos_interfaces/share/tuos_interfaces/cmake/tuos_interfacesConfig-version.cmake
[2.150s] -- Up-to-date: /home/student/ros2_ws/install/tuos_interfaces/share/tuos_interfaces/package.xml
[2.150s] Invoked command in '/home/student/ros2_ws/build/tuos_interfaces' returned '0': CMAKE_PREFIX_PATH=${CMAKE_PREFIX_PATH}:/opt/ros/humble /usr/bin/cmake --install /home/student/ros2_ws/build/tuos_interfaces
