[0.078s] Invoking command in '/home/student/ros2_ws/build/part4_services': CMAKE_PREFIX_PATH=${CMAKE_PREFIX_PATH}:/opt/ros/humble /usr/bin/cmake --build /home/student/ros2_ws/build/part4_services -- -j16 -l16
[0.256s] [  6%] Built target cpp_executable
[0.353s] [  6%] Built target ament_cmake_python_symlink_part4_services
[0.424s] [ 15%] Built target part4_services__rosidl_generator_c
[1.229s] running egg_info
[1.230s] writing part4_services.egg-info/PKG-INFO
[1.234s] writing dependency_links to part4_services.egg-info/dependency_links.txt
[1.236s] writing top-level names to part4_services.egg-info/top_level.txt
[1.242s] reading manifest file 'part4_services.egg-info/SOURCES.txt'
[1.250s] writing manifest file 'part4_services.egg-info/SOURCES.txt'
[1.380s] [ 15%] Built target ament_cmake_python_build_part4_services_egg
[1.438s] [ 24%] Built target part4_services__rosidl_typesupport_c
[1.531s] [ 33%] Built target part4_services__rosidl_typesupport_introspection_c
[1.614s] [ 42%] Built target part4_services__rosidl_typesupport_fastrtps_c
[1.685s] [ 45%] Built target part4_services__cpp
[1.786s] [ 45%] Built target ament_cmake_python_symlink_part4_services_modules
[1.859s] [ 54%] Built target part4_services__rosidl_typesupport_introspection_cpp
[2.779s] running egg_info
[2.781s] writing part4_services_modules.egg-info/PKG-INFO
[2.785s] writing dependency_links to part4_services_modules.egg-info/dependency_links.txt
[2.787s] writing top-level names to part4_services_modules.egg-info/top_level.txt
[2.794s] reading manifest file 'part4_services_modules.egg-info/SOURCES.txt'
[2.803s] writing manifest file 'part4_services_modules.egg-info/SOURCES.txt'
[2.936s] [ 54%] Built target ament_cmake_python_build_part4_services_modules_egg
[3.034s] [ 63%] Built target part4_services__rosidl_typesupport_fastrtps_cpp
[3.104s] [ 72%] Built target part4_services__rosidl_typesupport_cpp
[3.176s] [ 72%] Built target part4_services
[3.242s] [ 75%] Built target part4_services__py
[3.324s] [ 81%] Built target part4_services__rosidl_generator_py
[3.392s] [ 87%] Built target part4_services__rosidl_typesupport_fastrtps_c__pyext
[3.475s] [ 93%] Built target part4_services__rosidl_typesupport_c__pyext
[3.543s] [100%] Built target part4_services__rosidl_typesupport_introspection_c__pyext
[3.584s] Invoked command in '/home/student/ros2_ws/build/part4_services' returned '0': CMAKE_PREFIX_PATH=${CMAKE_PREFIX_PATH}:/opt/ros/humble /usr/bin/cmake --build /home/student/ros2_ws/build/part4_services -- -j16 -l16
[3.613s] Invoking command in '/home/student/ros2_ws/build/part4_services': CMAKE_PREFIX_PATH=${CMAKE_PREFIX_PATH}:/opt/ros/humble /usr/bin/cmake --install /home/student/ros2_ws/build/part4_services
[3.647s] -- Install configuration: ""
[3.648s] -- Execute custom install script
[3.649s] -- Up-to-date symlink: /home/student/ros2_ws/install/part4_services/lib/part4_services/cpp_executable
[3.651s] -- Up-to-date symlink: /home/student/ros2_ws/install/part4_services/share/part4_services/environment/pythonpath.sh
[3.652s] -- Up-to-date symlink: /home/student/ros2_ws/install/part4_services/share/part4_services/environment/pythonpath.dsv
[3.654s] -- Up-to-date symlink: /home/student/ros2_ws/install/part4_services/local/lib/python3.10/dist-packages/part4_services_modules-0.0.0-py3.10.egg-info/PKG-INFO
[3.655s] -- Up-to-date symlink: /home/student/ros2_ws/install/part4_services/local/lib/python3.10/dist-packages/part4_services_modules-0.0.0-py3.10.egg-info/SOURCES.txt
[3.655s] -- Up-to-date symlink: /home/student/ros2_ws/install/part4_services/local/lib/python3.10/dist-packages/part4_services_modules-0.0.0-py3.10.egg-info/dependency_links.txt
[3.655s] -- Up-to-date symlink: /home/student/ros2_ws/install/part4_services/local/lib/python3.10/dist-packages/part4_services_modules-0.0.0-py3.10.egg-info/top_level.txt
[3.655s] -- Up-to-date symlink: /home/student/ros2_ws/install/part4_services/local/lib/python3.10/dist-packages/part4_services_modules/__init__.py
[3.657s] -- Up-to-date symlink: /home/student/ros2_ws/install/part4_services/local/lib/python3.10/dist-packages/part4_services_modules/tb3_tools.py
[3.658s] -- Up-to-date symlink: /home/student/ros2_ws/install/part4_services/lib/part4_services/my_number_game.py
[3.658s] -- Up-to-date symlink: /home/student/ros2_ws/install/part4_services/lib/part4_services/number_game_client.py
[3.659s] -- Up-to-date symlink: /home/student/ros2_ws/install/part4_services/lib/part4_services/map_saver_client.py
[3.660s] -- Up-to-date symlink: /home/student/ros2_ws/install/part4_services/share/ament_index/resource_index/rosidl_interfaces/part4_services
[3.661s] -- Up-to-date symlink: /home/student/ros2_ws/install/part4_services/include/part4_services/part4_services/msg/rosidl_generator_c__visibility_control.h
[3.662s] -- Up-to-date symlink: /home/student/ros2_ws/install/part4_services/include/part4_services/part4_services/srv/detail/my_number_game__functions.h
[3.665s] -- Up-to-date symlink: /home/student/ros2_ws/install/part4_services/include/part4_services/part4_services/srv/detail/my_number_game__struct.h
[3.669s] -- Up-to-date symlink: /home/student/ros2_ws/install/part4_services/include/part4_services/part4_services/srv/detail/my_number_game__type_support.h
[3.670s] -- Up-to-date symlink: /home/student/ros2_ws/install/part4_services/include/part4_services/part4_services/srv/my_number_game.h
[3.670s] -- Up-to-date symlink: /home/student/ros2_ws/install/part4_services/share/part4_services/environment/library_path.sh
[3.670s] -- Up-to-date symlink: /home/student/ros2_ws/install/part4_services/share/part4_services/environment/library_path.dsv
[3.671s] -- Up-to-date symlink: /home/student/ros2_ws/install/part4_services/include/part4_services/part4_services/msg/rosidl_typesupport_fastrtps_c__visibility_control.h
[3.672s] -- Up-to-date symlink: /home/student/ros2_ws/install/part4_services/include/part4_services/part4_services/srv/detail/my_number_game__rosidl_typesupport_fastrtps_c.h
[3.672s] -- Up-to-date symlink: /home/student/ros2_ws/install/part4_services/include/part4_services/part4_services/msg/rosidl_generator_cpp__visibility_control.hpp
[3.673s] -- Up-to-date symlink: /home/student/ros2_ws/install/part4_services/include/part4_services/part4_services/srv/detail/my_number_game__builder.hpp
[3.674s] -- Up-to-date symlink: /home/student/ros2_ws/install/part4_services/include/part4_services/part4_services/srv/detail/my_number_game__struct.hpp
[3.674s] -- Up-to-date symlink: /home/student/ros2_ws/install/part4_services/include/part4_services/part4_services/srv/detail/my_number_game__traits.hpp
[3.675s] -- Up-to-date symlink: /home/student/ros2_ws/install/part4_services/include/part4_services/part4_services/srv/detail/my_number_game__type_support.hpp
[3.675s] -- Up-to-date symlink: /home/student/ros2_ws/install/part4_services/include/part4_services/part4_services/srv/my_number_game.hpp
[3.677s] -- Up-to-date symlink: /home/student/ros2_ws/install/part4_services/include/part4_services/part4_services/msg/rosidl_typesupport_fastrtps_cpp__visibility_control.h
[3.678s] -- Up-to-date symlink: /home/student/ros2_ws/install/part4_services/include/part4_services/part4_services/srv/detail/my_number_game__rosidl_typesupport_fastrtps_cpp.hpp
[3.678s] -- Up-to-date symlink: /home/student/ros2_ws/install/part4_services/include/part4_services/part4_services/msg/rosidl_typesupport_introspection_c__visibility_control.h
[3.678s] -- Up-to-date symlink: /home/student/ros2_ws/install/part4_services/include/part4_services/part4_services/srv/detail/my_number_game__rosidl_typesupport_introspection_c.h
[3.680s] -- Up-to-date symlink: /home/student/ros2_ws/install/part4_services/include/part4_services/part4_services/srv/detail/my_number_game__rosidl_typesupport_introspection_cpp.hpp
[3.680s] -- Up-to-date symlink: /home/student/ros2_ws/install/part4_services/local/lib/python3.10/dist-packages/part4_services-0.0.0-py3.10.egg-info/PKG-INFO
[3.683s] -- Up-to-date symlink: /home/student/ros2_ws/install/part4_services/local/lib/python3.10/dist-packages/part4_services-0.0.0-py3.10.egg-info/SOURCES.txt
[3.684s] -- Up-to-date symlink: /home/student/ros2_ws/install/part4_services/local/lib/python3.10/dist-packages/part4_services-0.0.0-py3.10.egg-info/dependency_links.txt
[3.685s] -- Up-to-date symlink: /home/student/ros2_ws/install/part4_services/local/lib/python3.10/dist-packages/part4_services-0.0.0-py3.10.egg-info/top_level.txt
[3.689s] -- Up-to-date symlink: /home/student/ros2_ws/install/part4_services/local/lib/python3.10/dist-packages/part4_services/__init__.py
[3.689s] -- Up-to-date symlink: /home/student/ros2_ws/install/part4_services/local/lib/python3.10/dist-packages/part4_services/_part4_services_s.ep.rosidl_typesupport_c.c
[3.690s] -- Up-to-date symlink: /home/student/ros2_ws/install/part4_services/local/lib/python3.10/dist-packages/part4_services/_part4_services_s.ep.rosidl_typesupport_fastrtps_c.c
[3.698s] -- Up-to-date symlink: /home/student/ros2_ws/install/part4_services/local/lib/python3.10/dist-packages/part4_services/_part4_services_s.ep.rosidl_typesupport_introspection_c.c
[3.698s] -- Up-to-date symlink: /home/student/ros2_ws/install/part4_services/local/lib/python3.10/dist-packages/part4_services/libpart4_services__rosidl_generator_py.so
[3.698s] -- Up-to-date symlink: /home/student/ros2_ws/install/part4_services/local/lib/python3.10/dist-packages/part4_services/part4_services_s__rosidl_typesupport_c.cpython-310-x86_64-linux-gnu.so
[3.699s] -- Up-to-date symlink: /home/student/ros2_ws/install/part4_services/local/lib/python3.10/dist-packages/part4_services/part4_services_s__rosidl_typesupport_fastrtps_c.cpython-310-x86_64-linux-gnu.so
[3.699s] -- Up-to-date symlink: /home/student/ros2_ws/install/part4_services/local/lib/python3.10/dist-packages/part4_services/part4_services_s__rosidl_typesupport_introspection_c.cpython-310-x86_64-linux-gnu.so
[3.699s] -- Up-to-date symlink: /home/student/ros2_ws/install/part4_services/local/lib/python3.10/dist-packages/part4_services/srv/__init__.py
[3.700s] -- Up-to-date symlink: /home/student/ros2_ws/install/part4_services/local/lib/python3.10/dist-packages/part4_services/srv/_my_number_game.py
[3.700s] -- Up-to-date symlink: /home/student/ros2_ws/install/part4_services/local/lib/python3.10/dist-packages/part4_services/srv/_my_number_game_s.c
[3.700s] -- Up-to-date symlink: /home/student/ros2_ws/install/part4_services/local/lib/python3.10/dist-packages/part4_services/part4_services_s__rosidl_typesupport_fastrtps_c.cpython-310-x86_64-linux-gnu.so
[3.700s] -- Up-to-date symlink: /home/student/ros2_ws/install/part4_services/local/lib/python3.10/dist-packages/part4_services/part4_services_s__rosidl_typesupport_introspection_c.cpython-310-x86_64-linux-gnu.so
[3.701s] -- Up-to-date symlink: /home/student/ros2_ws/install/part4_services/local/lib/python3.10/dist-packages/part4_services/part4_services_s__rosidl_typesupport_c.cpython-310-x86_64-linux-gnu.so
[3.701s] -- Up-to-date symlink: /home/student/ros2_ws/install/part4_services/share/part4_services/srv/MyNumberGame.idl
[3.701s] -- Up-to-date symlink: /home/student/ros2_ws/install/part4_services/share/part4_services/srv/MyNumberGame.srv
[3.701s] -- Up-to-date symlink: /home/student/ros2_ws/install/part4_services/share/part4_services/srv/MyNumberGame_Request.msg
[3.701s] -- Up-to-date symlink: /home/student/ros2_ws/install/part4_services/share/part4_services/srv/MyNumberGame_Response.msg
[3.701s] -- Up-to-date symlink: /home/student/ros2_ws/install/part4_services/share/ament_index/resource_index/package_run_dependencies/part4_services
[3.701s] -- Up-to-date symlink: /home/student/ros2_ws/install/part4_services/share/ament_index/resource_index/parent_prefix_path/part4_services
[3.701s] -- Up-to-date symlink: /home/student/ros2_ws/install/part4_services/share/part4_services/environment/ament_prefix_path.sh
[3.702s] -- Up-to-date symlink: /home/student/ros2_ws/install/part4_services/share/part4_services/environment/ament_prefix_path.dsv
[3.702s] -- Up-to-date symlink: /home/student/ros2_ws/install/part4_services/share/part4_services/environment/path.sh
[3.702s] -- Up-to-date symlink: /home/student/ros2_ws/install/part4_services/share/part4_services/environment/path.dsv
[3.702s] -- Up-to-date symlink: /home/student/ros2_ws/install/part4_services/share/part4_services/local_setup.bash
[3.702s] -- Up-to-date symlink: /home/student/ros2_ws/install/part4_services/share/part4_services/local_setup.sh
[3.702s] -- Up-to-date symlink: /home/student/ros2_ws/install/part4_services/share/part4_services/local_setup.zsh
[3.703s] -- Up-to-date symlink: /home/student/ros2_ws/install/part4_services/share/part4_services/local_setup.dsv
[3.703s] -- Symlinking: /home/student/ros2_ws/install/part4_services/share/part4_services/package.dsv
[3.725s] -- Up-to-date symlink: /home/student/ros2_ws/install/part4_services/share/ament_index/resource_index/packages/part4_services
[3.725s] -- Up-to-date symlink: /home/student/ros2_ws/install/part4_services/share/part4_services/cmake/rosidl_cmake-extras.cmake
[3.726s] -- Up-to-date symlink: /home/student/ros2_ws/install/part4_services/share/part4_services/cmake/ament_cmake_export_include_directories-extras.cmake
[3.726s] -- Up-to-date symlink: /home/student/ros2_ws/install/part4_services/share/part4_services/cmake/ament_cmake_export_libraries-extras.cmake
[3.726s] -- Up-to-date symlink: /home/student/ros2_ws/install/part4_services/share/part4_services/cmake/ament_cmake_export_targets-extras.cmake
[3.729s] -- Up-to-date symlink: /home/student/ros2_ws/install/part4_services/share/part4_services/cmake/rosidl_cmake_export_typesupport_targets-extras.cmake
[3.730s] -- Up-to-date symlink: /home/student/ros2_ws/install/part4_services/share/part4_services/cmake/ament_cmake_export_dependencies-extras.cmake
[3.730s] -- Up-to-date symlink: /home/student/ros2_ws/install/part4_services/share/part4_services/cmake/rosidl_cmake_export_typesupport_libraries-extras.cmake
[3.730s] -- Up-to-date symlink: /home/student/ros2_ws/install/part4_services/share/part4_services/cmake/part4_servicesConfig.cmake
[3.731s] -- Up-to-date symlink: /home/student/ros2_ws/install/part4_services/share/part4_services/cmake/part4_servicesConfig-version.cmake
[3.731s] -- Up-to-date symlink: /home/student/ros2_ws/install/part4_services/share/part4_services/package.xml
[3.821s] Listing '/home/student/ros2_ws/install/part4_services/local/lib/python3.10/dist-packages/part4_services_modules'...
[3.843s] -- Up-to-date: /home/student/ros2_ws/install/part4_services/lib/libpart4_services__rosidl_generator_c.so
[3.845s] -- Up-to-date: /home/student/ros2_ws/install/part4_services/lib/libpart4_services__rosidl_typesupport_fastrtps_c.so
[3.845s] -- Up-to-date: /home/student/ros2_ws/install/part4_services/lib/libpart4_services__rosidl_typesupport_fastrtps_cpp.so
[3.845s] -- Up-to-date: /home/student/ros2_ws/install/part4_services/lib/libpart4_services__rosidl_typesupport_introspection_c.so
[3.845s] -- Up-to-date: /home/student/ros2_ws/install/part4_services/lib/libpart4_services__rosidl_typesupport_c.so
[3.845s] -- Up-to-date: /home/student/ros2_ws/install/part4_services/lib/libpart4_services__rosidl_typesupport_introspection_cpp.so
[3.845s] -- Up-to-date: /home/student/ros2_ws/install/part4_services/lib/libpart4_services__rosidl_typesupport_cpp.so
[3.947s] Listing '/home/student/ros2_ws/install/part4_services/local/lib/python3.10/dist-packages/part4_services'...
[3.947s] Listing '/home/student/ros2_ws/install/part4_services/local/lib/python3.10/dist-packages/part4_services/srv'...
[3.973s] -- Up-to-date: /home/student/ros2_ws/install/part4_services/lib/libpart4_services__rosidl_generator_py.so
[3.973s] -- Up-to-date: /home/student/ros2_ws/install/part4_services/share/part4_services/cmake/export_part4_services__rosidl_generator_cExport.cmake
[3.973s] -- Up-to-date: /home/student/ros2_ws/install/part4_services/share/part4_services/cmake/export_part4_services__rosidl_generator_cExport-noconfig.cmake
[3.973s] -- Up-to-date: /home/student/ros2_ws/install/part4_services/share/part4_services/cmake/export_part4_services__rosidl_typesupport_fastrtps_cExport.cmake
[3.974s] -- Up-to-date: /home/student/ros2_ws/install/part4_services/share/part4_services/cmake/export_part4_services__rosidl_typesupport_fastrtps_cExport-noconfig.cmake
[3.974s] -- Up-to-date: /home/student/ros2_ws/install/part4_services/share/part4_services/cmake/export_part4_services__rosidl_generator_cppExport.cmake
[3.974s] -- Up-to-date: /home/student/ros2_ws/install/part4_services/share/part4_services/cmake/export_part4_services__rosidl_typesupport_fastrtps_cppExport.cmake
[3.974s] -- Up-to-date: /home/student/ros2_ws/install/part4_services/share/part4_services/cmake/export_part4_services__rosidl_typesupport_fastrtps_cppExport-noconfig.cmake
[3.974s] -- Up-to-date: /home/student/ros2_ws/install/part4_services/share/part4_services/cmake/part4_services__rosidl_typesupport_introspection_cExport.cmake
[3.974s] -- Up-to-date: /home/student/ros2_ws/install/part4_services/share/part4_services/cmake/part4_services__rosidl_typesupport_introspection_cExport-noconfig.cmake
[3.974s] -- Up-to-date: /home/student/ros2_ws/install/part4_services/share/part4_services/cmake/part4_services__rosidl_typesupport_cExport.cmake
[3.974s] -- Up-to-date: /home/student/ros2_ws/install/part4_services/share/part4_services/cmake/part4_services__rosidl_typesupport_cExport-noconfig.cmake
[3.975s] -- Up-to-date: /home/student/ros2_ws/install/part4_services/share/part4_services/cmake/part4_services__rosidl_typesupport_introspection_cppExport.cmake
[3.975s] -- Up-to-date: /home/student/ros2_ws/install/part4_services/share/part4_services/cmake/part4_services__rosidl_typesupport_introspection_cppExport-noconfig.cmake
[3.975s] -- Up-to-date: /home/student/ros2_ws/install/part4_services/share/part4_services/cmake/part4_services__rosidl_typesupport_cppExport.cmake
[3.975s] -- Up-to-date: /home/student/ros2_ws/install/part4_services/share/part4_services/cmake/part4_services__rosidl_typesupport_cppExport-noconfig.cmake
[3.975s] -- Up-to-date: /home/student/ros2_ws/install/part4_services/share/part4_services/cmake/export_part4_services__rosidl_generator_pyExport.cmake
[3.976s] -- Up-to-date: /home/student/ros2_ws/install/part4_services/share/part4_services/cmake/export_part4_services__rosidl_generator_pyExport-noconfig.cmake
[3.981s] Invoked command in '/home/student/ros2_ws/build/part4_services' returned '0': CMAKE_PREFIX_PATH=${CMAKE_PREFIX_PATH}:/opt/ros/humble /usr/bin/cmake --install /home/student/ros2_ws/build/part4_services
